RUN	maxxiforge.JornadaEstresse	jornadaestresse	1628023971294	 	3.6.0
USER	Realizar login MaxxiForge para rota Action	START	1628023971548
USER	Realizar login MaxxiForge para rota Action	START	1628023971548
USER	Realizar login MaxxiForge para rota Action	START	1628023971548
USER	Realizar login MaxxiForge para rota Action	START	1628023971548
USER	Realizar login MaxxiForge para rota Action	START	1628023971548
USER	Realizar login MaxxiForge para rota Action	START	1628023971548
USER	Realizar login MaxxiForge para rota Action	START	1628023971548
USER	Realizar login MaxxiForge para rota Action	START	1628023971548
USER	Realizar login MaxxiForge para rota Action	START	1628023971550
USER	Realizar login MaxxiForge para rota Action	START	1628023971551
USER	Realizar login MaxxiForge para rota Action	START	1628023971551
USER	Realizar login MaxxiForge para rota Action	START	1628023971548
USER	Realizar login MaxxiForge para rota Action	START	1628023971551
USER	Realizar login MaxxiForge para rota Action	START	1628023971548
USER	Realizar login MaxxiForge para rota Action	START	1628023971551
USER	Realizar login MaxxiForge para rota Action	START	1628023971552
USER	Realizar login MaxxiForge para rota Action	START	1628023971548
USER	Realizar login MaxxiForge para rota Action	START	1628023971552
USER	Realizar login MaxxiForge para rota Action	START	1628023971552
USER	Realizar login MaxxiForge para rota Action	START	1628023971548
USER	Realizar login MaxxiForge para rota Action	START	1628023971548
USER	Realizar login MaxxiForge para rota Action	START	1628023971550
USER	Realizar login MaxxiForge para rota Action	START	1628023971548
USER	Realizar login MaxxiForge para rota Action	START	1628023971550
USER	Realizar login MaxxiForge para rota Action	START	1628023971552
USER	Realizar login MaxxiForge para rota Action	START	1628023971553
USER	Realizar login MaxxiForge para rota Action	START	1628023971553
USER	Realizar login MaxxiForge para rota Action	START	1628023971550
USER	Realizar login MaxxiForge para rota Action	START	1628023971550
USER	Realizar login MaxxiForge para rota Action	START	1628023971553
USER	Realizar login MaxxiForge para rota Action	START	1628023971551
USER	Realizar login MaxxiForge para rota Action	START	1628023971553
USER	Realizar login MaxxiForge para rota Action	START	1628023971551
USER	Realizar login MaxxiForge para rota Action	START	1628023971553
USER	Realizar login MaxxiForge para rota Action	START	1628023971551
USER	Realizar login MaxxiForge para rota Action	START	1628023971551
USER	Realizar login MaxxiForge para rota Action	START	1628023971552
USER	Realizar login MaxxiForge para rota Action	START	1628023971551
USER	Realizar login MaxxiForge para rota Action	START	1628023971554
USER	Realizar login MaxxiForge para rota Action	START	1628023971554
USER	Realizar login MaxxiForge para rota Action	START	1628023971552
USER	Realizar login MaxxiForge para rota Action	START	1628023971552
USER	Realizar login MaxxiForge para rota Action	START	1628023971553
USER	Realizar login MaxxiForge para rota Action	START	1628023971552
USER	Realizar login MaxxiForge para rota Action	START	1628023971553
USER	Realizar login MaxxiForge para rota Action	START	1628023971555
USER	Realizar login MaxxiForge para rota Action	START	1628023971552
USER	Realizar login MaxxiForge para rota Action	START	1628023971553
USER	Realizar login MaxxiForge para rota Action	START	1628023971555
USER	Realizar login MaxxiForge para rota Action	START	1628023971555
USER	Realizar login MaxxiForge para rota Action	START	1628023971553
USER	Realizar login MaxxiForge para rota Action	START	1628023971555
USER	Realizar login MaxxiForge para rota Action	START	1628023971553
USER	Realizar login MaxxiForge para rota Action	START	1628023971555
USER	Realizar login MaxxiForge para rota Action	START	1628023971554
USER	Realizar login MaxxiForge para rota Action	START	1628023971556
USER	Realizar login MaxxiForge para rota Action	START	1628023971554
USER	Realizar login MaxxiForge para rota Action	START	1628023971554
USER	Realizar login MaxxiForge para rota Action	START	1628023971554
USER	Realizar login MaxxiForge para rota Action	START	1628023971557
USER	Realizar login MaxxiForge para rota Action	START	1628023971554
USER	Realizar login MaxxiForge para rota Action	START	1628023971557
USER	Realizar login MaxxiForge para rota Action	START	1628023971554
USER	Realizar login MaxxiForge para rota Action	START	1628023971554
USER	Realizar login MaxxiForge para rota Action	START	1628023971557
USER	Realizar login MaxxiForge para rota Action	START	1628023971555
USER	Realizar login MaxxiForge para rota Action	START	1628023971554
USER	Realizar login MaxxiForge para rota Action	START	1628023971555
USER	Realizar login MaxxiForge para rota Action	START	1628023971558
USER	Realizar login MaxxiForge para rota Action	START	1628023971558
USER	Realizar login MaxxiForge para rota Action	START	1628023971555
USER	Realizar login MaxxiForge para rota Action	START	1628023971555
USER	Realizar login MaxxiForge para rota Action	START	1628023971556
USER	Realizar login MaxxiForge para rota Action	START	1628023971556
USER	Realizar login MaxxiForge para rota Action	START	1628023971558
USER	Realizar login MaxxiForge para rota Action	START	1628023971558
USER	Realizar login MaxxiForge para rota Action	START	1628023971557
USER	Realizar login MaxxiForge para rota Action	START	1628023971559
USER	Realizar login MaxxiForge para rota Action	START	1628023971557
USER	Realizar login MaxxiForge para rota Action	START	1628023971557
USER	Realizar login MaxxiForge para rota Action	START	1628023971559
USER	Realizar login MaxxiForge para rota Action	START	1628023971557
USER	Realizar login MaxxiForge para rota Action	START	1628023971557
USER	Realizar login MaxxiForge para rota Action	START	1628023971560
USER	Realizar login MaxxiForge para rota Action	START	1628023971560
USER	Realizar login MaxxiForge para rota Action	START	1628023971560
USER	Realizar login MaxxiForge para rota Action	START	1628023971557
USER	Realizar login MaxxiForge para rota Action	START	1628023971558
USER	Realizar login MaxxiForge para rota Action	START	1628023971558
USER	Realizar login MaxxiForge para rota Action	START	1628023971558
USER	Realizar login MaxxiForge para rota Action	START	1628023971558
USER	Realizar login MaxxiForge para rota Action	START	1628023971565
USER	Realizar login MaxxiForge para rota Action	START	1628023971559
USER	Realizar login MaxxiForge para rota Action	START	1628023971559
USER	Realizar login MaxxiForge para rota Action	START	1628023971562
USER	Realizar login MaxxiForge para rota Action	START	1628023971564
USER	Realizar login MaxxiForge para rota Action	START	1628023971564
USER	Realizar login MaxxiForge para rota Action	START	1628023971567
USER	Realizar login MaxxiForge para rota Action	START	1628023971565
USER	Realizar login MaxxiForge para rota Action	START	1628023971567
REQUEST		Login	1628023971837	1628023973904	KO	status.find.is(200), but actually found 500
REQUEST		Login	1628023971844	1628023973872	KO	status.find.is(200), but actually found 500
REQUEST		Login	1628023971839	1628023973871	KO	status.find.is(200), but actually found 500
REQUEST		Login	1628023971839	1628023973905	KO	status.find.is(200), but actually found 500
REQUEST		Login	1628023971843	1628023973899	KO	status.find.is(200), but actually found 500
REQUEST		Login	1628023971843	1628023973872	KO	status.find.is(200), but actually found 500
REQUEST		Login	1628023971840	1628023973872	KO	status.find.is(200), but actually found 500
REQUEST		Login	1628023971835	1628023973899	KO	status.find.is(200), but actually found 500
REQUEST		Login	1628023971843	1628023973872	KO	status.find.is(200), but actually found 500
REQUEST		Login	1628023971840	1628023973872	KO	status.find.is(200), but actually found 500
USER	Realizar login MaxxiForge para rota Action	END	1628023973919
USER	Realizar login MaxxiForge para rota Action	END	1628023973919
USER	Realizar login MaxxiForge para rota Action	END	1628023973919
USER	Realizar login MaxxiForge para rota Action	END	1628023973919
USER	Realizar login MaxxiForge para rota Action	END	1628023973919
REQUEST		Login	1628023971842	1628023973922	KO	status.find.is(200), but actually found 500
USER	Realizar login MaxxiForge para rota Action	END	1628023973919
USER	Realizar login MaxxiForge para rota Action	END	1628023973919
USER	Realizar login MaxxiForge para rota Action	END	1628023973919
REQUEST		Login	1628023971839	1628023973921	KO	status.find.is(200), but actually found 500
REQUEST		Login	1628023971840	1628023973921	KO	status.find.is(200), but actually found 500
REQUEST		Login	1628023971841	1628023973922	KO	status.find.is(200), but actually found 500
REQUEST		Login	1628023971841	1628023973922	KO	status.find.is(200), but actually found 500
REQUEST		Login	1628023971836	1628023973922	KO	status.find.is(200), but actually found 500
REQUEST		Login	1628023971590	1628023973922	KO	status.find.is(200), but actually found 500
USER	Realizar login MaxxiForge para rota Action	END	1628023973919
USER	Realizar login MaxxiForge para rota Action	END	1628023973919
REQUEST		Login	1628023971836	1628023973928	KO	status.find.is(200), but actually found 500
USER	Realizar login MaxxiForge para rota Action	END	1628023973926
USER	Realizar login MaxxiForge para rota Action	END	1628023973928
USER	Realizar login MaxxiForge para rota Action	END	1628023973928
REQUEST		Login	1628023971843	1628023973929	KO	status.find.is(200), but actually found 500
USER	Realizar login MaxxiForge para rota Action	END	1628023973928
REQUEST		Login	1628023971842	1628023973930	KO	status.find.is(200), but actually found 500
REQUEST		Login	1628023971839	1628023973930	KO	status.find.is(200), but actually found 500
USER	Realizar login MaxxiForge para rota Action	END	1628023973928
REQUEST		Login	1628023971837	1628023973930	KO	status.find.is(200), but actually found 500
USER	Realizar login MaxxiForge para rota Action	END	1628023973928
USER	Realizar login MaxxiForge para rota Action	END	1628023973929
USER	Realizar login MaxxiForge para rota Action	END	1628023973930
USER	Realizar login MaxxiForge para rota Action	END	1628023973932
USER	Realizar login MaxxiForge para rota Action	END	1628023973932
USER	Realizar login MaxxiForge para rota Action	END	1628023973933
USER	Realizar login MaxxiForge para rota Action	END	1628023973933
REQUEST		Login	1628023971842	1628023974060	KO	status.find.is(200), but actually found 500
REQUEST		Login	1628023971840	1628023974063	KO	status.find.is(200), but actually found 500
REQUEST		Login	1628023971839	1628023974063	KO	status.find.is(200), but actually found 500
USER	Realizar login MaxxiForge para rota Action	END	1628023974078
REQUEST		Login	1628023971840	1628023974062	OK	 
REQUEST		Login	1628023971842	1628023974078	KO	status.find.is(200), but actually found 500
REQUEST		Login	1628023971590	1628023974071	KO	status.find.is(200), but actually found 500
USER	Realizar login MaxxiForge para rota Action	END	1628023974089
REQUEST		Login	1628023971838	1628023974078	KO	status.find.is(200), but actually found 500
REQUEST		Login	1628023971838	1628023974078	KO	status.find.is(200), but actually found 500
USER	Realizar login MaxxiForge para rota Action	END	1628023974089
REQUEST		Login	1628023971590	1628023974087	KO	status.find.is(200), but actually found 500
REQUEST		Login	1628023971840	1628023974089	KO	status.find.is(200), but actually found 500
USER	Realizar login MaxxiForge para rota Action	END	1628023974100
USER	Realizar login MaxxiForge para rota Action	END	1628023974100
USER	Realizar login MaxxiForge para rota Action	END	1628023974100
USER	Realizar login MaxxiForge para rota Action	END	1628023974102
USER	Realizar login MaxxiForge para rota Action	END	1628023974102
USER	Realizar login MaxxiForge para rota Action	END	1628023974103
REQUEST		Login	1628023971838	1628023974105	KO	status.find.is(200), but actually found 500
USER	Realizar login MaxxiForge para rota Action	END	1628023974108
REQUEST		Login	1628023971841	1628023974110	KO	status.find.is(200), but actually found 500
USER	Realizar login MaxxiForge para rota Action	END	1628023974115
REQUEST		Login	1628023971836	1628023974202	OK	 
REQUEST		Login	1628023971590	1628023974210	OK	 
REQUEST		Login	1628023971590	1628023974211	OK	 
REQUEST		Login	1628023971835	1628023974211	OK	 
REQUEST		Login	1628023971842	1628023974216	OK	 
REQUEST		Login	1628023971840	1628023974216	OK	 
REQUEST		Login	1628023971843	1628023974231	OK	 
REQUEST		Login	1628023971590	1628023974236	OK	 
REQUEST		Login	1628023971839	1628023974237	OK	 
REQUEST		Login	1628023971837	1628023974237	OK	 
REQUEST		Login	1628023971590	1628023974238	OK	 
REQUEST		Login	1628023971836	1628023974242	OK	 
REQUEST		Login	1628023971590	1628023974255	OK	 
REQUEST		Login	1628023971842	1628023974255	OK	 
REQUEST		Login	1628023971836	1628023974259	OK	 
REQUEST		Login	1628023971839	1628023974260	OK	 
REQUEST		Login	1628023971590	1628023974261	OK	 
REQUEST		Login	1628023971590	1628023974261	OK	 
REQUEST		Login	1628023971838	1628023974267	OK	 
REQUEST		Login	1628023971839	1628023974270	OK	 
REQUEST		Login	1628023971844	1628023974275	OK	 
REQUEST		Login	1628023971840	1628023974278	OK	 
REQUEST		Login	1628023971590	1628023974278	OK	 
REQUEST		Login	1628023971839	1628023974281	OK	 
REQUEST		Login	1628023971841	1628023974280	OK	 
REQUEST		Login	1628023971836	1628023974281	OK	 
REQUEST		Login	1628023971843	1628023974283	OK	 
REQUEST		Login	1628023971838	1628023974283	OK	 
REQUEST		Login	1628023971839	1628023974284	OK	 
REQUEST		Login	1628023971836	1628023974286	OK	 
REQUEST		Login	1628023971839	1628023974299	OK	 
REQUEST		Login	1628023971837	1628023974298	OK	 
REQUEST		Login	1628023971838	1628023974302	OK	 
REQUEST		Login	1628023971836	1628023974302	OK	 
REQUEST		Login	1628023971843	1628023974302	OK	 
REQUEST		Login	1628023971836	1628023974303	OK	 
REQUEST		Login	1628023971843	1628023974311	OK	 
REQUEST		Login	1628023971590	1628023974311	OK	 
REQUEST		Login	1628023971837	1628023974312	OK	 
REQUEST		Login	1628023971590	1628023974316	OK	 
REQUEST		Login	1628023971590	1628023974313	OK	 
REQUEST		Login	1628023971841	1628023974314	OK	 
REQUEST		Login	1628023971842	1628023974314	OK	 
REQUEST		Login	1628023971590	1628023974316	OK	 
REQUEST		Login	1628023971590	1628023974316	OK	 
REQUEST		Login	1628023971838	1628023974322	OK	 
REQUEST		Login	1628023971842	1628023974320	OK	 
REQUEST		Login	1628023971838	1628023974323	OK	 
REQUEST		Login	1628023971836	1628023974325	OK	 
REQUEST		Login	1628023971838	1628023974326	OK	 
REQUEST		Login	1628023971840	1628023974326	OK	 
REQUEST		Login	1628023971841	1628023974327	OK	 
REQUEST		Login	1628023971841	1628023974330	OK	 
REQUEST		Login	1628023971836	1628023974334	OK	 
REQUEST		Login	1628023971842	1628023974333	OK	 
REQUEST		Login	1628023971840	1628023974333	OK	 
REQUEST		Login	1628023971836	1628023974333	OK	 
REQUEST		Login	1628023971838	1628023974334	OK	 
REQUEST		Login	1628023971837	1628023974342	OK	 
REQUEST		Login	1628023971841	1628023974342	OK	 
REQUEST		Login	1628023971841	1628023974342	OK	 
REQUEST		Listagem de profissionais	1628023974102	1628023974345	OK	 
REQUEST		Login	1628023971844	1628023974345	OK	 
REQUEST		Login	1628023971836	1628023974345	OK	 
REQUEST		Login	1628023971838	1628023974349	OK	 
REQUEST		Login	1628023971842	1628023974350	OK	 
REQUEST		Listagem de profissionais	1628023974205	1628023974362	OK	 
REQUEST		Listagem de profissionais	1628023974215	1628023974386	OK	 
REQUEST		Listagem de profissionais	1628023974215	1628023974389	OK	 
REQUEST		Listagem de profissionais	1628023974215	1628023974401	OK	 
REQUEST		Listagem de profissionais	1628023974237	1628023974428	OK	 
REQUEST		Listagem de profissionais	1628023974239	1628023974428	OK	 
REQUEST		Listagem de profissionais	1628023974252	1628023974568	OK	 
REQUEST		Listagem de profissionais	1628023974254	1628023974569	OK	 
REQUEST		Listagem de profissionais	1628023974254	1628023974570	OK	 
REQUEST		Listagem de profissionais	1628023974254	1628023974570	OK	 
REQUEST		Listagem de profissionais	1628023974254	1628023974571	OK	 
REQUEST		Listagem de profissionais	1628023974261	1628023974795	OK	 
REQUEST		Listagem de profissionais	1628023974261	1628023974798	OK	 
REQUEST		Listagem de profissionais	1628023974278	1628023974799	OK	 
REQUEST		Listagem de profissionais	1628023974276	1628023974799	OK	 
REQUEST		Listagem de profissionais	1628023974255	1628023974804	OK	 
REQUEST		Listagem de profissionais	1628023974278	1628023974843	OK	 
REQUEST		Listagem de profissionais	1628023974272	1628023974844	OK	 
REQUEST		Listagem de profissionais	1628023974281	1628023974844	OK	 
REQUEST		Listagem de profissionais	1628023974298	1628023974889	OK	 
REQUEST		Listagem de profissionais	1628023974274	1628023974890	OK	 
REQUEST		Listagem de profissionais	1628023974302	1628023974896	OK	 
REQUEST		Listagem de profissionais	1628023974300	1628023974912	OK	 
REQUEST		Listagem de profissionais	1628023974313	1628023974911	OK	 
REQUEST		Listagem de profissionais	1628023974291	1628023974911	OK	 
REQUEST		Listagem de profissionais	1628023974299	1628023974912	OK	 
REQUEST		Listagem de profissionais	1628023974300	1628023974913	OK	 
REQUEST		Listagem de profissionais	1628023974305	1628023974917	OK	 
REQUEST		Listagem de profissionais	1628023974298	1628023974920	OK	 
REQUEST		Listagem de profissionais	1628023974311	1628023974926	OK	 
REQUEST		Listagem de profissionais	1628023974302	1628023974938	OK	 
REQUEST		Listagem de profissionais	1628023974311	1628023974936	OK	 
REQUEST		Listagem de profissionais	1628023974302	1628023974937	OK	 
REQUEST		Listagem de profissionais	1628023974304	1628023974939	OK	 
REQUEST		Listagem de profissionais	1628023974313	1628023975062	OK	 
REQUEST		Listagem de profissionais	1628023974333	1628023975089	OK	 
REQUEST		Listagem de profissionais	1628023974313	1628023975090	OK	 
REQUEST		Listagem de profissionais	1628023974320	1628023975091	OK	 
REQUEST		Listagem de profissionais	1628023974332	1628023975091	OK	 
REQUEST		Listagem de profissionais	1628023974334	1628023975115	OK	 
REQUEST		Listagem de profissionais	1628023974321	1628023975122	OK	 
REQUEST		Listagem de profissionais	1628023974322	1628023975121	OK	 
REQUEST		Listagem de profissionais	1628023974320	1628023975122	OK	 
REQUEST		Listagem de profissionais	1628023974326	1628023975122	OK	 
REQUEST		Listagem de profissionais	1628023974326	1628023975122	OK	 
REQUEST		Listagem de profissionais	1628023974328	1628023975123	OK	 
REQUEST		Listagem de profissionais	1628023974329	1628023975125	OK	 
REQUEST		Listagem de profissionais	1628023974348	1628023975125	OK	 
REQUEST		Listagem de profissionais	1628023974325	1628023975125	OK	 
REQUEST		Listagem de profissionais	1628023974334	1628023975126	OK	 
REQUEST		Listagem de profissionais	1628023974334	1628023975148	OK	 
REQUEST		Listagem de profissionais	1628023974316	1628023975146	OK	 
REQUEST		Listagem de profissionais	1628023974346	1628023975150	OK	 
REQUEST		Listagem de profissionais	1628023974341	1628023975150	OK	 
REQUEST		Listagem de profissionais	1628023974350	1628023975150	OK	 
REQUEST		Listagem de profissionais	1628023974338	1628023975155	OK	 
REQUEST		Listagem de profissionais	1628023974342	1628023975157	OK	 
REQUEST		Listagem de profissionais	1628023974341	1628023975157	OK	 
REQUEST		Listagem de profissionais	1628023974322	1628023975157	OK	 
REQUEST		Listagem de profissionais	1628023974341	1628023975157	OK	 
REQUEST		Listagem de profissionais	1628023974341	1628023975163	OK	 
REQUEST		Listagem de profissionais	1628023974344	1628023975163	OK	 
REQUEST		Listagem de profissionais	1628023974348	1628023975163	OK	 
REQUEST		Listagem de profissionais	1628023974345	1628023975176	OK	 
REQUEST		Listagem de profissionais	1628023974352	1628023975176	OK	 
REQUEST		Adicionar novo profissional	1628023975166	1628023975863	KO	status.find.is(201), but actually found 500
ERROR	Buscar profissional criado: Failed to build request: No attribute named 'proId' is defined 	1628023975870
REQUEST		Adicionar novo profissional	1628023975151	1628023975868	KO	status.find.is(201), but actually found 500
ERROR	Buscar profissional criado: Failed to build request: No attribute named 'proId' is defined 	1628023975872
ERROR	Editar profissional: Failed to build request: No attribute named 'proId' is defined 	1628023975872
ERROR	Editar profissional: Failed to build request: No attribute named 'proId' is defined 	1628023975872
ERROR	Deletar profissional: Failed to build request: No attribute named 'proId' is defined 	1628023975872
ERROR	Deletar profissional: Failed to build request: No attribute named 'proId' is defined 	1628023975873
REQUEST		Listagem de clientes	1628023975873	1628023976673	OK	 
REQUEST		Listagem de clientes	1628023975874	1628023976717	OK	 
REQUEST		Adicionar novo profissional	1628023974363	1628023977371	OK	 
REQUEST		Adicionar novo profissional	1628023974608	1628023977571	OK	 
REQUEST		Adicionar novo profissional	1628023974608	1628023977575	OK	 
REQUEST		Adicionar novo profissional	1628023974430	1628023977575	OK	 
REQUEST		Adicionar novo profissional	1628023974608	1628023977578	OK	 
REQUEST		Adicionar novo profissional	1628023974348	1628023977579	OK	 
REQUEST		Adicionar novo profissional	1628023974430	1628023977579	OK	 
REQUEST		Adicionar novo profissional	1628023974390	1628023977580	OK	 
REQUEST		Adicionar novo profissional	1628023974607	1628023977580	OK	 
REQUEST		Adicionar novo profissional	1628023974387	1628023977598	OK	 
REQUEST		Adicionar novo profissional	1628023974607	1628023977620	OK	 
REQUEST		Adicionar novo profissional	1628023974403	1628023977621	OK	 
REQUEST		Adicionar novo profissional	1628023974835	1628023977631	OK	 
REQUEST		Adicionar novo profissional	1628023974856	1628023977727	OK	 
REQUEST		Adicionar novo profissional	1628023974831	1628023977727	OK	 
REQUEST		Adicionar novo profissional	1628023974936	1628023977729	OK	 
REQUEST		Adicionar novo profissional	1628023974896	1628023977730	OK	 
REQUEST		Adicionar novo profissional	1628023974908	1628023977733	OK	 
REQUEST		Adicionar novo profissional	1628023974842	1628023977735	OK	 
REQUEST		Buscar profissional criado	1628023977387	1628023977742	OK	 
REQUEST		Adicionar novo profissional	1628023974896	1628023977776	OK	 
REQUEST		Adicionar novo profissional	1628023974835	1628023977778	OK	 
REQUEST		Adicionar novo profissional	1628023974933	1628023977789	OK	 
REQUEST		Adicionar novo profissional	1628023974857	1628023977790	OK	 
REQUEST		Adicionar novo profissional	1628023974857	1628023977799	OK	 
REQUEST		Adicionar novo profissional	1628023974937	1628023977800	OK	 
REQUEST		Adicionar novo profissional	1628023974946	1628023977806	OK	 
REQUEST		Adicionar novo profissional	1628023974947	1628023977806	OK	 
REQUEST		Adicionar novo profissional	1628023974943	1628023977868	OK	 
REQUEST		Adicionar novo profissional	1628023974947	1628023977868	OK	 
REQUEST		Adicionar novo profissional	1628023974940	1628023977877	OK	 
REQUEST		Adicionar novo profissional	1628023974938	1628023977878	OK	 
REQUEST		Adicionar novo profissional	1628023974937	1628023977878	OK	 
REQUEST		Adicionar novo profissional	1628023974836	1628023977878	OK	 
REQUEST		Adicionar novo profissional	1628023974935	1628023977878	OK	 
REQUEST		Adicionar novo profissional	1628023975121	1628023977880	OK	 
REQUEST		Adicionar novo profissional	1628023974946	1628023977887	OK	 
REQUEST		Adicionar novo profissional	1628023975118	1628023977972	OK	 
REQUEST		Buscar profissional criado	1628023977615	1628023977989	OK	 
REQUEST		Adicionar novo profissional	1628023975115	1628023978034	OK	 
REQUEST		Adicionar novo profissional	1628023975121	1628023978036	OK	 
REQUEST		Adicionar novo profissional	1628023975063	1628023978036	OK	 
REQUEST		Buscar profissional criado	1628023977585	1628023978052	OK	 
REQUEST		Buscar profissional criado	1628023977605	1628023978056	OK	 
REQUEST		Adicionar novo profissional	1628023975166	1628023978057	OK	 
REQUEST		Adicionar novo profissional	1628023975157	1628023978058	OK	 
REQUEST		Buscar profissional criado	1628023977606	1628023978068	OK	 
REQUEST		Buscar profissional criado	1628023977605	1628023978068	OK	 
REQUEST		Buscar profissional criado	1628023977615	1628023978069	OK	 
REQUEST		Buscar profissional criado	1628023977604	1628023978069	OK	 
REQUEST		Buscar profissional criado	1628023977618	1628023978070	OK	 
REQUEST		Buscar profissional criado	1628023977636	1628023978076	OK	 
REQUEST		Adicionar novo profissional	1628023975157	1628023978100	OK	 
REQUEST		Adicionar novo profissional	1628023975147	1628023978102	OK	 
REQUEST		Buscar profissional criado	1628023977615	1628023978110	OK	 
REQUEST		Adicionar novo profissional	1628023975148	1628023978109	OK	 
REQUEST		Adicionar novo profissional	1628023975147	1628023978111	OK	 
REQUEST		Buscar profissional criado	1628023977628	1628023978112	OK	 
REQUEST		Adicionar novo profissional	1628023975177	1628023978113	OK	 
REQUEST		Buscar profissional criado	1628023977627	1628023978117	OK	 
REQUEST		Adicionar novo profissional	1628023975147	1628023978134	OK	 
REQUEST		Adicionar novo profissional	1628023975157	1628023978146	OK	 
REQUEST		Adicionar novo profissional	1628023975122	1628023978149	OK	 
REQUEST		Adicionar novo profissional	1628023975162	1628023978149	OK	 
REQUEST		Adicionar novo profissional	1628023975155	1628023978160	OK	 
REQUEST		Adicionar novo profissional	1628023975162	1628023978188	OK	 
REQUEST		Adicionar novo profissional	1628023975162	1628023978201	OK	 
REQUEST		Adicionar novo profissional	1628023975149	1628023978201	OK	 
REQUEST		Adicionar novo profissional	1628023975149	1628023978201	OK	 
REQUEST		Adicionar novo profissional	1628023975166	1628023978211	OK	 
REQUEST		Buscar profissional criado	1628023977728	1628023978212	OK	 
REQUEST		Adicionar novo profissional	1628023975149	1628023978219	OK	 
REQUEST		Buscar profissional criado	1628023977729	1628023978234	OK	 
REQUEST		Buscar profissional criado	1628023977733	1628023978234	OK	 
REQUEST		Buscar profissional criado	1628023977735	1628023978237	OK	 
REQUEST		Buscar profissional criado	1628023977733	1628023978237	OK	 
REQUEST		Buscar profissional criado	1628023977777	1628023978237	OK	 
REQUEST		Buscar profissional criado	1628023977799	1628023978238	OK	 
REQUEST		Buscar profissional criado	1628023977800	1628023978239	OK	 
REQUEST		Adicionar novo profissional	1628023975147	1628023978239	OK	 
REQUEST		Buscar profissional criado	1628023977805	1628023978246	OK	 
REQUEST		Adicionar novo profissional	1628023975153	1628023978250	OK	 
REQUEST		Adicionar novo profissional	1628023975162	1628023978251	OK	 
REQUEST		Buscar profissional criado	1628023977816	1628023978252	OK	 
REQUEST		Buscar profissional criado	1628023978050	1628023978255	OK	 
REQUEST		Buscar profissional criado	1628023977881	1628023978262	OK	 
REQUEST		Buscar profissional criado	1628023978043	1628023978267	OK	 
REQUEST		Buscar profissional criado	1628023977881	1628023978270	OK	 
REQUEST		Buscar profissional criado	1628023977870	1628023978275	OK	 
REQUEST		Buscar profissional criado	1628023977880	1628023978276	OK	 
REQUEST		Buscar profissional criado	1628023978043	1628023978276	OK	 
REQUEST		Buscar profissional criado	1628023977878	1628023978278	OK	 
REQUEST		Adicionar novo profissional	1628023975139	1628023978277	OK	 
REQUEST		Buscar profissional criado	1628023977871	1628023978278	OK	 
REQUEST		Buscar profissional criado	1628023977890	1628023978280	OK	 
REQUEST		Buscar profissional criado	1628023977881	1628023978282	OK	 
REQUEST		Adicionar novo cliente	1628023976680	1628023978282	OK	 
REQUEST		Buscar profissional criado	1628023977806	1628023978284	OK	 
REQUEST		Buscar profissional criado	1628023978086	1628023978291	OK	 
REQUEST		Adicionar novo profissional	1628023975149	1628023978293	OK	 
REQUEST		Buscar profissional criado	1628023977881	1628023978292	OK	 
REQUEST		Buscar profissional criado	1628023977736	1628023978293	OK	 
REQUEST		Buscar profissional criado	1628023977780	1628023978293	OK	 
REQUEST		Buscar profissional criado	1628023977977	1628023978298	OK	 
REQUEST		Buscar profissional criado	1628023977816	1628023978298	OK	 
REQUEST		Adicionar novo cliente	1628023976725	1628023978298	OK	 
REQUEST		Buscar profissional criado	1628023978112	1628023978302	OK	 
REQUEST		Buscar profissional criado	1628023978086	1628023978305	OK	 
REQUEST		Adicionar novo profissional	1628023975178	1628023978306	OK	 
REQUEST		Buscar profissional criado	1628023978110	1628023978310	OK	 
REQUEST		Editar profissional	1628023977743	1628023978312	OK	 
REQUEST		Editar profissional	1628023977993	1628023978312	OK	 
REQUEST		Buscar profissional criado	1628023978147	1628023978328	OK	 
REQUEST		Buscar profissional criado	1628023978132	1628023978329	OK	 
REQUEST		Buscar profissional criado	1628023978131	1628023978329	OK	 
REQUEST		Editar profissional	1628023978069	1628023978332	OK	 
REQUEST		Buscar profissional criado	1628023978158	1628023978333	OK	 
REQUEST		Buscar profissional criado	1628023978158	1628023978337	OK	 
REQUEST		Buscar profissional criado	1628023978149	1628023978338	OK	 
REQUEST		Buscar profissional criado	1628023978162	1628023978344	OK	 
REQUEST		Editar profissional	1628023978085	1628023978344	OK	 
REQUEST		Buscar profissional criado	1628023978134	1628023978344	OK	 
REQUEST		Editar profissional	1628023978096	1628023978348	OK	 
REQUEST		Editar profissional	1628023978097	1628023978348	OK	 
REQUEST		Editar profissional	1628023978088	1628023978351	OK	 
REQUEST		Editar profissional	1628023978099	1628023978352	OK	 
REQUEST		Editar profissional	1628023978098	1628023978353	OK	 
REQUEST		Editar profissional	1628023978088	1628023978354	OK	 
REQUEST		Editar profissional	1628023978144	1628023978367	OK	 
REQUEST		Editar profissional	1628023978135	1628023978367	OK	 
REQUEST		Editar profissional	1628023978131	1628023978367	OK	 
REQUEST		Buscar profissional criado	1628023978191	1628023978367	OK	 
REQUEST		Buscar profissional criado	1628023978207	1628023978382	OK	 
REQUEST		Buscar profissional criado	1628023978207	1628023978385	OK	 
REQUEST		Buscar profissional criado	1628023978207	1628023978396	OK	 
REQUEST		Editar profissional	1628023978236	1628023978405	OK	 
REQUEST		Buscar profissional criado	1628023978236	1628023978412	OK	 
REQUEST		Buscar profissional criado	1628023978241	1628023978412	OK	 
REQUEST		Buscar profissional criado	1628023978265	1628023978501	OK	 
REQUEST		Buscar profissional criado	1628023978269	1628023978509	OK	 
REQUEST		Buscar profissional criado	1628023978269	1628023978530	OK	 
REQUEST		Buscar profissional criado	1628023978285	1628023978593	OK	 
REQUEST		Buscar profissional criado	1628023978295	1628023978610	OK	 
REQUEST		Buscar cliente criado	1628023978291	1628023978611	OK	 
REQUEST		Buscar cliente criado	1628023978302	1628023978623	OK	 
REQUEST		Buscar profissional criado	1628023978308	1628023978628	OK	 
REQUEST		Editar profissional	1628023978347	1628023978666	KO	status.find.is(200), but actually found 500
REQUEST		Editar profissional	1628023978277	1628023978685	KO	status.find.is(200), but actually found 400
REQUEST		Editar profissional	1628023978280	1628023978689	KO	status.find.is(200), but actually found 400
REQUEST		Editar profissional	1628023978284	1628023978690	KO	status.find.is(200), but actually found 400
REQUEST		Deletar profissional	1628023978314	1628023978701	KO	status.find.is(200), but actually found 500
REQUEST		Editar profissional	1628023978397	1628023978706	KO	status.find.is(200), but actually found 500
REQUEST		Editar profissional	1628023978290	1628023978709	KO	status.find.is(200), but actually found 400
REQUEST		Editar profissional	1628023978292	1628023978709	KO	status.find.is(200), but actually found 400
REQUEST		Editar profissional	1628023978413	1628023978715	KO	status.find.is(200), but actually found 500
REQUEST		Deletar profissional	1628023978370	1628023978716	KO	status.find.is(200), but actually found 500
REQUEST		Editar profissional	1628023978502	1628023978720	KO	status.find.is(200), but actually found 500
REQUEST		Editar profissional	1628023978298	1628023978720	KO	status.find.is(200), but actually found 400
REQUEST		Editar profissional	1628023978287	1628023978719	KO	status.find.is(200), but actually found 400
REQUEST		Editar profissional	1628023978299	1628023978719	KO	status.find.is(200), but actually found 400
REQUEST		Editar profissional	1628023978283	1628023978720	KO	status.find.is(200), but actually found 400
REQUEST		Editar profissional	1628023978283	1628023978720	KO	status.find.is(200), but actually found 400
REQUEST		Editar profissional	1628023978302	1628023978731	KO	status.find.is(200), but actually found 400
REQUEST		Deletar profissional	1628023978356	1628023978733	KO	status.find.is(200), but actually found 500
REQUEST		Editar profissional	1628023978510	1628023978733	KO	status.find.is(200), but actually found 500
REQUEST		Deletar profissional	1628023978354	1628023978738	KO	status.find.is(200), but actually found 500
REQUEST		Deletar profissional	1628023978314	1628023978737	KO	status.find.is(200), but actually found 500
REQUEST		Editar profissional	1628023978264	1628023978741	KO	status.find.is(200), but actually found 400
REQUEST		Editar profissional	1628023978283	1628023978741	KO	status.find.is(200), but actually found 400
REQUEST		Deletar profissional	1628023978357	1628023978744	KO	status.find.is(200), but actually found 500
REQUEST		Editar profissional	1628023978306	1628023978743	KO	status.find.is(200), but actually found 400
REQUEST		Editar profissional	1628023978255	1628023978748	KO	status.find.is(200), but actually found 400
REQUEST		Editar profissional	1628023978267	1628023978755	KO	status.find.is(200), but actually found 400
REQUEST		Editar profissional	1628023978262	1628023978756	KO	status.find.is(200), but actually found 400
REQUEST		Deletar profissional	1628023978334	1628023978795	OK	 
REQUEST		Deletar profissional	1628023978346	1628023978796	OK	 
REQUEST		Deletar profissional	1628023978406	1628023978827	OK	 
REQUEST		Editar profissional	1628023978255	1628023978827	OK	 
REQUEST		Deletar profissional	1628023978353	1628023978835	OK	 
REQUEST		Editar profissional	1628023978262	1628023978835	OK	 
REQUEST		Deletar profissional	1628023978355	1628023978838	OK	 
REQUEST		Editar profissional	1628023978265	1628023978839	OK	 
REQUEST		Deletar profissional	1628023978370	1628023978840	OK	 
REQUEST		Editar profissional	1628023978269	1628023978850	OK	 
REQUEST		Deletar profissional	1628023978370	1628023978852	OK	 
REQUEST		Deletar profissional	1628023978356	1628023978853	OK	 
REQUEST		Editar profissional	1628023978272	1628023978865	OK	 
REQUEST		Editar profissional	1628023978265	1628023978868	OK	 
REQUEST		Editar profissional	1628023978270	1628023978882	OK	 
REQUEST		Editar profissional	1628023978301	1628023978907	OK	 
REQUEST		Editar profissional	1628023978298	1628023978910	OK	 
REQUEST		Editar profissional	1628023978285	1628023978914	OK	 
REQUEST		Editar profissional	1628023978339	1628023978917	OK	 
REQUEST		Editar profissional	1628023978294	1628023978917	OK	 
REQUEST		Editar profissional	1628023978339	1628023978983	OK	 
REQUEST		Editar profissional	1628023978337	1628023978987	OK	 
REQUEST		Editar profissional	1628023978311	1628023978989	OK	 
REQUEST		Editar profissional	1628023978332	1628023978992	OK	 
REQUEST		Editar profissional	1628023978307	1628023978994	OK	 
REQUEST		Editar profissional	1628023978331	1628023979009	OK	 
REQUEST		Editar profissional	1628023978346	1628023979014	OK	 
REQUEST		Editar profissional	1628023978331	1628023979015	OK	 
REQUEST		Editar profissional	1628023978386	1628023979078	OK	 
REQUEST		Editar profissional	1628023978370	1628023979190	OK	 
REQUEST		Editar profissional	1628023978413	1628023979191	OK	 
REQUEST		Editar profissional	1628023978384	1628023979199	OK	 
REQUEST		Listagem de clientes	1628023978711	1628023979779	OK	 
REQUEST		Editar profissional	1628023978531	1628023979825	OK	 
REQUEST		Listagem de clientes	1628023978746	1628023979859	OK	 
REQUEST		Listagem de clientes	1628023978729	1628023979877	OK	 
REQUEST		Deletar profissional	1628023978690	1628023979892	OK	 
REQUEST		Deletar profissional	1628023978703	1628023979893	OK	 
REQUEST		Listagem de clientes	1628023978742	1628023979898	OK	 
REQUEST		Listagem de clientes	1628023978747	1628023979905	OK	 
REQUEST		Listagem de clientes	1628023978745	1628023979906	OK	 
REQUEST		Listagem de clientes	1628023978844	1628023979921	OK	 
REQUEST		Deletar profissional	1628023978670	1628023979924	OK	 
REQUEST		Deletar profissional	1628023978705	1628023979924	OK	 
REQUEST		Listagem de clientes	1628023978830	1628023979930	OK	 
REQUEST		Listagem de clientes	1628023978841	1628023979930	OK	 
REQUEST		Deletar profissional	1628023978718	1628023979930	OK	 
REQUEST		Listagem de clientes	1628023978799	1628023979937	OK	 
REQUEST		Editar profissional	1628023978597	1628023979938	OK	 
REQUEST		Listagem de clientes	1628023978798	1628023979938	OK	 
REQUEST		Deletar profissional	1628023978749	1628023979940	OK	 
REQUEST		Listagem de clientes	1628023978845	1628023979940	OK	 
REQUEST		Deletar profissional	1628023978728	1628023979946	OK	 
REQUEST		Deletar profissional	1628023978732	1628023979949	OK	 
REQUEST		Deletar profissional	1628023978741	1628023979953	OK	 
REQUEST		Deletar profissional	1628023978719	1628023979953	OK	 
REQUEST		Deletar profissional	1628023978729	1628023979954	OK	 
REQUEST		Deletar profissional	1628023978719	1628023979954	OK	 
REQUEST		Deletar profissional	1628023978733	1628023979956	OK	 
REQUEST		Listagem de clientes	1628023978855	1628023979963	OK	 
REQUEST		Deletar profissional	1628023978747	1628023979972	OK	 
REQUEST		Deletar profissional	1628023978757	1628023979976	OK	 
REQUEST		Deletar profissional	1628023978734	1628023979976	OK	 
REQUEST		Deletar profissional	1628023978734	1628023979977	OK	 
REQUEST		Deletar profissional	1628023978757	1628023979977	OK	 
REQUEST		Listagem de clientes	1628023978855	1628023979977	OK	 
REQUEST		Deletar profissional	1628023978844	1628023979978	OK	 
REQUEST		Deletar profissional	1628023978747	1628023979981	OK	 
REQUEST		Deletar profissional	1628023978834	1628023979982	OK	 
REQUEST		Deletar profissional	1628023978747	1628023979983	OK	 
REQUEST		Editar cliente	1628023978622	1628023979982	OK	 
REQUEST		Deletar profissional	1628023978842	1628023979982	OK	 
REQUEST		Deletar profissional	1628023978871	1628023979985	OK	 
REQUEST		Editar profissional	1628023978621	1628023979985	OK	 
REQUEST		Deletar profissional	1628023978730	1628023979986	OK	 
REQUEST		Deletar profissional	1628023978914	1628023979988	OK	 
REQUEST		Deletar profissional	1628023979196	1628023979989	OK	 
REQUEST		Deletar profissional	1628023978913	1628023979991	OK	 
REQUEST		Deletar profissional	1628023978884	1628023979992	OK	 
REQUEST		Deletar profissional	1628023979196	1628023979990	OK	 
REQUEST		Deletar profissional	1628023978852	1628023979993	OK	 
REQUEST		Deletar profissional	1628023978995	1628023979993	OK	 
REQUEST		Deletar profissional	1628023978867	1628023979992	OK	 
REQUEST		Deletar profissional	1628023978917	1628023979995	OK	 
REQUEST		Deletar profissional	1628023979009	1628023979996	OK	 
REQUEST		Deletar profissional	1628023978920	1628023979996	OK	 
REQUEST		Deletar profissional	1628023979000	1628023980007	OK	 
REQUEST		Editar cliente	1628023978626	1628023980007	OK	 
REQUEST		Deletar profissional	1628023978997	1628023980007	OK	 
REQUEST		Deletar profissional	1628023978743	1628023980007	OK	 
REQUEST		Deletar profissional	1628023978920	1628023980007	OK	 
REQUEST		Deletar profissional	1628023978987	1628023980007	OK	 
REQUEST		Deletar profissional	1628023979209	1628023980009	OK	 
REQUEST		Deletar profissional	1628023979014	1628023980009	OK	 
REQUEST		Deletar profissional	1628023979018	1628023980012	OK	 
REQUEST		Adicionar novo cliente	1628023979786	1628023980012	OK	 
REQUEST		Deletar profissional	1628023979018	1628023980012	OK	 
REQUEST		Deletar profissional	1628023979083	1628023980012	OK	 
REQUEST		Editar profissional	1628023978634	1628023980014	OK	 
REQUEST		Deletar profissional	1628023979828	1628023980015	OK	 
REQUEST		Adicionar novo cliente	1628023979870	1628023980064	OK	 
REQUEST		Buscar cliente criado	1628023980014	1628023981597	OK	 
REQUEST		Buscar cliente criado	1628023980065	1628023981617	OK	 
REQUEST		Listagem de clientes	1628023979996	1628023981929	KO	status.find.is(200), but actually found 500
REQUEST		Listagem de clientes	1628023980007	1628023981932	KO	status.find.is(200), but actually found 500
REQUEST		Adicionar novo cliente	1628023979951	1628023982274	KO	status.find.is(201), but actually found 500
ERROR	Buscar cliente criado: Failed to build request: No attribute named 'customerId' is defined 	1628023982284
ERROR	Editar cliente: Failed to build request: No attribute named 'customerId' is defined 	1628023982288
REQUEST		Adicionar novo cliente	1628023979946	1628023982277	KO	status.find.is(201), but actually found 500
ERROR	Buscar cliente criado: Failed to build request: No attribute named 'customerId' is defined 	1628023982294
REQUEST		Adicionar novo cliente	1628023979949	1628023982277	KO	status.find.is(201), but actually found 500
ERROR	Buscar cliente criado: Failed to build request: No attribute named 'customerId' is defined 	1628023982302
REQUEST		Adicionar novo cliente	1628023979935	1628023982277	KO	status.find.is(201), but actually found 500
ERROR	Buscar cliente criado: Failed to build request: No attribute named 'customerId' is defined 	1628023982303
ERROR	Deletar cliente: Failed to build request: No attribute named 'customerId' is defined 	1628023982305
ERROR	Editar cliente: Failed to build request: No attribute named 'customerId' is defined 	1628023982306
ERROR	Editar cliente: Failed to build request: No attribute named 'customerId' is defined 	1628023982306
ERROR	Editar cliente: Failed to build request: No attribute named 'customerId' is defined 	1628023982307
REQUEST		Adicionar novo cliente	1628023979923	1628023982288	KO	status.find.is(201), but actually found 500
ERROR	Buscar cliente criado: Failed to build request: No attribute named 'customerId' is defined 	1628023982310
REQUEST		Editar cliente	1628023981598	1628023982305	KO	status.find.is(200), but actually found 500
REQUEST		Adicionar novo cliente	1628023979935	1628023982289	KO	status.find.is(201), but actually found 500
ERROR	Buscar cliente criado: Failed to build request: No attribute named 'customerId' is defined 	1628023982313
ERROR	Deletar cliente: Failed to build request: No attribute named 'customerId' is defined 	1628023982313
ERROR	Deletar cliente: Failed to build request: No attribute named 'customerId' is defined 	1628023982314
ERROR	Deletar cliente: Failed to build request: No attribute named 'customerId' is defined 	1628023982314
REQUEST		Editar cliente	1628023981618	1628023982304	KO	status.find.is(200), but actually found 500
REQUEST		Adicionar novo cliente	1628023979980	1628023982303	KO	status.find.is(201), but actually found 500
ERROR	Buscar cliente criado: Failed to build request: No attribute named 'customerId' is defined 	1628023982316
REQUEST		Adicionar novo cliente	1628023979967	1628023982304	KO	status.find.is(201), but actually found 500
ERROR	Buscar cliente criado: Failed to build request: No attribute named 'customerId' is defined 	1628023982316
ERROR	Editar cliente: Failed to build request: No attribute named 'customerId' is defined 	1628023982317
ERROR	Editar cliente: Failed to build request: No attribute named 'customerId' is defined 	1628023982317
ERROR	Editar cliente: Failed to build request: No attribute named 'customerId' is defined 	1628023982318
ERROR	Editar cliente: Failed to build request: No attribute named 'customerId' is defined 	1628023982319
ERROR	Deletar cliente: Failed to build request: No attribute named 'customerId' is defined 	1628023982319
ERROR	Deletar cliente: Failed to build request: No attribute named 'customerId' is defined 	1628023982319
ERROR	Deletar cliente: Failed to build request: No attribute named 'customerId' is defined 	1628023982323
ERROR	Deletar cliente: Failed to build request: No attribute named 'customerId' is defined 	1628023982324
REQUEST		Deletar cliente	1628023979984	1628023982518	KO	status.find.is(200), but actually found 500
REQUEST		Listagem de clientes	1628023979953	1628023982523	KO	status.find.is(200), but actually found 500
REQUEST		Listagem de clientes	1628023979962	1628023982525	KO	status.find.is(200), but actually found 500
REQUEST		Listagem de clientes	1628023980009	1628023982526	KO	status.find.is(200), but actually found 500
REQUEST		Deletar cliente	1628023980010	1628023982531	KO	status.find.is(200), but actually found 500
REQUEST		Deletar profissional	1628023979986	1628023982543	KO	status.find.is(200), but actually found 500
REQUEST		Listagem de clientes	1628023979926	1628023982533	KO	status.find.is(200), but actually found 500
REQUEST		Deletar profissional	1628023979948	1628023982543	KO	status.find.is(200), but actually found 500
REQUEST		Deletar profissional	1628023980015	1628023982560	KO	status.find.is(200), but actually found 500
REQUEST		Listagem de clientes	1628023980014	1628023982560	KO	status.find.is(200), but actually found 500
REQUEST		Listagem de clientes	1628023980010	1628023982585	KO	status.find.is(200), but actually found 500
REQUEST		Listagem de clientes	1628023980016	1628023982585	KO	status.find.is(200), but actually found 500
REQUEST		Listagem de clientes	1628023979906	1628023982618	OK	 
REQUEST		Listagem de clientes	1628023979915	1628023982618	OK	 
REQUEST		Listagem de clientes	1628023979954	1628023982621	OK	 
REQUEST		Listagem de clientes	1628023979926	1628023982622	KO	status.find.is(200), but actually found 500
REQUEST		Listagem de clientes	1628023979949	1628023982622	KO	status.find.is(200), but actually found 500
REQUEST		Listagem de clientes	1628023979935	1628023982623	KO	status.find.is(200), but actually found 500
REQUEST		Listagem de clientes	1628023979963	1628023982623	KO	status.find.is(200), but actually found 500
REQUEST		Listagem de clientes	1628023979990	1628023982626	KO	status.find.is(200), but actually found 500
REQUEST		Listagem de clientes	1628023979962	1628023982627	OK	 
REQUEST		Listagem de clientes	1628023979961	1628023982628	OK	 
REQUEST		Listagem de clientes	1628023979984	1628023982630	KO	status.find.is(200), but actually found 500
REQUEST		Listagem de clientes	1628023979961	1628023982630	KO	status.find.is(200), but actually found 500
REQUEST		Listagem de clientes	1628023979977	1628023982774	KO	status.find.is(200), but actually found 500
REQUEST		Listagem de clientes	1628023979979	1628023982776	KO	status.find.is(200), but actually found 500
REQUEST		Listagem de clientes	1628023979985	1628023982777	KO	status.find.is(200), but actually found 500
REQUEST		Listagem de clientes	1628023979979	1628023983467	OK	 
REQUEST		Listagem de clientes	1628023979987	1628023983478	OK	 
REQUEST		Adicionar novo cliente	1628023979890	1628023983472	OK	 
REQUEST		Listagem de clientes	1628023979980	1628023983477	OK	 
REQUEST		Listagem de clientes	1628023979993	1628023983477	OK	 
REQUEST		Listagem de clientes	1628023979993	1628023983478	OK	 
REQUEST		Listagem de clientes	1628023979984	1628023983478	OK	 
REQUEST		Listagem de clientes	1628023979994	1628023983479	OK	 
REQUEST		Listagem de clientes	1628023979981	1628023983491	OK	 
REQUEST		Listagem de clientes	1628023979973	1628023983492	OK	 
REQUEST		Listagem de clientes	1628023980006	1628023983533	OK	 
REQUEST		Listagem de clientes	1628023980011	1628023983538	OK	 
REQUEST		Listagem de clientes	1628023979995	1628023983539	OK	 
REQUEST		Listagem de clientes	1628023980010	1628023983540	OK	 
REQUEST		Listagem de clientes	1628023980010	1628023983580	OK	 
REQUEST		Listagem de clientes	1628023980010	1628023983580	OK	 
REQUEST		Listagem de clientes	1628023980014	1628023983581	OK	 
REQUEST		Listagem de clientes	1628023979993	1628023983581	OK	 
REQUEST		Listagem de clientes	1628023979985	1628023983582	OK	 
REQUEST		Listagem de clientes	1628023980012	1628023983582	OK	 
REQUEST		Listagem de clientes	1628023979989	1628023983600	OK	 
REQUEST		Listagem de clientes	1628023980013	1628023983613	OK	 
REQUEST		Listagem de clientes	1628023979995	1628023983613	OK	 
REQUEST		Listagem de clientes	1628023980007	1628023983620	OK	 
REQUEST		Deletar cliente	1628023982318	1628023983766	OK	 
REQUEST		Deletar cliente	1628023982317	1628023983766	OK	 
REQUEST		Login	1628023971843	1628023983786	OK	 
REQUEST		Listagem de Acoes	1628023982325	1628023984062	OK	 
REQUEST		Listagem de clientes	1628023982563	1628023984070	OK	 
REQUEST		Listagem de clientes	1628023982571	1628023984070	OK	 
REQUEST		Listagem de clientes	1628023982577	1628023984085	OK	 
REQUEST		Listagem de Acoes	1628023982319	1628023984377	OK	 
REQUEST		Listagem de Acoes	1628023982325	1628023984391	OK	 
REQUEST		Listagem de Acoes	1628023982317	1628023984379	OK	 
REQUEST		Listagem de Acoes	1628023982323	1628023984380	OK	 
REQUEST		Listagem de Acoes	1628023982325	1628023984381	OK	 
REQUEST		Listagem de Acoes	1628023982326	1628023984391	OK	 
REQUEST		Listagem de Acoes	1628023982523	1628023984391	OK	 
REQUEST		Listagem de Acoes	1628023982323	1628023984394	OK	 
REQUEST		Listagem de Acoes	1628023982560	1628023984423	OK	 
REQUEST		Buscar cliente criado	1628023983538	1628023984472	OK	 
REQUEST		Listagem de profissionais	1628023983800	1628023984545	OK	 
REQUEST		Listagem de Acoes	1628023983773	1628023984552	OK	 
REQUEST		Listagem de Acoes	1628023983773	1628023984564	OK	 
REQUEST		Adicionar novo cliente	1628023979920	1628023984575	OK	 
REQUEST		Adicionar novo cliente	1628023979920	1628023984575	OK	 
REQUEST		Adicionar novo cliente	1628023979919	1628023984576	OK	 
REQUEST		Adicionar novo Acao	1628023984067	1628023984677	OK	 
REQUEST		Adicionar novo cliente	1628023984085	1628023984683	KO	status.find.is(201), but actually found 500
ERROR	Buscar cliente criado: Failed to build request: No attribute named 'customerId' is defined 	1628023984686
ERROR	Editar cliente: Failed to build request: No attribute named 'customerId' is defined 	1628023984687
ERROR	Deletar cliente: Failed to build request: No attribute named 'customerId' is defined 	1628023984688
REQUEST		Adicionar novo cliente	1628023984085	1628023984687	KO	status.find.is(201), but actually found 500
ERROR	Buscar cliente criado: Failed to build request: No attribute named 'customerId' is defined 	1628023984691
ERROR	Editar cliente: Failed to build request: No attribute named 'customerId' is defined 	1628023984692
ERROR	Deletar cliente: Failed to build request: No attribute named 'customerId' is defined 	1628023984693
REQUEST		Adicionar novo cliente	1628023984093	1628023984700	KO	status.find.is(201), but actually found 500
ERROR	Buscar cliente criado: Failed to build request: No attribute named 'customerId' is defined 	1628023984704
ERROR	Editar cliente: Failed to build request: No attribute named 'customerId' is defined 	1628023984704
ERROR	Deletar cliente: Failed to build request: No attribute named 'customerId' is defined 	1628023984704
REQUEST		Adicionar novo cliente	1628023981937	1628023984783	OK	 
REQUEST		Buscar cliente criado	1628023984580	1628023984807	OK	 
REQUEST		Adicionar novo cliente	1628023981932	1628023984815	OK	 
REQUEST		Buscar cliente criado	1628023984580	1628023984815	OK	 
REQUEST		Buscar cliente criado	1628023984580	1628023984821	OK	 
REQUEST		Adicionar novo cliente	1628023982626	1628023984865	OK	 
REQUEST		Adicionar novo cliente	1628023982549	1628023984870	OK	 
REQUEST		Adicionar novo Acao	1628023984418	1628023984875	OK	 
REQUEST		Adicionar novo Acao	1628023984413	1628023984885	OK	 
REQUEST		Adicionar novo Acao	1628023984426	1628023984885	OK	 
REQUEST		Adicionar novo cliente	1628023982577	1628023984891	OK	 
REQUEST		Adicionar novo cliente	1628023982621	1628023984896	OK	 
REQUEST		Adicionar novo cliente	1628023982631	1628023984899	OK	 
REQUEST		Adicionar novo cliente	1628023982622	1628023984899	OK	 
REQUEST		Adicionar novo cliente	1628023982564	1628023984904	OK	 
REQUEST		Adicionar novo cliente	1628023982631	1628023984906	OK	 
REQUEST		Adicionar novo cliente	1628023982587	1628023984916	OK	 
REQUEST		Adicionar novo Acao	1628023984421	1628023984918	OK	 
REQUEST		Adicionar novo Acao	1628023984422	1628023984918	OK	 
REQUEST		Adicionar novo cliente	1628023982621	1628023984926	OK	 
REQUEST		Adicionar novo cliente	1628023982627	1628023984922	OK	 
REQUEST		Adicionar novo cliente	1628023982624	1628023984922	OK	 
REQUEST		Adicionar novo Acao	1628023984422	1628023984930	OK	 
REQUEST		Adicionar novo Acao	1628023984424	1628023984930	OK	 
REQUEST		Adicionar novo Acao	1628023984567	1628023984934	OK	 
REQUEST		Adicionar novo cliente	1628023982785	1628023984935	OK	 
REQUEST		Adicionar novo cliente	1628023982557	1628023984935	OK	 
REQUEST		Adicionar novo cliente	1628023982630	1628023984935	OK	 
REQUEST		Adicionar novo Acao	1628023984437	1628023984944	OK	 
REQUEST		Adicionar novo cliente	1628023982587	1628023984944	OK	 
REQUEST		Adicionar novo cliente	1628023982624	1628023984945	OK	 
REQUEST		Adicionar novo cliente	1628023982781	1628023984949	OK	 
REQUEST		Buscar acao criada	1628023984680	1628023984951	OK	 
REQUEST		Adicionar novo cliente	1628023982786	1628023984952	OK	 
REQUEST		Adicionar novo Acao	1628023984424	1628023984960	OK	 
REQUEST		Adicionar novo cliente	1628023982629	1628023984961	OK	 
REQUEST		Adicionar novo cliente	1628023982540	1628023984962	OK	 
REQUEST		Adicionar novo cliente	1628023982626	1628023984971	OK	 
REQUEST		Adicionar novo Acao	1628023984559	1628023984973	OK	 
REQUEST		Listagem de Acoes	1628023984689	1628023984993	OK	 
REQUEST		Listagem de Acoes	1628023984700	1628023984995	OK	 
REQUEST		Buscar cliente criado	1628023984788	1628023985003	OK	 
REQUEST		Listagem de Acoes	1628023984705	1628023985005	OK	 
REQUEST		Adicionar novo cliente	1628023983529	1628023985031	OK	 
REQUEST		Adicionar novo cliente	1628023983542	1628023985034	OK	 
REQUEST		Adicionar novo cliente	1628023983553	1628023985034	OK	 
REQUEST		Adicionar novo cliente	1628023983541	1628023985039	OK	 
REQUEST		Buscar cliente criado	1628023984827	1628023985039	OK	 
REQUEST		Adicionar novo cliente	1628023983540	1628023985040	OK	 
REQUEST		Adicionar novo cliente	1628023983496	1628023985040	OK	 
REQUEST		Adicionar novo cliente	1628023983539	1628023985040	OK	 
REQUEST		Adicionar novo cliente	1628023983539	1628023985041	OK	 
REQUEST		Adicionar novo cliente	1628023983540	1628023985048	OK	 
REQUEST		Adicionar novo cliente	1628023983609	1628023985055	OK	 
REQUEST		Adicionar novo cliente	1628023983571	1628023985055	OK	 
REQUEST		Adicionar novo cliente	1628023983578	1628023985058	OK	 
REQUEST		Buscar cliente criado	1628023984870	1628023985063	OK	 
REQUEST		Adicionar novo cliente	1628023983559	1628023985063	OK	 
REQUEST		Adicionar novo cliente	1628023983603	1628023985065	OK	 
REQUEST		Buscar cliente criado	1628023984874	1628023985066	OK	 
REQUEST		Adicionar novo cliente	1628023983603	1628023985069	OK	 
REQUEST		Adicionar novo cliente	1628023983603	1628023985078	OK	 
REQUEST		Adicionar novo cliente	1628023983579	1628023985077	OK	 
REQUEST		Adicionar novo cliente	1628023983619	1628023985079	OK	 
REQUEST		Adicionar novo cliente	1628023983602	1628023985081	OK	 
REQUEST		Adicionar novo cliente	1628023983612	1628023985082	OK	 
REQUEST		Adicionar novo cliente	1628023983603	1628023985087	OK	 
REQUEST		Adicionar novo cliente	1628023983618	1628023985089	OK	 
REQUEST		Editar cliente	1628023984476	1628023985096	OK	 
REQUEST		Adicionar novo cliente	1628023983627	1628023985099	OK	 
REQUEST		Buscar acao criada	1628023984886	1628023985115	OK	 
REQUEST		Buscar cliente criado	1628023984903	1628023985119	OK	 
REQUEST		Buscar cliente criado	1628023984904	1628023985119	OK	 
REQUEST		Buscar cliente criado	1628023984899	1628023985168	OK	 
REQUEST		Buscar acao criada	1628023984891	1628023985174	OK	 
REQUEST		Buscar cliente criado	1628023984934	1628023985177	OK	 
REQUEST		Buscar cliente criado	1628023984932	1628023985181	OK	 
REQUEST		Buscar cliente criado	1628023984932	1628023985181	OK	 
REQUEST		Buscar cliente criado	1628023984911	1628023985182	OK	 
REQUEST		Buscar cliente criado	1628023984906	1628023985195	OK	 
REQUEST		Buscar cliente criado	1628023984895	1628023985206	OK	 
REQUEST		Buscar cliente criado	1628023984918	1628023985209	OK	 
REQUEST		Buscar cliente criado	1628023984946	1628023985249	OK	 
REQUEST		Buscar cliente criado	1628023984956	1628023985251	OK	 
REQUEST		Buscar cliente criado	1628023984959	1628023985251	OK	 
REQUEST		Buscar cliente criado	1628023984946	1628023985251	OK	 
REQUEST		Buscar cliente criado	1628023984961	1628023985253	OK	 
REQUEST		Buscar cliente criado	1628023984952	1628023985273	OK	 
REQUEST		Buscar acao criada	1628023984892	1628023985352	OK	 
REQUEST		Buscar acao criada	1628023984926	1628023985366	OK	 
REQUEST		Buscar acao criada	1628023984922	1628023985366	OK	 
REQUEST		Buscar cliente criado	1628023984973	1628023985381	OK	 
REQUEST		Buscar cliente criado	1628023984967	1628023985381	OK	 
REQUEST		Buscar cliente criado	1628023984966	1628023985382	OK	 
REQUEST		Buscar cliente criado	1628023984946	1628023985383	OK	 
REQUEST		Buscar acao criada	1628023984936	1628023985502	OK	 
REQUEST		Buscar cliente criado	1628023985053	1628023985535	OK	 
REQUEST		Buscar cliente criado	1628023985034	1628023985547	OK	 
REQUEST		Buscar acao criada	1628023984946	1628023985534	OK	 
REQUEST		Buscar acao criada	1628023984936	1628023985546	OK	 
REQUEST		Buscar cliente criado	1628023985053	1628023985547	OK	 
REQUEST		Buscar cliente criado	1628023985053	1628023985547	OK	 
REQUEST		Buscar cliente criado	1628023985039	1628023985548	OK	 
REQUEST		Buscar cliente criado	1628023985052	1628023985548	OK	 
REQUEST		Buscar cliente criado	1628023985051	1628023985552	OK	 
REQUEST		Buscar cliente criado	1628023985054	1628023985552	OK	 
REQUEST		Buscar cliente criado	1628023985065	1628023985570	OK	 
REQUEST		Buscar cliente criado	1628023985065	1628023985570	OK	 
REQUEST		Buscar cliente criado	1628023985071	1628023985571	OK	 
REQUEST		Buscar cliente criado	1628023985063	1628023985589	OK	 
REQUEST		Buscar cliente criado	1628023985080	1628023985589	OK	 
REQUEST		Buscar cliente criado	1628023985072	1628023985589	OK	 
REQUEST		Buscar cliente criado	1628023985086	1628023985592	OK	 
REQUEST		Buscar cliente criado	1628023985039	1628023985592	OK	 
REQUEST		Buscar cliente criado	1628023985085	1628023985675	OK	 
REQUEST		Buscar acao criada	1628023984975	1628023985688	OK	 
REQUEST		Buscar cliente criado	1628023985073	1628023985691	OK	 
REQUEST		Buscar acao criada	1628023984952	1628023985704	OK	 
REQUEST		Buscar cliente criado	1628023985085	1628023985704	OK	 
REQUEST		Buscar cliente criado	1628023985089	1628023985704	OK	 
REQUEST		Buscar cliente criado	1628023985095	1628023985710	OK	 
REQUEST		Buscar acao criada	1628023984966	1628023985766	OK	 
REQUEST		Buscar cliente criado	1628023985096	1628023985772	OK	 
REQUEST		Buscar cliente criado	1628023985101	1628023985782	OK	 
REQUEST		Editar cliente	1628023984811	1628023986205	OK	 
REQUEST		Adicionar novo Acao	1628023984997	1628023986213	OK	 
REQUEST		Adicionar novo Acao	1628023984995	1628023986213	OK	 
REQUEST		Adicionar novo Acao	1628023985007	1628023986226	OK	 
REQUEST		Editar acao	1628023985691	1628023986259	KO	status.find.is(200), but actually found 500
REQUEST		Editar cliente	1628023984827	1628023986261	OK	 
REQUEST		Editar cliente	1628023985195	1628023986264	KO	status.find.is(200), but actually found 500
REQUEST		Editar cliente	1628023985196	1628023986264	KO	status.find.is(200), but actually found 500
REQUEST		Editar cliente	1628023985566	1628023986270	KO	status.find.is(200), but actually found 500
REQUEST		Editar cliente	1628023985392	1628023986272	KO	status.find.is(200), but actually found 500
REQUEST		Editar cliente	1628023985576	1628023986275	KO	status.find.is(200), but actually found 500
REQUEST		Editar acao	1628023985505	1628023986275	KO	status.find.is(200), but actually found 500
REQUEST		Editar cliente	1628023985196	1628023986286	KO	status.find.is(200), but actually found 500
REQUEST		Editar cliente	1628023985392	1628023986285	KO	status.find.is(200), but actually found 500
REQUEST		Editar cliente	1628023985554	1628023986286	KO	status.find.is(200), but actually found 500
REQUEST		Editar cliente	1628023985577	1628023986286	KO	status.find.is(200), but actually found 500
REQUEST		Editar cliente	1628023985578	1628023986294	KO	status.find.is(200), but actually found 500
REQUEST		Editar cliente	1628023985594	1628023986289	KO	status.find.is(200), but actually found 500
REQUEST		Editar cliente	1628023985576	1628023986290	KO	status.find.is(200), but actually found 500
REQUEST		Editar cliente	1628023985577	1628023986292	KO	status.find.is(200), but actually found 500
REQUEST		Editar cliente	1628023985584	1628023986305	KO	status.find.is(200), but actually found 500
REQUEST		Editar cliente	1628023985591	1628023986305	KO	status.find.is(200), but actually found 500
REQUEST		Editar cliente	1628023985268	1628023986306	KO	status.find.is(200), but actually found 500
REQUEST		Editar cliente	1628023985273	1628023986306	KO	status.find.is(200), but actually found 500
REQUEST		Editar cliente	1628023985210	1628023986307	KO	status.find.is(200), but actually found 500
REQUEST		Editar cliente	1628023985271	1628023986307	KO	status.find.is(200), but actually found 500
REQUEST		Editar cliente	1628023985591	1628023986308	KO	status.find.is(200), but actually found 500
REQUEST		Editar acao	1628023985379	1628023986309	KO	status.find.is(200), but actually found 500
REQUEST		Editar acao	1628023985379	1628023986309	KO	status.find.is(200), but actually found 500
REQUEST		Editar cliente	1628023985271	1628023986309	KO	status.find.is(200), but actually found 500
REQUEST		Editar acao	1628023985356	1628023986309	KO	status.find.is(200), but actually found 500
REQUEST		Editar acao	1628023984960	1628023986317	OK	 
REQUEST		Editar cliente	1628023985206	1628023986316	KO	status.find.is(200), but actually found 500
REQUEST		Editar acao	1628023985566	1628023986316	KO	status.find.is(200), but actually found 500
REQUEST		Editar cliente	1628023985708	1628023986317	KO	status.find.is(200), but actually found 500
REQUEST		Editar cliente	1628023985709	1628023986319	KO	status.find.is(200), but actually found 500
REQUEST		Editar cliente	1628023985272	1628023986321	KO	status.find.is(200), but actually found 500
REQUEST		Editar cliente	1628023985283	1628023986321	KO	status.find.is(200), but actually found 500
REQUEST		Editar acao	1628023985575	1628023986322	KO	status.find.is(200), but actually found 500
REQUEST		Editar cliente	1628023984828	1628023986324	OK	 
REQUEST		Editar cliente	1628023985712	1628023986324	KO	status.find.is(200), but actually found 500
REQUEST		Editar cliente	1628023985679	1628023986325	KO	status.find.is(200), but actually found 500
REQUEST		Editar cliente	1628023985701	1628023986329	KO	status.find.is(200), but actually found 500
REQUEST		Editar cliente	1628023985779	1628023986329	KO	status.find.is(200), but actually found 500
REQUEST		Editar cliente	1628023985222	1628023986330	KO	status.find.is(200), but actually found 500
REQUEST		Adicionar novo profissional	1628023984548	1628023986332	OK	 
REQUEST		Editar cliente	1628023985005	1628023986332	KO	status.find.is(200), but actually found 400
REQUEST		Editar cliente	1628023985073	1628023986334	KO	status.find.is(200), but actually found 400
REQUEST		Editar cliente	1628023985071	1628023986334	KO	status.find.is(200), but actually found 400
REQUEST		Editar cliente	1628023985051	1628023986335	KO	status.find.is(200), but actually found 400
REQUEST		Deletar cliente	1628023985098	1628023986337	OK	 
REQUEST		Editar acao	1628023985177	1628023986341	OK	 
REQUEST		Editar acao	1628023985117	1628023986357	OK	 
REQUEST		Editar acao	1628023985769	1628023986404	OK	 
REQUEST		Editar cliente	1628023985172	1628023986407	OK	 
REQUEST		Editar cliente	1628023985125	1628023986411	OK	 
REQUEST		Editar cliente	1628023985124	1628023986411	OK	 
REQUEST		Editar cliente	1628023985182	1628023986412	OK	 
REQUEST		Buscar acao criada	1628023986217	1628023986422	OK	 
REQUEST		Buscar acao criada	1628023986230	1628023986436	OK	 
REQUEST		Editar cliente	1628023985392	1628023986437	OK	 
REQUEST		Editar acao	1628023985708	1628023986437	OK	 
REQUEST		Buscar acao criada	1628023986218	1628023986444	OK	 
REQUEST		Editar cliente	1628023985585	1628023986460	OK	 
REQUEST		Deletar cliente	1628023986206	1628023986670	OK	 
REQUEST		Editar cliente	1628023985391	1628023986670	OK	 
REQUEST		Editar cliente	1628023985577	1628023986956	OK	 
REQUEST		Editar cliente	1628023985584	1628023986961	OK	 
REQUEST		Editar cliente	1628023985594	1628023986964	OK	 
REQUEST		Editar cliente	1628023985591	1628023986964	OK	 
REQUEST		Editar cliente	1628023985791	1628023986968	OK	 
REQUEST		Deletar cliente	1628023986279	1628023987233	KO	status.find.is(200), but actually found 500
REQUEST		Deletar cliente	1628023986272	1628023987231	KO	status.find.is(200), but actually found 500
REQUEST		Deletar cliente	1628023986674	1628023987232	KO	status.find.is(200), but actually found 500
REQUEST		Deletar cliente	1628023986275	1628023987234	KO	status.find.is(200), but actually found 500
REQUEST		Listagem de Acoes	1628023986338	1628023987237	KO	status.find.is(200), but actually found 500
REQUEST		Deletar cliente	1628023986474	1628023987245	KO	status.find.is(200), but actually found 500
REQUEST		Buscar profissional criado	1628023986333	1628023987251	OK	 
REQUEST		Deletar cliente	1628023986304	1628023987252	KO	status.find.is(200), but actually found 500
REQUEST		Deletar cliente	1628023986315	1628023987279	KO	status.find.is(200), but actually found 500
REQUEST		Deletar cliente	1628023986295	1628023987260	KO	status.find.is(200), but actually found 500
REQUEST		Deletar cliente	1628023986312	1628023987267	KO	status.find.is(200), but actually found 500
REQUEST		Deletar cliente	1628023986310	1628023987280	KO	status.find.is(200), but actually found 500
REQUEST		Deletar acao	1628023986316	1628023987277	KO	status.find.is(200), but actually found 500
REQUEST		Deletar cliente	1628023986295	1628023987278	KO	status.find.is(200), but actually found 500
REQUEST		Deletar cliente	1628023986308	1628023987285	KO	status.find.is(200), but actually found 500
REQUEST		Deletar acao	1628023986341	1628023987305	KO	status.find.is(200), but actually found 500
REQUEST		Deletar cliente	1628023986421	1628023987309	KO	status.find.is(200), but actually found 500
REQUEST		Deletar cliente	1628023986332	1628023987321	KO	status.find.is(200), but actually found 500
REQUEST		Deletar acao	1628023986357	1628023987310	KO	status.find.is(200), but actually found 500
REQUEST		Deletar acao	1628023986261	1628023987324	OK	 
REQUEST		Deletar cliente	1628023986423	1628023987323	KO	status.find.is(200), but actually found 500
REQUEST		Deletar acao	1628023986279	1628023987324	KO	status.find.is(200), but actually found 500
REQUEST		Deletar cliente	1628023986429	1628023987326	KO	status.find.is(200), but actually found 500
REQUEST		Deletar cliente	1628023986332	1628023987340	KO	status.find.is(200), but actually found 500
REQUEST		Listagem de Acoes	1628023986674	1628023987354	OK	 
REQUEST		Deletar cliente	1628023986267	1628023987365	OK	 
REQUEST		Deletar acao	1628023986317	1628023987365	OK	 
REQUEST		Deletar cliente	1628023986331	1628023987365	KO	status.find.is(200), but actually found 500
REQUEST		Deletar cliente	1628023986302	1628023987366	OK	 
REQUEST		Deletar cliente	1628023986293	1628023987370	OK	 
REQUEST		Deletar acao	1628023986321	1628023987368	OK	 
REQUEST		Deletar acao	1628023986317	1628023987368	OK	 
REQUEST		Deletar acao	1628023986415	1628023987373	OK	 
REQUEST		Deletar cliente	1628023986310	1628023987370	OK	 
REQUEST		Deletar cliente	1628023986422	1628023987372	OK	 
REQUEST		Deletar cliente	1628023986305	1628023987370	KO	status.find.is(200), but actually found 500
REQUEST		Deletar cliente	1628023986322	1628023987381	OK	 
REQUEST		Deletar acao	1628023986326	1628023987384	OK	 
REQUEST		Deletar cliente	1628023986324	1628023987384	OK	 
REQUEST		Deletar cliente	1628023986336	1628023987384	OK	 
REQUEST		Deletar cliente	1628023986452	1628023987384	OK	 
REQUEST		Deletar cliente	1628023986325	1628023987384	OK	 
REQUEST		Deletar cliente	1628023986335	1628023987385	OK	 
REQUEST		Deletar acao	1628023986459	1628023987385	OK	 
REQUEST		Deletar cliente	1628023986336	1628023987385	OK	 
REQUEST		Deletar cliente	1628023986958	1628023987386	OK	 
REQUEST		Deletar cliente	1628023986267	1628023987386	OK	 
REQUEST		Deletar cliente	1628023986329	1628023987387	OK	 
REQUEST		Deletar cliente	1628023986263	1628023987391	OK	 
REQUEST		Deletar cliente	1628023986325	1628023987393	OK	 
REQUEST		Deletar cliente	1628023986321	1628023987393	OK	 
REQUEST		Deletar cliente	1628023986294	1628023987393	OK	 
REQUEST		Deletar cliente	1628023986316	1628023987397	OK	 
REQUEST		Deletar cliente	1628023986315	1628023987397	OK	 
REQUEST		Editar acao	1628023986436	1628023987400	OK	 
REQUEST		Deletar cliente	1628023986336	1628023987398	OK	 
REQUEST		Deletar cliente	1628023986327	1628023987398	OK	 
REQUEST		Deletar cliente	1628023986968	1628023987399	OK	 
REQUEST		Deletar cliente	1628023986964	1628023987399	OK	 
REQUEST		Deletar acao	1628023986322	1628023987399	OK	 
REQUEST		Deletar cliente	1628023986317	1628023987403	OK	 
REQUEST		Deletar cliente	1628023986968	1628023987404	OK	 
REQUEST		Deletar cliente	1628023986327	1628023987404	OK	 
REQUEST		Deletar cliente	1628023986971	1628023987408	OK	 
REQUEST		Deletar cliente	1628023986292	1628023987409	OK	 
REQUEST		Editar acao	1628023986460	1628023987409	OK	 
REQUEST		Editar acao	1628023986450	1628023987411	OK	 
REQUEST		Listagem de Acoes	1628023987237	1628023988268	OK	 
REQUEST		Listagem de Acoes	1628023987243	1628023988273	OK	 
REQUEST		Listagem de Acoes	1628023987245	1628023988274	OK	 
REQUEST		Listagem de Acoes	1628023987245	1628023988277	OK	 
REQUEST		Adicionar novo Acao	1628023987362	1628023988344	KO	status.find.is(201), but actually found 500
ERROR	Buscar acao criada: Failed to build request: No attribute named 'actionId' is defined 	1628023988348
ERROR	Editar acao: Failed to build request: No attribute named 'actionId' is defined 	1628023988349
REQUEST		Listagem de Acoes	1628023987407	1628023988346	KO	status.find.is(200), but actually found 500
ERROR	Deletar acao: Failed to build request: No attribute named 'actionId' is defined 	1628023988352
REQUEST		Listagem de Acoes	1628023987398	1628023988354	KO	status.find.is(200), but actually found 500
REQUEST		Listagem de Acoes	1628023987406	1628023988352	KO	status.find.is(200), but actually found 500
REQUEST		Listagem de Acoes	1628023987275	1628023988355	KO	status.find.is(200), but actually found 500
REQUEST		Listagem de Acoes	1628023987404	1628023988370	KO	status.find.is(200), but actually found 500
REQUEST		Listagem de Acoes	1628023987393	1628023988356	KO	status.find.is(200), but actually found 500
REQUEST		Listagem de Acoes	1628023987410	1628023988356	KO	status.find.is(200), but actually found 500
REQUEST		Editar profissional	1628023987276	1628023988382	KO	status.find.is(200), but actually found 500
REQUEST		Listagem de Acoes	1628023987294	1628023988409	KO	status.find.is(200), but actually found 500
REQUEST		Listagem de Acoes	1628023987352	1628023988411	KO	status.find.is(200), but actually found 500
REQUEST		Listagem de Acoes	1628023987299	1628023988411	KO	status.find.is(200), but actually found 500
REQUEST		Listagem de Acoes	1628023987300	1628023988412	KO	status.find.is(200), but actually found 500
REQUEST		Listagem de Acoes	1628023987297	1628023988414	KO	status.find.is(200), but actually found 500
REQUEST		Listagem de Acoes	1628023987311	1628023988424	KO	status.find.is(200), but actually found 500
REQUEST		Listagem de Acoes	1628023987305	1628023988426	KO	status.find.is(200), but actually found 500
REQUEST		Listagem de Acoes	1628023987361	1628023988427	KO	status.find.is(200), but actually found 500
REQUEST		Listagem de Acoes	1628023987320	1628023988430	KO	status.find.is(200), but actually found 500
REQUEST		Listagem de Acoes	1628023987362	1628023988430	KO	status.find.is(200), but actually found 500
REQUEST		Listagem de Acoes	1628023987362	1628023988436	KO	status.find.is(200), but actually found 500
REQUEST		Listagem de Acoes	1628023987340	1628023988439	KO	status.find.is(200), but actually found 500
REQUEST		Logout	1628023987310	1628023988457	OK	 
USER	Realizar login MaxxiForge para rota Action	END	1628023988458
REQUEST		Listagem de Acoes	1628023987394	1628023988459	KO	status.find.is(200), but actually found 500
REQUEST		Listagem de Acoes	1628023987396	1628023988461	KO	status.find.is(200), but actually found 500
REQUEST		Listagem de Acoes	1628023987383	1628023988468	OK	 
REQUEST		Listagem de Acoes	1628023987398	1628023988467	KO	status.find.is(200), but actually found 500
REQUEST		Listagem de Acoes	1628023987405	1628023988467	KO	status.find.is(200), but actually found 500
REQUEST		Listagem de Acoes	1628023987370	1628023988468	OK	 
REQUEST		Listagem de Acoes	1628023987392	1628023988473	KO	status.find.is(200), but actually found 500
REQUEST		Listagem de Acoes	1628023987408	1628023988473	KO	status.find.is(200), but actually found 500
REQUEST		Listagem de Acoes	1628023987398	1628023988473	KO	status.find.is(200), but actually found 500
REQUEST		Listagem de Acoes	1628023987373	1628023988477	OK	 
REQUEST		Listagem de Acoes	1628023987385	1628023988477	OK	 
REQUEST		Listagem de Acoes	1628023987405	1628023988483	KO	status.find.is(200), but actually found 500
REQUEST		Logout	1628023987355	1628023988501	OK	 
REQUEST		Logout	1628023987352	1628023988501	OK	 
REQUEST		Logout	1628023987354	1628023988502	OK	 
USER	Realizar login MaxxiForge para rota Action	END	1628023988503
USER	Realizar login MaxxiForge para rota Action	END	1628023988504
REQUEST		Logout	1628023987406	1628023988504	OK	 
USER	Realizar login MaxxiForge para rota Action	END	1628023988504
REQUEST		Logout	1628023987392	1628023988505	OK	 
REQUEST		Listagem de Acoes	1628023987373	1628023988505	KO	status.find.is(200), but actually found 500
REQUEST		Listagem de Acoes	1628023987377	1628023988506	KO	status.find.is(200), but actually found 500
USER	Realizar login MaxxiForge para rota Action	END	1628023988507
USER	Realizar login MaxxiForge para rota Action	END	1628023988507
REQUEST		Listagem de Acoes	1628023987408	1628023988510	KO	status.find.is(200), but actually found 500
REQUEST		Listagem de Acoes	1628023987394	1628023988512	KO	status.find.is(200), but actually found 500
REQUEST		Logout	1628023987393	1628023988514	OK	 
USER	Realizar login MaxxiForge para rota Action	END	1628023988516
REQUEST		Listagem de Acoes	1628023987403	1628023988516	KO	status.find.is(200), but actually found 500
REQUEST		Listagem de Acoes	1628023987385	1628023988517	KO	status.find.is(200), but actually found 500
REQUEST		Listagem de Acoes	1628023987394	1628023988518	OK	 
REQUEST		Listagem de Acoes	1628023987381	1628023988519	OK	 
REQUEST		Listagem de Acoes	1628023987392	1628023988519	OK	 
REQUEST		Listagem de Acoes	1628023987410	1628023988522	KO	status.find.is(200), but actually found 500
REQUEST		Listagem de Acoes	1628023987395	1628023988529	OK	 
REQUEST		Logout	1628023987371	1628023988528	OK	 
REQUEST		Listagem de Acoes	1628023987393	1628023988528	KO	status.find.is(200), but actually found 500
REQUEST		Logout	1628023987378	1628023988530	OK	 
REQUEST		Logout	1628023987378	1628023988531	OK	 
USER	Realizar login MaxxiForge para rota Action	END	1628023988532
REQUEST		Logout	1628023987362	1628023988533	OK	 
USER	Realizar login MaxxiForge para rota Action	END	1628023988534
USER	Realizar login MaxxiForge para rota Action	END	1628023988535
REQUEST		Logout	1628023987380	1628023988535	OK	 
USER	Realizar login MaxxiForge para rota Action	END	1628023988536
REQUEST		Adicionar novo Acao	1628023987251	1628023988536	OK	 
USER	Realizar login MaxxiForge para rota Action	END	1628023988537
REQUEST		Listagem de Acoes	1628023987406	1628023988538	OK	 
REQUEST		Listagem de Acoes	1628023987393	1628023988542	OK	 
REQUEST		Logout	1628023988364	1628023988907	OK	 
REQUEST		Deletar acao	1628023987410	1628023988907	OK	 
USER	Realizar login MaxxiForge para rota Action	END	1628023988912
REQUEST		Deletar acao	1628023987404	1628023988912	OK	 
REQUEST		Deletar acao	1628023987412	1628023988915	OK	 
REQUEST		Adicionar novo Acao	1628023988423	1628023988934	OK	 
REQUEST		Adicionar novo Acao	1628023988277	1628023988935	OK	 
REQUEST		Buscar acao criada	1628023988538	1628023988936	OK	 
REQUEST		Adicionar novo Acao	1628023988271	1628023988938	OK	 
REQUEST		Adicionar novo Acao	1628023988289	1628023988939	OK	 
REQUEST		Adicionar novo Acao	1628023988460	1628023988951	OK	 
REQUEST		Adicionar novo Acao	1628023988429	1628023988948	OK	 
REQUEST		Adicionar novo Acao	1628023988374	1628023988949	OK	 
REQUEST		Adicionar novo Acao	1628023988440	1628023988949	OK	 
REQUEST		Adicionar novo Acao	1628023988439	1628023988950	OK	 
REQUEST		Adicionar novo Acao	1628023988380	1628023988951	OK	 
REQUEST		Adicionar novo Acao	1628023988413	1628023988952	OK	 
REQUEST		Adicionar novo Acao	1628023988289	1628023988953	OK	 
REQUEST		Adicionar novo Acao	1628023988439	1628023988960	OK	 
REQUEST		Adicionar novo Acao	1628023988375	1628023988960	OK	 
REQUEST		Adicionar novo Acao	1628023988462	1628023988969	OK	 
REQUEST		Adicionar novo Acao	1628023988425	1628023988976	OK	 
REQUEST		Adicionar novo Acao	1628023988425	1628023988976	OK	 
REQUEST		Adicionar novo Acao	1628023988471	1628023988977	OK	 
REQUEST		Adicionar novo Acao	1628023988509	1628023988977	OK	 
REQUEST		Adicionar novo Acao	1628023988522	1628023988977	OK	 
REQUEST		Adicionar novo Acao	1628023988518	1628023988977	OK	 
REQUEST		Adicionar novo Acao	1628023988437	1628023988977	OK	 
REQUEST		Adicionar novo Acao	1628023988471	1628023988978	OK	 
REQUEST		Adicionar novo Acao	1628023988523	1628023988979	OK	 
REQUEST		Adicionar novo Acao	1628023988441	1628023988980	OK	 
REQUEST		Adicionar novo Acao	1628023988378	1628023988981	OK	 
REQUEST		Adicionar novo Acao	1628023988380	1628023988981	OK	 
REQUEST		Adicionar novo Acao	1628023988522	1628023988982	OK	 
REQUEST		Adicionar novo Acao	1628023988476	1628023988988	OK	 
REQUEST		Adicionar novo Acao	1628023988354	1628023988989	OK	 
REQUEST		Adicionar novo Acao	1628023988544	1628023988989	OK	 
REQUEST		Adicionar novo Acao	1628023988509	1628023988990	OK	 
REQUEST		Adicionar novo Acao	1628023988515	1628023988990	OK	 
REQUEST		Adicionar novo Acao	1628023988374	1628023988992	OK	 
REQUEST		Adicionar novo Acao	1628023988484	1628023988994	OK	 
REQUEST		Adicionar novo Acao	1628023988437	1628023988994	OK	 
REQUEST		Adicionar novo Acao	1628023988539	1628023988995	OK	 
REQUEST		Adicionar novo Acao	1628023988476	1628023988995	OK	 
REQUEST		Adicionar novo Acao	1628023988531	1628023988996	OK	 
REQUEST		Adicionar novo Acao	1628023988471	1628023988996	OK	 
REQUEST		Adicionar novo Acao	1628023988476	1628023988998	OK	 
REQUEST		Deletar profissional	1628023988386	1628023989003	OK	 
REQUEST		Adicionar novo Acao	1628023988471	1628023989000	OK	 
REQUEST		Adicionar novo Acao	1628023988423	1628023989005	OK	 
REQUEST		Adicionar novo Acao	1628023988533	1628023989005	OK	 
REQUEST		Adicionar novo Acao	1628023988522	1628023989006	OK	 
REQUEST		Adicionar novo Acao	1628023988528	1628023989007	OK	 
REQUEST		Adicionar novo Acao	1628023988482	1628023989008	OK	 
REQUEST		Adicionar novo Acao	1628023988514	1628023989010	OK	 
REQUEST		Adicionar novo Acao	1628023988482	1628023989010	OK	 
REQUEST		Logout	1628023988915	1628023989085	OK	 
REQUEST		Logout	1628023988911	1628023989086	OK	 
USER	Realizar login MaxxiForge para rota Action	END	1628023989086
USER	Realizar login MaxxiForge para rota Action	END	1628023989086
REQUEST		Logout	1628023988918	1628023989095	OK	 
USER	Realizar login MaxxiForge para rota Action	END	1628023989096
REQUEST		Buscar acao criada	1628023988948	1628023989232	OK	 
REQUEST		Buscar acao criada	1628023988951	1628023989317	OK	 
REQUEST		Buscar acao criada	1628023988954	1628023989369	OK	 
REQUEST		Buscar acao criada	1628023988956	1628023989369	OK	 
REQUEST		Buscar acao criada	1628023988954	1628023989370	OK	 
REQUEST		Buscar acao criada	1628023988968	1628023989372	OK	 
REQUEST		Buscar acao criada	1628023988956	1628023989391	OK	 
REQUEST		Buscar acao criada	1628023988964	1628023989392	OK	 
REQUEST		Buscar acao criada	1628023988983	1628023989393	OK	 
REQUEST		Buscar acao criada	1628023988969	1628023989394	OK	 
REQUEST		Buscar acao criada	1628023988978	1628023989394	OK	 
REQUEST		Buscar acao criada	1628023988969	1628023989395	OK	 
REQUEST		Buscar acao criada	1628023988982	1628023989398	OK	 
REQUEST		Buscar acao criada	1628023988978	1628023989411	OK	 
REQUEST		Buscar acao criada	1628023988966	1628023989411	OK	 
REQUEST		Buscar acao criada	1628023988970	1628023989413	OK	 
REQUEST		Buscar acao criada	1628023988983	1628023989421	OK	 
REQUEST		Buscar acao criada	1628023988983	1628023989413	KO	status.find.is(200), but actually found 500
REQUEST		Buscar acao criada	1628023988989	1628023989413	KO	status.find.is(200), but actually found 500
REQUEST		Buscar acao criada	1628023988968	1628023989425	OK	 
REQUEST		Buscar acao criada	1628023989001	1628023989425	KO	status.find.is(200), but actually found 500
REQUEST		Buscar acao criada	1628023988981	1628023989428	OK	 
REQUEST		Buscar acao criada	1628023988968	1628023989429	OK	 
REQUEST		Buscar acao criada	1628023988983	1628023989433	KO	status.find.is(200), but actually found 500
REQUEST		Buscar acao criada	1628023989004	1628023989434	KO	status.find.is(200), but actually found 500
REQUEST		Buscar acao criada	1628023988989	1628023989430	KO	status.find.is(200), but actually found 500
REQUEST		Buscar acao criada	1628023989000	1628023989433	KO	status.find.is(200), but actually found 500
REQUEST		Buscar acao criada	1628023988995	1628023989436	KO	status.find.is(200), but actually found 500
REQUEST		Buscar acao criada	1628023988994	1628023989434	KO	status.find.is(200), but actually found 500
REQUEST		Buscar acao criada	1628023988985	1628023989440	OK	 
REQUEST		Buscar acao criada	1628023988999	1628023989439	KO	status.find.is(200), but actually found 500
REQUEST		Buscar acao criada	1628023988996	1628023989440	KO	status.find.is(200), but actually found 500
REQUEST		Buscar acao criada	1628023989005	1628023989440	KO	status.find.is(200), but actually found 500
REQUEST		Buscar acao criada	1628023989001	1628023989440	KO	status.find.is(200), but actually found 500
REQUEST		Buscar acao criada	1628023989000	1628023989443	KO	status.find.is(200), but actually found 500
REQUEST		Buscar acao criada	1628023988984	1628023989448	OK	 
REQUEST		Buscar acao criada	1628023988992	1628023989445	KO	status.find.is(200), but actually found 500
REQUEST		Buscar acao criada	1628023989000	1628023989447	KO	status.find.is(200), but actually found 500
REQUEST		Listagem de clientes	1628023989005	1628023989448	KO	status.find.is(200), but actually found 500
REQUEST		Buscar acao criada	1628023989008	1628023989451	KO	status.find.is(200), but actually found 500
REQUEST		Buscar acao criada	1628023988988	1628023989451	KO	status.find.is(200), but actually found 500
REQUEST		Buscar acao criada	1628023988995	1628023989456	OK	 
REQUEST		Buscar acao criada	1628023989008	1628023989457	OK	 
REQUEST		Buscar acao criada	1628023989009	1628023989458	OK	 
REQUEST		Buscar acao criada	1628023989012	1628023989459	OK	 
REQUEST		Buscar acao criada	1628023988998	1628023989462	OK	 
REQUEST		Editar acao	1628023988948	1628023989463	OK	 
REQUEST		Editar acao	1628023989234	1628023989465	OK	 
REQUEST		Buscar acao criada	1628023988989	1628023989467	OK	 
REQUEST		Buscar acao criada	1628023989008	1628023989467	OK	 
REQUEST		Buscar acao criada	1628023989012	1628023989474	OK	 
REQUEST		Buscar acao criada	1628023989009	1628023989475	OK	 
REQUEST		Editar acao	1628023989320	1628023989484	OK	 
REQUEST		Editar acao	1628023989379	1628023989678	OK	 
REQUEST		Editar acao	1628023989376	1628023990185	OK	 
REQUEST		Editar acao	1628023989379	1628023990214	OK	 
REQUEST		Editar acao	1628023989382	1628023990214	OK	 
REQUEST		Editar acao	1628023989436	1628023990272	KO	status.find.is(200), but actually found 500
REQUEST		Editar acao	1628023989458	1628023990278	KO	status.find.is(200), but actually found 500
REQUEST		Editar acao	1628023989457	1628023990279	KO	status.find.is(200), but actually found 500
REQUEST		Editar acao	1628023989440	1628023990291	KO	status.find.is(200), but actually found 500
REQUEST		Editar acao	1628023989423	1628023990303	OK	 
REQUEST		Editar acao	1628023989426	1628023990303	OK	 
REQUEST		Editar acao	1628023989420	1628023990316	OK	 
REQUEST		Editar acao	1628023989424	1628023990319	OK	 
REQUEST		Editar acao	1628023989435	1628023990321	OK	 
REQUEST		Editar acao	1628023989420	1628023990324	OK	 
REQUEST		Editar acao	1628023989432	1628023990328	OK	 
REQUEST		Editar acao	1628023989416	1628023990329	OK	 
REQUEST		Deletar acao	1628023989484	1628023990329	OK	 
REQUEST		Editar acao	1628023989425	1628023990332	OK	 
REQUEST		Editar acao	1628023989430	1628023990333	OK	 
REQUEST		Editar acao	1628023989459	1628023990334	OK	 
REQUEST		Editar acao	1628023989423	1628023990334	OK	 
REQUEST		Editar acao	1628023989430	1628023990335	OK	 
REQUEST		Editar acao	1628023989427	1628023990346	OK	 
REQUEST		Editar acao	1628023989448	1628023990362	OK	 
REQUEST		Deletar acao	1628023989464	1628023990376	OK	 
REQUEST		Editar acao	1628023989441	1628023990380	OK	 
REQUEST		Editar acao	1628023989435	1628023990382	OK	 
REQUEST		Editar acao	1628023989468	1628023990383	OK	 
REQUEST		Editar acao	1628023989463	1628023990393	OK	 
REQUEST		Editar acao	1628023989477	1628023990407	OK	 
REQUEST		Editar acao	1628023989450	1628023990427	OK	 
REQUEST		Editar acao	1628023989448	1628023990427	OK	 
REQUEST		Deletar acao	1628023989465	1628023990432	OK	 
REQUEST		Editar acao	1628023989443	1628023990432	OK	 
REQUEST		Editar acao	1628023989443	1628023990432	OK	 
REQUEST		Editar acao	1628023989441	1628023990433	OK	 
REQUEST		Editar acao	1628023989447	1628023990433	OK	 
REQUEST		Editar acao	1628023989468	1628023990434	OK	 
REQUEST		Editar acao	1628023989440	1628023990437	OK	 
REQUEST		Editar acao	1628023989430	1628023990438	OK	 
REQUEST		Deletar acao	1628023989681	1628023990457	OK	 
REQUEST		Editar acao	1628023989451	1628023990458	OK	 
REQUEST		Editar acao	1628023989449	1628023990468	OK	 
REQUEST		Editar acao	1628023989413	1628023990459	OK	 
REQUEST		Editar acao	1628023989440	1628023990470	OK	 
REQUEST		Editar acao	1628023989433	1628023990477	OK	 
REQUEST		Adicionar novo cliente	1628023989452	1628023990478	OK	 
REQUEST		Editar acao	1628023989453	1628023990474	OK	 
REQUEST		Editar acao	1628023989451	1628023990481	OK	 
REQUEST		Deletar acao	1628023990225	1628023990477	OK	 
REQUEST		Deletar acao	1628023990224	1628023990479	OK	 
REQUEST		Deletar acao	1628023990189	1628023990482	OK	 
REQUEST		Editar acao	1628023989475	1628023990486	OK	 
REQUEST		Editar acao	1628023989460	1628023990486	OK	 
REQUEST		Editar acao	1628023989453	1628023990489	OK	 
REQUEST		Deletar acao	1628023990276	1628023990493	OK	 
REQUEST		Deletar acao	1628023990291	1628023990494	OK	 
REQUEST		Deletar acao	1628023990291	1628023990507	OK	 
REQUEST		Deletar acao	1628023990321	1628023990524	OK	 
REQUEST		Deletar acao	1628023990328	1628023990528	OK	 
REQUEST		Deletar acao	1628023990301	1628023990530	OK	 
REQUEST		Deletar acao	1628023990332	1628023990560	OK	 
REQUEST		Deletar acao	1628023990325	1628023990561	OK	 
REQUEST		Deletar acao	1628023990322	1628023990563	OK	 
REQUEST		Logout	1628023990375	1628023990871	OK	 
USER	Realizar login MaxxiForge para rota Action	END	1628023990873
REQUEST		Logout	1628023990394	1628023990875	OK	 
REQUEST		Buscar cliente criado	1628023990483	1628023990876	OK	 
USER	Realizar login MaxxiForge para rota Action	END	1628023990877
REQUEST		Logout	1628023990456	1628023990885	OK	 
REQUEST		Logout	1628023990473	1628023990885	OK	 
USER	Realizar login MaxxiForge para rota Action	END	1628023990887
USER	Realizar login MaxxiForge para rota Action	END	1628023990887
REQUEST		Logout	1628023990508	1628023990894	OK	 
REQUEST		Deletar acao	1628023990371	1628023990894	OK	 
REQUEST		Logout	1628023990485	1628023990895	OK	 
REQUEST		Logout	1628023990485	1628023990895	OK	 
REQUEST		Deletar acao	1628023990375	1628023990897	OK	 
USER	Realizar login MaxxiForge para rota Action	END	1628023990899
REQUEST		Logout	1628023990525	1628023990905	OK	 
USER	Realizar login MaxxiForge para rota Action	END	1628023990904
REQUEST		Logout	1628023990486	1628023990909	OK	 
REQUEST		Logout	1628023990495	1628023990910	OK	 
REQUEST		Logout	1628023990562	1628023990911	OK	 
REQUEST		Logout	1628023990528	1628023990911	OK	 
REQUEST		Deletar acao	1628023990381	1628023990912	OK	 
USER	Realizar login MaxxiForge para rota Action	END	1628023990904
REQUEST		Logout	1628023990563	1628023990914	OK	 
REQUEST		Deletar acao	1628023990380	1628023990914	OK	 
REQUEST		Deletar acao	1628023990377	1628023990915	OK	 
REQUEST		Deletar acao	1628023990434	1628023990917	OK	 
REQUEST		Deletar acao	1628023990381	1628023990929	OK	 
REQUEST		Deletar acao	1628023990379	1628023990919	OK	 
REQUEST		Deletar acao	1628023990375	1628023990920	OK	 
REQUEST		Deletar acao	1628023990380	1628023990920	OK	 
USER	Realizar login MaxxiForge para rota Action	END	1628023990920
USER	Realizar login MaxxiForge para rota Action	END	1628023990926
REQUEST		Deletar acao	1628023990437	1628023990935	OK	 
REQUEST		Logout	1628023990561	1628023990943	OK	 
REQUEST		Logout	1628023990531	1628023990940	OK	 
USER	Realizar login MaxxiForge para rota Action	END	1628023990927
REQUEST		Deletar acao	1628023990459	1628023990942	OK	 
REQUEST		Deletar acao	1628023990460	1628023990942	OK	 
REQUEST		Deletar acao	1628023990407	1628023990943	OK	 
REQUEST		Deletar acao	1628023990493	1628023990946	OK	 
USER	Realizar login MaxxiForge para rota Action	END	1628023990928
REQUEST		Deletar acao	1628023990457	1628023990949	OK	 
REQUEST		Deletar acao	1628023990422	1628023990949	OK	 
REQUEST		Logout	1628023990495	1628023990954	OK	 
REQUEST		Deletar acao	1628023990458	1628023990955	OK	 
USER	Realizar login MaxxiForge para rota Action	END	1628023990931
REQUEST		Deletar acao	1628023990457	1628023990961	OK	 
REQUEST		Deletar acao	1628023990453	1628023990962	OK	 
USER	Realizar login MaxxiForge para rota Action	END	1628023990935
REQUEST		Deletar acao	1628023990457	1628023990962	OK	 
REQUEST		Deletar acao	1628023990489	1628023990964	OK	 
REQUEST		Deletar acao	1628023990427	1628023990969	OK	 
USER	Realizar login MaxxiForge para rota Action	END	1628023990951
REQUEST		Deletar acao	1628023990481	1628023990973	OK	 
USER	Realizar login MaxxiForge para rota Action	END	1628023990956
REQUEST		Deletar acao	1628023990484	1628023990977	OK	 
REQUEST		Deletar acao	1628023990395	1628023990977	OK	 
REQUEST		Deletar acao	1628023990474	1628023990979	OK	 
REQUEST		Deletar acao	1628023990457	1628023990980	OK	 
USER	Realizar login MaxxiForge para rota Action	END	1628023990965
REQUEST		Deletar acao	1628023990479	1628023990985	OK	 
REQUEST		Deletar acao	1628023990431	1628023990986	OK	 
REQUEST		Deletar acao	1628023990473	1628023990988	OK	 
REQUEST		Deletar acao	1628023990483	1628023990988	OK	 
REQUEST		Deletar acao	1628023990489	1628023990991	OK	 
REQUEST		Deletar acao	1628023990477	1628023990993	OK	 
REQUEST		Logout	1628023990903	1628023991070	OK	 
REQUEST		Logout	1628023990911	1628023991074	OK	 
REQUEST		Editar cliente	1628023990878	1628023991074	OK	 
USER	Realizar login MaxxiForge para rota Action	END	1628023991077
USER	Realizar login MaxxiForge para rota Action	END	1628023991077
REQUEST		Logout	1628023990926	1628023991101	OK	 
REQUEST		Logout	1628023990927	1628023991104	OK	 
USER	Realizar login MaxxiForge para rota Action	END	1628023991104
REQUEST		Logout	1628023990919	1628023991111	OK	 
USER	Realizar login MaxxiForge para rota Action	END	1628023991111
REQUEST		Logout	1628023990940	1628023991111	OK	 
USER	Realizar login MaxxiForge para rota Action	END	1628023991114
USER	Realizar login MaxxiForge para rota Action	END	1628023991114
REQUEST		Logout	1628023990929	1628023991117	OK	 
USER	Realizar login MaxxiForge para rota Action	END	1628023991124
REQUEST		Logout	1628023990941	1628023991124	OK	 
REQUEST		Logout	1628023990940	1628023991125	OK	 
REQUEST		Logout	1628023990941	1628023991126	OK	 
REQUEST		Logout	1628023990957	1628023991127	OK	 
USER	Realizar login MaxxiForge para rota Action	END	1628023991128
USER	Realizar login MaxxiForge para rota Action	END	1628023991131
REQUEST		Logout	1628023990949	1628023991132	OK	 
USER	Realizar login MaxxiForge para rota Action	END	1628023991131
REQUEST		Logout	1628023990962	1628023991132	OK	 
USER	Realizar login MaxxiForge para rota Action	END	1628023991131
USER	Realizar login MaxxiForge para rota Action	END	1628023991141
USER	Realizar login MaxxiForge para rota Action	END	1628023991141
REQUEST		Logout	1628023990959	1628023991144	OK	 
REQUEST		Logout	1628023990957	1628023991144	OK	 
USER	Realizar login MaxxiForge para rota Action	END	1628023991146
USER	Realizar login MaxxiForge para rota Action	END	1628023991147
REQUEST		Logout	1628023990963	1628023991147	OK	 
USER	Realizar login MaxxiForge para rota Action	END	1628023991149
REQUEST		Logout	1628023990963	1628023991165	OK	 
USER	Realizar login MaxxiForge para rota Action	END	1628023991167
REQUEST		Logout	1628023990993	1628023991170	OK	 
USER	Realizar login MaxxiForge para rota Action	END	1628023991171
REQUEST		Logout	1628023990978	1628023991172	OK	 
REQUEST		Logout	1628023990991	1628023991172	OK	 
REQUEST		Logout	1628023990988	1628023991174	OK	 
REQUEST		Logout	1628023990988	1628023991174	OK	 
REQUEST		Logout	1628023990987	1628023991175	OK	 
USER	Realizar login MaxxiForge para rota Action	END	1628023991175
USER	Realizar login MaxxiForge para rota Action	END	1628023991175
USER	Realizar login MaxxiForge para rota Action	END	1628023991177
REQUEST		Logout	1628023990979	1628023991178	OK	 
USER	Realizar login MaxxiForge para rota Action	END	1628023991178
USER	Realizar login MaxxiForge para rota Action	END	1628023991178
USER	Realizar login MaxxiForge para rota Action	END	1628023991180
REQUEST		Logout	1628023990976	1628023991182	OK	 
REQUEST		Logout	1628023990989	1628023991183	OK	 
REQUEST		Logout	1628023990977	1628023991184	OK	 
REQUEST		Logout	1628023990989	1628023991185	OK	 
REQUEST		Logout	1628023990980	1628023991186	OK	 
REQUEST		Logout	1628023990965	1628023991186	OK	 
USER	Realizar login MaxxiForge para rota Action	END	1628023991187
USER	Realizar login MaxxiForge para rota Action	END	1628023991188
USER	Realizar login MaxxiForge para rota Action	END	1628023991189
USER	Realizar login MaxxiForge para rota Action	END	1628023991189
USER	Realizar login MaxxiForge para rota Action	END	1628023991189
USER	Realizar login MaxxiForge para rota Action	END	1628023991189
REQUEST		Logout	1628023990987	1628023991197	OK	 
REQUEST		Logout	1628023990975	1628023991197	OK	 
REQUEST		Logout	1628023990993	1628023991197	OK	 
REQUEST		Logout	1628023990991	1628023991198	OK	 
USER	Realizar login MaxxiForge para rota Action	END	1628023991198
USER	Realizar login MaxxiForge para rota Action	END	1628023991198
USER	Realizar login MaxxiForge para rota Action	END	1628023991199
USER	Realizar login MaxxiForge para rota Action	END	1628023991199
REQUEST		Deletar cliente	1628023991079	1628023991266	OK	 
REQUEST		Listagem de Acoes	1628023991266	1628023991455	OK	 
REQUEST		Adicionar novo Acao	1628023991459	1628023991643	OK	 
REQUEST		Buscar acao criada	1628023991647	1628023991822	OK	 
REQUEST		Editar acao	1628023991825	1628023992011	OK	 
REQUEST		Deletar acao	1628023992014	1628023992210	OK	 
REQUEST		Logout	1628023992212	1628023992387	OK	 
USER	Realizar login MaxxiForge para rota Action	END	1628023992389
