RUN	maxxiforge.Estresse	estresse	1628027749998	 	3.5.1
USER	Realizar login MaxxiForge para rota Action	START	1628027751195
USER	Realizar login MaxxiForge para rota Action	START	1628027751208
USER	Realizar login MaxxiForge para rota Action	START	1628027751214
USER	Realizar login MaxxiForge para rota Action	START	1628027751215
USER	Realizar login MaxxiForge para rota Action	START	1628027751216
USER	Realizar login MaxxiForge para rota Action	START	1628027751220
USER	Realizar login MaxxiForge para rota Action	START	1628027751221
USER	Realizar login MaxxiForge para rota Action	START	1628027751221
USER	Realizar login MaxxiForge para rota Action	START	1628027751222
USER	Realizar login MaxxiForge para rota Action	START	1628027751222
USER	Realizar login MaxxiForge para rota Action	START	1628027751189
USER	Realizar login MaxxiForge para rota Action	START	1628027751223
USER	Realizar login MaxxiForge para rota Action	START	1628027751224
USER	Realizar login MaxxiForge para rota Action	START	1628027751225
USER	Realizar login MaxxiForge para rota Action	START	1628027751226
USER	Realizar login MaxxiForge para rota Action	START	1628027751227
USER	Realizar login MaxxiForge para rota Action	START	1628027751228
USER	Realizar login MaxxiForge para rota Action	START	1628027751228
USER	Realizar login MaxxiForge para rota Action	START	1628027751230
USER	Realizar login MaxxiForge para rota Action	START	1628027751230
USER	Realizar login MaxxiForge para rota Action	START	1628027751375
USER	Realizar login MaxxiForge para rota Action	START	1628027751376
USER	Realizar login MaxxiForge para rota Action	START	1628027751382
USER	Realizar login MaxxiForge para rota Action	START	1628027751383
USER	Realizar login MaxxiForge para rota Action	START	1628027751383
USER	Realizar login MaxxiForge para rota Action	START	1628027751385
USER	Realizar login MaxxiForge para rota Action	START	1628027751385
USER	Realizar login MaxxiForge para rota Action	START	1628027751386
USER	Realizar login MaxxiForge para rota Action	START	1628027751387
USER	Realizar login MaxxiForge para rota Action	START	1628027751388
USER	Realizar login MaxxiForge para rota Action	START	1628027751389
USER	Realizar login MaxxiForge para rota Action	START	1628027751390
USER	Realizar login MaxxiForge para rota Action	START	1628027751390
USER	Realizar login MaxxiForge para rota Action	START	1628027751391
USER	Realizar login MaxxiForge para rota Action	START	1628027751391
USER	Realizar login MaxxiForge para rota Action	START	1628027751392
USER	Realizar login MaxxiForge para rota Action	START	1628027751392
USER	Realizar login MaxxiForge para rota Action	START	1628027751393
USER	Realizar login MaxxiForge para rota Action	START	1628027751393
USER	Realizar login MaxxiForge para rota Action	START	1628027751393
REQUEST		Login	1628027751467	1628027755015	OK	 
REQUEST		Login	1628027752072	1628027755167	OK	 
REQUEST		Login	1628027751482	1628027755208	OK	 
REQUEST		Login	1628027751965	1628027755171	OK	 
REQUEST		Login	1628027752075	1628027755219	OK	 
REQUEST		Login	1628027752076	1628027755232	OK	 
REQUEST		Login	1628027752077	1628027755236	OK	 
REQUEST		Login	1628027752078	1628027755251	OK	 
REQUEST		Login	1628027752081	1628027755265	OK	 
REQUEST		Login	1628027752084	1628027755276	OK	 
REQUEST		Login	1628027752086	1628027755285	OK	 
REQUEST		Login	1628027752087	1628027755294	OK	 
REQUEST		Login	1628027752001	1628027755316	OK	 
REQUEST		Login	1628027751483	1628027754982	OK	 
REQUEST		Login	1628027752034	1628027755339	OK	 
REQUEST		Login	1628027751484	1628027755222	OK	 
REQUEST		Login	1628027752036	1628027755356	OK	 
REQUEST		Login	1628027752039	1628027755369	OK	 
REQUEST		Login	1628027752003	1628027755354	OK	 
REQUEST		Login	1628027752006	1628027755380	OK	 
REQUEST		Login	1628027752012	1628027755386	OK	 
REQUEST		Listagem de profissionais	1628027755204	1628027755385	OK	 
REQUEST		Login	1628027751961	1628027755399	OK	 
REQUEST		Login	1628027751962	1628027755417	OK	 
REQUEST		Login	1628027751966	1628027755425	OK	 
REQUEST		Login	1628027752015	1628027755435	OK	 
REQUEST		Login	1628027752017	1628027755440	OK	 
REQUEST		Login	1628027752019	1628027755445	OK	 
REQUEST		Login	1628027752022	1628027755450	OK	 
REQUEST		Login	1628027752023	1628027755455	OK	 
REQUEST		Login	1628027751968	1628027755464	OK	 
REQUEST		Login	1628027751969	1628027755475	OK	 
REQUEST		Login	1628027751972	1628027755492	OK	 
REQUEST		Login	1628027751973	1628027755522	OK	 
REQUEST		Login	1628027751975	1628027755540	OK	 
REQUEST		Login	1628027752042	1628027755395	OK	 
REQUEST		Login	1628027752045	1628027755559	OK	 
REQUEST		Login	1628027752047	1628027755566	OK	 
REQUEST		Login	1628027752049	1628027755574	OK	 
REQUEST		Listagem de profissionais	1628027755217	1628027755581	OK	 
REQUEST		Login	1628027752051	1628027755589	OK	 
REQUEST		Login	1628027752052	1628027755597	OK	 
REQUEST		Listagem de profissionais	1628027755218	1628027755714	OK	 
REQUEST		Listagem de profissionais	1628027755242	1628027755722	OK	 
REQUEST		Listagem de profissionais	1628027755230	1628027755734	OK	 
REQUEST		Listagem de profissionais	1628027755235	1628027755745	OK	 
REQUEST		Listagem de profissionais	1628027755258	1628027755751	OK	 
REQUEST		Listagem de profissionais	1628027755271	1628027755760	OK	 
REQUEST		Listagem de profissionais	1628027755313	1628027756104	OK	 
REQUEST		Listagem de profissionais	1628027755325	1628027756354	OK	 
REQUEST		Listagem de profissionais	1628027755377	1628027756360	OK	 
REQUEST		Listagem de profissionais	1628027755384	1628027756378	OK	 
REQUEST		Listagem de profissionais	1628027755433	1628027756389	OK	 
REQUEST		Listagem de profissionais	1628027755438	1628027756394	OK	 
REQUEST		Listagem de profissionais	1628027755443	1628027756403	OK	 
REQUEST		Listagem de profissionais	1628027755448	1628027756411	OK	 
REQUEST		Listagem de profissionais	1628027755453	1628027756420	OK	 
REQUEST		Listagem de profissionais	1628027755458	1628027756424	OK	 
REQUEST		Listagem de profissionais	1628027755282	1628027756458	OK	 
REQUEST		Listagem de profissionais	1628027755290	1628027756466	OK	 
REQUEST		Listagem de profissionais	1628027755303	1628027756472	OK	 
REQUEST		Listagem de profissionais	1628027755336	1628027756482	OK	 
REQUEST		Listagem de profissionais	1628027755346	1628027756488	OK	 
REQUEST		Listagem de profissionais	1628027755365	1628027756496	OK	 
REQUEST		Listagem de profissionais	1628027755374	1628027756505	OK	 
REQUEST		Listagem de profissionais	1628027755557	1628027756512	OK	 
REQUEST		Listagem de profissionais	1628027755564	1628027756521	OK	 
REQUEST		Listagem de profissionais	1628027755572	1628027756526	OK	 
REQUEST		Listagem de profissionais	1628027755578	1628027756531	OK	 
REQUEST		Listagem de profissionais	1628027755594	1628027756536	OK	 
REQUEST		Listagem de profissionais	1628027755603	1628027756541	OK	 
REQUEST		Listagem de profissionais	1628027755349	1628027756549	OK	 
REQUEST		Listagem de profissionais	1628027755413	1628027756561	OK	 
REQUEST		Listagem de profissionais	1628027755421	1628027756565	OK	 
REQUEST		Listagem de profissionais	1628027755430	1628027756570	OK	 
REQUEST		Listagem de profissionais	1628027755472	1628027756596	OK	 
REQUEST		Listagem de profissionais	1628027755484	1628027756604	OK	 
REQUEST		Listagem de profissionais	1628027755507	1628027756608	OK	 
REQUEST		Listagem de profissionais	1628027755538	1628027756613	OK	 
REQUEST		Listagem de profissionais	1628027755545	1628027756619	OK	 
REQUEST		Adicionar novo profissional	1628027755399	1628027759997	OK	 
REQUEST		Adicionar novo profissional	1628027755584	1628027760011	OK	 
REQUEST		Adicionar novo profissional	1628027755740	1628027760028	OK	 
REQUEST		Adicionar novo profissional	1628027755720	1628027760033	OK	 
REQUEST		Adicionar novo profissional	1628027755728	1628027760032	OK	 
REQUEST		Adicionar novo profissional	1628027755750	1628027760042	OK	 
REQUEST		Adicionar novo profissional	1628027755757	1628027760079	OK	 
REQUEST		Adicionar novo profissional	1628027755765	1628027760083	OK	 
REQUEST		Buscar profissional criado	1628027760010	1628027760196	OK	 
REQUEST		Buscar profissional criado	1628027760027	1628027760199	OK	 
REQUEST		Buscar profissional criado	1628027760029	1628027760224	OK	 
REQUEST		Buscar profissional criado	1628027760039	1628027760230	OK	 
REQUEST		Buscar profissional criado	1628027760034	1628027760241	OK	 
REQUEST		Buscar profissional criado	1628027760046	1628027760273	OK	 
REQUEST		Buscar profissional criado	1628027760082	1628027760372	OK	 
REQUEST		Adicionar novo profissional	1628027756351	1628027760376	OK	 
REQUEST		Adicionar novo profissional	1628027756376	1628027760380	OK	 
REQUEST		Adicionar novo profissional	1628027756392	1628027760383	OK	 
REQUEST		Buscar profissional criado	1628027760098	1628027760389	OK	 
REQUEST		Adicionar novo profissional	1628027756357	1628027760600	OK	 
REQUEST		Adicionar novo profissional	1628027756383	1628027760605	OK	 
REQUEST		Adicionar novo profissional	1628027756401	1628027760611	OK	 
REQUEST		Adicionar novo profissional	1628027756408	1628027760617	OK	 
REQUEST		Adicionar novo profissional	1628027756462	1628027760613	OK	 
REQUEST		Adicionar novo profissional	1628027756470	1628027760625	OK	 
REQUEST		Adicionar novo profissional	1628027756455	1628027760623	OK	 
REQUEST		Adicionar novo profissional	1628027756417	1628027760780	OK	 
REQUEST		Adicionar novo profissional	1628027756422	1628027760788	OK	 
REQUEST		Adicionar novo profissional	1628027756501	1628027760792	OK	 
REQUEST		Adicionar novo profissional	1628027756484	1628027760799	OK	 
REQUEST		Adicionar novo profissional	1628027756563	1628027760800	OK	 
REQUEST		Adicionar novo profissional	1628027756475	1628027760802	OK	 
REQUEST		Adicionar novo profissional	1628027756490	1628027760813	OK	 
REQUEST		Buscar profissional criado	1628027760377	1628027760825	OK	 
REQUEST		Adicionar novo profissional	1628027756507	1628027760826	OK	 
REQUEST		Adicionar novo profissional	1628027756515	1628027760829	OK	 
REQUEST		Adicionar novo profissional	1628027756533	1628027760832	OK	 
REQUEST		Adicionar novo profissional	1628027756543	1628027760835	OK	 
REQUEST		Buscar profissional criado	1628027760381	1628027760915	OK	 
REQUEST		Adicionar novo profissional	1628027756568	1628027760979	OK	 
REQUEST		Adicionar novo profissional	1628027756573	1628027760984	OK	 
REQUEST		Adicionar novo profissional	1628027756539	1628027760988	OK	 
REQUEST		Adicionar novo profissional	1628027756529	1628027760991	OK	 
REQUEST		Buscar profissional criado	1628027760389	1628027761001	OK	 
REQUEST		Adicionar novo profissional	1628027756523	1628027761092	OK	 
REQUEST		Adicionar novo profissional	1628027756552	1628027761092	OK	 
REQUEST		Adicionar novo profissional	1628027756600	1628027761118	OK	 
REQUEST		Adicionar novo profissional	1628027756606	1628027761123	OK	 
REQUEST		Adicionar novo profissional	1628027756612	1628027761126	OK	 
REQUEST		Adicionar novo profissional	1628027756617	1628027761129	OK	 
REQUEST		Adicionar novo profissional	1628027756621	1628027761131	OK	 
REQUEST		Buscar profissional criado	1628027760604	1628027761180	OK	 
REQUEST		Buscar profissional criado	1628027760610	1628027761192	OK	 
REQUEST		Buscar profissional criado	1628027760616	1628027761197	OK	 
REQUEST		Buscar profissional criado	1628027760619	1628027761207	OK	 
REQUEST		Buscar profissional criado	1628027760629	1628027761210	OK	 
REQUEST		Buscar profissional criado	1628027760626	1628027761212	OK	 
REQUEST		Buscar profissional criado	1628027760624	1628027761215	OK	 
REQUEST		Buscar profissional criado	1628027760786	1628027761274	OK	 
REQUEST		Buscar profissional criado	1628027760790	1628027761295	OK	 
REQUEST		Buscar profissional criado	1628027760793	1628027761297	OK	 
REQUEST		Buscar profissional criado	1628027760803	1628027761300	OK	 
REQUEST		Buscar profissional criado	1628027760802	1628027761304	OK	 
REQUEST		Buscar profissional criado	1628027760805	1628027761392	OK	 
REQUEST		Buscar profissional criado	1628027760824	1628027761396	OK	 
REQUEST		Buscar profissional criado	1628027760828	1628027761398	OK	 
REQUEST		Buscar profissional criado	1628027760830	1628027761401	OK	 
REQUEST		Buscar profissional criado	1628027760834	1628027761404	OK	 
REQUEST		Buscar profissional criado	1628027760837	1628027761406	OK	 
REQUEST		Buscar profissional criado	1628027760983	1628027761407	OK	 
REQUEST		Buscar profissional criado	1628027760993	1628027761410	OK	 
REQUEST		Buscar profissional criado	1628027760988	1628027761412	OK	 
REQUEST		Buscar profissional criado	1628027760990	1628027761421	OK	 
REQUEST		Buscar profissional criado	1628027761094	1628027761483	OK	 
REQUEST		Buscar profissional criado	1628027761094	1628027761486	OK	 
REQUEST		Buscar profissional criado	1628027761122	1628027761504	OK	 
REQUEST		Buscar profissional criado	1628027761125	1628027761507	OK	 
REQUEST		Buscar profissional criado	1628027761127	1628027761509	OK	 
REQUEST		Buscar profissional criado	1628027761130	1628027761513	OK	 
REQUEST		Buscar profissional criado	1628027761132	1628027761516	OK	 
REQUEST		Editar profissional	1628027760198	1628027761805	OK	 
REQUEST		Editar profissional	1628027760247	1628027761810	OK	 
REQUEST		Editar profissional	1628027760222	1628027761811	OK	 
REQUEST		Editar profissional	1628027760225	1628027761812	OK	 
REQUEST		Editar profissional	1628027760231	1628027761816	OK	 
REQUEST		Editar profissional	1628027760274	1628027761873	OK	 
REQUEST		Editar profissional	1628027760375	1628027761897	OK	 
REQUEST		Editar profissional	1628027760391	1628027761970	OK	 
REQUEST		Editar profissional	1628027760916	1628027762003	OK	 
REQUEST		Editar profissional	1628027760826	1628027762006	OK	 
REQUEST		Editar profissional	1628027761002	1628027762008	OK	 
REQUEST		Editar profissional	1628027761194	1628027762077	OK	 
REQUEST		Editar profissional	1628027761186	1628027762084	OK	 
REQUEST		Editar profissional	1628027761202	1628027762095	OK	 
REQUEST		Editar profissional	1628027761209	1628027762098	OK	 
REQUEST		Editar profissional	1628027761211	1628027762102	OK	 
REQUEST		Editar profissional	1628027761397	1628027762102	OK	 
REQUEST		Editar profissional	1628027761298	1628027762109	OK	 
REQUEST		Editar profissional	1628027761216	1628027762100	OK	 
REQUEST		Editar profissional	1628027761405	1628027762111	OK	 
REQUEST		Editar profissional	1628027761394	1628027762116	OK	 
REQUEST		Editar profissional	1628027761399	1628027762122	OK	 
REQUEST		Editar profissional	1628027761403	1628027762124	OK	 
REQUEST		Editar profissional	1628027761306	1628027762133	OK	 
REQUEST		Editar profissional	1628027761411	1628027762137	OK	 
REQUEST		Editar profissional	1628027761422	1628027762139	OK	 
REQUEST		Editar profissional	1628027761286	1628027762107	OK	 
REQUEST		Editar profissional	1628027761297	1628027762143	OK	 
REQUEST		Editar profissional	1628027761407	1628027762172	OK	 
REQUEST		Editar profissional	1628027761214	1628027762193	OK	 
REQUEST		Editar profissional	1628027761488	1628027762208	OK	 
REQUEST		Editar profissional	1628027761303	1628027762196	OK	 
REQUEST		Editar profissional	1628027761411	1628027762227	OK	 
REQUEST		Editar profissional	1628027761414	1628027762232	OK	 
REQUEST		Editar profissional	1628027761484	1628027762235	OK	 
REQUEST		Editar profissional	1628027761508	1628027762238	OK	 
REQUEST		Editar profissional	1628027761512	1628027762246	OK	 
REQUEST		Editar profissional	1628027761515	1628027762248	OK	 
REQUEST		Editar profissional	1628027761517	1628027762250	OK	 
REQUEST		Editar profissional	1628027761505	1628027762368	OK	 
REQUEST		Deletar profissional	1628027761806	1628027762883	OK	 
REQUEST		Deletar profissional	1628027761813	1628027762901	OK	 
REQUEST		Deletar profissional	1628027761812	1628027762904	OK	 
REQUEST		Deletar profissional	1628027761811	1628027762908	OK	 
REQUEST		Deletar profissional	1628027761877	1628027762908	OK	 
REQUEST		Deletar profissional	1628027761817	1628027762910	OK	 
REQUEST		Deletar profissional	1628027761899	1628027762989	OK	 
REQUEST		Deletar profissional	1628027761974	1628027763268	OK	 
REQUEST		Deletar profissional	1628027762004	1628027763777	OK	 
REQUEST		Deletar profissional	1628027762007	1628027763900	OK	 
REQUEST		Deletar profissional	1628027762011	1628027763986	OK	 
REQUEST		Deletar profissional	1628027762080	1628027764278	OK	 
REQUEST		Deletar profissional	1628027762094	1628027764405	OK	 
REQUEST		Listagem de clientes	1628027762884	1628027764417	OK	 
REQUEST		Deletar profissional	1628027762104	1628027764474	OK	 
REQUEST		Deletar profissional	1628027762096	1628027764480	OK	 
REQUEST		Deletar profissional	1628027762099	1628027764484	OK	 
REQUEST		Deletar profissional	1628027762106	1628027764478	OK	 
REQUEST		Deletar profissional	1628027762110	1628027764486	OK	 
REQUEST		Deletar profissional	1628027762115	1628027764488	OK	 
REQUEST		Deletar profissional	1628027762144	1628027764686	OK	 
REQUEST		Listagem de clientes	1628027762908	1628027765279	OK	 
REQUEST		Listagem de clientes	1628027762902	1628027765283	OK	 
REQUEST		Listagem de clientes	1628027762909	1628027765286	OK	 
REQUEST		Listagem de clientes	1628027762911	1628027765298	OK	 
REQUEST		Listagem de clientes	1628027762911	1628027765301	OK	 
REQUEST		Deletar profissional	1628027762131	1628027765397	OK	 
REQUEST		Deletar profissional	1628027762117	1628027765400	OK	 
REQUEST		Deletar profissional	1628027762123	1628027765407	OK	 
REQUEST		Deletar profissional	1628027762134	1628027765408	OK	 
REQUEST		Deletar profissional	1628027762212	1628027765409	OK	 
REQUEST		Deletar profissional	1628027762138	1628027765413	OK	 
REQUEST		Deletar profissional	1628027762140	1628027765417	OK	 
REQUEST		Deletar profissional	1628027762173	1628027765424	OK	 
REQUEST		Deletar profissional	1628027762142	1628027765428	OK	 
REQUEST		Deletar profissional	1628027762236	1628027765436	OK	 
REQUEST		Deletar profissional	1628027762230	1628027765440	OK	 
REQUEST		Deletar profissional	1628027762233	1628027765441	OK	 
REQUEST		Deletar profissional	1628027762371	1628027765444	OK	 
REQUEST		Deletar profissional	1628027762242	1628027765448	OK	 
REQUEST		Deletar profissional	1628027762247	1628027765451	OK	 
REQUEST		Deletar profissional	1628027762249	1628027765454	OK	 
REQUEST		Deletar profissional	1628027762251	1628027765456	OK	 
REQUEST		Deletar profissional	1628027762222	1628027765410	OK	 
REQUEST		Deletar profissional	1628027762191	1628027765460	OK	 
REQUEST		Deletar profissional	1628027762194	1628027765464	OK	 
REQUEST		Listagem de clientes	1628027762989	1628027765506	OK	 
REQUEST		Listagem de clientes	1628027763269	1628027766685	OK	 
REQUEST		Listagem de clientes	1628027763905	1628027768170	OK	 
REQUEST		Listagem de clientes	1628027763778	1628027768174	OK	 
REQUEST		Listagem de clientes	1628027763987	1628027769102	OK	 
REQUEST		Listagem de clientes	1628027764279	1628027769498	OK	 
REQUEST		Listagem de clientes	1628027764489	1628027770476	OK	 
REQUEST		Listagem de clientes	1628027764483	1628027770476	OK	 
REQUEST		Listagem de clientes	1628027764475	1628027770777	OK	 
REQUEST		Listagem de clientes	1628027764485	1628027770785	OK	 
REQUEST		Listagem de clientes	1628027764486	1628027770791	OK	 
REQUEST		Listagem de clientes	1628027764487	1628027770796	OK	 
REQUEST		Listagem de clientes	1628027764408	1628027770892	OK	 
REQUEST		Listagem de clientes	1628027764687	1628027770898	OK	 
REQUEST		Listagem de clientes	1628027765454	1628027771871	OK	 
REQUEST		Listagem de clientes	1628027765427	1628027771872	OK	 
REQUEST		Listagem de clientes	1628027765406	1628027771876	OK	 
REQUEST		Listagem de clientes	1628027765413	1628027771878	OK	 
REQUEST		Listagem de clientes	1628027765429	1628027771876	OK	 
REQUEST		Listagem de clientes	1628027765415	1628027771890	OK	 
REQUEST		Listagem de clientes	1628027765408	1628027771893	OK	 
REQUEST		Listagem de clientes	1628027765398	1628027771894	OK	 
REQUEST		Listagem de clientes	1628027765441	1628027771896	OK	 
REQUEST		Listagem de clientes	1628027765438	1628027771898	OK	 
REQUEST		Listagem de clientes	1628027765431	1628027771902	OK	 
REQUEST		Listagem de clientes	1628027765466	1628027771898	OK	 
REQUEST		Listagem de clientes	1628027765418	1628027771909	OK	 
REQUEST		Listagem de clientes	1628027765461	1628027771913	OK	 
REQUEST		Listagem de clientes	1628027765444	1628027771915	OK	 
REQUEST		Listagem de clientes	1628027765459	1628027771916	OK	 
REQUEST		Listagem de clientes	1628027765445	1628027771918	OK	 
REQUEST		Listagem de clientes	1628027765449	1628027771919	OK	 
REQUEST		Listagem de clientes	1628027765453	1628027771922	OK	 
REQUEST		Listagem de clientes	1628027765457	1628027771924	OK	 
REQUEST		Adicionar novo cliente	1628027764419	1628027773676	OK	 
REQUEST		Adicionar novo cliente	1628027765304	1628027773693	OK	 
REQUEST		Adicionar novo cliente	1628027765300	1628027773693	OK	 
REQUEST		Adicionar novo cliente	1628027765289	1628027773697	OK	 
REQUEST		Adicionar novo cliente	1628027765285	1628027773772	OK	 
REQUEST		Adicionar novo cliente	1628027765282	1628027773774	OK	 
REQUEST		Adicionar novo cliente	1628027765509	1628027773808	OK	 
REQUEST		Buscar cliente criado	1628027773678	1628027773818	OK	 
REQUEST		Adicionar novo cliente	1628027766686	1628027773888	OK	 
REQUEST		Buscar cliente criado	1628027773695	1628027773896	OK	 
REQUEST		Buscar cliente criado	1628027773694	1628027773896	OK	 
REQUEST		Buscar cliente criado	1628027773699	1628027773898	OK	 
REQUEST		Adicionar novo cliente	1628027768177	1628027773986	OK	 
REQUEST		Buscar cliente criado	1628027773773	1628027773988	OK	 
REQUEST		Buscar cliente criado	1628027773776	1628027773990	OK	 
REQUEST		Adicionar novo cliente	1628027768172	1628027774179	OK	 
REQUEST		Adicionar novo cliente	1628027769500	1628027774181	OK	 
REQUEST		Buscar cliente criado	1628027773810	1628027774182	OK	 
REQUEST		Adicionar novo cliente	1628027769103	1628027774185	OK	 
REQUEST		Adicionar novo cliente	1628027770478	1628027774295	OK	 
REQUEST		Adicionar novo cliente	1628027770480	1628027774298	OK	 
REQUEST		Buscar cliente criado	1628027773889	1628027774302	OK	 
REQUEST		Adicionar novo cliente	1628027770784	1628027774302	OK	 
REQUEST		Adicionar novo cliente	1628027770894	1628027774387	OK	 
REQUEST		Buscar cliente criado	1628027773988	1628027774395	OK	 
REQUEST		Adicionar novo cliente	1628027770900	1628027774400	OK	 
REQUEST		Adicionar novo cliente	1628027770790	1628027774492	OK	 
REQUEST		Adicionar novo cliente	1628027770794	1628027774493	OK	 
REQUEST		Adicionar novo cliente	1628027770799	1628027774497	OK	 
REQUEST		Buscar cliente criado	1628027774180	1628027774508	OK	 
REQUEST		Buscar cliente criado	1628027774182	1628027774511	OK	 
REQUEST		Adicionar novo cliente	1628027771878	1628027774595	OK	 
REQUEST		Adicionar novo cliente	1628027771874	1628027774596	OK	 
REQUEST		Buscar cliente criado	1628027774186	1628027774599	OK	 
REQUEST		Adicionar novo cliente	1628027771897	1628027774672	OK	 
REQUEST		Buscar cliente criado	1628027774296	1628027774674	OK	 
REQUEST		Buscar cliente criado	1628027774301	1628027774677	OK	 
REQUEST		Buscar cliente criado	1628027774305	1628027774679	OK	 
REQUEST		Adicionar novo cliente	1628027771894	1628027774809	OK	 
REQUEST		Adicionar novo cliente	1628027771880	1628027774811	OK	 
REQUEST		Adicionar novo cliente	1628027771886	1628027774815	OK	 
REQUEST		Adicionar novo cliente	1628027771901	1628027774814	OK	 
REQUEST		Adicionar novo cliente	1628027771892	1628027774819	OK	 
REQUEST		Adicionar novo cliente	1628027771875	1628027774822	OK	 
REQUEST		Adicionar novo cliente	1628027771915	1628027775290	OK	 
REQUEST		Adicionar novo cliente	1628027771909	1628027775300	OK	 
REQUEST		Adicionar novo cliente	1628027771896	1628027775302	OK	 
REQUEST		Adicionar novo cliente	1628027771923	1628027775302	OK	 
REQUEST		Buscar cliente criado	1628027774390	1628027775312	OK	 
REQUEST		Adicionar novo cliente	1628027771921	1628027775489	OK	 
REQUEST		Adicionar novo cliente	1628027771917	1628027775491	OK	 
REQUEST		Adicionar novo cliente	1628027771916	1628027775492	OK	 
REQUEST		Adicionar novo cliente	1628027771925	1628027775493	OK	 
REQUEST		Buscar cliente criado	1628027774496	1628027775501	OK	 
REQUEST		Buscar cliente criado	1628027774401	1628027775506	OK	 
REQUEST		Buscar cliente criado	1628027774493	1628027775509	OK	 
REQUEST		Adicionar novo cliente	1628027771918	1628027775513	OK	 
REQUEST		Adicionar novo cliente	1628027771912	1628027775581	OK	 
REQUEST		Adicionar novo cliente	1628027771919	1628027775584	OK	 
REQUEST		Buscar cliente criado	1628027774499	1628027775589	OK	 
REQUEST		Buscar cliente criado	1628027774597	1628027775690	OK	 
REQUEST		Buscar cliente criado	1628027774598	1628027775690	OK	 
REQUEST		Buscar cliente criado	1628027774674	1628027775992	OK	 
REQUEST		Buscar cliente criado	1628027774818	1628027775995	OK	 
REQUEST		Buscar cliente criado	1628027774816	1628027775994	OK	 
REQUEST		Buscar cliente criado	1628027774811	1628027776000	OK	 
REQUEST		Buscar cliente criado	1628027774818	1628027776002	OK	 
REQUEST		Buscar cliente criado	1628027774821	1628027776005	OK	 
REQUEST		Buscar cliente criado	1628027774824	1628027776094	OK	 
REQUEST		Buscar cliente criado	1628027775301	1628027776095	OK	 
REQUEST		Buscar cliente criado	1628027775299	1628027776098	OK	 
REQUEST		Buscar cliente criado	1628027775311	1628027776099	OK	 
REQUEST		Buscar cliente criado	1628027775305	1628027776101	OK	 
REQUEST		Buscar cliente criado	1628027775514	1628027776108	OK	 
REQUEST		Buscar cliente criado	1628027775492	1628027776110	OK	 
REQUEST		Buscar cliente criado	1628027775491	1628027776110	OK	 
REQUEST		Buscar cliente criado	1628027775493	1628027776115	OK	 
REQUEST		Buscar cliente criado	1628027775500	1628027776117	OK	 
REQUEST		Buscar cliente criado	1628027775583	1628027776398	OK	 
REQUEST		Buscar cliente criado	1628027775587	1628027776673	OK	 
REQUEST		Editar cliente	1628027773821	1628027777198	OK	 
REQUEST		Editar cliente	1628027773897	1628027777204	OK	 
REQUEST		Editar cliente	1628027773898	1628027777206	OK	 
REQUEST		Editar cliente	1628027773900	1628027777208	OK	 
REQUEST		Editar cliente	1628027773989	1628027777502	OK	 
REQUEST		Editar cliente	1628027773991	1628027777504	OK	 
REQUEST		Editar cliente	1628027774184	1628027777509	OK	 
REQUEST		Editar cliente	1628027774303	1628027777613	OK	 
REQUEST		Editar cliente	1628027774398	1628027777692	OK	 
REQUEST		Editar cliente	1628027774512	1628027777768	OK	 
REQUEST		Editar cliente	1628027774510	1628027777779	OK	 
REQUEST		Editar cliente	1628027774600	1628027777800	OK	 
REQUEST		Editar cliente	1628027774678	1628027777800	OK	 
REQUEST		Editar cliente	1628027774679	1628027777804	OK	 
REQUEST		Editar cliente	1628027774681	1628027777806	OK	 
REQUEST		Editar cliente	1628027775314	1628027778079	OK	 
REQUEST		Editar cliente	1628027775512	1628027778081	OK	 
REQUEST		Editar cliente	1628027775507	1628027778092	OK	 
REQUEST		Editar cliente	1628027775503	1628027778093	OK	 
REQUEST		Editar cliente	1628027775692	1628027778233	OK	 
REQUEST		Editar cliente	1628027775591	1628027778236	OK	 
REQUEST		Editar cliente	1628027776001	1628027778240	OK	 
REQUEST		Editar cliente	1628027776004	1628027778253	OK	 
REQUEST		Editar cliente	1628027775999	1628027778261	OK	 
REQUEST		Editar cliente	1628027775691	1628027778291	OK	 
REQUEST		Editar cliente	1628027775997	1628027778298	OK	 
REQUEST		Editar cliente	1628027776098	1628027778309	OK	 
REQUEST		Editar cliente	1628027775994	1628027778311	OK	 
REQUEST		Deletar cliente	1628027777205	1628027778315	OK	 
REQUEST		Editar cliente	1628027776100	1628027778317	OK	 
REQUEST		Editar cliente	1628027776006	1628027778292	OK	 
REQUEST		Editar cliente	1628027776102	1628027778323	OK	 
REQUEST		Editar cliente	1628027776096	1628027778327	OK	 
REQUEST		Deletar cliente	1628027777207	1628027778330	OK	 
REQUEST		Deletar cliente	1628027777199	1628027778331	OK	 
REQUEST		Deletar cliente	1628027777208	1628027778334	OK	 
REQUEST		Editar cliente	1628027776103	1628027778335	OK	 
REQUEST		Editar cliente	1628027776118	1628027778488	OK	 
REQUEST		Editar cliente	1628027776116	1628027778490	OK	 
REQUEST		Editar cliente	1628027776111	1628027778495	OK	 
REQUEST		Editar cliente	1628027776109	1628027778498	OK	 
REQUEST		Editar cliente	1628027776114	1628027778890	OK	 
REQUEST		Editar cliente	1628027776400	1628027778891	OK	 
REQUEST		Deletar cliente	1628027777505	1628027778894	OK	 
REQUEST		Editar cliente	1628027776674	1628027778896	OK	 
REQUEST		Deletar cliente	1628027777503	1628027778899	OK	 
REQUEST		Deletar cliente	1628027777510	1628027779095	OK	 
REQUEST		Deletar cliente	1628027777614	1628027779213	OK	 
REQUEST		Deletar cliente	1628027777693	1628027779287	OK	 
REQUEST		Deletar cliente	1628027777768	1628027779406	OK	 
REQUEST		Deletar cliente	1628027777780	1628027779408	OK	 
REQUEST		Deletar cliente	1628027777801	1628027779410	OK	 
REQUEST		Deletar cliente	1628027777805	1628027779411	OK	 
REQUEST		Deletar cliente	1628027777808	1628027779479	OK	 
REQUEST		Deletar cliente	1628027777801	1628027779480	OK	 
REQUEST		Deletar cliente	1628027778080	1628027779498	OK	 
REQUEST		Deletar cliente	1628027778082	1628027779706	OK	 
REQUEST		Deletar cliente	1628027778092	1628027779981	OK	 
REQUEST		Listagem de Acoes	1628027779216	1628027779984	OK	 
REQUEST		Deletar cliente	1628027778237	1628027780279	OK	 
REQUEST		Deletar cliente	1628027778254	1628027780280	OK	 
REQUEST		Deletar cliente	1628027778232	1628027780488	OK	 
REQUEST		Deletar cliente	1628027778234	1628027780489	OK	 
REQUEST		Deletar cliente	1628027778243	1628027780490	OK	 
REQUEST		Listagem de Acoes	1628027779288	1628027780490	OK	 
REQUEST		Deletar cliente	1628027778320	1628027780599	OK	 
REQUEST		Deletar cliente	1628027778310	1628027780600	OK	 
REQUEST		Deletar cliente	1628027778299	1628027780611	OK	 
REQUEST		Deletar cliente	1628027778314	1628027780612	OK	 
REQUEST		Deletar cliente	1628027778297	1628027780614	OK	 
REQUEST		Deletar cliente	1628027778326	1628027780617	OK	 
REQUEST		Deletar cliente	1628027778321	1628027780623	OK	 
REQUEST		Deletar cliente	1628027778328	1628027780624	OK	 
REQUEST		Deletar cliente	1628027778291	1628027780623	OK	 
REQUEST		Deletar cliente	1628027778337	1628027780627	OK	 
REQUEST		Deletar cliente	1628027778499	1628027780693	OK	 
REQUEST		Deletar cliente	1628027778898	1628027780800	OK	 
REQUEST		Deletar cliente	1628027778893	1628027780800	OK	 
REQUEST		Deletar cliente	1628027778495	1628027780801	OK	 
REQUEST		Deletar cliente	1628027778895	1628027780802	OK	 
REQUEST		Deletar cliente	1628027778489	1628027780803	OK	 
REQUEST		Listagem de Acoes	1628027778317	1628027780805	OK	 
REQUEST		Deletar cliente	1628027778496	1628027780802	OK	 
REQUEST		Listagem de Acoes	1628027778330	1628027780810	OK	 
REQUEST		Listagem de Acoes	1628027778333	1628027780812	OK	 
REQUEST		Listagem de Acoes	1628027779407	1628027781006	OK	 
REQUEST		Listagem de Acoes	1628027779410	1628027781210	OK	 
REQUEST		Listagem de Acoes	1628027779411	1628027781221	OK	 
REQUEST		Listagem de Acoes	1628027779099	1628027781233	OK	 
REQUEST		Listagem de Acoes	1628027779481	1628027781234	OK	 
REQUEST		Listagem de Acoes	1628027779412	1628027781235	OK	 
REQUEST		Listagem de Acoes	1628027779480	1628027781236	OK	 
REQUEST		Listagem de Acoes	1628027778334	1628027781238	OK	 
REQUEST		Listagem de Acoes	1628027778904	1628027781507	OK	 
REQUEST		Listagem de Acoes	1628027779498	1628027781693	OK	 
REQUEST		Listagem de Acoes	1628027778899	1628027781699	OK	 
REQUEST		Listagem de Acoes	1628027779706	1628027781993	OK	 
REQUEST		Listagem de Acoes	1628027779982	1628027782100	OK	 
REQUEST		Listagem de Acoes	1628027780279	1628027782189	OK	 
REQUEST		Listagem de Acoes	1628027780488	1628027782191	OK	 
REQUEST		Listagem de Acoes	1628027780280	1628027782194	OK	 
REQUEST		Listagem de Acoes	1628027780599	1628027782288	OK	 
REQUEST		Listagem de Acoes	1628027780489	1628027782289	OK	 
REQUEST		Listagem de Acoes	1628027780490	1628027782290	OK	 
REQUEST		Listagem de Acoes	1628027780610	1628027782383	OK	 
REQUEST		Listagem de Acoes	1628027780611	1628027782387	OK	 
REQUEST		Listagem de Acoes	1628027780614	1628027782391	OK	 
REQUEST		Listagem de Acoes	1628027780615	1628027782392	OK	 
REQUEST		Listagem de Acoes	1628027780626	1628027782393	OK	 
REQUEST		Listagem de Acoes	1628027780624	1628027782390	OK	 
REQUEST		Listagem de Acoes	1628027780621	1628027782395	OK	 
REQUEST		Listagem de Acoes	1628027780694	1628027782480	OK	 
REQUEST		Listagem de Acoes	1628027780627	1628027782483	OK	 
REQUEST		Listagem de Acoes	1628027780801	1628027782486	OK	 
REQUEST		Listagem de Acoes	1628027780623	1628027782488	OK	 
REQUEST		Listagem de Acoes	1628027780801	1628027782486	OK	 
REQUEST		Listagem de Acoes	1628027780800	1628027782489	OK	 
REQUEST		Adicionar novo Acao	1628027779985	1628027782580	OK	 
REQUEST		Listagem de Acoes	1628027780806	1628027782583	OK	 
REQUEST		Listagem de Acoes	1628027780803	1628027782585	OK	 
REQUEST		Listagem de Acoes	1628027780804	1628027782586	OK	 
REQUEST		Adicionar novo Acao	1628027780491	1628027782877	OK	 
REQUEST		Adicionar novo Acao	1628027780811	1628027782985	OK	 
REQUEST		Adicionar novo Acao	1628027780812	1628027782998	OK	 
REQUEST		Adicionar novo Acao	1628027781239	1628027783000	OK	 
REQUEST		Adicionar novo Acao	1628027780805	1628027783004	OK	 
REQUEST		Adicionar novo Acao	1628027781006	1628027783011	OK	 
REQUEST		Adicionar novo Acao	1628027781226	1628027783011	OK	 
REQUEST		Adicionar novo Acao	1628027781212	1628027783018	OK	 
REQUEST		Adicionar novo Acao	1628027781234	1628027783021	OK	 
REQUEST		Adicionar novo Acao	1628027781236	1628027783022	OK	 
REQUEST		Adicionar novo Acao	1628027781237	1628027783035	OK	 
REQUEST		Adicionar novo Acao	1628027781237	1628027783090	OK	 
REQUEST		Adicionar novo Acao	1628027781507	1628027783092	OK	 
REQUEST		Adicionar novo Acao	1628027781694	1628027783371	OK	 
REQUEST		Adicionar novo Acao	1628027781700	1628027783373	OK	 
REQUEST		Buscar acao criada	1628027782582	1628027783378	OK	 
REQUEST		Adicionar novo Acao	1628027781994	1628027783387	OK	 
REQUEST		Adicionar novo Acao	1628027782101	1628027783389	OK	 
REQUEST		Adicionar novo Acao	1628027782192	1628027783499	OK	 
REQUEST		Buscar acao criada	1628027782879	1628027783499	OK	 
REQUEST		Adicionar novo Acao	1628027782190	1628027783502	OK	 
REQUEST		Adicionar novo Acao	1628027782195	1628027783504	OK	 
REQUEST		Adicionar novo Acao	1628027782294	1628027783507	OK	 
REQUEST		Adicionar novo Acao	1628027782289	1628027783507	OK	 
REQUEST		Adicionar novo Acao	1628027782294	1628027783512	OK	 
REQUEST		Adicionar novo Acao	1628027782391	1628027783575	OK	 
REQUEST		Adicionar novo Acao	1628027782396	1628027783576	OK	 
REQUEST		Adicionar novo Acao	1628027782392	1628027783578	OK	 
REQUEST		Adicionar novo Acao	1628027782487	1628027783580	OK	 
REQUEST		Adicionar novo Acao	1628027782394	1628027783598	OK	 
REQUEST		Adicionar novo Acao	1628027782488	1628027783600	OK	 
REQUEST		Adicionar novo Acao	1628027782490	1628027783605	OK	 
REQUEST		Adicionar novo Acao	1628027782390	1628027783608	OK	 
REQUEST		Adicionar novo Acao	1628027782384	1628027783610	OK	 
REQUEST		Adicionar novo Acao	1628027782489	1628027783614	OK	 
REQUEST		Buscar acao criada	1628027783003	1628027783597	OK	 
REQUEST		Adicionar novo Acao	1628027782394	1628027783618	OK	 
REQUEST		Buscar acao criada	1628027782999	1628027783622	OK	 
REQUEST		Adicionar novo Acao	1628027782486	1628027783624	OK	 
REQUEST		Adicionar novo Acao	1628027782482	1628027783626	OK	 
REQUEST		Buscar acao criada	1628027783025	1628027783671	OK	 
REQUEST		Buscar acao criada	1628027783019	1628027783672	OK	 
REQUEST		Buscar acao criada	1628027783036	1628027783677	OK	 
REQUEST		Buscar acao criada	1628027783018	1628027783680	OK	 
REQUEST		Buscar acao criada	1628027783022	1628027783681	OK	 
REQUEST		Buscar acao criada	1628027783012	1628027783705	OK	 
REQUEST		Adicionar novo Acao	1628027782584	1628027783708	OK	 
REQUEST		Buscar acao criada	1628027783008	1628027783711	OK	 
REQUEST		Adicionar novo Acao	1628027782585	1628027783714	OK	 
REQUEST		Buscar acao criada	1628027782986	1628027783717	OK	 
REQUEST		Adicionar novo Acao	1628027782587	1628027783717	OK	 
REQUEST		Buscar acao criada	1628027783091	1628027783888	OK	 
REQUEST		Buscar acao criada	1628027783094	1628027783890	OK	 
REQUEST		Buscar acao criada	1628027783372	1628027783892	OK	 
REQUEST		Buscar acao criada	1628027783377	1628027784097	OK	 
REQUEST		Buscar acao criada	1628027783388	1628027784097	OK	 
REQUEST		Buscar acao criada	1628027783392	1628027784181	OK	 
REQUEST		Buscar acao criada	1628027783501	1628027784187	OK	 
REQUEST		Buscar acao criada	1628027783503	1628027784188	OK	 
REQUEST		Buscar acao criada	1628027783505	1628027784286	OK	 
REQUEST		Buscar acao criada	1628027783511	1628027784288	OK	 
REQUEST		Buscar acao criada	1628027783513	1628027784299	OK	 
REQUEST		Buscar acao criada	1628027783508	1628027784300	OK	 
REQUEST		Buscar acao criada	1628027783579	1628027784390	OK	 
REQUEST		Buscar acao criada	1628027783577	1628027784391	OK	 
REQUEST		Buscar acao criada	1628027783581	1628027784393	OK	 
REQUEST		Buscar acao criada	1628027783577	1628027784393	OK	 
REQUEST		Buscar acao criada	1628027783599	1628027784396	OK	 
REQUEST		Buscar acao criada	1628027783604	1628027784399	OK	 
REQUEST		Buscar acao criada	1628027783609	1628027784401	OK	 
REQUEST		Buscar acao criada	1628027783613	1628027784403	OK	 
REQUEST		Buscar acao criada	1628027783619	1628027784406	OK	 
REQUEST		Buscar acao criada	1628027783615	1628027784406	OK	 
REQUEST		Buscar acao criada	1628027783606	1628027784411	OK	 
REQUEST		Buscar acao criada	1628027783625	1628027784413	OK	 
REQUEST		Buscar acao criada	1628027783627	1628027784414	OK	 
REQUEST		Buscar acao criada	1628027783719	1628027784505	OK	 
REQUEST		Buscar acao criada	1628027783709	1628027784505	OK	 
REQUEST		Buscar acao criada	1628027783716	1628027784690	OK	 
REQUEST		Editar acao	1628027783379	1628027785406	OK	 
REQUEST		Editar acao	1628027783500	1628027785473	OK	 
REQUEST		Editar acao	1628027783677	1628027785577	OK	 
REQUEST		Editar acao	1628027783674	1628027785580	OK	 
REQUEST		Editar acao	1628027783680	1628027785583	OK	 
REQUEST		Editar acao	1628027783671	1628027785585	OK	 
REQUEST		Editar acao	1628027783617	1628027785601	OK	 
REQUEST		Editar acao	1628027783624	1628027785603	OK	 
REQUEST		Editar acao	1628027783719	1628027785608	OK	 
REQUEST		Editar acao	1628027783890	1628027785610	OK	 
REQUEST		Editar acao	1628027783888	1628027785613	OK	 
REQUEST		Editar acao	1628027783706	1628027785614	OK	 
REQUEST		Editar acao	1628027783712	1628027785616	OK	 
REQUEST		Editar acao	1628027783893	1628027785618	OK	 
REQUEST		Editar acao	1628027783705	1628027785620	OK	 
REQUEST		Editar acao	1628027784100	1628027785715	OK	 
REQUEST		Editar acao	1628027784100	1628027785768	OK	 
REQUEST		Editar acao	1628027784182	1628027785905	OK	 
REQUEST		Editar acao	1628027784187	1628027785906	OK	 
REQUEST		Editar acao	1628027784190	1628027785992	OK	 
REQUEST		Editar acao	1628027784294	1628027785994	OK	 
REQUEST		Editar acao	1628027784299	1628027785997	OK	 
REQUEST		Editar acao	1628027784287	1628027786000	OK	 
REQUEST		Editar acao	1628027784301	1628027786001	OK	 
REQUEST		Editar acao	1628027784394	1628027786079	OK	 
REQUEST		Editar acao	1628027784393	1628027786081	OK	 
REQUEST		Editar acao	1628027784393	1628027786082	OK	 
REQUEST		Editar acao	1628027784396	1628027786083	OK	 
REQUEST		Editar acao	1628027784393	1628027786185	OK	 
REQUEST		Editar acao	1628027784420	1628027786186	OK	 
REQUEST		Editar acao	1628027784414	1628027786187	OK	 
REQUEST		Editar acao	1628027784401	1628027786189	OK	 
REQUEST		Editar acao	1628027784410	1628027786189	OK	 
REQUEST		Editar acao	1628027784402	1628027786190	OK	 
REQUEST		Editar acao	1628027784403	1628027786191	OK	 
REQUEST		Editar acao	1628027784411	1628027786192	OK	 
REQUEST		Editar acao	1628027784506	1628027786193	OK	 
REQUEST		Editar acao	1628027784407	1628027786194	OK	 
REQUEST		Editar acao	1628027784691	1628027786303	OK	 
REQUEST		Editar acao	1628027784523	1628027786305	OK	 
REQUEST		Deletar acao	1628027785406	1628027786587	OK	 
REQUEST		Deletar acao	1628027785474	1628027786596	OK	 
REQUEST		Deletar acao	1628027785579	1628027786673	OK	 
REQUEST		Deletar acao	1628027785583	1628027786678	OK	 
REQUEST		Deletar acao	1628027785602	1628027786683	OK	 
REQUEST		Deletar acao	1628027785616	1628027786684	OK	 
REQUEST		Deletar acao	1628027785584	1628027786683	OK	 
REQUEST		Deletar acao	1628027785622	1628027786689	OK	 
REQUEST		Deletar acao	1628027785619	1628027786690	OK	 
REQUEST		Deletar acao	1628027785606	1628027786691	OK	 
REQUEST		Deletar acao	1628027785609	1628027786691	OK	 
REQUEST		Deletar acao	1628027785610	1628027786692	OK	 
REQUEST		Deletar acao	1628027785613	1628027786693	OK	 
REQUEST		Deletar acao	1628027785617	1628027786693	OK	 
REQUEST		Deletar acao	1628027785603	1628027786694	OK	 
REQUEST		Deletar acao	1628027785769	1628027786713	OK	 
REQUEST		Deletar acao	1628027785716	1628027786714	OK	 
REQUEST		Deletar acao	1628027785906	1628027786790	OK	 
REQUEST		Logout	1628027786588	1628027786792	OK	 
REQUEST		Deletar acao	1628027785907	1628027786790	OK	 
REQUEST		Deletar acao	1628027786002	1628027786796	OK	 
REQUEST		Logout	1628027786597	1628027786800	OK	 
REQUEST		Deletar acao	1628027785997	1628027786803	OK	 
REQUEST		Deletar acao	1628027785993	1628027786805	OK	 
REQUEST		Deletar acao	1628027785998	1628027786807	OK	 
REQUEST		Deletar acao	1628027786000	1628027786810	OK	 
REQUEST		Deletar acao	1628027786084	1628027786813	OK	 
REQUEST		Deletar acao	1628027786186	1628027786814	OK	 
REQUEST		Deletar acao	1628027786082	1628027786815	OK	 
REQUEST		Deletar acao	1628027786081	1628027786816	OK	 
REQUEST		Deletar acao	1628027786080	1628027786817	OK	 
USER	Realizar login MaxxiForge para rota Action	END	1628027786804
USER	Realizar login MaxxiForge para rota Action	END	1628027786805
REQUEST		Deletar acao	1628027786192	1628027786870	OK	 
REQUEST		Deletar acao	1628027786190	1628027786883	OK	 
REQUEST		Deletar acao	1628027786191	1628027786884	OK	 
REQUEST		Deletar acao	1628027786188	1628027786886	OK	 
REQUEST		Logout	1628027786673	1628027786883	OK	 
REQUEST		Deletar acao	1628027786188	1628027786888	OK	 
USER	Realizar login MaxxiForge para rota Action	END	1628027786887
REQUEST		Deletar acao	1628027786196	1628027786897	OK	 
REQUEST		Deletar acao	1628027786195	1628027786898	OK	 
REQUEST		Deletar acao	1628027786193	1628027786897	OK	 
REQUEST		Logout	1628027786678	1628027786912	OK	 
REQUEST		Logout	1628027786690	1628027786914	OK	 
REQUEST		Logout	1628027786686	1628027786915	OK	 
REQUEST		Logout	1628027786690	1628027786950	OK	 
USER	Realizar login MaxxiForge para rota Action	END	1628027786913
USER	Realizar login MaxxiForge para rota Action	END	1628027786915
USER	Realizar login MaxxiForge para rota Action	END	1628027786947
USER	Realizar login MaxxiForge para rota Action	END	1628027786953
REQUEST		Deletar acao	1628027786193	1628027786899	OK	 
REQUEST		Deletar acao	1628027786303	1628027786958	OK	 
REQUEST		Logout	1628027786684	1628027786961	OK	 
REQUEST		Deletar acao	1628027786309	1628027786965	OK	 
REQUEST		Logout	1628027786684	1628027786972	OK	 
REQUEST		Logout	1628027786693	1628027786976	OK	 
REQUEST		Logout	1628027786692	1628027786982	OK	 
REQUEST		Logout	1628027786692	1628027786983	OK	 
REQUEST		Logout	1628027786691	1628027786987	OK	 
REQUEST		Logout	1628027786694	1628027786989	OK	 
REQUEST		Logout	1628027786714	1628027786992	OK	 
REQUEST		Logout	1628027786694	1628027786995	OK	 
REQUEST		Logout	1628027786802	1628027787003	OK	 
REQUEST		Logout	1628027786884	1628027787015	OK	 
REQUEST		Logout	1628027786870	1628027787016	OK	 
REQUEST		Logout	1628027786817	1628027787020	OK	 
REQUEST		Logout	1628027786956	1628027787021	OK	 
REQUEST		Logout	1628027786883	1628027787022	OK	 
REQUEST		Logout	1628027786899	1628027787025	OK	 
REQUEST		Logout	1628027786959	1628027787026	OK	 
REQUEST		Logout	1628027786816	1628027787030	OK	 
REQUEST		Logout	1628027786714	1628027787032	OK	 
REQUEST		Logout	1628027786816	1628027787034	OK	 
REQUEST		Logout	1628027786886	1628027787037	OK	 
REQUEST		Logout	1628027786814	1628027787038	OK	 
USER	Realizar login MaxxiForge para rota Action	END	1628027786963
USER	Realizar login MaxxiForge para rota Action	END	1628027786973
USER	Realizar login MaxxiForge para rota Action	END	1628027786977
USER	Realizar login MaxxiForge para rota Action	END	1628027786983
USER	Realizar login MaxxiForge para rota Action	END	1628027786987
USER	Realizar login MaxxiForge para rota Action	END	1628027786988
USER	Realizar login MaxxiForge para rota Action	END	1628027786989
USER	Realizar login MaxxiForge para rota Action	END	1628027786993
USER	Realizar login MaxxiForge para rota Action	END	1628027787002
USER	Realizar login MaxxiForge para rota Action	END	1628027787015
USER	Realizar login MaxxiForge para rota Action	END	1628027787016
USER	Realizar login MaxxiForge para rota Action	END	1628027787017
USER	Realizar login MaxxiForge para rota Action	END	1628027787021
USER	Realizar login MaxxiForge para rota Action	END	1628027787022
USER	Realizar login MaxxiForge para rota Action	END	1628027787025
USER	Realizar login MaxxiForge para rota Action	END	1628027787026
USER	Realizar login MaxxiForge para rota Action	END	1628027787027
USER	Realizar login MaxxiForge para rota Action	END	1628027787031
USER	Realizar login MaxxiForge para rota Action	END	1628027787033
USER	Realizar login MaxxiForge para rota Action	END	1628027787037
USER	Realizar login MaxxiForge para rota Action	END	1628027787038
USER	Realizar login MaxxiForge para rota Action	END	1628027787040
REQUEST		Logout	1628027786796	1628027787048	OK	 
REQUEST		Logout	1628027786804	1628027787050	OK	 
REQUEST		Logout	1628027786968	1628027787052	OK	 
REQUEST		Logout	1628027786806	1628027787054	OK	 
REQUEST		Logout	1628027786808	1628027787058	OK	 
REQUEST		Logout	1628027786889	1628027787060	OK	 
REQUEST		Logout	1628027786812	1628027787062	OK	 
REQUEST		Logout	1628027786897	1628027787064	OK	 
REQUEST		Logout	1628027786813	1628027787067	OK	 
REQUEST		Logout	1628027786791	1628027787072	OK	 
REQUEST		Logout	1628027786898	1628027787075	OK	 
USER	Realizar login MaxxiForge para rota Action	END	1628027787049
USER	Realizar login MaxxiForge para rota Action	END	1628027787051
USER	Realizar login MaxxiForge para rota Action	END	1628027787054
USER	Realizar login MaxxiForge para rota Action	END	1628027787057
USER	Realizar login MaxxiForge para rota Action	END	1628027787059
USER	Realizar login MaxxiForge para rota Action	END	1628027787061
USER	Realizar login MaxxiForge para rota Action	END	1628027787064
USER	Realizar login MaxxiForge para rota Action	END	1628027787067
USER	Realizar login MaxxiForge para rota Action	END	1628027787069
USER	Realizar login MaxxiForge para rota Action	END	1628027787074
USER	Realizar login MaxxiForge para rota Action	END	1628027787076
