RUN	maxxiforge.Estresse	estresse	1628027525622	 	3.5.1
USER	Realizar login MaxxiForge para rota Action	START	1628027527278
USER	Realizar login MaxxiForge para rota Action	START	1628027527296
USER	Realizar login MaxxiForge para rota Action	START	1628027527298
USER	Realizar login MaxxiForge para rota Action	START	1628027527303
USER	Realizar login MaxxiForge para rota Action	START	1628027527350
USER	Realizar login MaxxiForge para rota Action	START	1628027527351
USER	Realizar login MaxxiForge para rota Action	START	1628027527354
USER	Realizar login MaxxiForge para rota Action	START	1628027527468
USER	Realizar login MaxxiForge para rota Action	START	1628027527469
USER	Realizar login MaxxiForge para rota Action	START	1628027527475
REQUEST		Login	1628027528324	1628027529972	OK	 
REQUEST		Login	1628027527482	1628027530190	OK	 
REQUEST		Login	1628027528328	1628027529972	OK	 
REQUEST		Login	1628027527566	1628027530227	OK	 
REQUEST		Listagem de profissionais	1628027530171	1628027530249	OK	 
REQUEST		Listagem de profissionais	1628027530215	1628027530274	OK	 
REQUEST		Listagem de profissionais	1628027530219	1628027530294	OK	 
REQUEST		Listagem de profissionais	1628027530240	1628027530308	OK	 
REQUEST		Login	1628027528273	1628027530320	OK	 
REQUEST		Login	1628027527460	1628027530336	OK	 
REQUEST		Login	1628027528274	1628027530359	OK	 
REQUEST		Login	1628027528318	1628027530002	OK	 
REQUEST		Login	1628027527480	1628027530391	OK	 
REQUEST		Login	1628027528320	1628027530403	OK	 
REQUEST		Listagem de profissionais	1628027530332	1628027530679	OK	 
REQUEST		Listagem de profissionais	1628027530348	1628027530692	OK	 
REQUEST		Listagem de profissionais	1628027530365	1628027530717	OK	 
REQUEST		Listagem de profissionais	1628027530412	1628027530881	OK	 
REQUEST		Listagem de profissionais	1628027530398	1628027530894	OK	 
REQUEST		Listagem de profissionais	1628027530388	1628027530900	OK	 
REQUEST		Adicionar novo profissional	1628027530289	1628027532001	OK	 
REQUEST		Adicionar novo profissional	1628027530264	1628027532171	OK	 
REQUEST		Adicionar novo profissional	1628027530723	1628027532183	OK	 
REQUEST		Adicionar novo profissional	1628027530897	1628027532193	OK	 
REQUEST		Adicionar novo profissional	1628027530907	1628027532205	OK	 
REQUEST		Adicionar novo profissional	1628027530890	1628027532214	OK	 
REQUEST		Adicionar novo profissional	1628027530302	1628027532215	OK	 
REQUEST		Adicionar novo profissional	1628027530711	1628027532260	OK	 
REQUEST		Adicionar novo profissional	1628027530685	1628027532266	OK	 
REQUEST		Adicionar novo profissional	1628027530314	1628027532263	OK	 
REQUEST		Buscar profissional criado	1628027532012	1628027532289	OK	 
REQUEST		Buscar profissional criado	1628027532181	1628027532367	OK	 
REQUEST		Buscar profissional criado	1628027532185	1628027532390	OK	 
REQUEST		Buscar profissional criado	1628027532262	1628027532401	OK	 
REQUEST		Buscar profissional criado	1628027532268	1628027532406	OK	 
REQUEST		Buscar profissional criado	1628027532218	1628027532412	OK	 
REQUEST		Buscar profissional criado	1628027532200	1628027532411	OK	 
REQUEST		Buscar profissional criado	1628027532272	1628027532415	OK	 
REQUEST		Buscar profissional criado	1628027532209	1628027532420	OK	 
REQUEST		Buscar profissional criado	1628027532217	1628027532424	OK	 
REQUEST		Editar profissional	1628027532290	1628027532577	OK	 
REQUEST		Editar profissional	1628027532369	1628027532584	OK	 
REQUEST		Editar profissional	1628027532403	1628027532767	OK	 
REQUEST		Editar profissional	1628027532408	1628027532771	OK	 
REQUEST		Deletar profissional	1628027532582	1628027532775	OK	 
REQUEST		Editar profissional	1628027532398	1628027532778	OK	 
REQUEST		Editar profissional	1628027532418	1628027532781	OK	 
REQUEST		Editar profissional	1628027532419	1628027532784	OK	 
REQUEST		Deletar profissional	1628027532592	1628027532787	OK	 
REQUEST		Editar profissional	1628027532414	1628027532795	OK	 
REQUEST		Editar profissional	1628027532422	1628027532789	OK	 
REQUEST		Editar profissional	1628027532426	1628027532806	OK	 
REQUEST		Listagem de clientes	1628027532776	1628027533579	OK	 
REQUEST		Listagem de clientes	1628027532788	1628027533588	OK	 
REQUEST		Deletar profissional	1628027532769	1628027533621	OK	 
REQUEST		Deletar profissional	1628027532777	1628027533625	OK	 
REQUEST		Deletar profissional	1628027532809	1628027533628	OK	 
REQUEST		Deletar profissional	1628027532788	1628027533637	OK	 
REQUEST		Deletar profissional	1628027532803	1628027533644	OK	 
REQUEST		Deletar profissional	1628027532786	1628027533649	OK	 
REQUEST		Deletar profissional	1628027532797	1628027533658	OK	 
REQUEST		Deletar profissional	1628027532780	1628027533670	OK	 
REQUEST		Listagem de clientes	1628027533666	1628027535682	OK	 
REQUEST		Listagem de clientes	1628027533639	1628027535693	OK	 
REQUEST		Listagem de clientes	1628027533622	1628027535702	OK	 
REQUEST		Listagem de clientes	1628027533633	1628027535762	OK	 
REQUEST		Listagem de clientes	1628027533626	1628027535763	OK	 
REQUEST		Listagem de clientes	1628027533645	1628027535768	OK	 
REQUEST		Listagem de clientes	1628027533653	1628027535771	OK	 
REQUEST		Listagem de clientes	1628027533673	1628027535775	OK	 
REQUEST		Adicionar novo cliente	1628027535685	1628027536558	OK	 
REQUEST		Adicionar novo cliente	1628027535774	1628027536563	OK	 
REQUEST		Adicionar novo cliente	1628027535777	1628027536569	OK	 
REQUEST		Adicionar novo cliente	1628027535706	1628027536581	OK	 
REQUEST		Adicionar novo cliente	1628027533585	1628027536588	OK	 
REQUEST		Adicionar novo cliente	1628027535765	1628027536590	OK	 
REQUEST		Adicionar novo cliente	1628027535700	1628027536598	OK	 
REQUEST		Buscar cliente criado	1628027536561	1628027536602	OK	 
REQUEST		Buscar cliente criado	1628027536568	1628027536633	OK	 
REQUEST		Adicionar novo cliente	1628027535770	1628027536587	OK	 
REQUEST		Buscar cliente criado	1628027536583	1628027536646	OK	 
REQUEST		Buscar cliente criado	1628027536576	1628027536656	OK	 
REQUEST		Adicionar novo cliente	1628027533620	1628027536666	OK	 
REQUEST		Adicionar novo cliente	1628027535771	1628027536602	OK	 
REQUEST		Buscar cliente criado	1628027536591	1628027536671	OK	 
REQUEST		Buscar cliente criado	1628027536597	1628027536793	OK	 
REQUEST		Buscar cliente criado	1628027536600	1628027536991	OK	 
REQUEST		Buscar cliente criado	1628027536672	1628027536996	OK	 
REQUEST		Buscar cliente criado	1628027536643	1628027537003	OK	 
REQUEST		Buscar cliente criado	1628027536668	1628027537009	OK	 
REQUEST		Editar cliente	1628027536623	1628027537389	OK	 
REQUEST		Editar cliente	1628027536660	1628027537397	OK	 
REQUEST		Editar cliente	1628027536640	1628027537395	OK	 
REQUEST		Editar cliente	1628027536649	1628027537400	OK	 
REQUEST		Editar cliente	1628027537005	1628027537403	OK	 
REQUEST		Editar cliente	1628027536676	1628027537406	OK	 
REQUEST		Editar cliente	1628027537010	1628027537417	OK	 
REQUEST		Editar cliente	1628027536796	1628027537420	OK	 
REQUEST		Editar cliente	1628027536994	1628027537424	OK	 
REQUEST		Editar cliente	1628027537002	1628027537426	OK	 
REQUEST		Deletar cliente	1628027537399	1628027537877	OK	 
REQUEST		Deletar cliente	1628027537400	1628027537881	OK	 
REQUEST		Deletar cliente	1628027537390	1628027537883	OK	 
REQUEST		Deletar cliente	1628027537402	1628027537881	OK	 
REQUEST		Deletar cliente	1628027537419	1628027537887	OK	 
REQUEST		Deletar cliente	1628027537405	1628027537887	OK	 
REQUEST		Deletar cliente	1628027537409	1628027537891	OK	 
REQUEST		Deletar cliente	1628027537425	1628027537894	OK	 
REQUEST		Deletar cliente	1628027537428	1628027537897	OK	 
REQUEST		Deletar cliente	1628027537422	1628027537902	OK	 
REQUEST		Listagem de Acoes	1628027537880	1628027538967	OK	 
REQUEST		Listagem de Acoes	1628027537898	1628027539084	OK	 
REQUEST		Listagem de Acoes	1628027537882	1628027539089	OK	 
REQUEST		Listagem de Acoes	1628027537888	1628027539093	OK	 
REQUEST		Listagem de Acoes	1628027537894	1628027539097	OK	 
REQUEST		Listagem de Acoes	1628027537885	1628027539103	OK	 
REQUEST		Listagem de Acoes	1628027537888	1628027539106	OK	 
REQUEST		Listagem de Acoes	1628027537886	1628027539110	OK	 
REQUEST		Listagem de Acoes	1628027537905	1628027539118	OK	 
REQUEST		Listagem de Acoes	1628027537896	1628027539125	OK	 
REQUEST		Adicionar novo Acao	1628027539086	1628027539394	OK	 
REQUEST		Adicionar novo Acao	1628027539105	1628027539394	OK	 
REQUEST		Adicionar novo Acao	1628027539091	1628027539398	OK	 
REQUEST		Adicionar novo Acao	1628027539096	1628027539399	OK	 
REQUEST		Adicionar novo Acao	1628027538969	1628027539403	OK	 
REQUEST		Adicionar novo Acao	1628027539133	1628027539406	OK	 
REQUEST		Adicionar novo Acao	1628027539122	1628027539411	OK	 
REQUEST		Adicionar novo Acao	1628027539101	1628027539433	OK	 
REQUEST		Adicionar novo Acao	1628027539114	1628027539438	OK	 
REQUEST		Adicionar novo Acao	1628027539109	1628027539442	OK	 
REQUEST		Buscar acao criada	1628027539397	1628027539566	OK	 
REQUEST		Buscar acao criada	1628027539399	1628027539572	OK	 
REQUEST		Buscar acao criada	1628027539400	1628027539577	OK	 
REQUEST		Buscar acao criada	1628027539404	1628027539585	OK	 
REQUEST		Buscar acao criada	1628027539440	1628027539591	OK	 
REQUEST		Buscar acao criada	1628027539443	1628027539596	OK	 
REQUEST		Buscar acao criada	1628027539403	1628027539576	OK	 
REQUEST		Buscar acao criada	1628027539435	1628027539603	OK	 
REQUEST		Buscar acao criada	1628027539408	1628027539603	OK	 
REQUEST		Buscar acao criada	1628027539415	1628027539614	OK	 
REQUEST		Editar acao	1628027539570	1628027539897	OK	 
REQUEST		Editar acao	1628027539575	1628027539900	OK	 
REQUEST		Editar acao	1628027539578	1628027539901	OK	 
REQUEST		Editar acao	1628027539590	1628027539903	OK	 
REQUEST		Editar acao	1628027539592	1628027539906	OK	 
REQUEST		Editar acao	1628027539598	1628027539913	OK	 
REQUEST		Editar acao	1628027539600	1628027539918	OK	 
REQUEST		Editar acao	1628027539610	1628027539925	OK	 
REQUEST		Editar acao	1628027539605	1628027539973	OK	 
REQUEST		Editar acao	1628027539615	1628027539975	OK	 
REQUEST		Deletar acao	1628027539899	1628027540272	OK	 
REQUEST		Deletar acao	1628027539904	1628027540273	OK	 
REQUEST		Deletar acao	1628027539911	1628027540275	OK	 
REQUEST		Deletar acao	1628027539901	1628027540279	OK	 
REQUEST		Deletar acao	1628027539917	1628027540281	OK	 
REQUEST		Deletar acao	1628027539920	1628027540285	OK	 
REQUEST		Deletar acao	1628027539906	1628027540287	OK	 
REQUEST		Deletar acao	1628027539974	1628027540289	OK	 
REQUEST		Deletar acao	1628027539926	1628027540293	OK	 
REQUEST		Deletar acao	1628027539977	1628027540295	OK	 
REQUEST		Logout	1628027540273	1628027540371	OK	 
REQUEST		Logout	1628027540273	1628027540382	OK	 
REQUEST		Logout	1628027540280	1628027540390	OK	 
REQUEST		Logout	1628027540287	1628027540398	OK	 
REQUEST		Logout	1628027540292	1628027540400	OK	 
REQUEST		Logout	1628027540287	1628027540403	OK	 
REQUEST		Logout	1628027540294	1628027540420	OK	 
REQUEST		Logout	1628027540295	1628027540433	OK	 
REQUEST		Logout	1628027540279	1628027540439	OK	 
REQUEST		Logout	1628027540285	1628027540446	OK	 
USER	Realizar login MaxxiForge para rota Action	END	1628027540386
USER	Realizar login MaxxiForge para rota Action	END	1628027540394
USER	Realizar login MaxxiForge para rota Action	END	1628027540397
USER	Realizar login MaxxiForge para rota Action	END	1628027540399
USER	Realizar login MaxxiForge para rota Action	END	1628027540401
USER	Realizar login MaxxiForge para rota Action	END	1628027540419
USER	Realizar login MaxxiForge para rota Action	END	1628027540432
USER	Realizar login MaxxiForge para rota Action	END	1628027540436
USER	Realizar login MaxxiForge para rota Action	END	1628027540440
USER	Realizar login MaxxiForge para rota Action	END	1628027540447
