RUN	maxxiforge.JornadaEstresse	jornadaestresse	1628104112464	 	3.6.0
USER	Realizar login MaxxiForge para rota Action	START	1628104112679
USER	Realizar login MaxxiForge para rota Action	START	1628104112679
USER	Realizar login MaxxiForge para rota Action	START	1628104112679
USER	Realizar login MaxxiForge para rota Action	START	1628104112679
USER	Realizar login MaxxiForge para rota Action	START	1628104112680
USER	Realizar login MaxxiForge para rota Action	START	1628104112679
USER	Realizar login MaxxiForge para rota Action	START	1628104112682
USER	Realizar login MaxxiForge para rota Action	START	1628104112679
USER	Realizar login MaxxiForge para rota Action	START	1628104112682
USER	Realizar login MaxxiForge para rota Action	START	1628104112682
USER	Realizar login MaxxiForge para rota Action	START	1628104112679
USER	Realizar login MaxxiForge para rota Action	START	1628104112679
USER	Realizar login MaxxiForge para rota Action	START	1628104112679
USER	Realizar login MaxxiForge para rota Action	START	1628104112679
USER	Realizar login MaxxiForge para rota Action	START	1628104112683
USER	Realizar login MaxxiForge para rota Action	START	1628104112683
USER	Realizar login MaxxiForge para rota Action	START	1628104112683
USER	Realizar login MaxxiForge para rota Action	START	1628104112682
USER	Realizar login MaxxiForge para rota Action	START	1628104112683
USER	Realizar login MaxxiForge para rota Action	START	1628104112679
USER	Realizar login MaxxiForge para rota Action	START	1628104112679
USER	Realizar login MaxxiForge para rota Action	START	1628104112679
USER	Realizar login MaxxiForge para rota Action	START	1628104112683
USER	Realizar login MaxxiForge para rota Action	START	1628104112679
USER	Realizar login MaxxiForge para rota Action	START	1628104112681
USER	Realizar login MaxxiForge para rota Action	START	1628104112681
USER	Realizar login MaxxiForge para rota Action	START	1628104112681
USER	Realizar login MaxxiForge para rota Action	START	1628104112685
USER	Realizar login MaxxiForge para rota Action	START	1628104112681
USER	Realizar login MaxxiForge para rota Action	START	1628104112679
USER	Realizar login MaxxiForge para rota Action	START	1628104112685
USER	Realizar login MaxxiForge para rota Action	START	1628104112682
USER	Realizar login MaxxiForge para rota Action	START	1628104112682
USER	Realizar login MaxxiForge para rota Action	START	1628104112683
USER	Realizar login MaxxiForge para rota Action	START	1628104112683
USER	Realizar login MaxxiForge para rota Action	START	1628104112683
USER	Realizar login MaxxiForge para rota Action	START	1628104112683
USER	Realizar login MaxxiForge para rota Action	START	1628104112686
USER	Realizar login MaxxiForge para rota Action	START	1628104112686
USER	Realizar login MaxxiForge para rota Action	START	1628104112683
USER	Realizar login MaxxiForge para rota Action	START	1628104112685
USER	Realizar login MaxxiForge para rota Action	START	1628104112685
USER	Realizar login MaxxiForge para rota Action	START	1628104112685
USER	Realizar login MaxxiForge para rota Action	START	1628104112686
USER	Realizar login MaxxiForge para rota Action	START	1628104112686
USER	Realizar login MaxxiForge para rota Action	START	1628104112686
USER	Realizar login MaxxiForge para rota Action	START	1628104112687
USER	Realizar login MaxxiForge para rota Action	START	1628104112687
USER	Realizar login MaxxiForge para rota Action	START	1628104112687
USER	Realizar login MaxxiForge para rota Action	START	1628104112687
REQUEST		Login	1628104112719	1628104114311	OK	 
REQUEST		Login	1628104112963	1628104114514	OK	 
REQUEST		Login	1628104112718	1628104114665	OK	 
REQUEST		Login	1628104112719	1628104114767	OK	 
REQUEST		Login	1628104112719	1628104114789	OK	 
REQUEST		Login	1628104112960	1628104114801	OK	 
REQUEST		Listagem de profissionais	1628104114358	1628104114797	OK	 
REQUEST		Login	1628104112718	1628104114799	OK	 
REQUEST		Login	1628104112962	1628104114800	OK	 
REQUEST		Login	1628104112719	1628104114801	OK	 
REQUEST		Login	1628104112965	1628104114802	OK	 
REQUEST		Login	1628104112963	1628104114805	OK	 
REQUEST		Login	1628104112719	1628104114811	OK	 
REQUEST		Login	1628104112719	1628104114811	OK	 
REQUEST		Login	1628104112719	1628104114812	OK	 
REQUEST		Login	1628104112960	1628104114812	OK	 
REQUEST		Login	1628104112965	1628104114839	OK	 
REQUEST		Login	1628104112718	1628104114839	OK	 
REQUEST		Listagem de profissionais	1628104114535	1628104114843	OK	 
REQUEST		Login	1628104112963	1628104114843	OK	 
REQUEST		Login	1628104112960	1628104114843	OK	 
REQUEST		Login	1628104112963	1628104114843	OK	 
REQUEST		Login	1628104112965	1628104114843	OK	 
REQUEST		Login	1628104112719	1628104114843	OK	 
REQUEST		Login	1628104112960	1628104114844	OK	 
REQUEST		Login	1628104112960	1628104114844	OK	 
REQUEST		Login	1628104112961	1628104114844	OK	 
REQUEST		Login	1628104112961	1628104114845	OK	 
REQUEST		Login	1628104112962	1628104114856	OK	 
REQUEST		Login	1628104112719	1628104114856	OK	 
REQUEST		Login	1628104112961	1628104114856	OK	 
REQUEST		Login	1628104112961	1628104114856	OK	 
REQUEST		Login	1628104112719	1628104114857	OK	 
REQUEST		Login	1628104112962	1628104114857	OK	 
REQUEST		Login	1628104112961	1628104114857	OK	 
REQUEST		Login	1628104112961	1628104114857	OK	 
REQUEST		Login	1628104112966	1628104114866	OK	 
REQUEST		Login	1628104112961	1628104114866	OK	 
REQUEST		Login	1628104112965	1628104114866	OK	 
REQUEST		Login	1628104112960	1628104114866	OK	 
REQUEST		Login	1628104112719	1628104114869	OK	 
REQUEST		Login	1628104112961	1628104114869	OK	 
REQUEST		Login	1628104112961	1628104114872	OK	 
REQUEST		Login	1628104112963	1628104114872	OK	 
REQUEST		Login	1628104112719	1628104114872	OK	 
REQUEST		Listagem de profissionais	1628104114674	1628104114874	OK	 
REQUEST		Login	1628104112962	1628104114874	OK	 
REQUEST		Login	1628104112719	1628104114874	OK	 
REQUEST		Login	1628104112961	1628104114875	OK	 
REQUEST		Login	1628104112962	1628104114875	OK	 
REQUEST		Login	1628104112965	1628104114881	OK	 
REQUEST		Login	1628104112962	1628104114885	OK	 
REQUEST		Login	1628104112965	1628104114887	OK	 
REQUEST		Listagem de profissionais	1628104114795	1628104114962	OK	 
REQUEST		Listagem de profissionais	1628104114835	1628104115097	OK	 
REQUEST		Listagem de profissionais	1628104114836	1628104115197	OK	 
REQUEST		Listagem de profissionais	1628104114836	1628104115299	OK	 
REQUEST		Listagem de profissionais	1628104114825	1628104115302	OK	 
REQUEST		Listagem de profissionais	1628104114820	1628104115303	OK	 
REQUEST		Listagem de profissionais	1628104114835	1628104115308	OK	 
REQUEST		Listagem de profissionais	1628104114836	1628104115328	OK	 
REQUEST		Listagem de profissionais	1628104114843	1628104115335	OK	 
REQUEST		Listagem de profissionais	1628104114836	1628104115352	OK	 
REQUEST		Listagem de profissionais	1628104114836	1628104115366	OK	 
REQUEST		Listagem de profissionais	1628104114857	1628104115366	OK	 
REQUEST		Listagem de profissionais	1628104114844	1628104115366	OK	 
REQUEST		Listagem de profissionais	1628104114856	1628104115372	OK	 
REQUEST		Listagem de profissionais	1628104114856	1628104115379	OK	 
REQUEST		Listagem de profissionais	1628104114836	1628104115376	OK	 
REQUEST		Listagem de profissionais	1628104114857	1628104115377	OK	 
REQUEST		Listagem de profissionais	1628104114855	1628104115379	OK	 
REQUEST		Listagem de profissionais	1628104114856	1628104115385	OK	 
REQUEST		Listagem de profissionais	1628104114857	1628104115388	OK	 
REQUEST		Listagem de profissionais	1628104114858	1628104115388	OK	 
REQUEST		Listagem de profissionais	1628104114865	1628104115389	OK	 
REQUEST		Listagem de profissionais	1628104114865	1628104115389	OK	 
REQUEST		Listagem de profissionais	1628104114865	1628104115390	OK	 
REQUEST		Listagem de profissionais	1628104114865	1628104115390	OK	 
REQUEST		Listagem de profissionais	1628104114836	1628104115391	OK	 
REQUEST		Listagem de profissionais	1628104114855	1628104115395	OK	 
REQUEST		Listagem de profissionais	1628104114874	1628104115403	OK	 
REQUEST		Listagem de profissionais	1628104114865	1628104115403	OK	 
REQUEST		Listagem de profissionais	1628104114881	1628104115416	OK	 
REQUEST		Listagem de profissionais	1628104114874	1628104115417	OK	 
REQUEST		Listagem de profissionais	1628104114881	1628104115424	OK	 
REQUEST		Listagem de profissionais	1628104114881	1628104115419	OK	 
REQUEST		Listagem de profissionais	1628104114866	1628104115420	OK	 
REQUEST		Listagem de profissionais	1628104114874	1628104115424	OK	 
REQUEST		Listagem de profissionais	1628104114865	1628104115425	OK	 
REQUEST		Listagem de profissionais	1628104114875	1628104115425	OK	 
REQUEST		Listagem de profissionais	1628104114877	1628104115426	OK	 
REQUEST		Listagem de profissionais	1628104114881	1628104115427	OK	 
REQUEST		Listagem de profissionais	1628104114881	1628104115427	OK	 
REQUEST		Listagem de profissionais	1628104114885	1628104115439	OK	 
REQUEST		Listagem de profissionais	1628104114881	1628104115439	OK	 
REQUEST		Listagem de profissionais	1628104114865	1628104115444	OK	 
REQUEST		Listagem de profissionais	1628104114887	1628104115446	OK	 
REQUEST		Listagem de profissionais	1628104114882	1628104115446	OK	 
REQUEST		Listagem de profissionais	1628104114872	1628104115449	OK	 
REQUEST		Listagem de profissionais	1628104114889	1628104115451	OK	 
REQUEST		Adicionar novo profissional	1628104114835	1628104116709	OK	 
REQUEST		Adicionar novo profissional	1628104114849	1628104116710	OK	 
REQUEST		Adicionar novo profissional	1628104115205	1628104116737	OK	 
REQUEST		Adicionar novo profissional	1628104114881	1628104116789	OK	 
REQUEST		Adicionar novo profissional	1628104115110	1628104116812	OK	 
REQUEST		Adicionar novo profissional	1628104114964	1628104116816	OK	 
REQUEST		Buscar profissional criado	1628104116735	1628104116959	OK	 
REQUEST		Buscar profissional criado	1628104116734	1628104116969	OK	 
REQUEST		Buscar profissional criado	1628104116749	1628104116993	OK	 
REQUEST		Buscar profissional criado	1628104116793	1628104117010	OK	 
REQUEST		Buscar profissional criado	1628104116816	1628104117014	OK	 
REQUEST		Buscar profissional criado	1628104116824	1628104117024	OK	 
REQUEST		Adicionar novo profissional	1628104115328	1628104117089	OK	 
REQUEST		Adicionar novo profissional	1628104115335	1628104117093	OK	 
REQUEST		Adicionar novo profissional	1628104115334	1628104117169	OK	 
REQUEST		Adicionar novo profissional	1628104115354	1628104117171	OK	 
REQUEST		Adicionar novo profissional	1628104115358	1628104117171	OK	 
REQUEST		Adicionar novo profissional	1628104115345	1628104117172	OK	 
REQUEST		Adicionar novo profissional	1628104115352	1628104117181	OK	 
REQUEST		Adicionar novo profissional	1628104115375	1628104117221	OK	 
REQUEST		Adicionar novo profissional	1628104115381	1628104117221	OK	 
REQUEST		Adicionar novo profissional	1628104115387	1628104117226	OK	 
REQUEST		Adicionar novo profissional	1628104115403	1628104117227	OK	 
REQUEST		Adicionar novo profissional	1628104115376	1628104117267	OK	 
REQUEST		Adicionar novo profissional	1628104115389	1628104117275	OK	 
REQUEST		Adicionar novo profissional	1628104115424	1628104117279	OK	 
REQUEST		Adicionar novo profissional	1628104115417	1628104117287	OK	 
REQUEST		Adicionar novo profissional	1628104115403	1628104117343	OK	 
REQUEST		Adicionar novo profissional	1628104115400	1628104117362	OK	 
REQUEST		Adicionar novo profissional	1628104115375	1628104117364	OK	 
REQUEST		Adicionar novo profissional	1628104115388	1628104117365	OK	 
REQUEST		Adicionar novo profissional	1628104115388	1628104117365	OK	 
REQUEST		Adicionar novo profissional	1628104115400	1628104117369	OK	 
REQUEST		Adicionar novo profissional	1628104115417	1628104117369	OK	 
REQUEST		Adicionar novo profissional	1628104115401	1628104117370	OK	 
REQUEST		Adicionar novo profissional	1628104115385	1628104117371	OK	 
REQUEST		Adicionar novo profissional	1628104115427	1628104117380	OK	 
REQUEST		Adicionar novo profissional	1628104115442	1628104117381	OK	 
REQUEST		Adicionar novo profissional	1628104115444	1628104117418	OK	 
REQUEST		Adicionar novo profissional	1628104115444	1628104117421	OK	 
REQUEST		Adicionar novo profissional	1628104115427	1628104117440	OK	 
REQUEST		Adicionar novo profissional	1628104115442	1628104117440	OK	 
REQUEST		Adicionar novo profissional	1628104115403	1628104117444	OK	 
REQUEST		Adicionar novo profissional	1628104115439	1628104117448	OK	 
REQUEST		Adicionar novo profissional	1628104115442	1628104117461	OK	 
REQUEST		Buscar profissional criado	1628104117090	1628104117464	OK	 
REQUEST		Adicionar novo profissional	1628104115450	1628104117464	OK	 
REQUEST		Adicionar novo profissional	1628104115452	1628104117465	OK	 
REQUEST		Buscar profissional criado	1628104117094	1628104117474	OK	 
REQUEST		Adicionar novo profissional	1628104115429	1628104117479	OK	 
REQUEST		Adicionar novo profissional	1628104115450	1628104117481	OK	 
REQUEST		Adicionar novo profissional	1628104115449	1628104117486	OK	 
REQUEST		Adicionar novo profissional	1628104115424	1628104117489	OK	 
REQUEST		Buscar profissional criado	1628104117178	1628104117495	OK	 
REQUEST		Buscar profissional criado	1628104117178	1628104117496	OK	 
REQUEST		Adicionar novo profissional	1628104115446	1628104117500	OK	 
REQUEST		Buscar profissional criado	1628104117181	1628104117503	OK	 
REQUEST		Buscar profissional criado	1628104117182	1628104117503	OK	 
REQUEST		Buscar profissional criado	1628104117227	1628104117505	OK	 
REQUEST		Buscar profissional criado	1628104117225	1628104117505	OK	 
REQUEST		Buscar profissional criado	1628104117270	1628104117505	OK	 
REQUEST		Adicionar novo profissional	1628104115445	1628104117506	OK	 
REQUEST		Adicionar novo profissional	1628104115430	1628104117508	OK	 
REQUEST		Buscar profissional criado	1628104117231	1628104117510	OK	 
REQUEST		Buscar profissional criado	1628104117185	1628104117510	OK	 
REQUEST		Buscar profissional criado	1628104117231	1628104117512	OK	 
REQUEST		Buscar profissional criado	1628104117279	1628104117514	OK	 
REQUEST		Buscar profissional criado	1628104117282	1628104117517	OK	 
REQUEST		Buscar profissional criado	1628104117292	1628104117526	OK	 
REQUEST		Adicionar novo profissional	1628104115445	1628104117533	OK	 
REQUEST		Adicionar novo profissional	1628104115428	1628104117534	OK	 
REQUEST		Buscar profissional criado	1628104117346	1628104117547	OK	 
REQUEST		Buscar profissional criado	1628104117368	1628104117550	OK	 
REQUEST		Buscar profissional criado	1628104117364	1628104117552	OK	 
REQUEST		Buscar profissional criado	1628104117370	1628104117554	OK	 
REQUEST		Buscar profissional criado	1628104117378	1628104117555	OK	 
REQUEST		Buscar profissional criado	1628104117379	1628104117560	OK	 
REQUEST		Buscar profissional criado	1628104117370	1628104117560	OK	 
REQUEST		Editar profissional	1628104117012	1628104117560	OK	 
REQUEST		Buscar profissional criado	1628104117378	1628104117560	OK	 
REQUEST		Buscar profissional criado	1628104117378	1628104117560	OK	 
REQUEST		Editar profissional	1628104116997	1628104117560	OK	 
REQUEST		Editar profissional	1628104116963	1628104117560	OK	 
REQUEST		Buscar profissional criado	1628104117383	1628104117565	OK	 
REQUEST		Editar profissional	1628104117026	1628104117565	OK	 
REQUEST		Editar profissional	1628104117017	1628104117566	OK	 
REQUEST		Buscar profissional criado	1628104117383	1628104117567	OK	 
REQUEST		Editar profissional	1628104116980	1628104117571	OK	 
REQUEST		Buscar profissional criado	1628104117420	1628104117583	OK	 
REQUEST		Buscar profissional criado	1628104117422	1628104117587	OK	 
REQUEST		Buscar profissional criado	1628104117441	1628104117604	OK	 
REQUEST		Buscar profissional criado	1628104117441	1628104117605	OK	 
REQUEST		Buscar profissional criado	1628104117449	1628104117610	OK	 
REQUEST		Buscar profissional criado	1628104117460	1628104117621	OK	 
REQUEST		Buscar profissional criado	1628104117481	1628104117635	OK	 
REQUEST		Buscar profissional criado	1628104117483	1628104117639	OK	 
REQUEST		Buscar profissional criado	1628104117486	1628104117647	OK	 
REQUEST		Buscar profissional criado	1628104117491	1628104117655	OK	 
REQUEST		Buscar profissional criado	1628104117489	1628104117657	OK	 
REQUEST		Buscar profissional criado	1628104117482	1628104117673	OK	 
REQUEST		Buscar profissional criado	1628104117479	1628104117681	OK	 
REQUEST		Buscar profissional criado	1628104117504	1628104117706	OK	 
REQUEST		Buscar profissional criado	1628104117510	1628104117706	OK	 
REQUEST		Buscar profissional criado	1628104117511	1628104117716	OK	 
REQUEST		Buscar profissional criado	1628104117534	1628104117737	OK	 
REQUEST		Buscar profissional criado	1628104117535	1628104117738	OK	 
REQUEST		Editar profissional	1628104117481	1628104117779	OK	 
REQUEST		Editar profissional	1628104117483	1628104117899	OK	 
REQUEST		Deletar profissional	1628104117564	1628104117899	OK	 
REQUEST		Deletar profissional	1628104117566	1628104117908	OK	 
REQUEST		Editar profissional	1628104117501	1628104117908	OK	 
REQUEST		Deletar profissional	1628104117564	1628104117914	OK	 
REQUEST		Deletar profissional	1628104117563	1628104117918	OK	 
REQUEST		Editar profissional	1628104117506	1628104117918	OK	 
REQUEST		Deletar profissional	1628104117568	1628104117919	OK	 
REQUEST		Deletar profissional	1628104117574	1628104117919	OK	 
REQUEST		Editar profissional	1628104117509	1628104117924	OK	 
REQUEST		Editar profissional	1628104117509	1628104117925	OK	 
REQUEST		Editar profissional	1628104117507	1628104117929	OK	 
REQUEST		Editar profissional	1628104117507	1628104117930	OK	 
REQUEST		Editar profissional	1628104117501	1628104117930	OK	 
REQUEST		Editar profissional	1628104117551	1628104117936	OK	 
REQUEST		Editar profissional	1628104117512	1628104117935	OK	 
REQUEST		Editar profissional	1628104117515	1628104117936	OK	 
REQUEST		Editar profissional	1628104117518	1628104117938	OK	 
REQUEST		Editar profissional	1628104117548	1628104117940	OK	 
REQUEST		Editar profissional	1628104117554	1628104117942	OK	 
REQUEST		Editar profissional	1628104117512	1628104117941	OK	 
REQUEST		Editar profissional	1628104117515	1628104117942	OK	 
REQUEST		Editar profissional	1628104117528	1628104117951	OK	 
REQUEST		Editar profissional	1628104117553	1628104117955	OK	 
REQUEST		Editar profissional	1628104117556	1628104117959	OK	 
REQUEST		Editar profissional	1628104117564	1628104117960	OK	 
REQUEST		Editar profissional	1628104117564	1628104117961	OK	 
REQUEST		Editar profissional	1628104117564	1628104117966	OK	 
REQUEST		Editar profissional	1628104117564	1628104117966	OK	 
REQUEST		Editar profissional	1628104117605	1628104117966	OK	 
REQUEST		Editar profissional	1628104117606	1628104117968	OK	 
REQUEST		Editar profissional	1628104117611	1628104117969	OK	 
REQUEST		Editar profissional	1628104117568	1628104117970	OK	 
REQUEST		Editar profissional	1628104117566	1628104117972	OK	 
REQUEST		Editar profissional	1628104117622	1628104117974	OK	 
REQUEST		Editar profissional	1628104117584	1628104117974	OK	 
REQUEST		Editar profissional	1628104117656	1628104117975	OK	 
REQUEST		Editar profissional	1628104117589	1628104117977	OK	 
REQUEST		Editar profissional	1628104117648	1628104117977	OK	 
REQUEST		Editar profissional	1628104117708	1628104117979	OK	 
REQUEST		Editar profissional	1628104117674	1628104117979	OK	 
REQUEST		Editar profissional	1628104117636	1628104117981	OK	 
REQUEST		Editar profissional	1628104117708	1628104117981	OK	 
REQUEST		Deletar profissional	1628104117783	1628104117981	OK	 
REQUEST		Editar profissional	1628104117658	1628104117983	OK	 
REQUEST		Editar profissional	1628104117640	1628104117984	OK	 
REQUEST		Editar profissional	1628104117682	1628104117985	OK	 
REQUEST		Editar profissional	1628104117740	1628104117987	OK	 
REQUEST		Editar profissional	1628104117743	1628104117989	OK	 
REQUEST		Editar profissional	1628104117717	1628104117990	OK	 
REQUEST		Listagem de clientes	1628104117902	1628104118591	OK	 
REQUEST		Listagem de clientes	1628104117910	1628104118613	OK	 
REQUEST		Deletar profissional	1628104117911	1628104118622	OK	 
REQUEST		Deletar profissional	1628104117902	1628104118630	OK	 
REQUEST		Listagem de clientes	1628104117923	1628104118632	OK	 
REQUEST		Listagem de clientes	1628104117923	1628104118653	OK	 
REQUEST		Listagem de clientes	1628104117924	1628104118658	OK	 
REQUEST		Listagem de clientes	1628104117918	1628104118658	OK	 
REQUEST		Deletar profissional	1628104117983	1628104118674	OK	 
REQUEST		Deletar profissional	1628104117935	1628104118674	OK	 
REQUEST		Deletar profissional	1628104117948	1628104118674	OK	 
REQUEST		Deletar profissional	1628104117956	1628104118675	OK	 
REQUEST		Deletar profissional	1628104117947	1628104118675	OK	 
REQUEST		Deletar profissional	1628104117971	1628104118677	OK	 
REQUEST		Deletar profissional	1628104117949	1628104118678	OK	 
REQUEST		Deletar profissional	1628104117979	1628104118679	OK	 
REQUEST		Deletar profissional	1628104117960	1628104118679	OK	 
REQUEST		Deletar profissional	1628104117933	1628104118682	OK	 
REQUEST		Deletar profissional	1628104117967	1628104118685	OK	 
REQUEST		Deletar profissional	1628104117945	1628104118684	OK	 
REQUEST		Deletar profissional	1628104117970	1628104118687	OK	 
REQUEST		Deletar profissional	1628104117923	1628104118685	OK	 
REQUEST		Deletar profissional	1628104117949	1628104118685	OK	 
REQUEST		Deletar profissional	1628104117974	1628104118691	OK	 
REQUEST		Deletar profissional	1628104117934	1628104118691	OK	 
REQUEST		Deletar profissional	1628104117939	1628104118688	OK	 
REQUEST		Deletar profissional	1628104117967	1628104118693	OK	 
REQUEST		Deletar profissional	1628104117984	1628104118696	OK	 
REQUEST		Deletar profissional	1628104117929	1628104118694	OK	 
REQUEST		Deletar profissional	1628104117939	1628104118694	OK	 
REQUEST		Deletar profissional	1628104117978	1628104118696	OK	 
REQUEST		Deletar profissional	1628104117976	1628104118697	OK	 
REQUEST		Deletar profissional	1628104117976	1628104118698	OK	 
REQUEST		Deletar profissional	1628104117929	1628104118703	OK	 
REQUEST		Deletar profissional	1628104117968	1628104118699	OK	 
REQUEST		Deletar profissional	1628104117985	1628104118704	OK	 
REQUEST		Deletar profissional	1628104117976	1628104118700	OK	 
REQUEST		Deletar profissional	1628104117971	1628104118701	OK	 
REQUEST		Deletar profissional	1628104117962	1628104118702	OK	 
REQUEST		Deletar profissional	1628104117939	1628104118708	OK	 
REQUEST		Deletar profissional	1628104117981	1628104118707	OK	 
REQUEST		Deletar profissional	1628104117986	1628104118707	OK	 
REQUEST		Deletar profissional	1628104117981	1628104118711	OK	 
REQUEST		Listagem de clientes	1628104117983	1628104118712	OK	 
REQUEST		Deletar profissional	1628104117952	1628104118714	OK	 
REQUEST		Deletar profissional	1628104117961	1628104118714	OK	 
REQUEST		Deletar profissional	1628104117989	1628104118715	OK	 
REQUEST		Deletar profissional	1628104117991	1628104118719	OK	 
REQUEST		Deletar profissional	1628104117990	1628104118719	OK	 
REQUEST		Deletar profissional	1628104117982	1628104118721	OK	 
REQUEST		Listagem de clientes	1628104118627	1628104120052	OK	 
REQUEST		Listagem de clientes	1628104118632	1628104120160	OK	 
REQUEST		Listagem de clientes	1628104118719	1628104120183	OK	 
REQUEST		Adicionar novo cliente	1628104118595	1628104120199	OK	 
REQUEST		Adicionar novo cliente	1628104118715	1628104120224	OK	 
REQUEST		Listagem de clientes	1628104118678	1628104120276	OK	 
REQUEST		Listagem de clientes	1628104118678	1628104120288	OK	 
REQUEST		Listagem de clientes	1628104118682	1628104120289	OK	 
REQUEST		Listagem de clientes	1628104118695	1628104120313	OK	 
REQUEST		Listagem de clientes	1628104118684	1628104120317	OK	 
REQUEST		Listagem de clientes	1628104118693	1628104120317	OK	 
REQUEST		Listagem de clientes	1628104118714	1628104120318	OK	 
REQUEST		Listagem de clientes	1628104118712	1628104120326	OK	 
REQUEST		Listagem de clientes	1628104118705	1628104120327	OK	 
REQUEST		Listagem de clientes	1628104118691	1628104120328	OK	 
REQUEST		Listagem de clientes	1628104118704	1628104120329	OK	 
REQUEST		Listagem de clientes	1628104118685	1628104120356	OK	 
REQUEST		Listagem de clientes	1628104118675	1628104120357	OK	 
REQUEST		Listagem de clientes	1628104118713	1628104120357	OK	 
REQUEST		Listagem de clientes	1628104118690	1628104120357	OK	 
REQUEST		Listagem de clientes	1628104118688	1628104120358	OK	 
REQUEST		Listagem de clientes	1628104118714	1628104120358	OK	 
REQUEST		Listagem de clientes	1628104118679	1628104120381	OK	 
REQUEST		Listagem de clientes	1628104118697	1628104120382	OK	 
REQUEST		Listagem de clientes	1628104118709	1628104120390	OK	 
REQUEST		Listagem de clientes	1628104118709	1628104120387	OK	 
REQUEST		Listagem de clientes	1628104118691	1628104120389	OK	 
REQUEST		Listagem de clientes	1628104118707	1628104120390	OK	 
REQUEST		Listagem de clientes	1628104118707	1628104120398	OK	 
REQUEST		Listagem de clientes	1628104118696	1628104120398	OK	 
REQUEST		Listagem de clientes	1628104118721	1628104120405	OK	 
REQUEST		Listagem de clientes	1628104118702	1628104120424	OK	 
REQUEST		Listagem de clientes	1628104118685	1628104120461	OK	 
REQUEST		Listagem de clientes	1628104118718	1628104120461	OK	 
REQUEST		Listagem de clientes	1628104118677	1628104120463	OK	 
REQUEST		Listagem de clientes	1628104118700	1628104120468	OK	 
REQUEST		Listagem de clientes	1628104118707	1628104120469	OK	 
REQUEST		Listagem de clientes	1628104118708	1628104120475	OK	 
REQUEST		Listagem de clientes	1628104118693	1628104120475	OK	 
REQUEST		Listagem de clientes	1628104118694	1628104120476	OK	 
REQUEST		Listagem de clientes	1628104118702	1628104120476	OK	 
REQUEST		Listagem de clientes	1628104118708	1628104120487	OK	 
REQUEST		Listagem de clientes	1628104118716	1628104120487	OK	 
REQUEST		Listagem de clientes	1628104118720	1628104120490	OK	 
REQUEST		Listagem de clientes	1628104118720	1628104120490	OK	 
REQUEST		Buscar cliente criado	1628104120205	1628104120733	OK	 
REQUEST		Buscar cliente criado	1628104120226	1628104120733	OK	 
REQUEST		Adicionar novo cliente	1628104118617	1628104121273	OK	 
REQUEST		Adicionar novo cliente	1628104118638	1628104121282	OK	 
REQUEST		Adicionar novo cliente	1628104118655	1628104121293	OK	 
REQUEST		Adicionar novo cliente	1628104118662	1628104121294	OK	 
REQUEST		Adicionar novo cliente	1628104118661	1628104121297	OK	 
REQUEST		Buscar cliente criado	1628104121278	1628104121451	OK	 
REQUEST		Buscar cliente criado	1628104121287	1628104121468	OK	 
REQUEST		Editar cliente	1628104120741	1628104121483	OK	 
REQUEST		Editar cliente	1628104120740	1628104121483	OK	 
REQUEST		Adicionar novo cliente	1628104120167	1628104121484	OK	 
REQUEST		Buscar cliente criado	1628104121309	1628104121485	OK	 
REQUEST		Buscar cliente criado	1628104121300	1628104121497	OK	 
REQUEST		Buscar cliente criado	1628104121310	1628104121497	OK	 
REQUEST		Adicionar novo cliente	1628104120386	1628104121529	OK	 
REQUEST		Adicionar novo cliente	1628104120055	1628104121529	OK	 
REQUEST		Adicionar novo cliente	1628104120475	1628104121530	OK	 
REQUEST		Adicionar novo cliente	1628104120466	1628104121530	OK	 
REQUEST		Adicionar novo cliente	1628104120395	1628104121530	OK	 
REQUEST		Adicionar novo cliente	1628104120389	1628104121531	OK	 
REQUEST		Adicionar novo cliente	1628104120296	1628104121531	OK	 
REQUEST		Adicionar novo cliente	1628104120317	1628104121532	OK	 
REQUEST		Adicionar novo cliente	1628104120386	1628104121533	OK	 
REQUEST		Adicionar novo cliente	1628104120325	1628104121534	OK	 
REQUEST		Adicionar novo cliente	1628104120323	1628104121544	OK	 
REQUEST		Adicionar novo cliente	1628104120426	1628104121567	OK	 
REQUEST		Adicionar novo cliente	1628104120399	1628104121577	OK	 
REQUEST		Adicionar novo cliente	1628104120386	1628104121570	OK	 
REQUEST		Adicionar novo cliente	1628104120356	1628104121571	OK	 
REQUEST		Adicionar novo cliente	1628104120387	1628104121576	OK	 
REQUEST		Adicionar novo cliente	1628104120487	1628104121587	OK	 
REQUEST		Adicionar novo cliente	1628104120399	1628104121584	OK	 
REQUEST		Adicionar novo cliente	1628104120351	1628104121584	OK	 
REQUEST		Adicionar novo cliente	1628104120469	1628104121585	OK	 
REQUEST		Adicionar novo cliente	1628104120403	1628104121589	OK	 
REQUEST		Adicionar novo cliente	1628104120404	1628104121586	OK	 
REQUEST		Adicionar novo cliente	1628104120484	1628104121587	OK	 
REQUEST		Adicionar novo cliente	1628104120399	1628104121587	OK	 
REQUEST		Adicionar novo cliente	1628104120356	1628104121587	OK	 
REQUEST		Adicionar novo cliente	1628104120324	1628104121587	OK	 
REQUEST		Adicionar novo cliente	1628104120386	1628104121588	OK	 
REQUEST		Adicionar novo cliente	1628104120381	1628104121589	OK	 
REQUEST		Adicionar novo cliente	1628104120486	1628104121593	OK	 
REQUEST		Adicionar novo cliente	1628104120496	1628104121593	OK	 
REQUEST		Adicionar novo cliente	1628104120466	1628104121598	OK	 
REQUEST		Adicionar novo cliente	1628104120356	1628104121597	OK	 
REQUEST		Adicionar novo cliente	1628104120296	1628104121597	OK	 
REQUEST		Adicionar novo cliente	1628104120492	1628104121601	OK	 
REQUEST		Adicionar novo cliente	1628104120280	1628104121600	OK	 
REQUEST		Adicionar novo cliente	1628104120484	1628104121600	OK	 
REQUEST		Adicionar novo cliente	1628104120398	1628104121602	OK	 
REQUEST		Adicionar novo cliente	1628104120189	1628104121602	OK	 
REQUEST		Adicionar novo cliente	1628104120496	1628104121602	OK	 
REQUEST		Adicionar novo cliente	1628104120496	1628104121603	OK	 
REQUEST		Adicionar novo cliente	1628104120410	1628104121607	OK	 
REQUEST		Adicionar novo cliente	1628104120475	1628104121607	OK	 
REQUEST		Editar cliente	1628104121456	1628104121642	OK	 
REQUEST		Editar cliente	1628104121478	1628104121661	OK	 
REQUEST		Buscar cliente criado	1628104121519	1628104121806	OK	 
REQUEST		Buscar cliente criado	1628104121568	1628104122058	OK	 
REQUEST		Buscar cliente criado	1628104121591	1628104122059	OK	 
REQUEST		Buscar cliente criado	1628104121568	1628104122060	OK	 
REQUEST		Buscar cliente criado	1628104121569	1628104122063	OK	 
REQUEST		Buscar cliente criado	1628104121563	1628104122065	OK	 
REQUEST		Buscar cliente criado	1628104121585	1628104122069	OK	 
REQUEST		Buscar cliente criado	1628104121568	1628104122082	OK	 
REQUEST		Buscar cliente criado	1628104121569	1628104122083	OK	 
REQUEST		Buscar cliente criado	1628104121569	1628104122096	OK	 
REQUEST		Buscar cliente criado	1628104121570	1628104122091	OK	 
REQUEST		Buscar cliente criado	1628104121569	1628104122091	OK	 
REQUEST		Buscar cliente criado	1628104121571	1628104122095	OK	 
REQUEST		Buscar cliente criado	1628104121583	1628104122096	OK	 
REQUEST		Buscar cliente criado	1628104121569	1628104122097	OK	 
REQUEST		Buscar cliente criado	1628104121585	1628104122097	OK	 
REQUEST		Buscar cliente criado	1628104121596	1628104122103	OK	 
REQUEST		Buscar cliente criado	1628104121585	1628104122110	OK	 
REQUEST		Buscar cliente criado	1628104121594	1628104122113	OK	 
REQUEST		Buscar cliente criado	1628104121592	1628104122114	OK	 
REQUEST		Buscar cliente criado	1628104121597	1628104122114	OK	 
REQUEST		Buscar cliente criado	1628104121604	1628104122165	OK	 
REQUEST		Buscar cliente criado	1628104121592	1628104122168	OK	 
REQUEST		Buscar cliente criado	1628104121594	1628104122167	OK	 
REQUEST		Buscar cliente criado	1628104121596	1628104122169	OK	 
REQUEST		Buscar cliente criado	1628104121593	1628104122170	OK	 
REQUEST		Buscar cliente criado	1628104121597	1628104122170	OK	 
REQUEST		Buscar cliente criado	1628104121592	1628104122171	OK	 
REQUEST		Buscar cliente criado	1628104121600	1628104122172	OK	 
REQUEST		Buscar cliente criado	1628104121606	1628104122175	OK	 
REQUEST		Buscar cliente criado	1628104121600	1628104122179	OK	 
REQUEST		Buscar cliente criado	1628104121594	1628104122179	OK	 
REQUEST		Buscar cliente criado	1628104121603	1628104122181	OK	 
REQUEST		Buscar cliente criado	1628104121594	1628104122181	OK	 
REQUEST		Buscar cliente criado	1628104121601	1628104122182	OK	 
REQUEST		Buscar cliente criado	1628104121603	1628104122188	OK	 
REQUEST		Buscar cliente criado	1628104121585	1628104122191	OK	 
REQUEST		Deletar cliente	1628104121497	1628104122194	OK	 
REQUEST		Buscar cliente criado	1628104121606	1628104122193	OK	 
REQUEST		Buscar cliente criado	1628104121606	1628104122195	OK	 
REQUEST		Buscar cliente criado	1628104121606	1628104122197	OK	 
REQUEST		Buscar cliente criado	1628104121601	1628104122198	OK	 
REQUEST		Deletar cliente	1628104121502	1628104122206	OK	 
REQUEST		Deletar cliente	1628104121643	1628104122207	OK	 
REQUEST		Editar cliente	1628104121532	1628104122207	OK	 
REQUEST		Editar cliente	1628104121528	1628104122208	OK	 
REQUEST		Buscar cliente criado	1628104121608	1628104122215	OK	 
REQUEST		Buscar cliente criado	1628104121608	1628104122214	OK	 
REQUEST		Deletar cliente	1628104121662	1628104122220	OK	 
REQUEST		Editar cliente	1628104121532	1628104122248	OK	 
REQUEST		Editar cliente	1628104121811	1628104122880	OK	 
REQUEST		Deletar cliente	1628104122219	1628104123015	OK	 
REQUEST		Deletar cliente	1628104122219	1628104123021	OK	 
REQUEST		Editar cliente	1628104122089	1628104123031	OK	 
REQUEST		Editar cliente	1628104122106	1628104123031	OK	 
REQUEST		Deletar cliente	1628104122250	1628104123051	OK	 
REQUEST		Editar cliente	1628104122070	1628104123050	OK	 
REQUEST		Editar cliente	1628104122115	1628104123052	OK	 
REQUEST		Editar cliente	1628104122118	1628104123058	OK	 
REQUEST		Editar cliente	1628104122069	1628104123062	OK	 
REQUEST		Editar cliente	1628104122105	1628104123064	OK	 
REQUEST		Editar cliente	1628104122090	1628104123064	OK	 
REQUEST		Editar cliente	1628104122076	1628104123071	OK	 
REQUEST		Editar cliente	1628104122104	1628104123072	OK	 
REQUEST		Editar cliente	1628104122111	1628104123072	OK	 
REQUEST		Editar cliente	1628104122105	1628104123072	OK	 
REQUEST		Editar cliente	1628104122067	1628104123073	OK	 
REQUEST		Editar cliente	1628104122105	1628104123075	OK	 
REQUEST		Editar cliente	1628104122178	1628104123078	OK	 
REQUEST		Editar cliente	1628104122175	1628104123080	OK	 
REQUEST		Editar cliente	1628104122196	1628104123084	OK	 
REQUEST		Editar cliente	1628104122105	1628104123088	OK	 
REQUEST		Editar cliente	1628104122106	1628104123088	OK	 
REQUEST		Editar cliente	1628104122172	1628104123088	OK	 
REQUEST		Editar cliente	1628104122187	1628104123088	OK	 
REQUEST		Editar cliente	1628104122071	1628104123089	OK	 
REQUEST		Editar cliente	1628104122178	1628104123089	OK	 
REQUEST		Editar cliente	1628104122117	1628104123089	OK	 
REQUEST		Editar cliente	1628104122207	1628104123090	OK	 
REQUEST		Editar cliente	1628104122221	1628104123094	OK	 
REQUEST		Editar cliente	1628104122114	1628104123095	OK	 
REQUEST		Editar cliente	1628104122192	1628104123097	OK	 
REQUEST		Editar cliente	1628104122195	1628104123095	OK	 
REQUEST		Editar cliente	1628104122195	1628104123100	OK	 
REQUEST		Editar cliente	1628104122192	1628104123097	OK	 
REQUEST		Editar cliente	1628104122194	1628104123101	OK	 
REQUEST		Editar cliente	1628104122082	1628104123102	OK	 
REQUEST		Editar cliente	1628104122221	1628104123103	OK	 
REQUEST		Editar cliente	1628104122180	1628104123104	OK	 
REQUEST		Editar cliente	1628104122207	1628104123106	OK	 
REQUEST		Editar cliente	1628104122205	1628104123107	OK	 
REQUEST		Editar cliente	1628104122170	1628104123117	OK	 
REQUEST		Listagem de Acoes	1628104122196	1628104123123	OK	 
REQUEST		Editar cliente	1628104122178	1628104123125	OK	 
REQUEST		Editar cliente	1628104122181	1628104123126	OK	 
REQUEST		Deletar cliente	1628104122887	1628104123128	OK	 
REQUEST		Listagem de Acoes	1628104122214	1628104123132	OK	 
REQUEST		Listagem de Acoes	1628104122215	1628104123132	OK	 
REQUEST		Editar cliente	1628104122204	1628104123132	OK	 
REQUEST		Editar cliente	1628104122203	1628104123134	OK	 
REQUEST		Listagem de Acoes	1628104122222	1628104123142	OK	 
REQUEST		Listagem de Acoes	1628104123021	1628104123187	OK	 
REQUEST		Listagem de Acoes	1628104123032	1628104123250	OK	 
REQUEST		Listagem de Acoes	1628104123057	1628104123764	OK	 
REQUEST		Listagem de Acoes	1628104123128	1628104123778	OK	 
REQUEST		Deletar cliente	1628104123047	1628104123802	OK	 
REQUEST		Adicionar novo Acao	1628104123188	1628104123808	OK	 
REQUEST		Deletar cliente	1628104123050	1628104123822	OK	 
REQUEST		Adicionar novo Acao	1628104123134	1628104123813	OK	 
REQUEST		Deletar cliente	1628104123057	1628104123814	OK	 
REQUEST		Deletar cliente	1628104123084	1628104123815	OK	 
REQUEST		Deletar cliente	1628104123070	1628104123816	OK	 
REQUEST		Deletar cliente	1628104123081	1628104123817	OK	 
REQUEST		Deletar cliente	1628104123071	1628104123821	OK	 
REQUEST		Adicionar novo Acao	1628104123134	1628104123822	OK	 
REQUEST		Adicionar novo Acao	1628104123253	1628104123822	OK	 
REQUEST		Deletar cliente	1628104123094	1628104123824	OK	 
REQUEST		Deletar cliente	1628104123079	1628104123830	OK	 
REQUEST		Deletar cliente	1628104123079	1628104123834	OK	 
REQUEST		Deletar cliente	1628104123081	1628104123835	OK	 
REQUEST		Deletar cliente	1628104123086	1628104123835	OK	 
REQUEST		Adicionar novo Acao	1628104123124	1628104123860	OK	 
REQUEST		Deletar cliente	1628104123093	1628104123864	OK	 
REQUEST		Deletar cliente	1628104123100	1628104123875	OK	 
REQUEST		Deletar cliente	1628104123087	1628104123877	OK	 
REQUEST		Deletar cliente	1628104123126	1628104123874	OK	 
REQUEST		Deletar cliente	1628104123136	1628104123874	OK	 
REQUEST		Deletar cliente	1628104123101	1628104123875	OK	 
REQUEST		Deletar cliente	1628104123105	1628104123876	OK	 
REQUEST		Deletar cliente	1628104123061	1628104123876	OK	 
REQUEST		Deletar cliente	1628104123058	1628104123877	OK	 
REQUEST		Deletar cliente	1628104123106	1628104123878	OK	 
REQUEST		Deletar cliente	1628104123095	1628104123879	OK	 
REQUEST		Adicionar novo Acao	1628104123143	1628104123880	OK	 
REQUEST		Deletar cliente	1628104123093	1628104123881	OK	 
REQUEST		Deletar cliente	1628104123081	1628104123881	OK	 
REQUEST		Deletar cliente	1628104123093	1628104123882	OK	 
REQUEST		Deletar cliente	1628104123064	1628104123892	OK	 
REQUEST		Deletar cliente	1628104123102	1628104123892	OK	 
REQUEST		Deletar cliente	1628104123088	1628104123894	OK	 
REQUEST		Deletar cliente	1628104123134	1628104123896	OK	 
REQUEST		Deletar cliente	1628104123107	1628104123896	OK	 
REQUEST		Deletar cliente	1628104123108	1628104123896	OK	 
REQUEST		Deletar cliente	1628104123118	1628104123896	OK	 
REQUEST		Deletar cliente	1628104123095	1628104123897	OK	 
REQUEST		Deletar cliente	1628104123127	1628104123897	OK	 
REQUEST		Deletar cliente	1628104123103	1628104123897	OK	 
REQUEST		Deletar cliente	1628104123105	1628104123898	OK	 
REQUEST		Deletar cliente	1628104123094	1628104123899	OK	 
REQUEST		Deletar cliente	1628104123095	1628104123899	OK	 
REQUEST		Deletar cliente	1628104123103	1628104123904	OK	 
REQUEST		Deletar cliente	1628104123096	1628104123907	OK	 
REQUEST		Deletar cliente	1628104123105	1628104123909	OK	 
REQUEST		Adicionar novo Acao	1628104123769	1628104123927	OK	 
REQUEST		Adicionar novo Acao	1628104123788	1628104123988	OK	 
REQUEST		Listagem de Acoes	1628104123810	1628104123997	OK	 
REQUEST		Buscar acao criada	1628104123837	1628104124454	OK	 
REQUEST		Buscar acao criada	1628104123849	1628104124495	OK	 
REQUEST		Buscar acao criada	1628104123861	1628104124499	OK	 
REQUEST		Buscar acao criada	1628104123861	1628104124500	OK	 
REQUEST		Listagem de Acoes	1628104123851	1628104124514	OK	 
REQUEST		Buscar acao criada	1628104123869	1628104124570	OK	 
REQUEST		Listagem de Acoes	1628104123849	1628104124571	OK	 
REQUEST		Listagem de Acoes	1628104123878	1628104124577	OK	 
REQUEST		Listagem de Acoes	1628104123860	1628104124575	OK	 
REQUEST		Listagem de Acoes	1628104123863	1628104124577	OK	 
REQUEST		Listagem de Acoes	1628104123861	1628104124579	OK	 
REQUEST		Listagem de Acoes	1628104123855	1628104124581	OK	 
REQUEST		Listagem de Acoes	1628104123847	1628104124581	OK	 
REQUEST		Buscar acao criada	1628104123928	1628104124586	OK	 
REQUEST		Listagem de Acoes	1628104123863	1628104124587	OK	 
REQUEST		Buscar acao criada	1628104123893	1628104124596	OK	 
REQUEST		Listagem de Acoes	1628104123885	1628104124603	OK	 
REQUEST		Listagem de Acoes	1628104123855	1628104124604	OK	 
REQUEST		Listagem de Acoes	1628104123885	1628104124611	OK	 
REQUEST		Listagem de Acoes	1628104123890	1628104124616	OK	 
REQUEST		Listagem de Acoes	1628104123905	1628104124617	OK	 
REQUEST		Listagem de Acoes	1628104123910	1628104124622	OK	 
REQUEST		Listagem de Acoes	1628104123881	1628104124626	OK	 
REQUEST		Listagem de Acoes	1628104123907	1628104124625	OK	 
REQUEST		Listagem de Acoes	1628104123892	1628104124626	OK	 
REQUEST		Listagem de Acoes	1628104123889	1628104124626	OK	 
REQUEST		Listagem de Acoes	1628104123885	1628104124639	OK	 
REQUEST		Listagem de Acoes	1628104123903	1628104124639	OK	 
REQUEST		Listagem de Acoes	1628104123906	1628104124639	OK	 
REQUEST		Listagem de Acoes	1628104123907	1628104124645	OK	 
REQUEST		Listagem de Acoes	1628104123906	1628104124646	OK	 
REQUEST		Listagem de Acoes	1628104123895	1628104124647	OK	 
REQUEST		Listagem de Acoes	1628104123906	1628104124647	OK	 
REQUEST		Listagem de Acoes	1628104123878	1628104124648	OK	 
REQUEST		Listagem de Acoes	1628104123894	1628104124649	OK	 
REQUEST		Listagem de Acoes	1628104123891	1628104124650	OK	 
REQUEST		Listagem de Acoes	1628104123906	1628104124653	OK	 
REQUEST		Listagem de Acoes	1628104123906	1628104124657	OK	 
REQUEST		Listagem de Acoes	1628104123890	1628104124660	OK	 
REQUEST		Listagem de Acoes	1628104123910	1628104124662	OK	 
REQUEST		Listagem de Acoes	1628104123860	1628104124662	OK	 
REQUEST		Buscar acao criada	1628104123992	1628104124662	OK	 
REQUEST		Listagem de Acoes	1628104123907	1628104124663	OK	 
REQUEST		Listagem de Acoes	1628104123898	1628104124663	OK	 
REQUEST		Listagem de Acoes	1628104123899	1628104124665	OK	 
REQUEST		Listagem de Acoes	1628104123864	1628104124667	OK	 
REQUEST		Listagem de Acoes	1628104123892	1628104124668	OK	 
REQUEST		Listagem de Acoes	1628104123908	1628104124671	OK	 
REQUEST		Listagem de Acoes	1628104123905	1628104124680	OK	 
REQUEST		Adicionar novo Acao	1628104124001	1628104124708	OK	 
REQUEST		Adicionar novo Acao	1628104124518	1628104124710	OK	 
REQUEST		Editar acao	1628104124456	1628104124712	OK	 
REQUEST		Editar acao	1628104124512	1628104124716	OK	 
REQUEST		Editar acao	1628104124513	1628104124718	OK	 
REQUEST		Editar acao	1628104124500	1628104124769	OK	 
REQUEST		Buscar acao criada	1628104124712	1628104125409	OK	 
REQUEST		Buscar acao criada	1628104124709	1628104125412	OK	 
REQUEST		Adicionar novo Acao	1628104124575	1628104125475	OK	 
REQUEST		Adicionar novo Acao	1628104124595	1628104125488	OK	 
REQUEST		Adicionar novo Acao	1628104124587	1628104125489	OK	 
REQUEST		Adicionar novo Acao	1628104124666	1628104125538	OK	 
REQUEST		Adicionar novo Acao	1628104124585	1628104125500	OK	 
REQUEST		Adicionar novo Acao	1628104124586	1628104125503	OK	 
REQUEST		Adicionar novo Acao	1628104124596	1628104125507	OK	 
REQUEST		Adicionar novo Acao	1628104124592	1628104125508	OK	 
REQUEST		Adicionar novo Acao	1628104124592	1628104125516	OK	 
REQUEST		Adicionar novo Acao	1628104124616	1628104125524	OK	 
REQUEST		Adicionar novo Acao	1628104124607	1628104125525	OK	 
REQUEST		Adicionar novo Acao	1628104124622	1628104125539	OK	 
REQUEST		Adicionar novo Acao	1628104124662	1628104125548	OK	 
REQUEST		Adicionar novo Acao	1628104124666	1628104125552	OK	 
REQUEST		Adicionar novo Acao	1628104124636	1628104125554	OK	 
REQUEST		Deletar acao	1628104124712	1628104125557	OK	 
REQUEST		Adicionar novo Acao	1628104124637	1628104125570	OK	 
REQUEST		Adicionar novo Acao	1628104124656	1628104125577	OK	 
REQUEST		Adicionar novo Acao	1628104124645	1628104125574	OK	 
REQUEST		Adicionar novo Acao	1628104124636	1628104125574	OK	 
REQUEST		Editar acao	1628104124574	1628104125574	OK	 
REQUEST		Deletar acao	1628104124773	1628104125575	OK	 
REQUEST		Adicionar novo Acao	1628104124657	1628104125575	OK	 
REQUEST		Editar acao	1628104124667	1628104125577	OK	 
REQUEST		Adicionar novo Acao	1628104124654	1628104125577	OK	 
REQUEST		Adicionar novo Acao	1628104124606	1628104125577	OK	 
REQUEST		Editar acao	1628104124602	1628104125585	OK	 
REQUEST		Adicionar novo Acao	1628104124670	1628104125582	OK	 
REQUEST		Adicionar novo Acao	1628104124636	1628104125582	OK	 
REQUEST		Adicionar novo Acao	1628104124658	1628104125584	OK	 
REQUEST		Deletar acao	1628104124717	1628104125584	OK	 
REQUEST		Adicionar novo Acao	1628104124646	1628104125585	OK	 
REQUEST		Adicionar novo Acao	1628104124669	1628104125610	OK	 
REQUEST		Adicionar novo Acao	1628104124656	1628104125609	OK	 
REQUEST		Adicionar novo Acao	1628104124625	1628104125609	OK	 
REQUEST		Adicionar novo Acao	1628104124668	1628104125609	OK	 
REQUEST		Adicionar novo Acao	1628104124656	1628104125610	OK	 
REQUEST		Editar acao	1628104125413	1628104125610	OK	 
REQUEST		Adicionar novo Acao	1628104124653	1628104125611	OK	 
REQUEST		Editar acao	1628104124596	1628104125612	OK	 
REQUEST		Adicionar novo Acao	1628104124672	1628104125616	OK	 
REQUEST		Editar acao	1628104125410	1628104125617	OK	 
REQUEST		Adicionar novo Acao	1628104124682	1628104125617	OK	 
REQUEST		Adicionar novo Acao	1628104124626	1628104125624	OK	 
REQUEST		Adicionar novo Acao	1628104124646	1628104125620	OK	 
REQUEST		Adicionar novo Acao	1628104124650	1628104125621	OK	 
REQUEST		Adicionar novo Acao	1628104124662	1628104125622	OK	 
REQUEST		Adicionar novo Acao	1628104124665	1628104125624	OK	 
REQUEST		Deletar acao	1628104124719	1628104125625	OK	 
REQUEST		Adicionar novo Acao	1628104124670	1628104125629	OK	 
REQUEST		Buscar acao criada	1628104125564	1628104125757	OK	 
REQUEST		Buscar acao criada	1628104125565	1628104125863	OK	 
REQUEST		Buscar acao criada	1628104125563	1628104125865	OK	 
REQUEST		Buscar acao criada	1628104125563	1628104125870	OK	 
REQUEST		Buscar acao criada	1628104125562	1628104125872	OK	 
REQUEST		Buscar acao criada	1628104125560	1628104125873	OK	 
REQUEST		Buscar acao criada	1628104125566	1628104125876	OK	 
REQUEST		Buscar acao criada	1628104125567	1628104125876	OK	 
REQUEST		Buscar acao criada	1628104125567	1628104125876	OK	 
REQUEST		Buscar acao criada	1628104125566	1628104125877	OK	 
REQUEST		Buscar acao criada	1628104125568	1628104125879	OK	 
REQUEST		Buscar acao criada	1628104125569	1628104125881	OK	 
REQUEST		Buscar acao criada	1628104125580	1628104125885	OK	 
REQUEST		Buscar acao criada	1628104125567	1628104125887	OK	 
REQUEST		Buscar acao criada	1628104125567	1628104125886	OK	 
REQUEST		Logout	1628104125570	1628104125886	OK	 
REQUEST		Buscar acao criada	1628104125568	1628104125887	OK	 
REQUEST		Buscar acao criada	1628104125584	1628104125888	OK	 
REQUEST		Buscar acao criada	1628104125586	1628104125889	OK	 
REQUEST		Logout	1628104125585	1628104125892	OK	 
REQUEST		Buscar acao criada	1628104125591	1628104125893	OK	 
REQUEST		Buscar acao criada	1628104125600	1628104125893	OK	 
REQUEST		Buscar acao criada	1628104125621	1628104125895	OK	 
USER	Realizar login MaxxiForge para rota Action	END	1628104125896
REQUEST		Buscar acao criada	1628104125582	1628104125896	OK	 
REQUEST		Buscar acao criada	1628104125608	1628104125902	OK	 
REQUEST		Buscar acao criada	1628104125620	1628104125903	OK	 
USER	Realizar login MaxxiForge para rota Action	END	1628104125897
REQUEST		Buscar acao criada	1628104125584	1628104125907	OK	 
REQUEST		Buscar acao criada	1628104125630	1628104125903	OK	 
REQUEST		Logout	1628104125610	1628104125907	OK	 
REQUEST		Buscar acao criada	1628104125628	1628104125907	OK	 
REQUEST		Deletar acao	1628104125585	1628104125908	OK	 
REQUEST		Buscar acao criada	1628104125616	1628104125908	OK	 
REQUEST		Logout	1628104125628	1628104125908	OK	 
REQUEST		Buscar acao criada	1628104125626	1628104125908	OK	 
REQUEST		Deletar acao	1628104125590	1628104125909	OK	 
REQUEST		Buscar acao criada	1628104125622	1628104125909	OK	 
REQUEST		Buscar acao criada	1628104125620	1628104125910	OK	 
USER	Realizar login MaxxiForge para rota Action	END	1628104125922
REQUEST		Buscar acao criada	1628104125622	1628104125924	OK	 
REQUEST		Buscar acao criada	1628104125626	1628104125922	OK	 
REQUEST		Buscar acao criada	1628104125627	1628104125922	OK	 
REQUEST		Deletar acao	1628104125626	1628104125922	OK	 
USER	Realizar login MaxxiForge para rota Action	END	1628104125923
REQUEST		Deletar acao	1628104125621	1628104125932	OK	 
REQUEST		Deletar acao	1628104125623	1628104125936	OK	 
REQUEST		Deletar acao	1628104125607	1628104125937	OK	 
REQUEST		Buscar acao criada	1628104125610	1628104125938	OK	 
REQUEST		Buscar acao criada	1628104125617	1628104125938	OK	 
REQUEST		Buscar acao criada	1628104125610	1628104125938	OK	 
REQUEST		Buscar acao criada	1628104125608	1628104125939	OK	 
REQUEST		Buscar acao criada	1628104125628	1628104125947	OK	 
REQUEST		Editar acao	1628104125769	1628104125953	OK	 
REQUEST		Buscar acao criada	1628104125627	1628104125954	OK	 
REQUEST		Logout	1628104125923	1628104126360	OK	 
REQUEST		Editar acao	1628104125864	1628104126360	OK	 
USER	Realizar login MaxxiForge para rota Action	END	1628104126366
REQUEST		Logout	1628104125948	1628104126367	OK	 
REQUEST		Logout	1628104125924	1628104126367	OK	 
REQUEST		Logout	1628104125936	1628104126384	OK	 
REQUEST		Editar acao	1628104125873	1628104126391	OK	 
USER	Realizar login MaxxiForge para rota Action	END	1628104126389
REQUEST		Logout	1628104125940	1628104126391	OK	 
REQUEST		Logout	1628104125949	1628104126391	OK	 
USER	Realizar login MaxxiForge para rota Action	END	1628104126389
USER	Realizar login MaxxiForge para rota Action	END	1628104126403
REQUEST		Editar acao	1628104125866	1628104126412	OK	 
REQUEST		Editar acao	1628104125876	1628104126414	OK	 
REQUEST		Editar acao	1628104125894	1628104126414	OK	 
REQUEST		Editar acao	1628104125906	1628104126415	OK	 
REQUEST		Editar acao	1628104125880	1628104126415	OK	 
REQUEST		Editar acao	1628104125880	1628104126416	OK	 
REQUEST		Editar acao	1628104125885	1628104126418	OK	 
REQUEST		Editar acao	1628104125891	1628104126418	OK	 
USER	Realizar login MaxxiForge para rota Action	END	1628104126413
REQUEST		Editar acao	1628104125892	1628104126419	OK	 
REQUEST		Editar acao	1628104125880	1628104126420	OK	 
REQUEST		Deletar acao	1628104125954	1628104126437	OK	 
REQUEST		Editar acao	1628104125922	1628104126430	OK	 
REQUEST		Editar acao	1628104125891	1628104126430	OK	 
USER	Realizar login MaxxiForge para rota Action	END	1628104126414
REQUEST		Editar acao	1628104125923	1628104126445	OK	 
REQUEST		Editar acao	1628104125923	1628104126438	OK	 
REQUEST		Editar acao	1628104125901	1628104126442	OK	 
REQUEST		Editar acao	1628104125879	1628104126458	OK	 
REQUEST		Editar acao	1628104125907	1628104126459	OK	 
REQUEST		Editar acao	1628104125950	1628104126461	OK	 
REQUEST		Editar acao	1628104125915	1628104126457	OK	 
REQUEST		Editar acao	1628104125907	1628104126458	OK	 
REQUEST		Editar acao	1628104125895	1628104126458	OK	 
REQUEST		Editar acao	1628104125889	1628104126458	OK	 
REQUEST		Editar acao	1628104125893	1628104126459	OK	 
REQUEST		Editar acao	1628104125949	1628104126460	OK	 
REQUEST		Editar acao	1628104125950	1628104126461	OK	 
REQUEST		Editar acao	1628104125935	1628104126462	OK	 
REQUEST		Editar acao	1628104125950	1628104126471	OK	 
REQUEST		Editar acao	1628104125887	1628104126473	OK	 
REQUEST		Editar acao	1628104125935	1628104126474	OK	 
REQUEST		Editar acao	1628104125956	1628104126482	OK	 
REQUEST		Editar acao	1628104125935	1628104126486	OK	 
REQUEST		Editar acao	1628104125924	1628104126486	OK	 
REQUEST		Editar acao	1628104125909	1628104126486	OK	 
REQUEST		Editar acao	1628104125924	1628104126488	OK	 
REQUEST		Editar acao	1628104125872	1628104126489	OK	 
REQUEST		Editar acao	1628104125920	1628104126494	OK	 
REQUEST		Editar acao	1628104125953	1628104126496	OK	 
REQUEST		Deletar acao	1628104126366	1628104126525	OK	 
REQUEST		Deletar acao	1628104126407	1628104126579	OK	 
REQUEST		Logout	1628104126446	1628104126888	OK	 
USER	Realizar login MaxxiForge para rota Action	END	1628104126890
REQUEST		Logout	1628104126526	1628104126895	OK	 
USER	Realizar login MaxxiForge para rota Action	END	1628104126897
REQUEST		Logout	1628104126582	1628104126900	OK	 
USER	Realizar login MaxxiForge para rota Action	END	1628104126902
REQUEST		Deletar acao	1628104126437	1628104126909	OK	 
REQUEST		Deletar acao	1628104126438	1628104126910	OK	 
REQUEST		Deletar acao	1628104126442	1628104126913	OK	 
REQUEST		Deletar acao	1628104126442	1628104126917	OK	 
REQUEST		Deletar acao	1628104126444	1628104126919	OK	 
REQUEST		Deletar acao	1628104126445	1628104126929	OK	 
REQUEST		Deletar acao	1628104126442	1628104126924	OK	 
REQUEST		Deletar acao	1628104126444	1628104126924	OK	 
REQUEST		Deletar acao	1628104126483	1628104126925	OK	 
REQUEST		Deletar acao	1628104126446	1628104126925	OK	 
REQUEST		Deletar acao	1628104126450	1628104126926	OK	 
REQUEST		Deletar acao	1628104126444	1628104126939	OK	 
REQUEST		Deletar acao	1628104126434	1628104126939	OK	 
REQUEST		Deletar acao	1628104126453	1628104126942	OK	 
REQUEST		Deletar acao	1628104126452	1628104126943	OK	 
REQUEST		Deletar acao	1628104126473	1628104126944	OK	 
REQUEST		Deletar acao	1628104126467	1628104126955	OK	 
REQUEST		Deletar acao	1628104126468	1628104126960	OK	 
REQUEST		Deletar acao	1628104126472	1628104126960	OK	 
REQUEST		Deletar acao	1628104126473	1628104126965	OK	 
REQUEST		Deletar acao	1628104126472	1628104126969	OK	 
REQUEST		Deletar acao	1628104126468	1628104126969	OK	 
REQUEST		Deletar acao	1628104126472	1628104126969	OK	 
REQUEST		Deletar acao	1628104126453	1628104126969	OK	 
REQUEST		Deletar acao	1628104126473	1628104126970	OK	 
REQUEST		Deletar acao	1628104126482	1628104126970	OK	 
REQUEST		Deletar acao	1628104126486	1628104126970	OK	 
REQUEST		Deletar acao	1628104126476	1628104126974	OK	 
REQUEST		Deletar acao	1628104126472	1628104126974	OK	 
REQUEST		Deletar acao	1628104126493	1628104126976	OK	 
REQUEST		Deletar acao	1628104126494	1628104126977	OK	 
REQUEST		Deletar acao	1628104126491	1628104126985	OK	 
REQUEST		Deletar acao	1628104126494	1628104126990	OK	 
REQUEST		Deletar acao	1628104126491	1628104126991	OK	 
REQUEST		Deletar acao	1628104126483	1628104126991	OK	 
REQUEST		Deletar acao	1628104126497	1628104126994	OK	 
REQUEST		Deletar acao	1628104126496	1628104127001	OK	 
REQUEST		Logout	1628104126912	1628104127074	OK	 
USER	Realizar login MaxxiForge para rota Action	END	1628104127076
REQUEST		Logout	1628104126916	1628104127077	OK	 
USER	Realizar login MaxxiForge para rota Action	END	1628104127079
REQUEST		Logout	1628104126928	1628104127095	OK	 
USER	Realizar login MaxxiForge para rota Action	END	1628104127097
REQUEST		Logout	1628104126929	1628104127100	OK	 
USER	Realizar login MaxxiForge para rota Action	END	1628104127102
REQUEST		Logout	1628104126944	1628104127150	OK	 
USER	Realizar login MaxxiForge para rota Action	END	1628104127152
REQUEST		Logout	1628104126945	1628104127170	OK	 
REQUEST		Logout	1628104126945	1628104127171	OK	 
REQUEST		Logout	1628104126945	1628104127171	OK	 
USER	Realizar login MaxxiForge para rota Action	END	1628104127171
REQUEST		Logout	1628104126958	1628104127172	OK	 
USER	Realizar login MaxxiForge para rota Action	END	1628104127171
USER	Realizar login MaxxiForge para rota Action	END	1628104127172
USER	Realizar login MaxxiForge para rota Action	END	1628104127173
REQUEST		Logout	1628104126954	1628104127175	OK	 
USER	Realizar login MaxxiForge para rota Action	END	1628104127176
REQUEST		Logout	1628104126950	1628104127179	OK	 
REQUEST		Logout	1628104126950	1628104127181	OK	 
USER	Realizar login MaxxiForge para rota Action	END	1628104127182
REQUEST		Logout	1628104126965	1628104127182	OK	 
REQUEST		Logout	1628104126998	1628104127182	OK	 
USER	Realizar login MaxxiForge para rota Action	END	1628104127183
REQUEST		Logout	1628104126958	1628104127183	OK	 
REQUEST		Logout	1628104126960	1628104127184	OK	 
REQUEST		Logout	1628104126969	1628104127184	OK	 
REQUEST		Logout	1628104126958	1628104127184	OK	 
USER	Realizar login MaxxiForge para rota Action	END	1628104127185
REQUEST		Logout	1628104126959	1628104127187	OK	 
USER	Realizar login MaxxiForge para rota Action	END	1628104127186
REQUEST		Logout	1628104127002	1628104127187	OK	 
REQUEST		Logout	1628104126977	1628104127188	OK	 
USER	Realizar login MaxxiForge para rota Action	END	1628104127187
REQUEST		Logout	1628104126983	1628104127189	OK	 
USER	Realizar login MaxxiForge para rota Action	END	1628104127187
REQUEST		Logout	1628104126999	1628104127191	OK	 
REQUEST		Logout	1628104126991	1628104127190	OK	 
USER	Realizar login MaxxiForge para rota Action	END	1628104127188
REQUEST		Logout	1628104126980	1628104127191	OK	 
REQUEST		Logout	1628104126999	1628104127192	OK	 
USER	Realizar login MaxxiForge para rota Action	END	1628104127188
REQUEST		Logout	1628104126988	1628104127196	OK	 
REQUEST		Logout	1628104126988	1628104127193	OK	 
USER	Realizar login MaxxiForge para rota Action	END	1628104127190
REQUEST		Logout	1628104126971	1628104127197	OK	 
REQUEST		Logout	1628104126977	1628104127197	OK	 
REQUEST		Logout	1628104126987	1628104127198	OK	 
REQUEST		Logout	1628104126986	1628104127198	OK	 
REQUEST		Logout	1628104126978	1628104127199	OK	 
USER	Realizar login MaxxiForge para rota Action	END	1628104127190
REQUEST		Logout	1628104126983	1628104127200	OK	 
USER	Realizar login MaxxiForge para rota Action	END	1628104127191
REQUEST		Logout	1628104127000	1628104127202	OK	 
REQUEST		Logout	1628104126978	1628104127203	OK	 
USER	Realizar login MaxxiForge para rota Action	END	1628104127192
REQUEST		Logout	1628104126984	1628104127203	OK	 
USER	Realizar login MaxxiForge para rota Action	END	1628104127196
USER	Realizar login MaxxiForge para rota Action	END	1628104127196
USER	Realizar login MaxxiForge para rota Action	END	1628104127198
USER	Realizar login MaxxiForge para rota Action	END	1628104127198
USER	Realizar login MaxxiForge para rota Action	END	1628104127199
USER	Realizar login MaxxiForge para rota Action	END	1628104127199
USER	Realizar login MaxxiForge para rota Action	END	1628104127201
USER	Realizar login MaxxiForge para rota Action	END	1628104127202
USER	Realizar login MaxxiForge para rota Action	END	1628104127202
USER	Realizar login MaxxiForge para rota Action	END	1628104127202
USER	Realizar login MaxxiForge para rota Action	END	1628104127203
USER	Realizar login MaxxiForge para rota Action	END	1628104127204
USER	Realizar login MaxxiForge para rota Action	END	1628104127204
USER	Realizar login MaxxiForge para rota Action	END	1628104127205
USER	Realizar login MaxxiForge para rota Action	END	1628104127206
