RUN	maxxiforge.Estresse	estresse	1628028183141	 	3.5.1
USER	Realizar login MaxxiForge para rota Action	START	1628028183818
USER	Realizar login MaxxiForge para rota Action	START	1628028183842
USER	Realizar login MaxxiForge para rota Action	START	1628028183843
USER	Realizar login MaxxiForge para rota Action	START	1628028183848
USER	Realizar login MaxxiForge para rota Action	START	1628028183849
USER	Realizar login MaxxiForge para rota Action	START	1628028183849
USER	Realizar login MaxxiForge para rota Action	START	1628028183853
USER	Realizar login MaxxiForge para rota Action	START	1628028183854
USER	Realizar login MaxxiForge para rota Action	START	1628028183855
USER	Realizar login MaxxiForge para rota Action	START	1628028183855
USER	Realizar login MaxxiForge para rota Action	START	1628028183856
USER	Realizar login MaxxiForge para rota Action	START	1628028183858
USER	Realizar login MaxxiForge para rota Action	START	1628028183859
USER	Realizar login MaxxiForge para rota Action	START	1628028183859
USER	Realizar login MaxxiForge para rota Action	START	1628028183860
USER	Realizar login MaxxiForge para rota Action	START	1628028183861
USER	Realizar login MaxxiForge para rota Action	START	1628028183862
USER	Realizar login MaxxiForge para rota Action	START	1628028183862
USER	Realizar login MaxxiForge para rota Action	START	1628028183863
USER	Realizar login MaxxiForge para rota Action	START	1628028183864
USER	Realizar login MaxxiForge para rota Action	START	1628028183865
USER	Realizar login MaxxiForge para rota Action	START	1628028183866
USER	Realizar login MaxxiForge para rota Action	START	1628028183871
USER	Realizar login MaxxiForge para rota Action	START	1628028183872
USER	Realizar login MaxxiForge para rota Action	START	1628028183873
USER	Realizar login MaxxiForge para rota Action	START	1628028184054
USER	Realizar login MaxxiForge para rota Action	START	1628028184056
USER	Realizar login MaxxiForge para rota Action	START	1628028184058
USER	Realizar login MaxxiForge para rota Action	START	1628028184060
USER	Realizar login MaxxiForge para rota Action	START	1628028184062
USER	Realizar login MaxxiForge para rota Action	START	1628028184064
USER	Realizar login MaxxiForge para rota Action	START	1628028184066
USER	Realizar login MaxxiForge para rota Action	START	1628028184068
USER	Realizar login MaxxiForge para rota Action	START	1628028184070
USER	Realizar login MaxxiForge para rota Action	START	1628028184074
USER	Realizar login MaxxiForge para rota Action	START	1628028184075
USER	Realizar login MaxxiForge para rota Action	START	1628028184076
USER	Realizar login MaxxiForge para rota Action	START	1628028184078
USER	Realizar login MaxxiForge para rota Action	START	1628028184079
USER	Realizar login MaxxiForge para rota Action	START	1628028184083
USER	Realizar login MaxxiForge para rota Action	START	1628028184086
USER	Realizar login MaxxiForge para rota Action	START	1628028184092
USER	Realizar login MaxxiForge para rota Action	START	1628028184093
USER	Realizar login MaxxiForge para rota Action	START	1628028184095
USER	Realizar login MaxxiForge para rota Action	START	1628028184098
USER	Realizar login MaxxiForge para rota Action	START	1628028184107
USER	Realizar login MaxxiForge para rota Action	START	1628028184110
USER	Realizar login MaxxiForge para rota Action	START	1628028184111
USER	Realizar login MaxxiForge para rota Action	START	1628028184112
USER	Realizar login MaxxiForge para rota Action	START	1628028184114
USER	Realizar login MaxxiForge para rota Action	START	1628028184137
USER	Realizar login MaxxiForge para rota Action	START	1628028184144
USER	Realizar login MaxxiForge para rota Action	START	1628028184146
USER	Realizar login MaxxiForge para rota Action	START	1628028184147
USER	Realizar login MaxxiForge para rota Action	START	1628028184148
USER	Realizar login MaxxiForge para rota Action	START	1628028184149
USER	Realizar login MaxxiForge para rota Action	START	1628028184150
USER	Realizar login MaxxiForge para rota Action	START	1628028184153
USER	Realizar login MaxxiForge para rota Action	START	1628028184154
USER	Realizar login MaxxiForge para rota Action	START	1628028184156
USER	Realizar login MaxxiForge para rota Action	START	1628028184158
USER	Realizar login MaxxiForge para rota Action	START	1628028184160
USER	Realizar login MaxxiForge para rota Action	START	1628028184162
USER	Realizar login MaxxiForge para rota Action	START	1628028184171
USER	Realizar login MaxxiForge para rota Action	START	1628028184174
USER	Realizar login MaxxiForge para rota Action	START	1628028184175
USER	Realizar login MaxxiForge para rota Action	START	1628028184177
USER	Realizar login MaxxiForge para rota Action	START	1628028184182
USER	Realizar login MaxxiForge para rota Action	START	1628028184184
USER	Realizar login MaxxiForge para rota Action	START	1628028184186
USER	Realizar login MaxxiForge para rota Action	START	1628028184186
USER	Realizar login MaxxiForge para rota Action	START	1628028184187
USER	Realizar login MaxxiForge para rota Action	START	1628028184188
USER	Realizar login MaxxiForge para rota Action	START	1628028184188
USER	Realizar login MaxxiForge para rota Action	START	1628028184189
USER	Realizar login MaxxiForge para rota Action	START	1628028184230
USER	Realizar login MaxxiForge para rota Action	START	1628028184232
USER	Realizar login MaxxiForge para rota Action	START	1628028184232
USER	Realizar login MaxxiForge para rota Action	START	1628028184235
USER	Realizar login MaxxiForge para rota Action	START	1628028184237
USER	Realizar login MaxxiForge para rota Action	START	1628028184239
USER	Realizar login MaxxiForge para rota Action	START	1628028184243
USER	Realizar login MaxxiForge para rota Action	START	1628028184244
USER	Realizar login MaxxiForge para rota Action	START	1628028184246
USER	Realizar login MaxxiForge para rota Action	START	1628028184248
USER	Realizar login MaxxiForge para rota Action	START	1628028184251
USER	Realizar login MaxxiForge para rota Action	START	1628028184253
USER	Realizar login MaxxiForge para rota Action	START	1628028184254
USER	Realizar login MaxxiForge para rota Action	START	1628028184256
USER	Realizar login MaxxiForge para rota Action	START	1628028184259
USER	Realizar login MaxxiForge para rota Action	START	1628028184261
USER	Realizar login MaxxiForge para rota Action	START	1628028184263
USER	Realizar login MaxxiForge para rota Action	START	1628028184265
USER	Realizar login MaxxiForge para rota Action	START	1628028184268
USER	Realizar login MaxxiForge para rota Action	START	1628028184269
USER	Realizar login MaxxiForge para rota Action	START	1628028184271
USER	Realizar login MaxxiForge para rota Action	START	1628028184273
USER	Realizar login MaxxiForge para rota Action	START	1628028184275
USER	Realizar login MaxxiForge para rota Action	START	1628028184277
USER	Realizar login MaxxiForge para rota Action	START	1628028184279
REQUEST		Login	1628028184681	1628028187875	KO	status.find.is(200), but actually found 500
REQUEST		Login	1628028184682	1628028188029	KO	status.find.is(200), but actually found 500
REQUEST		Login	1628028184683	1628028188037	KO	status.find.is(200), but actually found 500
REQUEST		Login	1628028184684	1628028188051	KO	status.find.is(200), but actually found 500
REQUEST		Login	1628028184672	1628028187877	KO	status.find.is(200), but actually found 500
REQUEST		Login	1628028184875	1628028188061	KO	status.find.is(200), but actually found 500
REQUEST		Login	1628028184673	1628028188067	KO	status.find.is(200), but actually found 500
REQUEST		Login	1628028184638	1628028187946	KO	status.find.is(200), but actually found 500
REQUEST		Login	1628028184641	1628028188076	KO	status.find.is(200), but actually found 500
REQUEST		Login	1628028184642	1628028188079	KO	status.find.is(200), but actually found 500
REQUEST		Login	1628028184643	1628028188083	KO	status.find.is(200), but actually found 500
REQUEST		Login	1628028184646	1628028188092	KO	status.find.is(200), but actually found 500
REQUEST		Login	1628028184647	1628028188101	KO	status.find.is(200), but actually found 500
REQUEST		Login	1628028184674	1628028188109	KO	status.find.is(200), but actually found 500
REQUEST		Login	1628028184677	1628028188118	KO	status.find.is(200), but actually found 500
REQUEST		Login	1628028184710	1628028188125	KO	status.find.is(200), but actually found 500
REQUEST		Login	1628028184711	1628028188130	KO	status.find.is(200), but actually found 500
REQUEST		Login	1628028184830	1628028188136	KO	status.find.is(200), but actually found 500
REQUEST		Login	1628028184831	1628028188142	KO	status.find.is(200), but actually found 500
REQUEST		Login	1628028184833	1628028188149	KO	status.find.is(200), but actually found 500
REQUEST		Login	1628028184834	1628028188154	KO	status.find.is(200), but actually found 500
REQUEST		Login	1628028184836	1628028188161	KO	status.find.is(200), but actually found 500
REQUEST		Login	1628028184869	1628028188165	KO	status.find.is(200), but actually found 500
REQUEST		Login	1628028184870	1628028188173	KO	status.find.is(200), but actually found 500
REQUEST		Login	1628028184871	1628028188177	KO	status.find.is(200), but actually found 500
REQUEST		Login	1628028184872	1628028188186	KO	status.find.is(200), but actually found 500
REQUEST		Login	1628028184873	1628028188191	KO	status.find.is(200), but actually found 500
REQUEST		Login	1628028184874	1628028188200	KO	status.find.is(200), but actually found 500
REQUEST		Login	1628028184649	1628028188214	KO	status.find.is(200), but actually found 500
REQUEST		Login	1628028184652	1628028188223	KO	status.find.is(200), but actually found 500
REQUEST		Login	1628028184722	1628028187876	KO	status.find.is(200), but actually found 500
REQUEST		Login	1628028184723	1628028188236	KO	status.find.is(200), but actually found 500
REQUEST		Login	1628028184724	1628028188243	KO	status.find.is(200), but actually found 500
REQUEST		Login	1628028184725	1628028188248	KO	status.find.is(200), but actually found 500
REQUEST		Login	1628028184726	1628028188252	KO	status.find.is(200), but actually found 500
REQUEST		Login	1628028184653	1628028188267	KO	status.find.is(200), but actually found 500
REQUEST		Login	1628028184660	1628028188270	KO	status.find.is(200), but actually found 500
REQUEST		Login	1628028184688	1628028188276	KO	status.find.is(200), but actually found 500
REQUEST		Login	1628028184655	1628028188279	KO	status.find.is(200), but actually found 500
REQUEST		Login	1628028184654	1628028188286	KO	status.find.is(200), but actually found 500
REQUEST		Login	1628028184663	1628028188296	KO	status.find.is(200), but actually found 500
REQUEST		Login	1628028184688	1628028188279	KO	status.find.is(200), but actually found 500
USER	Realizar login MaxxiForge para rota Action	END	1628028188023
USER	Realizar login MaxxiForge para rota Action	END	1628028188032
USER	Realizar login MaxxiForge para rota Action	END	1628028188041
USER	Realizar login MaxxiForge para rota Action	END	1628028188055
USER	Realizar login MaxxiForge para rota Action	END	1628028188059
USER	Realizar login MaxxiForge para rota Action	END	1628028188064
USER	Realizar login MaxxiForge para rota Action	END	1628028188072
USER	Realizar login MaxxiForge para rota Action	END	1628028188075
USER	Realizar login MaxxiForge para rota Action	END	1628028188078
USER	Realizar login MaxxiForge para rota Action	END	1628028188082
USER	Realizar login MaxxiForge para rota Action	END	1628028188089
USER	Realizar login MaxxiForge para rota Action	END	1628028188097
USER	Realizar login MaxxiForge para rota Action	END	1628028188107
USER	Realizar login MaxxiForge para rota Action	END	1628028188116
USER	Realizar login MaxxiForge para rota Action	END	1628028188124
USER	Realizar login MaxxiForge para rota Action	END	1628028188128
USER	Realizar login MaxxiForge para rota Action	END	1628028188135
USER	Realizar login MaxxiForge para rota Action	END	1628028188140
USER	Realizar login MaxxiForge para rota Action	END	1628028188146
USER	Realizar login MaxxiForge para rota Action	END	1628028188152
USER	Realizar login MaxxiForge para rota Action	END	1628028188158
USER	Realizar login MaxxiForge para rota Action	END	1628028188164
USER	Realizar login MaxxiForge para rota Action	END	1628028188171
USER	Realizar login MaxxiForge para rota Action	END	1628028188175
USER	Realizar login MaxxiForge para rota Action	END	1628028188183
USER	Realizar login MaxxiForge para rota Action	END	1628028188189
USER	Realizar login MaxxiForge para rota Action	END	1628028188198
USER	Realizar login MaxxiForge para rota Action	END	1628028188207
USER	Realizar login MaxxiForge para rota Action	END	1628028188221
USER	Realizar login MaxxiForge para rota Action	END	1628028188228
USER	Realizar login MaxxiForge para rota Action	END	1628028188234
USER	Realizar login MaxxiForge para rota Action	END	1628028188242
USER	Realizar login MaxxiForge para rota Action	END	1628028188246
USER	Realizar login MaxxiForge para rota Action	END	1628028188251
USER	Realizar login MaxxiForge para rota Action	END	1628028188255
USER	Realizar login MaxxiForge para rota Action	END	1628028188269
USER	Realizar login MaxxiForge para rota Action	END	1628028188277
USER	Realizar login MaxxiForge para rota Action	END	1628028188278
USER	Realizar login MaxxiForge para rota Action	END	1628028188285
USER	Realizar login MaxxiForge para rota Action	END	1628028188290
USER	Realizar login MaxxiForge para rota Action	END	1628028188301
USER	Realizar login MaxxiForge para rota Action	END	1628028188303
REQUEST		Login	1628028184728	1628028188357	KO	status.find.is(200), but actually found 500
REQUEST		Login	1628028184731	1628028188365	KO	status.find.is(200), but actually found 500
REQUEST		Login	1628028184729	1628028188370	KO	status.find.is(200), but actually found 500
USER	Realizar login MaxxiForge para rota Action	END	1628028188362
USER	Realizar login MaxxiForge para rota Action	END	1628028188369
USER	Realizar login MaxxiForge para rota Action	END	1628028188373
REQUEST		Login	1628028184673	1628028189332	OK	 
REQUEST		Login	1628028184674	1628028189384	OK	 
REQUEST		Login	1628028184121	1628028189400	OK	 
REQUEST		Login	1628028184677	1628028189421	OK	 
REQUEST		Login	1628028184678	1628028189431	OK	 
REQUEST		Login	1628028184679	1628028189442	OK	 
REQUEST		Login	1628028184680	1628028189452	OK	 
REQUEST		Login	1628028184685	1628028189510	OK	 
REQUEST		Login	1628028184686	1628028189519	OK	 
REQUEST		Login	1628028184687	1628028189529	OK	 
REQUEST		Login	1628028184697	1628028189555	OK	 
REQUEST		Login	1628028184695	1628028189567	OK	 
REQUEST		Login	1628028184696	1628028189584	OK	 
REQUEST		Login	1628028184697	1628028189590	OK	 
REQUEST		Login	1628028184694	1628028189603	OK	 
REQUEST		Login	1628028184693	1628028189615	OK	 
REQUEST		Login	1628028184690	1628028189625	OK	 
REQUEST		Login	1628028184691	1628028189633	OK	 
REQUEST		Login	1628028184692	1628028189655	OK	 
REQUEST		Listagem de profissionais	1628028189380	1628028189662	OK	 
REQUEST		Listagem de profissionais	1628028189418	1628028189687	OK	 
REQUEST		Listagem de profissionais	1628028189399	1628028189695	OK	 
REQUEST		Listagem de profissionais	1628028189429	1628028189701	OK	 
REQUEST		Listagem de profissionais	1628028189440	1628028189705	OK	 
REQUEST		Listagem de profissionais	1628028189451	1628028189709	OK	 
REQUEST		Login	1628028184627	1628028189731	OK	 
REQUEST		Login	1628028184682	1628028189761	OK	 
REQUEST		Login	1628028184201	1628028189765	OK	 
REQUEST		Login	1628028184708	1628028189769	OK	 
REQUEST		Login	1628028184709	1628028189774	OK	 
REQUEST		Login	1628028184713	1628028189778	OK	 
REQUEST		Login	1628028184715	1628028189782	OK	 
REQUEST		Listagem de profissionais	1628028189517	1628028189786	OK	 
REQUEST		Listagem de profissionais	1628028189509	1628028189792	OK	 
REQUEST		Listagem de profissionais	1628028189564	1628028189796	OK	 
REQUEST		Listagem de profissionais	1628028189528	1628028189799	OK	 
REQUEST		Listagem de profissionais	1628028189554	1628028189802	OK	 
REQUEST		Login	1628028184716	1628028189806	OK	 
REQUEST		Login	1628028184716	1628028189811	OK	 
REQUEST		Login	1628028184717	1628028189815	OK	 
REQUEST		Login	1628028184718	1628028189818	OK	 
REQUEST		Login	1628028184719	1628028189822	OK	 
REQUEST		Login	1628028184720	1628028189826	OK	 
REQUEST		Login	1628028184721	1628028189831	OK	 
REQUEST		Login	1628028184735	1628028189835	OK	 
REQUEST		Login	1628028184732	1628028189839	OK	 
REQUEST		Login	1628028184727	1628028189843	OK	 
REQUEST		Login	1628028184734	1628028189847	OK	 
REQUEST		Listagem de profissionais	1628028189574	1628028189968	OK	 
REQUEST		Listagem de profissionais	1628028189589	1628028189972	OK	 
REQUEST		Login	1628028184303	1628028189978	OK	 
REQUEST		Login	1628028184629	1628028189982	OK	 
REQUEST		Listagem de profissionais	1628028189602	1628028189993	OK	 
REQUEST		Login	1628028184035	1628028189995	OK	 
REQUEST		Login	1628028184669	1628028189998	OK	 
REQUEST		Login	1628028184670	1628028190001	OK	 
REQUEST		Login	1628028184671	1628028190003	OK	 
REQUEST		Login	1628028184709	1628028190005	OK	 
REQUEST		Login	1628028184676	1628028190007	OK	 
REQUEST		Login	1628028184707	1628028190010	OK	 
REQUEST		Login	1628028184631	1628028190027	OK	 
REQUEST		Login	1628028184633	1628028190031	OK	 
REQUEST		Login	1628028184635	1628028190035	OK	 
REQUEST		Login	1628028184683	1628028190048	OK	 
REQUEST		Login	1628028184670	1628028190052	OK	 
REQUEST		Login	1628028184648	1628028190059	OK	 
REQUEST		Login	1628028184671	1628028190063	OK	 
REQUEST		Listagem de profissionais	1628028189612	1628028190067	OK	 
REQUEST		Listagem de profissionais	1628028189623	1628028190069	OK	 
REQUEST		Listagem de profissionais	1628028189631	1628028190073	OK	 
REQUEST		Listagem de profissionais	1628028189654	1628028190084	OK	 
REQUEST		Login	1628028184667	1628028190098	OK	 
REQUEST		Login	1628028184665	1628028190105	OK	 
REQUEST		Listagem de profissionais	1628028189659	1628028190192	OK	 
REQUEST		Listagem de profissionais	1628028189764	1628028190980	OK	 
REQUEST		Listagem de profissionais	1628028189768	1628028190987	OK	 
REQUEST		Listagem de profissionais	1628028189772	1628028190990	OK	 
REQUEST		Listagem de profissionais	1628028189776	1628028190993	OK	 
REQUEST		Listagem de profissionais	1628028189780	1628028191000	OK	 
REQUEST		Listagem de profissionais	1628028189785	1628028191004	OK	 
REQUEST		Listagem de profissionais	1628028189817	1628028191207	OK	 
REQUEST		Listagem de profissionais	1628028189809	1628028191210	OK	 
REQUEST		Listagem de profissionais	1628028189813	1628028191274	OK	 
REQUEST		Listagem de profissionais	1628028189821	1628028191284	OK	 
REQUEST		Listagem de profissionais	1628028189825	1628028191294	OK	 
REQUEST		Listagem de profissionais	1628028189829	1628028191299	OK	 
REQUEST		Listagem de profissionais	1628028189834	1628028191302	OK	 
REQUEST		Listagem de profissionais	1628028189838	1628028191306	OK	 
REQUEST		Listagem de profissionais	1628028189842	1628028191310	OK	 
REQUEST		Listagem de profissionais	1628028189845	1628028191316	OK	 
REQUEST		Listagem de profissionais	1628028189849	1628028191320	OK	 
REQUEST		Listagem de profissionais	1628028189976	1628028191376	OK	 
REQUEST		Listagem de profissionais	1628028190004	1628028191375	OK	 
REQUEST		Listagem de profissionais	1628028189997	1628028191380	OK	 
REQUEST		Listagem de profissionais	1628028189981	1628028191388	OK	 
REQUEST		Listagem de profissionais	1628028190000	1628028191393	OK	 
REQUEST		Listagem de profissionais	1628028190002	1628028191397	OK	 
REQUEST		Listagem de profissionais	1628028190007	1628028191414	OK	 
REQUEST		Listagem de profissionais	1628028190009	1628028191459	OK	 
REQUEST		Listagem de profissionais	1628028190011	1628028191464	OK	 
REQUEST		Listagem de profissionais	1628028189985	1628028191468	OK	 
REQUEST		Listagem de profissionais	1628028190029	1628028191471	OK	 
REQUEST		Listagem de profissionais	1628028190033	1628028191476	OK	 
REQUEST		Listagem de profissionais	1628028190046	1628028191480	OK	 
REQUEST		Listagem de profissionais	1628028190051	1628028191484	OK	 
REQUEST		Listagem de profissionais	1628028190057	1628028191491	OK	 
REQUEST		Listagem de profissionais	1628028190061	1628028191498	OK	 
REQUEST		Listagem de profissionais	1628028190097	1628028191506	OK	 
REQUEST		Listagem de profissionais	1628028190104	1628028191509	OK	 
REQUEST		Listagem de profissionais	1628028190109	1628028191512	OK	 
REQUEST		Adicionar novo profissional	1628028189666	1628028195109	OK	 
REQUEST		Adicionar novo profissional	1628028189704	1628028195371	OK	 
REQUEST		Adicionar novo profissional	1628028189691	1628028195373	OK	 
REQUEST		Adicionar novo profissional	1628028189708	1628028195376	OK	 
REQUEST		Adicionar novo profissional	1628028189700	1628028195393	OK	 
REQUEST		Adicionar novo profissional	1628028189714	1628028195395	OK	 
REQUEST		Adicionar novo profissional	1628028189795	1628028195397	OK	 
REQUEST		Adicionar novo profissional	1628028189801	1628028195410	OK	 
REQUEST		Adicionar novo profissional	1628028189798	1628028195412	OK	 
REQUEST		Adicionar novo profissional	1628028189791	1628028195422	OK	 
REQUEST		Buscar profissional criado	1628028195129	1628028195468	OK	 
REQUEST		Adicionar novo profissional	1628028189805	1628028195496	OK	 
REQUEST		Adicionar novo profissional	1628028189971	1628028195771	OK	 
REQUEST		Adicionar novo profissional	1628028189991	1628028195773	OK	 
REQUEST		Adicionar novo profissional	1628028189994	1628028195780	OK	 
REQUEST		Adicionar novo profissional	1628028190072	1628028195786	OK	 
REQUEST		Adicionar novo profissional	1628028190080	1628028195788	OK	 
REQUEST		Buscar profissional criado	1628028195372	1628028195865	OK	 
REQUEST		Buscar profissional criado	1628028195375	1628028195873	OK	 
REQUEST		Buscar profissional criado	1628028195377	1628028195878	OK	 
REQUEST		Adicionar novo profissional	1628028190087	1628028195982	OK	 
REQUEST		Adicionar novo profissional	1628028190068	1628028196071	OK	 
REQUEST		Buscar profissional criado	1628028195396	1628028196274	OK	 
REQUEST		Buscar profissional criado	1628028195394	1628028196277	OK	 
REQUEST		Adicionar novo profissional	1628028190195	1628028196298	OK	 
REQUEST		Buscar profissional criado	1628028195400	1628028196368	OK	 
REQUEST		Buscar profissional criado	1628028195417	1628028196371	OK	 
REQUEST		Buscar profissional criado	1628028195425	1628028196378	OK	 
REQUEST		Buscar profissional criado	1628028195411	1628028196384	OK	 
REQUEST		Adicionar novo profissional	1628028191213	1628028196471	OK	 
REQUEST		Adicionar novo profissional	1628028191209	1628028196475	OK	 
REQUEST		Adicionar novo profissional	1628028190992	1628028196490	OK	 
REQUEST		Adicionar novo profissional	1628028190989	1628028196492	OK	 
REQUEST		Adicionar novo profissional	1628028190998	1628028196505	OK	 
REQUEST		Adicionar novo profissional	1628028191003	1628028196509	OK	 
REQUEST		Adicionar novo profissional	1628028191009	1628028196516	OK	 
REQUEST		Buscar profissional criado	1628028195499	1628028196520	OK	 
REQUEST		Adicionar novo profissional	1628028190984	1628028196696	OK	 
REQUEST		Adicionar novo profissional	1628028191379	1628028196698	OK	 
REQUEST		Adicionar novo profissional	1628028191292	1628028196700	OK	 
REQUEST		Adicionar novo profissional	1628028191319	1628028196705	OK	 
REQUEST		Buscar profissional criado	1628028195782	1628028196769	OK	 
REQUEST		Buscar profissional criado	1628028195772	1628028196771	OK	 
REQUEST		Buscar profissional criado	1628028195779	1628028196774	OK	 
REQUEST		Buscar profissional criado	1628028195787	1628028196777	OK	 
REQUEST		Buscar profissional criado	1628028195790	1628028196779	OK	 
REQUEST		Adicionar novo profissional	1628028191276	1628028196975	OK	 
REQUEST		Adicionar novo profissional	1628028191470	1628028196975	OK	 
REQUEST		Adicionar novo profissional	1628028191479	1628028196983	OK	 
REQUEST		Buscar profissional criado	1628028195984	1628028196989	OK	 
REQUEST		Buscar profissional criado	1628028196072	1628028196992	OK	 
REQUEST		Adicionar novo profissional	1628028191396	1628028197008	OK	 
REQUEST		Adicionar novo profissional	1628028191400	1628028197017	OK	 
REQUEST		Adicionar novo profissional	1628028191392	1628028197019	OK	 
REQUEST		Adicionar novo profissional	1628028191474	1628028197009	OK	 
REQUEST		Adicionar novo profissional	1628028191392	1628028197024	OK	 
REQUEST		Adicionar novo profissional	1628028191384	1628028197036	OK	 
REQUEST		Adicionar novo profissional	1628028191483	1628028197039	OK	 
REQUEST		Adicionar novo profissional	1628028191297	1628028197046	OK	 
REQUEST		Adicionar novo profissional	1628028191301	1628028197053	OK	 
REQUEST		Adicionar novo profissional	1628028191305	1628028197055	OK	 
REQUEST		Adicionar novo profissional	1628028191309	1628028197059	OK	 
REQUEST		Adicionar novo profissional	1628028191315	1628028197064	OK	 
REQUEST		Adicionar novo profissional	1628028191456	1628028197068	OK	 
REQUEST		Adicionar novo profissional	1628028191463	1628028197071	OK	 
REQUEST		Adicionar novo profissional	1628028191467	1628028197075	OK	 
REQUEST		Buscar profissional criado	1628028196300	1628028197083	OK	 
REQUEST		Adicionar novo profissional	1628028191504	1628028197204	OK	 
REQUEST		Buscar profissional criado	1628028196473	1628028197277	OK	 
REQUEST		Buscar profissional criado	1628028196478	1628028197279	OK	 
REQUEST		Adicionar novo profissional	1628028191494	1628028197301	OK	 
REQUEST		Adicionar novo profissional	1628028191508	1628028197303	OK	 
REQUEST		Adicionar novo profissional	1628028191323	1628028197303	OK	 
REQUEST		Adicionar novo profissional	1628028191513	1628028197305	OK	 
REQUEST		Buscar profissional criado	1628028196491	1628028197368	OK	 
REQUEST		Adicionar novo profissional	1628028191511	1628028197395	OK	 
REQUEST		Adicionar novo profissional	1628028191490	1628028197399	OK	 
REQUEST		Buscar profissional criado	1628028196504	1628028197406	OK	 
REQUEST		Buscar profissional criado	1628028196507	1628028197408	OK	 
REQUEST		Buscar profissional criado	1628028196511	1628028197409	OK	 
REQUEST		Buscar profissional criado	1628028196519	1628028197411	OK	 
REQUEST		Buscar profissional criado	1628028196697	1628028197476	OK	 
REQUEST		Buscar profissional criado	1628028196705	1628028197477	OK	 
REQUEST		Buscar profissional criado	1628028196704	1628028197479	OK	 
REQUEST		Buscar profissional criado	1628028196707	1628028197484	OK	 
REQUEST		Buscar profissional criado	1628028196979	1628028197499	OK	 
REQUEST		Buscar profissional criado	1628028196984	1628028197504	OK	 
REQUEST		Buscar profissional criado	1628028196977	1628028197499	OK	 
REQUEST		Buscar profissional criado	1628028197009	1628028197572	OK	 
REQUEST		Buscar profissional criado	1628028197047	1628028197574	OK	 
REQUEST		Buscar profissional criado	1628028197031	1628028197579	OK	 
REQUEST		Buscar profissional criado	1628028197018	1628028197581	OK	 
REQUEST		Buscar profissional criado	1628028197070	1628028197587	OK	 
REQUEST		Buscar profissional criado	1628028197074	1628028197588	OK	 
REQUEST		Buscar profissional criado	1628028197037	1628028197572	OK	 
REQUEST		Buscar profissional criado	1628028197055	1628028197578	OK	 
REQUEST		Buscar profissional criado	1628028197029	1628028197595	OK	 
REQUEST		Buscar profissional criado	1628028197078	1628028197598	OK	 
REQUEST		Buscar profissional criado	1628028197059	1628028197602	OK	 
REQUEST		Buscar profissional criado	1628028197061	1628028197606	OK	 
REQUEST		Buscar profissional criado	1628028197065	1628028197612	OK	 
REQUEST		Buscar profissional criado	1628028197023	1628028197604	OK	 
REQUEST		Buscar profissional criado	1628028197043	1628028197617	OK	 
REQUEST		Buscar profissional criado	1628028197206	1628028197621	OK	 
REQUEST		Buscar profissional criado	1628028197302	1628028197671	OK	 
REQUEST		Buscar profissional criado	1628028197311	1628028197671	OK	 
REQUEST		Buscar profissional criado	1628028197304	1628028197674	OK	 
REQUEST		Buscar profissional criado	1628028197313	1628028197676	OK	 
REQUEST		Buscar profissional criado	1628028197398	1628028197701	OK	 
REQUEST		Buscar profissional criado	1628028197406	1628028197786	OK	 
REQUEST		Editar profissional	1628028197673	1628028197981	KO	status.find.is(200), but actually found 500
REQUEST		Editar profissional	1628028197675	1628028197982	KO	status.find.is(200), but actually found 500
REQUEST		Editar profissional	1628028197677	1628028197983	KO	status.find.is(200), but actually found 500
REQUEST		Editar profissional	1628028197478	1628028198069	KO	status.find.is(200), but actually found 500
REQUEST		Editar profissional	1628028197483	1628028198072	KO	status.find.is(200), but actually found 500
REQUEST		Editar profissional	1628028197487	1628028198074	KO	status.find.is(200), but actually found 500
REQUEST		Editar profissional	1628028197787	1628028198076	KO	status.find.is(200), but actually found 500
REQUEST		Editar profissional	1628028197478	1628028198071	KO	status.find.is(200), but actually found 500
REQUEST		Editar profissional	1628028197577	1628028198163	KO	status.find.is(200), but actually found 500
REQUEST		Editar profissional	1628028197579	1628028198166	KO	status.find.is(200), but actually found 500
REQUEST		Editar profissional	1628028197586	1628028198169	KO	status.find.is(200), but actually found 500
REQUEST		Editar profissional	1628028197588	1628028198174	KO	status.find.is(200), but actually found 500
REQUEST		Editar profissional	1628028197590	1628028198176	KO	status.find.is(200), but actually found 500
REQUEST		Editar profissional	1628028197600	1628028198194	KO	status.find.is(200), but actually found 500
REQUEST		Editar profissional	1628028197603	1628028198196	KO	status.find.is(200), but actually found 500
REQUEST		Editar profissional	1628028197610	1628028198197	KO	status.find.is(200), but actually found 500
REQUEST		Editar profissional	1628028197600	1628028198207	KO	status.find.is(200), but actually found 500
REQUEST		Editar profissional	1628028197599	1628028198210	KO	status.find.is(200), but actually found 500
REQUEST		Editar profissional	1628028197084	1628028198290	KO	status.find.is(200), but actually found 400
REQUEST		Editar profissional	1628028197278	1628028198371	KO	status.find.is(200), but actually found 400
REQUEST		Editar profissional	1628028197280	1628028198375	KO	status.find.is(200), but actually found 400
REQUEST		Editar profissional	1628028196389	1628028198379	KO	status.find.is(200), but actually found 400
REQUEST		Editar profissional	1628028196369	1628028198381	KO	status.find.is(200), but actually found 400
REQUEST		Editar profissional	1628028196377	1628028198383	KO	status.find.is(200), but actually found 400
REQUEST		Editar profissional	1628028196382	1628028198384	KO	status.find.is(200), but actually found 400
REQUEST		Editar profissional	1628028197370	1628028198464	KO	status.find.is(200), but actually found 400
REQUEST		Editar profissional	1628028196773	1628028198466	KO	status.find.is(200), but actually found 400
REQUEST		Editar profissional	1628028196775	1628028198469	KO	status.find.is(200), but actually found 400
REQUEST		Deletar profissional	1628028198070	1628028198473	KO	status.find.is(200), but actually found 500
REQUEST		Editar profissional	1628028196770	1628028198476	KO	status.find.is(200), but actually found 400
REQUEST		Editar profissional	1628028196778	1628028198478	KO	status.find.is(200), but actually found 400
REQUEST		Editar profissional	1628028196786	1628028198481	KO	status.find.is(200), but actually found 400
REQUEST		Editar profissional	1628028197410	1628028198496	KO	status.find.is(200), but actually found 400
REQUEST		Editar profissional	1628028196991	1628028198498	KO	status.find.is(200), but actually found 400
REQUEST		Editar profissional	1628028196993	1628028198499	KO	status.find.is(200), but actually found 400
REQUEST		Editar profissional	1628028197413	1628028198499	KO	status.find.is(200), but actually found 400
REQUEST		Editar profissional	1628028195469	1628028198586	OK	 
REQUEST		Deletar profissional	1628028198173	1628028198891	KO	status.find.is(200), but actually found 500
REQUEST		Deletar profissional	1628028198175	1628028198893	KO	status.find.is(200), but actually found 500
REQUEST		Editar profissional	1628028195877	1628028198977	OK	 
REQUEST		Editar profissional	1628028195879	1628028198978	OK	 
REQUEST		Editar profissional	1628028195869	1628028199002	OK	 
REQUEST		Editar profissional	1628028197621	1628028199080	KO	status.find.is(200), but actually found 400
REQUEST		Editar profissional	1628028196278	1628028199082	OK	 
REQUEST		Editar profissional	1628028196275	1628028199085	OK	 
REQUEST		Deletar profissional	1628028198468	1628028199088	KO	status.find.is(200), but actually found 500
REQUEST		Deletar profissional	1628028198465	1628028199088	KO	status.find.is(200), but actually found 500
REQUEST		Editar profissional	1628028196521	1628028199384	OK	 
REQUEST		Listagem de clientes	1628028198474	1628028200265	OK	 
REQUEST		Deletar profissional	1628028197983	1628028200298	OK	 
REQUEST		Deletar profissional	1628028197984	1628028200300	OK	 
REQUEST		Deletar profissional	1628028197986	1628028200302	OK	 
REQUEST		Editar profissional	1628028197409	1628028200307	OK	 
REQUEST		Deletar profissional	1628028198168	1628028200308	OK	 
REQUEST		Deletar profissional	1628028198078	1628028200310	OK	 
REQUEST		Editar profissional	1628028197407	1628028200315	OK	 
REQUEST		Deletar profissional	1628028198077	1628028200317	OK	 
REQUEST		Deletar profissional	1628028198073	1628028200318	OK	 
REQUEST		Deletar profissional	1628028198075	1628028200466	OK	 
REQUEST		Deletar profissional	1628028198164	1628028200467	OK	 
REQUEST		Editar profissional	1628028197502	1628028200495	OK	 
REQUEST		Editar profissional	1628028197594	1628028200498	OK	 
REQUEST		Editar profissional	1628028197506	1628028200495	OK	 
REQUEST		Deletar profissional	1628028198372	1628028200501	OK	 
REQUEST		Editar profissional	1628028197506	1628028200502	OK	 
REQUEST		Deletar profissional	1628028198208	1628028200506	OK	 
REQUEST		Editar profissional	1628028197574	1628028200509	OK	 
REQUEST		Deletar profissional	1628028198195	1628028200511	OK	 
REQUEST		Deletar profissional	1628028198205	1628028200512	OK	 
REQUEST		Deletar profissional	1628028198177	1628028200519	OK	 
REQUEST		Editar profissional	1628028197615	1628028200599	OK	 
REQUEST		Editar profissional	1628028197616	1628028200600	OK	 
REQUEST		Deletar profissional	1628028198213	1628028200602	OK	 
REQUEST		Listagem de clientes	1628028198892	1628028200604	OK	 
REQUEST		Listagem de clientes	1628028198894	1628028200607	OK	 
REQUEST		Editar profissional	1628028197619	1628028200680	OK	 
REQUEST		Deletar profissional	1628028198384	1628028200681	OK	 
REQUEST		Deletar profissional	1628028198380	1628028200687	OK	 
REQUEST		Deletar profissional	1628028198294	1628028200688	OK	 
REQUEST		Editar profissional	1628028197672	1628028200694	OK	 
REQUEST		Deletar profissional	1628028198197	1628028200696	OK	 
REQUEST		Editar profissional	1628028197702	1628028200895	OK	 
REQUEST		Deletar profissional	1628028198382	1628028200895	OK	 
REQUEST		Deletar profissional	1628028198502	1628028200897	OK	 
REQUEST		Listagem de clientes	1628028199089	1628028200898	OK	 
REQUEST		Deletar profissional	1628028198497	1628028200900	OK	 
REQUEST		Deletar profissional	1628028198473	1628028200901	OK	 
REQUEST		Deletar profissional	1628028198477	1628028200906	OK	 
REQUEST		Deletar profissional	1628028198385	1628028200911	OK	 
REQUEST		Deletar profissional	1628028198480	1628028200912	OK	 
REQUEST		Deletar profissional	1628028198378	1628028200914	OK	 
REQUEST		Deletar profissional	1628028198498	1628028200916	OK	 
REQUEST		Deletar profissional	1628028198482	1628028201370	OK	 
REQUEST		Listagem de clientes	1628028199090	1628028201372	OK	 
REQUEST		Deletar profissional	1628028198503	1628028201376	OK	 
REQUEST		Deletar profissional	1628028198588	1628028202772	OK	 
REQUEST		Deletar profissional	1628028198978	1628028204109	OK	 
REQUEST		Deletar profissional	1628028198981	1628028204110	OK	 
REQUEST		Deletar profissional	1628028199003	1628028205072	OK	 
REQUEST		Deletar profissional	1628028199081	1628028205406	OK	 
REQUEST		Deletar profissional	1628028199084	1628028205407	OK	 
REQUEST		Deletar profissional	1628028199086	1628028205409	OK	 
REQUEST		Listagem de clientes	1628028200302	1628028205411	OK	 
REQUEST		Listagem de clientes	1628028200301	1628028205699	OK	 
REQUEST		Deletar profissional	1628028199385	1628028206564	OK	 
REQUEST		Listagem de clientes	1628028200308	1628028206566	OK	 
REQUEST		Listagem de clientes	1628028200318	1628028206569	OK	 
REQUEST		Listagem de clientes	1628028200320	1628028206570	OK	 
REQUEST		Listagem de clientes	1628028200314	1628028206569	OK	 
REQUEST		Listagem de clientes	1628028200299	1628028206583	OK	 
REQUEST		Listagem de clientes	1628028200467	1628028206610	OK	 
REQUEST		Listagem de clientes	1628028200511	1628028206613	OK	 
REQUEST		Listagem de clientes	1628028200507	1628028206667	OK	 
REQUEST		Listagem de clientes	1628028200468	1628028206668	OK	 
REQUEST		Listagem de clientes	1628028200520	1628028206670	OK	 
REQUEST		Listagem de clientes	1628028200688	1628028206672	OK	 
REQUEST		Listagem de clientes	1628028200510	1628028206675	OK	 
REQUEST		Listagem de clientes	1628028200682	1628028206674	OK	 
REQUEST		Listagem de clientes	1628028200693	1628028206690	OK	 
REQUEST		Listagem de clientes	1628028200517	1628028206688	OK	 
REQUEST		Listagem de clientes	1628028200602	1628028207665	OK	 
REQUEST		Listagem de clientes	1628028200899	1628028208272	OK	 
REQUEST		Listagem de clientes	1628028200697	1628028208276	OK	 
REQUEST		Listagem de clientes	1628028200903	1628028208275	OK	 
REQUEST		Listagem de clientes	1628028200915	1628028208279	OK	 
REQUEST		Listagem de clientes	1628028200911	1628028208282	OK	 
REQUEST		Listagem de clientes	1628028200914	1628028208285	OK	 
REQUEST		Listagem de clientes	1628028200916	1628028208287	OK	 
REQUEST		Listagem de clientes	1628028200908	1628028208288	OK	 
REQUEST		Listagem de clientes	1628028200897	1628028208769	OK	 
REQUEST		Listagem de clientes	1628028201371	1628028208769	OK	 
REQUEST		Listagem de clientes	1628028200909	1628028208771	OK	 
REQUEST		Listagem de clientes	1628028201376	1628028208775	OK	 
REQUEST		Deletar profissional	1628028200314	1628028209602	OK	 
REQUEST		Deletar profissional	1628028200496	1628028209668	OK	 
REQUEST		Deletar profissional	1628028200317	1628028209672	OK	 
REQUEST		Listagem de clientes	1628028202773	1628028209675	OK	 
REQUEST		Deletar profissional	1628028200505	1628028209777	OK	 
REQUEST		Deletar profissional	1628028200499	1628028209780	OK	 
REQUEST		Deletar profissional	1628028200500	1628028209782	OK	 
REQUEST		Deletar profissional	1628028200509	1628028209784	OK	 
REQUEST		Deletar profissional	1628028200610	1628028209786	OK	 
REQUEST		Deletar profissional	1628028200601	1628028209788	OK	 
REQUEST		Listagem de clientes	1628028205072	1628028209790	OK	 
REQUEST		Listagem de clientes	1628028204109	1628028209792	OK	 
REQUEST		Listagem de clientes	1628028204111	1628028209795	OK	 
REQUEST		Deletar profissional	1628028200681	1628028209985	OK	 
REQUEST		Deletar profissional	1628028200694	1628028209986	OK	 
REQUEST		Deletar profissional	1628028200896	1628028209987	OK	 
REQUEST		Listagem de clientes	1628028205409	1628028210491	OK	 
REQUEST		Listagem de clientes	1628028205411	1628028210492	OK	 
REQUEST		Listagem de clientes	1628028205407	1628028210493	OK	 
REQUEST		Listagem de clientes	1628028206566	1628028211401	OK	 
REQUEST		Listagem de clientes	1628028209988	1628028212274	KO	status.find.is(200), but actually found 500
REQUEST		Listagem de clientes	1628028209782	1628028212277	KO	status.find.is(200), but actually found 500
REQUEST		Listagem de clientes	1628028209779	1628028212282	KO	status.find.is(200), but actually found 500
REQUEST		Listagem de clientes	1628028209789	1628028212290	KO	status.find.is(200), but actually found 500
REQUEST		Adicionar novo cliente	1628028210493	1628028212299	KO	status.find.is(201), but actually found 500
ERROR	Buscar cliente criado: Failed to build request: No attribute named 'customerId' is defined 	1628028212308
ERROR	Editar cliente: Failed to build request: No attribute named 'customerId' is defined 	1628028212309
ERROR	Deletar cliente: Failed to build request: No attribute named 'customerId' is defined 	1628028212309
REQUEST		Listagem de clientes	1628028209783	1628028212312	KO	status.find.is(200), but actually found 500
REQUEST		Adicionar novo cliente	1628028206678	1628028212317	KO	status.find.is(201), but actually found 500
ERROR	Buscar cliente criado: Failed to build request: No attribute named 'customerId' is defined 	1628028212320
ERROR	Editar cliente: Failed to build request: No attribute named 'customerId' is defined 	1628028212320
ERROR	Deletar cliente: Failed to build request: No attribute named 'customerId' is defined 	1628028212320
REQUEST		Adicionar novo cliente	1628028208282	1628028212322	KO	status.find.is(201), but actually found 500
ERROR	Buscar cliente criado: Failed to build request: No attribute named 'customerId' is defined 	1628028212323
ERROR	Editar cliente: Failed to build request: No attribute named 'customerId' is defined 	1628028212323
ERROR	Deletar cliente: Failed to build request: No attribute named 'customerId' is defined 	1628028212323
REQUEST		Adicionar novo cliente	1628028208278	1628028212327	KO	status.find.is(201), but actually found 500
ERROR	Buscar cliente criado: Failed to build request: No attribute named 'customerId' is defined 	1628028212328
ERROR	Editar cliente: Failed to build request: No attribute named 'customerId' is defined 	1628028212328
ERROR	Deletar cliente: Failed to build request: No attribute named 'customerId' is defined 	1628028212328
REQUEST		Listagem de clientes	1628028209787	1628028212332	KO	status.find.is(200), but actually found 500
REQUEST		Listagem de clientes	1628028209784	1628028212340	KO	status.find.is(200), but actually found 500
REQUEST		Adicionar novo cliente	1628028206671	1628028212344	KO	status.find.is(201), but actually found 500
ERROR	Buscar cliente criado: Failed to build request: No attribute named 'customerId' is defined 	1628028212346
ERROR	Editar cliente: Failed to build request: No attribute named 'customerId' is defined 	1628028212346
ERROR	Deletar cliente: Failed to build request: No attribute named 'customerId' is defined 	1628028212346
REQUEST		Adicionar novo cliente	1628028210492	1628028212348	KO	status.find.is(201), but actually found 500
ERROR	Buscar cliente criado: Failed to build request: No attribute named 'customerId' is defined 	1628028212350
ERROR	Editar cliente: Failed to build request: No attribute named 'customerId' is defined 	1628028212350
ERROR	Deletar cliente: Failed to build request: No attribute named 'customerId' is defined 	1628028212350
REQUEST		Adicionar novo cliente	1628028209794	1628028212353	KO	status.find.is(201), but actually found 500
ERROR	Buscar cliente criado: Failed to build request: No attribute named 'customerId' is defined 	1628028212355
ERROR	Editar cliente: Failed to build request: No attribute named 'customerId' is defined 	1628028212355
ERROR	Deletar cliente: Failed to build request: No attribute named 'customerId' is defined 	1628028212355
REQUEST		Adicionar novo cliente	1628028210494	1628028212357	KO	status.find.is(201), but actually found 500
ERROR	Buscar cliente criado: Failed to build request: No attribute named 'customerId' is defined 	1628028212359
ERROR	Editar cliente: Failed to build request: No attribute named 'customerId' is defined 	1628028212359
ERROR	Deletar cliente: Failed to build request: No attribute named 'customerId' is defined 	1628028212360
REQUEST		Adicionar novo cliente	1628028209791	1628028212362	KO	status.find.is(201), but actually found 500
ERROR	Buscar cliente criado: Failed to build request: No attribute named 'customerId' is defined 	1628028212363
ERROR	Editar cliente: Failed to build request: No attribute named 'customerId' is defined 	1628028212364
ERROR	Deletar cliente: Failed to build request: No attribute named 'customerId' is defined 	1628028212364
REQUEST		Listagem de clientes	1628028209670	1628028212366	KO	status.find.is(200), but actually found 500
REQUEST		Listagem de clientes	1628028209603	1628028212369	KO	status.find.is(200), but actually found 500
REQUEST		Adicionar novo cliente	1628028209795	1628028212365	KO	status.find.is(201), but actually found 500
ERROR	Buscar cliente criado: Failed to build request: No attribute named 'customerId' is defined 	1628028212373
ERROR	Editar cliente: Failed to build request: No attribute named 'customerId' is defined 	1628028212374
ERROR	Deletar cliente: Failed to build request: No attribute named 'customerId' is defined 	1628028212374
REQUEST		Adicionar novo cliente	1628028208279	1628028212375	KO	status.find.is(201), but actually found 500
ERROR	Buscar cliente criado: Failed to build request: No attribute named 'customerId' is defined 	1628028212377
ERROR	Editar cliente: Failed to build request: No attribute named 'customerId' is defined 	1628028212377
ERROR	Deletar cliente: Failed to build request: No attribute named 'customerId' is defined 	1628028212377
REQUEST		Adicionar novo cliente	1628028208289	1628028212379	KO	status.find.is(201), but actually found 500
ERROR	Buscar cliente criado: Failed to build request: No attribute named 'customerId' is defined 	1628028212380
ERROR	Editar cliente: Failed to build request: No attribute named 'customerId' is defined 	1628028212380
ERROR	Deletar cliente: Failed to build request: No attribute named 'customerId' is defined 	1628028212380
REQUEST		Adicionar novo cliente	1628028208284	1628028212381	KO	status.find.is(201), but actually found 500
ERROR	Buscar cliente criado: Failed to build request: No attribute named 'customerId' is defined 	1628028212383
ERROR	Editar cliente: Failed to build request: No attribute named 'customerId' is defined 	1628028212383
ERROR	Deletar cliente: Failed to build request: No attribute named 'customerId' is defined 	1628028212384
REQUEST		Adicionar novo cliente	1628028208286	1628028212385	KO	status.find.is(201), but actually found 500
ERROR	Buscar cliente criado: Failed to build request: No attribute named 'customerId' is defined 	1628028212387
ERROR	Editar cliente: Failed to build request: No attribute named 'customerId' is defined 	1628028212387
ERROR	Deletar cliente: Failed to build request: No attribute named 'customerId' is defined 	1628028212388
REQUEST		Adicionar novo cliente	1628028208287	1628028212389	KO	status.find.is(201), but actually found 500
ERROR	Buscar cliente criado: Failed to build request: No attribute named 'customerId' is defined 	1628028212392
ERROR	Editar cliente: Failed to build request: No attribute named 'customerId' is defined 	1628028212392
ERROR	Deletar cliente: Failed to build request: No attribute named 'customerId' is defined 	1628028212392
REQUEST		Adicionar novo cliente	1628028211403	1628028212396	KO	status.find.is(201), but actually found 500
ERROR	Buscar cliente criado: Failed to build request: No attribute named 'customerId' is defined 	1628028212398
ERROR	Editar cliente: Failed to build request: No attribute named 'customerId' is defined 	1628028212399
ERROR	Deletar cliente: Failed to build request: No attribute named 'customerId' is defined 	1628028212399
REQUEST		Adicionar novo cliente	1628028208774	1628028212500	KO	status.find.is(201), but actually found 500
ERROR	Buscar cliente criado: Failed to build request: No attribute named 'customerId' is defined 	1628028212501
ERROR	Editar cliente: Failed to build request: No attribute named 'customerId' is defined 	1628028212501
ERROR	Deletar cliente: Failed to build request: No attribute named 'customerId' is defined 	1628028212501
REQUEST		Adicionar novo cliente	1628028212316	1628028213367	KO	status.find.is(201), but actually found 500
ERROR	Buscar cliente criado: Failed to build request: No attribute named 'customerId' is defined 	1628028213368
ERROR	Editar cliente: Failed to build request: No attribute named 'customerId' is defined 	1628028213368
ERROR	Deletar cliente: Failed to build request: No attribute named 'customerId' is defined 	1628028213368
REQUEST		Adicionar novo cliente	1628028212336	1628028213369	KO	status.find.is(201), but actually found 500
ERROR	Buscar cliente criado: Failed to build request: No attribute named 'customerId' is defined 	1628028213369
ERROR	Editar cliente: Failed to build request: No attribute named 'customerId' is defined 	1628028213369
ERROR	Deletar cliente: Failed to build request: No attribute named 'customerId' is defined 	1628028213369
REQUEST		Adicionar novo cliente	1628028212343	1628028213371	KO	status.find.is(201), but actually found 500
ERROR	Buscar cliente criado: Failed to build request: No attribute named 'customerId' is defined 	1628028213375
ERROR	Editar cliente: Failed to build request: No attribute named 'customerId' is defined 	1628028213375
ERROR	Deletar cliente: Failed to build request: No attribute named 'customerId' is defined 	1628028213375
REQUEST		Adicionar novo cliente	1628028212367	1628028213378	KO	status.find.is(201), but actually found 500
ERROR	Buscar cliente criado: Failed to build request: No attribute named 'customerId' is defined 	1628028213378
ERROR	Editar cliente: Failed to build request: No attribute named 'customerId' is defined 	1628028213379
ERROR	Deletar cliente: Failed to build request: No attribute named 'customerId' is defined 	1628028213379
REQUEST		Listagem de clientes	1628028209674	1628028213409	OK	 
REQUEST		Adicionar novo cliente	1628028209679	1628028213664	KO	status.find.is(201), but actually found 500
ERROR	Buscar cliente criado: Failed to build request: No attribute named 'customerId' is defined 	1628028213665
ERROR	Editar cliente: Failed to build request: No attribute named 'customerId' is defined 	1628028213665
ERROR	Deletar cliente: Failed to build request: No attribute named 'customerId' is defined 	1628028213665
REQUEST		Adicionar novo cliente	1628028212276	1628028213664	KO	status.find.is(201), but actually found 500
ERROR	Buscar cliente criado: Failed to build request: No attribute named 'customerId' is defined 	1628028213666
ERROR	Editar cliente: Failed to build request: No attribute named 'customerId' is defined 	1628028213666
ERROR	Deletar cliente: Failed to build request: No attribute named 'customerId' is defined 	1628028213666
REQUEST		Listagem de clientes	1628028209987	1628028213669	KO	status.find.is(200), but actually found 500
REQUEST		Listagem de clientes	1628028209986	1628028213671	KO	status.find.is(200), but actually found 500
REQUEST		Listagem de Acoes	1628028212374	1628028213671	KO	status.find.is(200), but actually found 400
REQUEST		Listagem de Acoes	1628028212377	1628028213675	KO	status.find.is(200), but actually found 400
REQUEST		Listagem de Acoes	1628028212380	1628028213679	KO	status.find.is(200), but actually found 400
REQUEST		Listagem de Acoes	1628028212384	1628028213681	KO	status.find.is(200), but actually found 400
REQUEST		Listagem de Acoes	1628028212502	1628028213690	KO	status.find.is(200), but actually found 400
REQUEST		Listagem de Acoes	1628028212388	1628028213693	KO	status.find.is(200), but actually found 400
REQUEST		Listagem de Acoes	1628028212394	1628028213694	KO	status.find.is(200), but actually found 400
REQUEST		Listagem de Acoes	1628028212399	1628028213699	KO	status.find.is(200), but actually found 400
REQUEST		Adicionar novo cliente	1628028200266	1628028213777	OK	 
REQUEST		Adicionar novo cliente	1628028212297	1628028214177	KO	status.find.is(201), but actually found 500
ERROR	Buscar cliente criado: Failed to build request: No attribute named 'customerId' is defined 	1628028214178
ERROR	Editar cliente: Failed to build request: No attribute named 'customerId' is defined 	1628028214178
ERROR	Deletar cliente: Failed to build request: No attribute named 'customerId' is defined 	1628028214178
REQUEST		Listagem de Acoes	1628028213375	1628028214368	KO	status.find.is(200), but actually found 500
REQUEST		Listagem de Acoes	1628028213379	1628028214369	KO	status.find.is(200), but actually found 500
REQUEST		Adicionar novo cliente	1628028200606	1628028214686	OK	 
REQUEST		Adicionar novo cliente	1628028213409	1628028215065	KO	status.find.is(201), but actually found 500
ERROR	Buscar cliente criado: Failed to build request: No attribute named 'customerId' is defined 	1628028215066
REQUEST		Adicionar novo cliente	1628028200609	1628028215065	OK	 
ERROR	Editar cliente: Failed to build request: No attribute named 'customerId' is defined 	1628028215067
ERROR	Deletar cliente: Failed to build request: No attribute named 'customerId' is defined 	1628028215067
REQUEST		Adicionar novo Acao	1628028213680	1628028215067	KO	status.find.is(201), but actually found 500
ERROR	Buscar acao criada: Failed to build request: No attribute named 'actionId' is defined 	1628028215068
ERROR	Editar acao: Failed to build request: No attribute named 'actionId' is defined 	1628028215068
ERROR	Deletar acao: Failed to build request: No attribute named 'actionId' is defined 	1628028215068
REQUEST		Adicionar novo Acao	1628028213688	1628028215069	KO	status.find.is(201), but actually found 500
ERROR	Buscar acao criada: Failed to build request: No attribute named 'actionId' is defined 	1628028215070
ERROR	Editar acao: Failed to build request: No attribute named 'actionId' is defined 	1628028215070
ERROR	Deletar acao: Failed to build request: No attribute named 'actionId' is defined 	1628028215070
REQUEST		Adicionar novo Acao	1628028213700	1628028215070	KO	status.find.is(201), but actually found 500
ERROR	Buscar acao criada: Failed to build request: No attribute named 'actionId' is defined 	1628028215071
ERROR	Editar acao: Failed to build request: No attribute named 'actionId' is defined 	1628028215071
ERROR	Deletar acao: Failed to build request: No attribute named 'actionId' is defined 	1628028215071
REQUEST		Adicionar novo Acao	1628028213694	1628028215072	KO	status.find.is(201), but actually found 500
ERROR	Buscar acao criada: Failed to build request: No attribute named 'actionId' is defined 	1628028215073
ERROR	Editar acao: Failed to build request: No attribute named 'actionId' is defined 	1628028215073
ERROR	Deletar acao: Failed to build request: No attribute named 'actionId' is defined 	1628028215073
REQUEST		Adicionar novo Acao	1628028213698	1628028215074	KO	status.find.is(201), but actually found 500
ERROR	Buscar acao criada: Failed to build request: No attribute named 'actionId' is defined 	1628028215076
ERROR	Editar acao: Failed to build request: No attribute named 'actionId' is defined 	1628028215077
ERROR	Deletar acao: Failed to build request: No attribute named 'actionId' is defined 	1628028215077
REQUEST		Adicionar novo Acao	1628028213691	1628028215077	KO	status.find.is(201), but actually found 500
ERROR	Buscar acao criada: Failed to build request: No attribute named 'actionId' is defined 	1628028215078
ERROR	Editar acao: Failed to build request: No attribute named 'actionId' is defined 	1628028215078
ERROR	Deletar acao: Failed to build request: No attribute named 'actionId' is defined 	1628028215078
REQUEST		Listagem de Acoes	1628028213368	1628028215079	KO	status.find.is(200), but actually found 500
REQUEST		Listagem de Acoes	1628028213370	1628028215080	KO	status.find.is(200), but actually found 500
REQUEST		Adicionar novo cliente	1628028200899	1628028215103	OK	 
REQUEST		Buscar cliente criado	1628028213778	1628028215105	OK	 
REQUEST		Listagem de Acoes	1628028213665	1628028215197	KO	status.find.is(200), but actually found 500
REQUEST		Listagem de Acoes	1628028212356	1628028215198	KO	status.find.is(200), but actually found 500
REQUEST		Listagem de Acoes	1628028212351	1628028215202	KO	status.find.is(200), but actually found 500
REQUEST		Listagem de Acoes	1628028213666	1628028215198	KO	status.find.is(200), but actually found 500
REQUEST		Listagem de Acoes	1628028212329	1628028215204	KO	status.find.is(200), but actually found 500
REQUEST		Adicionar novo cliente	1628028201375	1628028215473	OK	 
REQUEST		Listagem de Acoes	1628028212364	1628028215476	KO	status.find.is(200), but actually found 500
REQUEST		Buscar cliente criado	1628028214687	1628028215473	KO	status.find.is(200), but actually found 500
REQUEST		Listagem de Acoes	1628028212360	1628028215480	KO	status.find.is(200), but actually found 500
REQUEST		Buscar cliente criado	1628028215066	1628028215605	OK	 
REQUEST		Adicionar novo cliente	1628028213670	1628028215677	KO	status.find.is(201), but actually found 500
ERROR	Buscar cliente criado: Failed to build request: No attribute named 'customerId' is defined 	1628028215678
ERROR	Editar cliente: Failed to build request: No attribute named 'customerId' is defined 	1628028215678
ERROR	Deletar cliente: Failed to build request: No attribute named 'customerId' is defined 	1628028215678
REQUEST		Adicionar novo cliente	1628028213678	1628028215679	KO	status.find.is(201), but actually found 500
ERROR	Buscar cliente criado: Failed to build request: No attribute named 'customerId' is defined 	1628028215680
ERROR	Editar cliente: Failed to build request: No attribute named 'customerId' is defined 	1628028215680
ERROR	Deletar cliente: Failed to build request: No attribute named 'customerId' is defined 	1628028215680
REQUEST		Listagem de Acoes	1628028212309	1628028215680	KO	status.find.is(200), but actually found 500
REQUEST		Listagem de Acoes	1628028212321	1628028215681	OK	 
REQUEST		Listagem de Acoes	1628028212325	1628028215684	OK	 
REQUEST		Listagem de Acoes	1628028212347	1628028215688	OK	 
REQUEST		Adicionar novo cliente	1628028205701	1628028215802	OK	 
REQUEST		Listagem de Acoes	1628028214178	1628028215808	KO	status.find.is(200), but actually found 500
REQUEST		Adicionar novo Acao	1628028215198	1628028215811	KO	status.find.is(201), but actually found 500
ERROR	Buscar acao criada: Failed to build request: No attribute named 'actionId' is defined 	1628028215813
ERROR	Editar acao: Failed to build request: No attribute named 'actionId' is defined 	1628028215813
ERROR	Deletar acao: Failed to build request: No attribute named 'actionId' is defined 	1628028215813
REQUEST		Adicionar novo cliente	1628028205413	1628028215892	OK	 
REQUEST		Buscar cliente criado	1628028215104	1628028215895	OK	 
REQUEST		Buscar cliente criado	1628028215474	1628028216090	OK	 
REQUEST		Adicionar novo Acao	1628028213673	1628028216092	OK	 
REQUEST		Listagem de Acoes	1628028215067	1628028216095	OK	 
REQUEST		Adicionar novo cliente	1628028206574	1628028216178	OK	 
REQUEST		Logout	1628028215068	1628028216195	OK	 
REQUEST		Adicionar novo Acao	1628028213676	1628028216201	OK	 
REQUEST		Logout	1628028215070	1628028216203	OK	 
USER	Realizar login MaxxiForge para rota Action	END	1628028216200
USER	Realizar login MaxxiForge para rota Action	END	1628028216207
REQUEST		Logout	1628028215071	1628028216302	OK	 
REQUEST		Adicionar novo cliente	1628028206689	1628028216305	OK	 
REQUEST		Logout	1628028215077	1628028216309	OK	 
REQUEST		Logout	1628028215073	1628028216313	OK	 
REQUEST		Logout	1628028215078	1628028216317	OK	 
REQUEST		Adicionar novo cliente	1628028206571	1628028216318	OK	 
REQUEST		Adicionar novo cliente	1628028206614	1628028216322	OK	 
REQUEST		Adicionar novo cliente	1628028206573	1628028216324	OK	 
USER	Realizar login MaxxiForge para rota Action	END	1628028216304
USER	Realizar login MaxxiForge para rota Action	END	1628028216312
USER	Realizar login MaxxiForge para rota Action	END	1628028216316
USER	Realizar login MaxxiForge para rota Action	END	1628028216318
REQUEST		Adicionar novo cliente	1628028206673	1628028216382	OK	 
REQUEST		Adicionar novo cliente	1628028208274	1628028216384	OK	 
REQUEST		Adicionar novo cliente	1628028206585	1628028216383	OK	 
REQUEST		Buscar cliente criado	1628028215806	1628028216388	OK	 
REQUEST		Adicionar novo cliente	1628028206693	1628028216391	OK	 
REQUEST		Adicionar novo cliente	1628028206567	1628028216396	OK	 
REQUEST		Adicionar novo Acao	1628028214369	1628028216401	OK	 
REQUEST		Adicionar novo cliente	1628028206612	1628028216408	OK	 
REQUEST		Buscar cliente criado	1628028215893	1628028216410	OK	 
REQUEST		Adicionar novo cliente	1628028206674	1628028216415	OK	 
REQUEST		Adicionar novo cliente	1628028206670	1628028216408	OK	 
REQUEST		Adicionar novo Acao	1628028214369	1628028216421	OK	 
REQUEST		Adicionar novo cliente	1628028206707	1628028216476	OK	 
REQUEST		Adicionar novo Acao	1628028215080	1628028216478	OK	 
REQUEST		Adicionar novo cliente	1628028208771	1628028216481	OK	 
REQUEST		Adicionar novo cliente	1628028208778	1628028216484	OK	 
REQUEST		Adicionar novo cliente	1628028207668	1628028216486	OK	 
REQUEST		Adicionar novo cliente	1628028208770	1628028216572	OK	 
REQUEST		Adicionar novo Acao	1628028215081	1628028216574	OK	 
REQUEST		Buscar cliente criado	1628028216179	1628028216577	OK	 
REQUEST		Listagem de Acoes	1628028215680	1628028216579	OK	 
REQUEST		Adicionar novo Acao	1628028215199	1628028216673	OK	 
REQUEST		Adicionar novo Acao	1628028215205	1628028216674	OK	 
REQUEST		Listagem de Acoes	1628028215678	1628028216676	OK	 
REQUEST		Logout	1628028215813	1628028216771	OK	 
REQUEST		Adicionar novo Acao	1628028215203	1628028216773	OK	 
REQUEST		Buscar cliente criado	1628028216308	1628028216775	OK	 
REQUEST		Adicionar novo Acao	1628028215203	1628028216776	OK	 
REQUEST		Buscar cliente criado	1628028216325	1628028216773	OK	 
REQUEST		Buscar cliente criado	1628028216324	1628028216771	OK	 
USER	Realizar login MaxxiForge para rota Action	END	1628028216772
REQUEST		Buscar cliente criado	1628028216320	1628028216780	OK	 
REQUEST		Buscar acao criada	1628028216093	1628028216904	OK	 
REQUEST		Buscar cliente criado	1628028216388	1628028216904	OK	 
REQUEST		Adicionar novo Acao	1628028215488	1628028216908	OK	 
REQUEST		Adicionar novo Acao	1628028215478	1628028216909	OK	 
REQUEST		Buscar cliente criado	1628028216387	1628028216911	OK	 
REQUEST		Buscar cliente criado	1628028216384	1628028216912	OK	 
REQUEST		Buscar cliente criado	1628028216415	1628028217101	OK	 
REQUEST		Adicionar novo Acao	1628028215687	1628028217108	OK	 
REQUEST		Buscar cliente criado	1628028216409	1628028217112	OK	 
REQUEST		Buscar cliente criado	1628028216400	1628028217116	OK	 
REQUEST		Adicionar novo Acao	1628028215688	1628028217119	OK	 
REQUEST		Buscar cliente criado	1628028216392	1628028217113	OK	 
REQUEST		Buscar cliente criado	1628028216420	1628028217121	OK	 
REQUEST		Buscar acao criada	1628028216202	1628028217171	OK	 
REQUEST		Buscar cliente criado	1628028216482	1628028217173	OK	 
REQUEST		Buscar cliente criado	1628028216485	1628028217176	OK	 
REQUEST		Buscar cliente criado	1628028216477	1628028217178	OK	 
REQUEST		Adicionar novo Acao	1628028215683	1628028217181	OK	 
REQUEST		Buscar cliente criado	1628028216490	1628028217183	OK	 
REQUEST		Adicionar novo Acao	1628028215681	1628028217184	OK	 
REQUEST		Buscar cliente criado	1628028216573	1628028217310	OK	 
REQUEST		Adicionar novo Acao	1628028215808	1628028217312	OK	 
REQUEST		Buscar acao criada	1628028216407	1628028217791	OK	 
REQUEST		Buscar acao criada	1628028216422	1628028217791	OK	 
REQUEST		Adicionar novo Acao	1628028216097	1628028217795	OK	 
REQUEST		Buscar acao criada	1628028216481	1628028217876	OK	 
REQUEST		Buscar acao criada	1628028216576	1628028217888	OK	 
REQUEST		Buscar acao criada	1628028216674	1628028217978	OK	 
REQUEST		Buscar acao criada	1628028216676	1628028217980	OK	 
REQUEST		Editar cliente	1628028217311	1628028218005	KO	status.find.is(200), but actually found 500
REQUEST		Buscar acao criada	1628028216774	1628028218088	KO	status.find.is(200), but actually found 500
REQUEST		Buscar acao criada	1628028216777	1628028218091	KO	status.find.is(200), but actually found 500
REQUEST		Buscar acao criada	1628028217186	1628028218092	KO	status.find.is(200), but actually found 500
REQUEST		Editar acao	1628028217172	1628028218096	KO	status.find.is(200), but actually found 500
REQUEST		Buscar acao criada	1628028217181	1628028218099	KO	status.find.is(200), but actually found 500
REQUEST		Buscar acao criada	1628028216909	1628028218196	KO	status.find.is(200), but actually found 500
REQUEST		Buscar acao criada	1628028216910	1628028218202	KO	status.find.is(200), but actually found 500
REQUEST		Editar acao	1628028216905	1628028218205	KO	status.find.is(200), but actually found 500
REQUEST		Editar cliente	1628028217113	1628028218208	KO	status.find.is(200), but actually found 500
REQUEST		Adicionar novo cliente	1628028212278	1628028218208	OK	 
REQUEST		Adicionar novo cliente	1628028212286	1628028218211	OK	 
REQUEST		Adicionar novo cliente	1628028212370	1628028218214	OK	 
REQUEST		Editar cliente	1628028217103	1628028218217	KO	status.find.is(200), but actually found 500
REQUEST		Editar cliente	1628028217123	1628028218280	KO	status.find.is(200), but actually found 500
REQUEST		Editar acao	1628028217792	1628028218282	KO	status.find.is(200), but actually found 500
REQUEST		Editar acao	1628028217794	1628028218289	KO	status.find.is(200), but actually found 500
REQUEST		Adicionar novo Acao	1628028216607	1628028218289	OK	 
REQUEST		Editar cliente	1628028217176	1628028218288	KO	status.find.is(200), but actually found 500
REQUEST		Editar cliente	1628028217177	1628028218298	KO	status.find.is(200), but actually found 500
REQUEST		Buscar acao criada	1628028217120	1628028218400	KO	status.find.is(200), but actually found 500
REQUEST		Buscar acao criada	1628028217111	1628028218401	KO	status.find.is(200), but actually found 500
REQUEST		Editar acao	1628028217889	1628028218404	KO	status.find.is(200), but actually found 500
REQUEST		Adicionar novo Acao	1628028216677	1628028218406	OK	 
REQUEST		Buscar acao criada	1628028217315	1628028218775	KO	status.find.is(200), but actually found 500
REQUEST		Editar acao	1628028217980	1628028218777	KO	status.find.is(200), but actually found 500
REQUEST		Editar cliente	1628028216390	1628028219275	KO	status.find.is(200), but actually found 400
REQUEST		Buscar acao criada	1628028217801	1628028219481	KO	status.find.is(200), but actually found 500
REQUEST		Editar cliente	1628028216412	1628028219483	KO	status.find.is(200), but actually found 400
REQUEST		Editar cliente	1628028215107	1628028219485	OK	 
REQUEST		Editar acao	1628028218100	1628028219486	KO	status.find.is(200), but actually found 500
REQUEST		Deletar acao	1628028218206	1628028219579	KO	status.find.is(200), but actually found 500
REQUEST		Editar acao	1628028218201	1628028219580	KO	status.find.is(200), but actually found 500
REQUEST		Editar acao	1628028218204	1628028219581	KO	status.find.is(200), but actually found 500
REQUEST		Editar acao	1628028217877	1628028219582	KO	status.find.is(200), but actually found 500
REQUEST		Deletar cliente	1628028218300	1628028219680	KO	status.find.is(200), but actually found 500
REQUEST		Deletar acao	1628028218288	1628028219681	KO	status.find.is(200), but actually found 500
REQUEST		Deletar acao	1628028218297	1628028219682	KO	status.find.is(200), but actually found 500
REQUEST		Editar acao	1628028218401	1628028219683	KO	status.find.is(200), but actually found 500
REQUEST		Deletar cliente	1628028218006	1628028219685	KO	status.find.is(200), but actually found 500
REQUEST		Buscar cliente criado	1628028218210	1628028219686	OK	 
REQUEST		Buscar cliente criado	1628028218211	1628028219688	OK	 
REQUEST		Deletar acao	1628028218405	1628028219864	KO	status.find.is(200), but actually found 500
REQUEST		Editar acao	1628028218402	1628028219865	KO	status.find.is(200), but actually found 500
REQUEST		Buscar cliente criado	1628028218217	1628028219867	OK	 
REQUEST		Editar cliente	1628028215479	1628028219868	OK	 
REQUEST		Editar acao	1628028218089	1628028219873	KO	status.find.is(200), but actually found 500
REQUEST		Editar cliente	1628028215606	1628028219967	OK	 
REQUEST		Editar acao	1628028218096	1628028219969	KO	status.find.is(200), but actually found 500
REQUEST		Editar acao	1628028218092	1628028219970	KO	status.find.is(200), but actually found 500
REQUEST		Buscar acao criada	1628028218291	1628028220371	OK	 
REQUEST		Editar cliente	1628028215896	1628028220380	OK	 
REQUEST		Buscar acao criada	1628028218406	1628028220381	OK	 
REQUEST		Editar cliente	1628028216091	1628028220407	OK	 
REQUEST		Logout	1628028219683	1628028220580	OK	 
REQUEST		Logout	1628028219682	1628028220581	OK	 
REQUEST		Logout	1628028219579	1628028220582	OK	 
USER	Realizar login MaxxiForge para rota Action	END	1628028220581
USER	Realizar login MaxxiForge para rota Action	END	1628028220582
USER	Realizar login MaxxiForge para rota Action	END	1628028220583
REQUEST		Deletar acao	1628028218097	1628028220590	OK	 
REQUEST		Deletar cliente	1628028218218	1628028220595	OK	 
REQUEST		Listagem de Acoes	1628028219686	1628028220597	OK	 
REQUEST		Listagem de Acoes	1628028219681	1628028220598	OK	 
REQUEST		Logout	1628028219865	1628028220602	OK	 
REQUEST		Editar acao	1628028217979	1628028220603	OK	 
REQUEST		Deletar cliente	1628028218208	1628028220604	OK	 
USER	Realizar login MaxxiForge para rota Action	END	1628028220603
REQUEST		Editar cliente	1628028216577	1628028220666	OK	 
REQUEST		Deletar cliente	1628028218281	1628028220672	OK	 
REQUEST		Deletar cliente	1628028218298	1628028220688	OK	 
REQUEST		Deletar acao	1628028218778	1628028220708	OK	 
REQUEST		Editar cliente	1628028216778	1628028220806	OK	 
REQUEST		Editar cliente	1628028216780	1628028220808	OK	 
REQUEST		Editar cliente	1628028216776	1628028220811	OK	 
REQUEST		Editar cliente	1628028216779	1628028220811	OK	 
REQUEST		Deletar acao	1628028219581	1628028220879	OK	 
REQUEST		Deletar cliente	1628028219276	1628028220880	OK	 
REQUEST		Deletar acao	1628028219487	1628028220882	OK	 
REQUEST		Deletar cliente	1628028219485	1628028220883	OK	 
REQUEST		Editar cliente	1628028216912	1628028220900	OK	 
REQUEST		Editar cliente	1628028216907	1628028220901	OK	 
REQUEST		Editar cliente	1628028216913	1628028221088	OK	 
REQUEST		Deletar cliente	1628028219484	1628028221091	OK	 
REQUEST		Editar acao	1628028219482	1628028221096	OK	 
REQUEST		Deletar acao	1628028219866	1628028221097	OK	 
REQUEST		Editar cliente	1628028217121	1628028221106	OK	 
REQUEST		Editar cliente	1628028217184	1628028221109	OK	 
REQUEST		Editar cliente	1628028217180	1628028221109	OK	 
REQUEST		Deletar acao	1628028219582	1628028221110	OK	 
REQUEST		Editar cliente	1628028217116	1628028221113	OK	 
REQUEST		Deletar cliente	1628028219967	1628028221116	OK	 
REQUEST		Deletar acao	1628028219684	1628028221116	OK	 
REQUEST		Editar acao	1628028218776	1628028221119	OK	 
REQUEST		Deletar acao	1628028219582	1628028221129	OK	 
REQUEST		Logout	1628028220591	1628028221568	OK	 
REQUEST		Deletar acao	1628028219874	1628028221570	OK	 
REQUEST		Deletar cliente	1628028219868	1628028221570	OK	 
REQUEST		Deletar acao	1628028219970	1628028221572	OK	 
REQUEST		Deletar acao	1628028219971	1628028221584	OK	 
USER	Realizar login MaxxiForge para rota Action	END	1628028221569
REQUEST		Listagem de Acoes	1628028220596	1628028221600	OK	 
REQUEST		Listagem de Acoes	1628028220605	1628028221676	OK	 
REQUEST		Deletar cliente	1628028220381	1628028221702	OK	 
REQUEST		Listagem de Acoes	1628028220683	1628028221703	OK	 
REQUEST		Logout	1628028220710	1628028221787	OK	 
REQUEST		Editar acao	1628028220372	1628028221789	OK	 
REQUEST		Listagem de Acoes	1628028220706	1628028221802	OK	 
USER	Realizar login MaxxiForge para rota Action	END	1628028221789
REQUEST		Deletar cliente	1628028220408	1628028221889	OK	 
REQUEST		Adicionar novo Acao	1628028220599	1628028221896	OK	 
REQUEST		Editar acao	1628028220382	1628028221899	OK	 
REQUEST		Listagem de Acoes	1628028220880	1628028221902	OK	 
REQUEST		Adicionar novo Acao	1628028220598	1628028221903	OK	 
REQUEST		Logout	1628028220882	1628028221980	OK	 
REQUEST		Listagem de Acoes	1628028220885	1628028221982	OK	 
REQUEST		Logout	1628028220879	1628028221985	OK	 
USER	Realizar login MaxxiForge para rota Action	END	1628028221981
USER	Realizar login MaxxiForge para rota Action	END	1628028221985
REQUEST		Logout	1628028221098	1628028222083	OK	 
REQUEST		Listagem de Acoes	1628028221116	1628028222084	OK	 
USER	Realizar login MaxxiForge para rota Action	END	1628028222084
REQUEST		Logout	1628028221129	1628028222169	OK	 
REQUEST		Logout	1628028221112	1628028222169	OK	 
REQUEST		Listagem de Acoes	1628028221091	1628028222171	OK	 
REQUEST		Logout	1628028221118	1628028222172	OK	 
USER	Realizar login MaxxiForge para rota Action	END	1628028222170
USER	Realizar login MaxxiForge para rota Action	END	1628028222171
USER	Realizar login MaxxiForge para rota Action	END	1628028222173
REQUEST		Deletar acao	1628028220603	1628028222185	OK	 
REQUEST		Deletar cliente	1628028220671	1628028222185	OK	 
REQUEST		Listagem de Acoes	1628028221570	1628028222186	OK	 
REQUEST		Logout	1628028221574	1628028222285	OK	 
REQUEST		Logout	1628028221571	1628028222286	OK	 
REQUEST		Editar cliente	1628028219688	1628028222287	OK	 
REQUEST		Logout	1628028221588	1628028222289	OK	 
USER	Realizar login MaxxiForge para rota Action	END	1628028222286
USER	Realizar login MaxxiForge para rota Action	END	1628028222287
USER	Realizar login MaxxiForge para rota Action	END	1628028222289
REQUEST		Editar cliente	1628028219867	1628028222367	OK	 
REQUEST		Editar cliente	1628028219687	1628028222368	OK	 
REQUEST		Deletar cliente	1628028220807	1628028222382	OK	 
REQUEST		Deletar cliente	1628028220809	1628028222383	OK	 
REQUEST		Deletar cliente	1628028220811	1628028222383	OK	 
REQUEST		Listagem de Acoes	1628028221702	1628028222386	OK	 
REQUEST		Deletar cliente	1628028220812	1628028222388	OK	 
REQUEST		Deletar cliente	1628028220900	1628028222411	OK	 
REQUEST		Deletar cliente	1628028220904	1628028222412	OK	 
REQUEST		Buscar acao criada	1628028221903	1628028222499	OK	 
REQUEST		Deletar acao	1628028221096	1628028222500	OK	 
REQUEST		Buscar acao criada	1628028221898	1628028222500	OK	 
REQUEST		Deletar cliente	1628028221107	1628028222502	OK	 
REQUEST		Deletar acao	1628028221119	1628028222502	OK	 
REQUEST		Deletar cliente	1628028221109	1628028222503	OK	 
REQUEST		Adicionar novo Acao	1628028221601	1628028222505	OK	 
REQUEST		Deletar cliente	1628028221112	1628028222508	OK	 
REQUEST		Deletar cliente	1628028221115	1628028222570	OK	 
REQUEST		Deletar cliente	1628028221090	1628028222571	OK	 
REQUEST		Listagem de Acoes	1628028221890	1628028222673	OK	 
REQUEST		Adicionar novo Acao	1628028221705	1628028222801	OK	 
REQUEST		Adicionar novo Acao	1628028221804	1628028222802	OK	 
REQUEST		Adicionar novo Acao	1628028221677	1628028222801	OK	 
REQUEST		Logout	1628028222185	1628028223003	OK	 
USER	Realizar login MaxxiForge para rota Action	END	1628028223004
REQUEST		Adicionar novo Acao	1628028221902	1628028223006	OK	 
REQUEST		Listagem de Acoes	1628028222186	1628028223083	OK	 
REQUEST		Deletar acao	1628028221801	1628028223095	OK	 
REQUEST		Adicionar novo Acao	1628028221984	1628028223165	OK	 
REQUEST		Adicionar novo Acao	1628028222172	1628028223171	OK	 
REQUEST		Deletar acao	1628028221900	1628028223174	OK	 
REQUEST		Adicionar novo Acao	1628028222085	1628028223189	OK	 
REQUEST		Listagem de Acoes	1628028222382	1628028223190	OK	 
REQUEST		Listagem de Acoes	1628028222388	1628028223191	OK	 
REQUEST		Listagem de Acoes	1628028222411	1628028223192	OK	 
REQUEST		Adicionar novo Acao	1628028222187	1628028223201	OK	 
REQUEST		Listagem de Acoes	1628028222412	1628028223204	OK	 
REQUEST		Listagem de Acoes	1628028222385	1628028223206	OK	 
REQUEST		Listagem de Acoes	1628028222383	1628028223206	OK	 
REQUEST		Buscar acao criada	1628028222506	1628028223275	OK	 
REQUEST		Listagem de Acoes	1628028222502	1628028223276	OK	 
REQUEST		Listagem de Acoes	1628028222508	1628028223279	OK	 
REQUEST		Listagem de Acoes	1628028222505	1628028223281	OK	 
REQUEST		Logout	1628028222502	1628028223376	OK	 
REQUEST		Listagem de Acoes	1628028222573	1628028223378	OK	 
REQUEST		Listagem de Acoes	1628028222571	1628028223381	OK	 
USER	Realizar login MaxxiForge para rota Action	END	1628028223377
REQUEST		Buscar acao criada	1628028222803	1628028223873	OK	 
REQUEST		Buscar acao criada	1628028222802	1628028223874	OK	 
REQUEST		Buscar acao criada	1628028222803	1628028223875	OK	 
REQUEST		Logout	1628028222501	1628028223876	OK	 
USER	Realizar login MaxxiForge para rota Action	END	1628028223877
REQUEST		Adicionar novo Acao	1628028222387	1628028223995	OK	 
REQUEST		Deletar cliente	1628028222287	1628028224164	OK	 
REQUEST		Buscar acao criada	1628028223007	1628028224176	OK	 
REQUEST		Deletar cliente	1628028222369	1628028224177	OK	 
REQUEST		Buscar acao criada	1628028223190	1628028224181	OK	 
REQUEST		Buscar acao criada	1628028223166	1628028224183	OK	 
REQUEST		Adicionar novo Acao	1628028222673	1628028224183	OK	 
REQUEST		Deletar cliente	1628028222368	1628028224185	OK	 
REQUEST		Buscar acao criada	1628028223174	1628028224186	OK	 
REQUEST		Buscar acao criada	1628028223203	1628028224270	OK	 
REQUEST		Logout	1628028223095	1628028224271	OK	 
USER	Realizar login MaxxiForge para rota Action	END	1628028224274
REQUEST		Logout	1628028223175	1628028224369	OK	 
USER	Realizar login MaxxiForge para rota Action	END	1628028224370
REQUEST		Adicionar novo Acao	1628028223083	1628028224410	OK	 
REQUEST		Editar acao	1628028222500	1628028224412	OK	 
REQUEST		Buscar acao criada	1628028223996	1628028224466	OK	 
REQUEST		Editar acao	1628028222501	1628028224467	OK	 
REQUEST		Adicionar novo Acao	1628028223191	1628028224471	OK	 
REQUEST		Adicionar novo Acao	1628028223193	1628028224473	OK	 
REQUEST		Adicionar novo Acao	1628028223192	1628028224474	OK	 
REQUEST		Adicionar novo Acao	1628028223206	1628028224492	OK	 
REQUEST		Adicionar novo Acao	1628028223207	1628028224580	OK	 
REQUEST		Adicionar novo Acao	1628028223380	1628028224582	OK	 
REQUEST		Adicionar novo Acao	1628028223279	1628028224612	OK	 
REQUEST		Buscar acao criada	1628028224185	1628028224616	OK	 
REQUEST		Adicionar novo Acao	1628028223205	1628028224617	OK	 
REQUEST		Listagem de Acoes	1628028224180	1628028224620	OK	 
REQUEST		Listagem de Acoes	1628028224164	1628028224622	OK	 
REQUEST		Adicionar novo Acao	1628028223279	1628028224624	OK	 
REQUEST		Adicionar novo Acao	1628028223381	1628028224627	OK	 
REQUEST		Adicionar novo Acao	1628028223282	1628028224628	OK	 
REQUEST		Listagem de Acoes	1628028224186	1628028224632	OK	 
REQUEST		Buscar acao criada	1628028224411	1628028224787	OK	 
REQUEST		Buscar acao criada	1628028224473	1628028224796	OK	 
REQUEST		Buscar acao criada	1628028224472	1628028224801	OK	 
REQUEST		Buscar acao criada	1628028224492	1628028224805	OK	 
REQUEST		Editar acao	1628028223276	1628028224807	OK	 
REQUEST		Buscar acao criada	1628028224476	1628028224877	OK	 
REQUEST		Editar acao	1628028223875	1628028224878	OK	 
REQUEST		Editar acao	1628028223874	1628028224881	OK	 
REQUEST		Editar acao	1628028223874	1628028224883	OK	 
REQUEST		Buscar acao criada	1628028224581	1628028224987	OK	 
REQUEST		Buscar acao criada	1628028224611	1628028225086	OK	 
REQUEST		Buscar acao criada	1628028224625	1628028225086	OK	 
REQUEST		Buscar acao criada	1628028224619	1628028225088	OK	 
REQUEST		Buscar acao criada	1628028224613	1628028225090	OK	 
REQUEST		Buscar acao criada	1628028224631	1628028225104	OK	 
REQUEST		Buscar acao criada	1628028224628	1628028225114	OK	 
REQUEST		Editar acao	1628028224185	1628028225115	OK	 
REQUEST		Editar acao	1628028224176	1628028225117	OK	 
REQUEST		Editar acao	1628028224182	1628028225118	OK	 
REQUEST		Editar acao	1628028224186	1628028225272	OK	 
REQUEST		Deletar acao	1628028224470	1628028225291	OK	 
REQUEST		Deletar acao	1628028224414	1628028225291	OK	 
REQUEST		Editar acao	1628028224271	1628028225403	OK	 
REQUEST		Adicionar novo Acao	1628028224621	1628028225477	OK	 
REQUEST		Adicionar novo Acao	1628028224623	1628028225492	OK	 
REQUEST		Adicionar novo Acao	1628028224633	1628028225492	OK	 
REQUEST		Editar acao	1628028224467	1628028225495	OK	 
REQUEST		Editar acao	1628028224616	1628028225590	OK	 
REQUEST		Deletar acao	1628028224821	1628028225594	OK	 
REQUEST		Buscar acao criada	1628028225478	1628028225611	OK	 
REQUEST		Logout	1628028225294	1628028225665	OK	 
REQUEST		Deletar acao	1628028224881	1628028225668	OK	 
REQUEST		Logout	1628028225291	1628028225666	OK	 
REQUEST		Deletar acao	1628028224882	1628028225672	OK	 
REQUEST		Editar acao	1628028224787	1628028225671	OK	 
REQUEST		Deletar acao	1628028224884	1628028225672	OK	 
REQUEST		Buscar acao criada	1628028225492	1628028225674	OK	 
REQUEST		Buscar acao criada	1628028225494	1628028225675	OK	 
USER	Realizar login MaxxiForge para rota Action	END	1628028225666
USER	Realizar login MaxxiForge para rota Action	END	1628028225671
REQUEST		Editar acao	1628028224822	1628028225683	OK	 
REQUEST		Editar acao	1628028224798	1628028225692	OK	 
REQUEST		Editar acao	1628028224878	1628028225692	OK	 
REQUEST		Editar acao	1628028224806	1628028225694	OK	 
REQUEST		Deletar acao	1628028225118	1628028225798	OK	 
REQUEST		Deletar acao	1628028225117	1628028225799	OK	 
REQUEST		Deletar acao	1628028225116	1628028225798	OK	 
REQUEST		Editar acao	1628028225087	1628028225884	OK	 
REQUEST		Editar acao	1628028225086	1628028225885	OK	 
REQUEST		Editar acao	1628028225090	1628028225890	OK	 
REQUEST		Editar acao	1628028224987	1628028225891	OK	 
REQUEST		Deletar acao	1628028225273	1628028225892	OK	 
REQUEST		Editar acao	1628028225088	1628028225892	OK	 
REQUEST		Deletar acao	1628028225404	1628028225900	OK	 
REQUEST		Editar acao	1628028225105	1628028225900	OK	 
REQUEST		Editar acao	1628028225115	1628028225987	OK	 
REQUEST		Logout	1628028225594	1628028226094	OK	 
USER	Realizar login MaxxiForge para rota Action	END	1628028226095
REQUEST		Deletar acao	1628028225495	1628028226115	OK	 
REQUEST		Logout	1628028225673	1628028226169	OK	 
REQUEST		Logout	1628028225669	1628028226170	OK	 
REQUEST		Logout	1628028225677	1628028226169	OK	 
USER	Realizar login MaxxiForge para rota Action	END	1628028226170
USER	Realizar login MaxxiForge para rota Action	END	1628028226171
USER	Realizar login MaxxiForge para rota Action	END	1628028226172
REQUEST		Logout	1628028225799	1628028226182	OK	 
REQUEST		Logout	1628028225892	1628028226184	OK	 
REQUEST		Logout	1628028225798	1628028226186	OK	 
REQUEST		Logout	1628028225799	1628028226182	OK	 
REQUEST		Logout	1628028225902	1628028226189	OK	 
REQUEST		Deletar acao	1628028225591	1628028226190	OK	 
REQUEST		Deletar acao	1628028225672	1628028226191	OK	 
REQUEST		Editar acao	1628028225612	1628028226191	OK	 
REQUEST		Editar acao	1628028225674	1628028226193	OK	 
REQUEST		Logout	1628028226115	1628028226194	OK	 
REQUEST		Deletar acao	1628028225694	1628028226195	OK	 
REQUEST		Deletar acao	1628028225695	1628028226196	OK	 
REQUEST		Editar acao	1628028225675	1628028226197	OK	 
REQUEST		Deletar acao	1628028225694	1628028226201	OK	 
REQUEST		Deletar acao	1628028225684	1628028226210	OK	 
USER	Realizar login MaxxiForge para rota Action	END	1628028226183
USER	Realizar login MaxxiForge para rota Action	END	1628028226185
USER	Realizar login MaxxiForge para rota Action	END	1628028226188
USER	Realizar login MaxxiForge para rota Action	END	1628028226189
USER	Realizar login MaxxiForge para rota Action	END	1628028226190
USER	Realizar login MaxxiForge para rota Action	END	1628028226194
REQUEST		Deletar acao	1628028225887	1628028226264	OK	 
REQUEST		Deletar acao	1628028225900	1628028226280	OK	 
REQUEST		Deletar acao	1628028225988	1628028226284	OK	 
REQUEST		Deletar acao	1628028225890	1628028226284	OK	 
REQUEST		Deletar acao	1628028225891	1628028226285	OK	 
REQUEST		Deletar acao	1628028225887	1628028226286	OK	 
REQUEST		Deletar acao	1628028225893	1628028226286	OK	 
REQUEST		Logout	1628028226190	1628028226376	OK	 
REQUEST		Logout	1628028226191	1628028226377	OK	 
REQUEST		Logout	1628028226195	1628028226379	OK	 
REQUEST		Logout	1628028226197	1628028226381	OK	 
REQUEST		Logout	1628028226282	1628028226382	OK	 
REQUEST		Logout	1628028226211	1628028226384	OK	 
REQUEST		Logout	1628028226203	1628028226384	OK	 
REQUEST		Logout	1628028226285	1628028226385	OK	 
REQUEST		Logout	1628028226286	1628028226389	OK	 
REQUEST		Logout	1628028226285	1628028226390	OK	 
REQUEST		Logout	1628028226284	1628028226394	OK	 
REQUEST		Logout	1628028226275	1628028226395	OK	 
REQUEST		Logout	1628028226287	1628028226396	OK	 
REQUEST		Deletar acao	1628028226198	1628028226398	OK	 
REQUEST		Deletar acao	1628028226193	1628028226399	OK	 
REQUEST		Deletar acao	1628028226192	1628028226399	OK	 
USER	Realizar login MaxxiForge para rota Action	END	1628028226377
USER	Realizar login MaxxiForge para rota Action	END	1628028226378
USER	Realizar login MaxxiForge para rota Action	END	1628028226380
USER	Realizar login MaxxiForge para rota Action	END	1628028226381
USER	Realizar login MaxxiForge para rota Action	END	1628028226382
USER	Realizar login MaxxiForge para rota Action	END	1628028226385
USER	Realizar login MaxxiForge para rota Action	END	1628028226385
USER	Realizar login MaxxiForge para rota Action	END	1628028226389
USER	Realizar login MaxxiForge para rota Action	END	1628028226390
USER	Realizar login MaxxiForge para rota Action	END	1628028226390
USER	Realizar login MaxxiForge para rota Action	END	1628028226394
USER	Realizar login MaxxiForge para rota Action	END	1628028226395
USER	Realizar login MaxxiForge para rota Action	END	1628028226398
REQUEST		Logout	1628028226398	1628028226411	OK	 
USER	Realizar login MaxxiForge para rota Action	END	1628028226412
REQUEST		Logout	1628028226399	1628028226413	OK	 
REQUEST		Logout	1628028226400	1628028226414	OK	 
USER	Realizar login MaxxiForge para rota Action	END	1628028226413
USER	Realizar login MaxxiForge para rota Action	END	1628028226414
