RUN	maxxiforge.JornadaEstresse	jornadaestresse	1628023675205	 	3.6.0
USER	Realizar login MaxxiForge para rota Action	START	1628023675467
USER	Realizar login MaxxiForge para rota Action	START	1628023675467
USER	Realizar login MaxxiForge para rota Action	START	1628023675467
USER	Realizar login MaxxiForge para rota Action	START	1628023675467
USER	Realizar login MaxxiForge para rota Action	START	1628023675467
USER	Realizar login MaxxiForge para rota Action	START	1628023675467
USER	Realizar login MaxxiForge para rota Action	START	1628023675467
USER	Realizar login MaxxiForge para rota Action	START	1628023675467
USER	Realizar login MaxxiForge para rota Action	START	1628023675467
USER	Realizar login MaxxiForge para rota Action	START	1628023675467
USER	Realizar login MaxxiForge para rota Action	START	1628023675467
USER	Realizar login MaxxiForge para rota Action	START	1628023675469
USER	Realizar login MaxxiForge para rota Action	START	1628023675467
USER	Realizar login MaxxiForge para rota Action	START	1628023675467
USER	Realizar login MaxxiForge para rota Action	START	1628023675467
USER	Realizar login MaxxiForge para rota Action	START	1628023675467
USER	Realizar login MaxxiForge para rota Action	START	1628023675467
USER	Realizar login MaxxiForge para rota Action	START	1628023675469
USER	Realizar login MaxxiForge para rota Action	START	1628023675469
USER	Realizar login MaxxiForge para rota Action	START	1628023675470
REQUEST		Login	1628023675505	1628023676759	OK	 
REQUEST		Login	1628023675505	1628023677125	OK	 
REQUEST		Login	1628023675505	1628023677128	OK	 
REQUEST		Login	1628023675753	1628023677129	OK	 
REQUEST		Login	1628023675505	1628023677130	OK	 
REQUEST		Login	1628023675505	1628023677133	OK	 
REQUEST		Listagem de profissionais	1628023676811	1628023677144	OK	 
REQUEST		Login	1628023675505	1628023677144	OK	 
REQUEST		Login	1628023675505	1628023677158	OK	 
REQUEST		Login	1628023675505	1628023677159	OK	 
REQUEST		Login	1628023675753	1628023677163	OK	 
REQUEST		Login	1628023675505	1628023677163	OK	 
REQUEST		Login	1628023675505	1628023677163	OK	 
REQUEST		Login	1628023675505	1628023677171	OK	 
REQUEST		Login	1628023675505	1628023677173	OK	 
REQUEST		Login	1628023675505	1628023677173	OK	 
REQUEST		Login	1628023675505	1628023677186	OK	 
REQUEST		Login	1628023675505	1628023677186	OK	 
REQUEST		Login	1628023675753	1628023677187	OK	 
REQUEST		Login	1628023675505	1628023677190	OK	 
REQUEST		Login	1628023675753	1628023677190	OK	 
REQUEST		Listagem de profissionais	1628023677158	1628023677326	OK	 
REQUEST		Listagem de profissionais	1628023677156	1628023677367	OK	 
REQUEST		Listagem de profissionais	1628023677163	1628023677412	OK	 
REQUEST		Listagem de profissionais	1628023677160	1628023677417	OK	 
REQUEST		Listagem de profissionais	1628023677162	1628023677430	OK	 
REQUEST		Listagem de profissionais	1628023677172	1628023677430	OK	 
REQUEST		Listagem de profissionais	1628023677185	1628023677444	OK	 
REQUEST		Listagem de profissionais	1628023677171	1628023677468	OK	 
REQUEST		Listagem de profissionais	1628023677185	1628023677474	OK	 
REQUEST		Listagem de profissionais	1628023677185	1628023677474	OK	 
REQUEST		Listagem de profissionais	1628023677186	1628023677475	OK	 
REQUEST		Listagem de profissionais	1628023677190	1628023677479	OK	 
REQUEST		Listagem de profissionais	1628023677191	1628023677480	OK	 
REQUEST		Listagem de profissionais	1628023677177	1628023677480	OK	 
REQUEST		Listagem de profissionais	1628023677186	1628023677480	OK	 
REQUEST		Listagem de profissionais	1628023677186	1628023677489	OK	 
REQUEST		Listagem de profissionais	1628023677191	1628023677494	OK	 
REQUEST		Listagem de profissionais	1628023677193	1628023677499	OK	 
REQUEST		Listagem de profissionais	1628023677193	1628023677500	OK	 
REQUEST		Adicionar novo profissional	1628023677171	1628023677594	OK	 
REQUEST		Adicionar novo profissional	1628023677336	1628023677808	OK	 
REQUEST		Buscar profissional criado	1628023677605	1628023677877	OK	 
REQUEST		Buscar profissional criado	1628023677811	1628023678028	OK	 
REQUEST		Adicionar novo profissional	1628023677376	1628023678065	OK	 
REQUEST		Adicionar novo profissional	1628023677418	1628023678197	OK	 
REQUEST		Adicionar novo profissional	1628023677437	1628023678236	OK	 
REQUEST		Editar profissional	1628023677883	1628023678242	OK	 
REQUEST		Adicionar novo profissional	1628023677423	1628023678244	OK	 
REQUEST		Buscar profissional criado	1628023678071	1628023678264	OK	 
REQUEST		Adicionar novo profissional	1628023677448	1628023678279	OK	 
REQUEST		Adicionar novo profissional	1628023677496	1628023678295	OK	 
REQUEST		Adicionar novo profissional	1628023677436	1628023678297	OK	 
REQUEST		Adicionar novo profissional	1628023677496	1628023678303	OK	 
REQUEST		Adicionar novo profissional	1628023677494	1628023678327	OK	 
REQUEST		Adicionar novo profissional	1628023677506	1628023678328	OK	 
REQUEST		Adicionar novo profissional	1628023677494	1628023678366	OK	 
REQUEST		Adicionar novo profissional	1628023677498	1628023678373	OK	 
REQUEST		Adicionar novo profissional	1628023677480	1628023678378	OK	 
REQUEST		Adicionar novo profissional	1628023677496	1628023678392	OK	 
REQUEST		Adicionar novo profissional	1628023677494	1628023678393	OK	 
REQUEST		Adicionar novo profissional	1628023677496	1628023678397	OK	 
REQUEST		Adicionar novo profissional	1628023677500	1628023678409	OK	 
REQUEST		Buscar profissional criado	1628023678204	1628023678410	OK	 
REQUEST		Editar profissional	1628023678034	1628023678410	OK	 
REQUEST		Buscar profissional criado	1628023678243	1628023678413	OK	 
REQUEST		Adicionar novo profissional	1628023677506	1628023678423	OK	 
REQUEST		Deletar profissional	1628023678255	1628023678425	OK	 
REQUEST		Buscar profissional criado	1628023678256	1628023678427	OK	 
REQUEST		Editar profissional	1628023678267	1628023678437	OK	 
REQUEST		Buscar profissional criado	1628023678282	1628023678442	OK	 
REQUEST		Buscar profissional criado	1628023678298	1628023678451	OK	 
REQUEST		Buscar profissional criado	1628023678300	1628023678457	OK	 
REQUEST		Buscar profissional criado	1628023678310	1628023678467	OK	 
REQUEST		Buscar profissional criado	1628023678331	1628023678487	OK	 
REQUEST		Buscar profissional criado	1628023678331	1628023678489	OK	 
REQUEST		Buscar profissional criado	1628023678373	1628023678534	OK	 
REQUEST		Buscar profissional criado	1628023678379	1628023678545	OK	 
REQUEST		Buscar profissional criado	1628023678393	1628023678552	OK	 
REQUEST		Buscar profissional criado	1628023678408	1628023678565	OK	 
REQUEST		Buscar profissional criado	1628023678403	1628023678571	OK	 
REQUEST		Buscar profissional criado	1628023678410	1628023678592	OK	 
REQUEST		Buscar profissional criado	1628023678435	1628023678684	OK	 
REQUEST		Buscar profissional criado	1628023678424	1628023678688	OK	 
REQUEST		Deletar profissional	1628023678425	1628023678721	OK	 
REQUEST		Listagem de clientes	1628023678437	1628023678767	OK	 
REQUEST		Deletar profissional	1628023678440	1628023678767	OK	 
REQUEST		Editar profissional	1628023678425	1628023678778	OK	 
REQUEST		Editar profissional	1628023678427	1628023678779	OK	 
REQUEST		Editar profissional	1628023678454	1628023678791	OK	 
REQUEST		Editar profissional	1628023678470	1628023678792	OK	 
REQUEST		Editar profissional	1628023678437	1628023678797	OK	 
REQUEST		Editar profissional	1628023678496	1628023678798	OK	 
REQUEST		Editar profissional	1628023678490	1628023678798	OK	 
REQUEST		Editar profissional	1628023678448	1628023678809	OK	 
REQUEST		Editar profissional	1628023678573	1628023678812	OK	 
REQUEST		Editar profissional	1628023678567	1628023678811	OK	 
REQUEST		Editar profissional	1628023678564	1628023678811	OK	 
REQUEST		Editar profissional	1628023678595	1628023678812	OK	 
REQUEST		Editar profissional	1628023678459	1628023678814	OK	 
REQUEST		Editar profissional	1628023678549	1628023678823	OK	 
REQUEST		Editar profissional	1628023678540	1628023678824	OK	 
REQUEST		Editar profissional	1628023678687	1628023678860	OK	 
REQUEST		Editar profissional	1628023678691	1628023678876	OK	 
REQUEST		Listagem de clientes	1628023678722	1628023679034	OK	 
REQUEST		Deletar profissional	1628023678798	1628023679295	OK	 
REQUEST		Listagem de clientes	1628023678770	1628023679302	OK	 
REQUEST		Deletar profissional	1628023678811	1628023679308	OK	 
REQUEST		Deletar profissional	1628023678799	1628023679305	OK	 
REQUEST		Deletar profissional	1628023678784	1628023679307	OK	 
REQUEST		Deletar profissional	1628023678823	1628023679308	OK	 
REQUEST		Deletar profissional	1628023678783	1628023679310	OK	 
REQUEST		Deletar profissional	1628023678823	1628023679311	OK	 
REQUEST		Deletar profissional	1628023678810	1628023679313	OK	 
REQUEST		Deletar profissional	1628023678810	1628023679320	OK	 
REQUEST		Deletar profissional	1628023678828	1628023679319	OK	 
REQUEST		Deletar profissional	1628023678824	1628023679321	OK	 
REQUEST		Deletar profissional	1628023678813	1628023679321	OK	 
REQUEST		Deletar profissional	1628023678887	1628023679322	OK	 
REQUEST		Deletar profissional	1628023678825	1628023679326	OK	 
REQUEST		Deletar profissional	1628023678822	1628023679326	OK	 
REQUEST		Deletar profissional	1628023678828	1628023679327	OK	 
REQUEST		Adicionar novo cliente	1628023678769	1628023679326	OK	 
REQUEST		Adicionar novo cliente	1628023679041	1628023679327	OK	 
REQUEST		Deletar profissional	1628023678861	1628023679328	OK	 
REQUEST		Buscar cliente criado	1628023679333	1628023679841	OK	 
REQUEST		Buscar cliente criado	1628023679333	1628023679847	OK	 
REQUEST		Adicionar novo cliente	1628023679309	1628023680253	OK	 
REQUEST		Editar cliente	1628023679850	1628023680262	OK	 
REQUEST		Listagem de clientes	1628023679321	1628023680264	OK	 
REQUEST		Editar cliente	1628023679846	1628023680301	OK	 
REQUEST		Listagem de clientes	1628023679304	1628023680414	OK	 
REQUEST		Listagem de clientes	1628023679318	1628023680424	OK	 
REQUEST		Listagem de clientes	1628023679326	1628023680444	OK	 
REQUEST		Listagem de clientes	1628023679319	1628023680445	OK	 
REQUEST		Listagem de clientes	1628023679331	1628023680579	OK	 
REQUEST		Listagem de clientes	1628023679328	1628023680580	OK	 
REQUEST		Listagem de clientes	1628023679325	1628023680589	OK	 
REQUEST		Listagem de clientes	1628023679319	1628023680613	OK	 
REQUEST		Listagem de clientes	1628023679320	1628023680614	OK	 
REQUEST		Listagem de clientes	1628023679333	1628023680620	OK	 
REQUEST		Listagem de clientes	1628023679333	1628023680627	OK	 
REQUEST		Listagem de clientes	1628023679326	1628023680628	OK	 
REQUEST		Buscar cliente criado	1628023680261	1628023680634	OK	 
REQUEST		Listagem de clientes	1628023679321	1628023680636	OK	 
REQUEST		Listagem de clientes	1628023679327	1628023680645	OK	 
REQUEST		Listagem de clientes	1628023679323	1628023680646	OK	 
REQUEST		Listagem de clientes	1628023679320	1628023680683	OK	 
REQUEST		Deletar cliente	1628023680304	1628023680724	OK	 
REQUEST		Deletar cliente	1628023680276	1628023680724	OK	 
REQUEST		Adicionar novo cliente	1628023680277	1628023680739	OK	 
REQUEST		Adicionar novo cliente	1628023680421	1628023680798	OK	 
REQUEST		Adicionar novo cliente	1628023680454	1628023680798	OK	 
REQUEST		Adicionar novo cliente	1628023680431	1628023680802	OK	 
REQUEST		Adicionar novo cliente	1628023680455	1628023681009	OK	 
REQUEST		Buscar cliente criado	1628023680802	1628023681023	OK	 
REQUEST		Buscar cliente criado	1628023680741	1628023681029	OK	 
REQUEST		Buscar cliente criado	1628023680803	1628023681031	OK	 
REQUEST		Buscar cliente criado	1628023680806	1628023681031	OK	 
REQUEST		Listagem de Acoes	1628023680727	1628023681128	OK	 
REQUEST		Editar cliente	1628023680643	1628023681130	OK	 
REQUEST		Adicionar novo cliente	1628023680586	1628023681135	OK	 
REQUEST		Adicionar novo cliente	1628023680585	1628023681138	OK	 
REQUEST		Listagem de Acoes	1628023680727	1628023681143	OK	 
REQUEST		Adicionar novo cliente	1628023680634	1628023681145	OK	 
REQUEST		Adicionar novo cliente	1628023680689	1628023681145	OK	 
REQUEST		Adicionar novo cliente	1628023680619	1628023681147	OK	 
REQUEST		Adicionar novo cliente	1628023680644	1628023681151	OK	 
REQUEST		Adicionar novo cliente	1628023680620	1628023681150	OK	 
REQUEST		Adicionar novo cliente	1628023680659	1628023681151	OK	 
REQUEST		Adicionar novo cliente	1628023680628	1628023681153	OK	 
REQUEST		Adicionar novo cliente	1628023680659	1628023681153	OK	 
REQUEST		Adicionar novo cliente	1628023680596	1628023681155	OK	 
REQUEST		Adicionar novo cliente	1628023680634	1628023681159	OK	 
REQUEST		Buscar cliente criado	1628023681017	1628023681177	OK	 
REQUEST		Editar cliente	1628023681032	1628023681272	OK	 
REQUEST		Editar cliente	1628023681035	1628023681272	OK	 
REQUEST		Editar cliente	1628023681035	1628023681275	OK	 
REQUEST		Editar cliente	1628023681035	1628023681281	OK	 
REQUEST		Buscar cliente criado	1628023681146	1628023681398	OK	 
REQUEST		Buscar cliente criado	1628023681139	1628023681399	OK	 
REQUEST		Buscar cliente criado	1628023681146	1628023681399	OK	 
REQUEST		Buscar cliente criado	1628023681152	1628023681404	OK	 
REQUEST		Buscar cliente criado	1628023681152	1628023681406	OK	 
REQUEST		Buscar cliente criado	1628023681136	1628023681407	OK	 
REQUEST		Buscar cliente criado	1628023681150	1628023681409	OK	 
REQUEST		Buscar cliente criado	1628023681154	1628023681410	OK	 
REQUEST		Deletar cliente	1628023681131	1628023681411	OK	 
REQUEST		Buscar cliente criado	1628023681152	1628023681411	OK	 
REQUEST		Buscar cliente criado	1628023681154	1628023681413	OK	 
REQUEST		Buscar cliente criado	1628023681156	1628023681417	OK	 
REQUEST		Buscar cliente criado	1628023681160	1628023681418	OK	 
REQUEST		Adicionar novo Acao	1628023681129	1628023681418	OK	 
REQUEST		Adicionar novo Acao	1628023681144	1628023681419	OK	 
REQUEST		Editar cliente	1628023681178	1628023681432	OK	 
REQUEST		Deletar cliente	1628023681274	1628023681497	OK	 
REQUEST		Deletar cliente	1628023681274	1628023681498	OK	 
REQUEST		Deletar cliente	1628023681283	1628023681499	OK	 
REQUEST		Deletar cliente	1628023681281	1628023681500	OK	 
REQUEST		Listagem de Acoes	1628023681417	1628023681925	OK	 
REQUEST		Buscar acao criada	1628023681421	1628023681925	OK	 
REQUEST		Buscar acao criada	1628023681421	1628023681929	OK	 
REQUEST		Listagem de Acoes	1628023681499	1628023681936	OK	 
REQUEST		Listagem de Acoes	1628023681500	1628023681939	OK	 
REQUEST		Listagem de Acoes	1628023681497	1628023681942	OK	 
REQUEST		Listagem de Acoes	1628023681501	1628023681946	OK	 
REQUEST		Deletar cliente	1628023681433	1628023681949	OK	 
REQUEST		Editar cliente	1628023681407	1628023681973	OK	 
REQUEST		Editar cliente	1628023681403	1628023681978	OK	 
REQUEST		Editar cliente	1628023681404	1628023681978	OK	 
REQUEST		Editar cliente	1628023681411	1628023681980	OK	 
REQUEST		Editar cliente	1628023681412	1628023681981	OK	 
REQUEST		Editar cliente	1628023681404	1628023681982	OK	 
REQUEST		Editar cliente	1628023681416	1628023681983	OK	 
REQUEST		Editar cliente	1628023681419	1628023681984	OK	 
REQUEST		Editar cliente	1628023681421	1628023681985	OK	 
REQUEST		Editar cliente	1628023681418	1628023681987	OK	 
REQUEST		Editar cliente	1628023681417	1628023681988	OK	 
REQUEST		Editar cliente	1628023681419	1628023681993	OK	 
REQUEST		Adicionar novo Acao	1628023681926	1628023682346	OK	 
REQUEST		Listagem de Acoes	1628023681950	1628023682347	OK	 
REQUEST		Adicionar novo Acao	1628023681943	1628023682347	OK	 
REQUEST		Adicionar novo Acao	1628023681937	1628023682349	OK	 
REQUEST		Adicionar novo Acao	1628023681947	1628023682350	OK	 
REQUEST		Adicionar novo Acao	1628023681940	1628023682351	OK	 
REQUEST		Deletar cliente	1628023681981	1628023682356	OK	 
REQUEST		Deletar cliente	1628023681984	1628023682355	OK	 
REQUEST		Deletar cliente	1628023681981	1628023682356	OK	 
REQUEST		Deletar cliente	1628023681974	1628023682356	OK	 
REQUEST		Deletar cliente	1628023681979	1628023682357	OK	 
REQUEST		Editar acao	1628023681926	1628023682357	OK	 
REQUEST		Deletar cliente	1628023681986	1628023682360	OK	 
REQUEST		Deletar cliente	1628023681983	1628023682361	OK	 
REQUEST		Editar acao	1628023681930	1628023682361	OK	 
REQUEST		Deletar cliente	1628023681988	1628023682363	OK	 
REQUEST		Deletar cliente	1628023681989	1628023682364	OK	 
REQUEST		Deletar cliente	1628023681985	1628023682365	OK	 
REQUEST		Deletar cliente	1628023681979	1628023682365	OK	 
REQUEST		Deletar cliente	1628023681994	1628023682366	OK	 
REQUEST		Buscar acao criada	1628023682349	1628023682685	OK	 
REQUEST		Buscar acao criada	1628023682350	1628023682709	OK	 
REQUEST		Buscar acao criada	1628023682353	1628023682712	OK	 
REQUEST		Listagem de Acoes	1628023682357	1628023682715	OK	 
REQUEST		Listagem de Acoes	1628023682359	1628023682717	OK	 
REQUEST		Listagem de Acoes	1628023682360	1628023682719	OK	 
REQUEST		Listagem de Acoes	1628023682361	1628023682722	OK	 
REQUEST		Listagem de Acoes	1628023682362	1628023682726	OK	 
REQUEST		Listagem de Acoes	1628023682358	1628023682730	OK	 
REQUEST		Buscar acao criada	1628023682351	1628023682731	OK	 
REQUEST		Listagem de Acoes	1628023682359	1628023682731	OK	 
REQUEST		Buscar acao criada	1628023682356	1628023682731	OK	 
REQUEST		Adicionar novo Acao	1628023682349	1628023682731	OK	 
REQUEST		Deletar acao	1628023682359	1628023682735	OK	 
REQUEST		Listagem de Acoes	1628023682367	1628023682735	OK	 
REQUEST		Deletar acao	1628023682363	1628023682740	OK	 
REQUEST		Listagem de Acoes	1628023682369	1628023682746	OK	 
REQUEST		Listagem de Acoes	1628023682365	1628023682746	OK	 
REQUEST		Listagem de Acoes	1628023682367	1628023682746	OK	 
REQUEST		Listagem de Acoes	1628023682365	1628023682746	OK	 
REQUEST		Editar acao	1628023682686	1628023682852	OK	 
REQUEST		Buscar acao criada	1628023682734	1628023683002	OK	 
REQUEST		Adicionar novo Acao	1628023682718	1628023683023	OK	 
REQUEST		Adicionar novo Acao	1628023682716	1628023683026	OK	 
REQUEST		Adicionar novo Acao	1628023682720	1628023683027	OK	 
REQUEST		Logout	1628023682736	1628023683031	OK	 
REQUEST		Adicionar novo Acao	1628023682724	1628023683032	OK	 
REQUEST		Editar acao	1628023682710	1628023683034	OK	 
REQUEST		Adicionar novo Acao	1628023682736	1628023683034	OK	 
REQUEST		Adicionar novo Acao	1628023682733	1628023683036	OK	 
REQUEST		Logout	1628023682741	1628023683036	OK	 
USER	Realizar login MaxxiForge para rota Action	END	1628023683037
REQUEST		Adicionar novo Acao	1628023682733	1628023683038	OK	 
USER	Realizar login MaxxiForge para rota Action	END	1628023683038
REQUEST		Editar acao	1628023682714	1628023683039	OK	 
REQUEST		Adicionar novo Acao	1628023682727	1628023683041	OK	 
REQUEST		Adicionar novo Acao	1628023682748	1628023683042	OK	 
REQUEST		Adicionar novo Acao	1628023682748	1628023683044	OK	 
REQUEST		Adicionar novo Acao	1628023682748	1628023683045	OK	 
REQUEST		Adicionar novo Acao	1628023682748	1628023683046	OK	 
REQUEST		Editar acao	1628023682733	1628023683057	OK	 
REQUEST		Deletar acao	1628023682853	1628023683059	OK	 
REQUEST		Editar acao	1628023682733	1628023683061	OK	 
REQUEST		Editar acao	1628023683003	1628023683175	OK	 
REQUEST		Buscar acao criada	1628023683026	1628023683242	OK	 
REQUEST		Buscar acao criada	1628023683027	1628023683264	OK	 
REQUEST		Buscar acao criada	1628023683028	1628023683266	OK	 
REQUEST		Buscar acao criada	1628023683036	1628023683269	OK	 
REQUEST		Buscar acao criada	1628023683038	1628023683270	OK	 
REQUEST		Buscar acao criada	1628023683039	1628023683271	OK	 
REQUEST		Buscar acao criada	1628023683042	1628023683271	OK	 
REQUEST		Logout	1628023683059	1628023683276	OK	 
REQUEST		Buscar acao criada	1628023683033	1628023683276	OK	 
USER	Realizar login MaxxiForge para rota Action	END	1628023683277
REQUEST		Deletar acao	1628023683058	1628023683280	OK	 
REQUEST		Buscar acao criada	1628023683043	1628023683280	OK	 
REQUEST		Buscar acao criada	1628023683047	1628023683281	OK	 
REQUEST		Buscar acao criada	1628023683045	1628023683281	OK	 
REQUEST		Deletar acao	1628023683035	1628023683281	OK	 
REQUEST		Deletar acao	1628023683042	1628023683283	OK	 
REQUEST		Buscar acao criada	1628023683046	1628023683283	OK	 
REQUEST		Deletar acao	1628023683062	1628023683285	OK	 
REQUEST		Deletar acao	1628023683176	1628023683344	OK	 
REQUEST		Editar acao	1628023683243	1628023683415	OK	 
REQUEST		Logout	1628023683284	1628023683806	OK	 
REQUEST		Logout	1628023683280	1628023683806	OK	 
USER	Realizar login MaxxiForge para rota Action	END	1628023683807
USER	Realizar login MaxxiForge para rota Action	END	1628023683807
REQUEST		Logout	1628023683286	1628023683808	OK	 
USER	Realizar login MaxxiForge para rota Action	END	1628023683809
REQUEST		Logout	1628023683285	1628023683812	OK	 
USER	Realizar login MaxxiForge para rota Action	END	1628023683812
REQUEST		Editar acao	1628023683265	1628023683812	OK	 
REQUEST		Logout	1628023683345	1628023683813	OK	 
USER	Realizar login MaxxiForge para rota Action	END	1628023683814
REQUEST		Editar acao	1628023683266	1628023683818	OK	 
REQUEST		Editar acao	1628023683270	1628023683819	OK	 
REQUEST		Editar acao	1628023683271	1628023683820	OK	 
REQUEST		Editar acao	1628023683272	1628023683821	OK	 
REQUEST		Editar acao	1628023683270	1628023683823	OK	 
REQUEST		Deletar acao	1628023683417	1628023683824	OK	 
REQUEST		Editar acao	1628023683281	1628023683829	OK	 
REQUEST		Editar acao	1628023683283	1628023683830	OK	 
REQUEST		Editar acao	1628023683284	1628023683831	OK	 
REQUEST		Editar acao	1628023683282	1628023683832	OK	 
REQUEST		Editar acao	1628023683277	1628023683834	OK	 
REQUEST		Logout	1628023683825	1628023684061	OK	 
USER	Realizar login MaxxiForge para rota Action	END	1628023684062
REQUEST		Deletar acao	1628023683820	1628023684066	OK	 
REQUEST		Deletar acao	1628023683824	1628023684067	OK	 
REQUEST		Deletar acao	1628023683813	1628023684068	OK	 
REQUEST		Deletar acao	1628023683821	1628023684077	OK	 
REQUEST		Deletar acao	1628023683830	1628023684077	OK	 
REQUEST		Deletar acao	1628023683833	1628023684078	OK	 
REQUEST		Deletar acao	1628023683831	1628023684079	OK	 
REQUEST		Deletar acao	1628023683832	1628023684081	OK	 
REQUEST		Deletar acao	1628023683823	1628023684083	OK	 
REQUEST		Deletar acao	1628023683819	1628023684083	OK	 
REQUEST		Deletar acao	1628023683834	1628023684084	OK	 
REQUEST		Logout	1628023684067	1628023684244	OK	 
USER	Realizar login MaxxiForge para rota Action	END	1628023684245
REQUEST		Logout	1628023684069	1628023684248	OK	 
USER	Realizar login MaxxiForge para rota Action	END	1628023684249
REQUEST		Logout	1628023684069	1628023684250	OK	 
USER	Realizar login MaxxiForge para rota Action	END	1628023684251
REQUEST		Logout	1628023684085	1628023684258	OK	 
REQUEST		Logout	1628023684085	1628023684259	OK	 
REQUEST		Logout	1628023684078	1628023684259	OK	 
USER	Realizar login MaxxiForge para rota Action	END	1628023684259
REQUEST		Logout	1628023684078	1628023684260	OK	 
USER	Realizar login MaxxiForge para rota Action	END	1628023684260
REQUEST		Logout	1628023684080	1628023684260	OK	 
USER	Realizar login MaxxiForge para rota Action	END	1628023684260
USER	Realizar login MaxxiForge para rota Action	END	1628023684261
USER	Realizar login MaxxiForge para rota Action	END	1628023684261
REQUEST		Logout	1628023684085	1628023684264	OK	 
USER	Realizar login MaxxiForge para rota Action	END	1628023684264
REQUEST		Logout	1628023684080	1628023684266	OK	 
USER	Realizar login MaxxiForge para rota Action	END	1628023684266
REQUEST		Logout	1628023684083	1628023684266	OK	 
USER	Realizar login MaxxiForge para rota Action	END	1628023684267
