RUN	maxxiforge.Estresse	estresse	1628027615891	 	3.5.1
USER	Realizar login MaxxiForge para rota Action	START	1628027616820
USER	Realizar login MaxxiForge para rota Action	START	1628027616823
USER	Realizar login MaxxiForge para rota Action	START	1628027616823
USER	Realizar login MaxxiForge para rota Action	START	1628027616824
USER	Realizar login MaxxiForge para rota Action	START	1628027616824
USER	Realizar login MaxxiForge para rota Action	START	1628027616825
USER	Realizar login MaxxiForge para rota Action	START	1628027616825
USER	Realizar login MaxxiForge para rota Action	START	1628027616826
USER	Realizar login MaxxiForge para rota Action	START	1628027616826
USER	Realizar login MaxxiForge para rota Action	START	1628027616827
USER	Realizar login MaxxiForge para rota Action	START	1628027616827
USER	Realizar login MaxxiForge para rota Action	START	1628027616828
USER	Realizar login MaxxiForge para rota Action	START	1628027616828
USER	Realizar login MaxxiForge para rota Action	START	1628027616829
USER	Realizar login MaxxiForge para rota Action	START	1628027616829
USER	Realizar login MaxxiForge para rota Action	START	1628027616813
USER	Realizar login MaxxiForge para rota Action	START	1628027616835
USER	Realizar login MaxxiForge para rota Action	START	1628027616836
USER	Realizar login MaxxiForge para rota Action	START	1628027616837
USER	Realizar login MaxxiForge para rota Action	START	1628027616837
REQUEST		Login	1628027616999	1628027618981	OK	 
REQUEST		Listagem de profissionais	1628027619132	1628027619679	OK	 
REQUEST		Login	1628027617965	1628027620003	OK	 
REQUEST		Login	1628027617003	1628027620074	OK	 
REQUEST		Login	1628027617961	1628027620074	OK	 
REQUEST		Login	1628027617962	1628027620093	OK	 
REQUEST		Login	1628027617963	1628027620119	OK	 
REQUEST		Login	1628027616989	1628027620121	OK	 
REQUEST		Login	1628027617932	1628027620143	OK	 
REQUEST		Login	1628027617934	1628027620159	OK	 
REQUEST		Login	1628027617936	1628027620167	OK	 
REQUEST		Login	1628027617958	1628027620091	OK	 
REQUEST		Login	1628027617961	1628027620191	OK	 
REQUEST		Login	1628027617979	1628027620197	OK	 
REQUEST		Login	1628027617982	1628027620202	OK	 
REQUEST		Login	1628027617938	1628027620180	OK	 
REQUEST		Login	1628027617009	1628027620210	OK	 
REQUEST		Login	1628027617969	1628027620222	OK	 
REQUEST		Login	1628027617970	1628027620232	OK	 
REQUEST		Login	1628027617972	1628027620238	OK	 
REQUEST		Login	1628027617973	1628027620247	OK	 
REQUEST		Listagem de profissionais	1628027620010	1628027620373	OK	 
REQUEST		Listagem de profissionais	1628027620086	1628027620492	OK	 
REQUEST		Listagem de profissionais	1628027620114	1628027620570	OK	 
REQUEST		Listagem de profissionais	1628027620086	1628027620569	OK	 
REQUEST		Listagem de profissionais	1628027620155	1628027620577	OK	 
REQUEST		Listagem de profissionais	1628027620124	1628027620584	OK	 
REQUEST		Listagem de profissionais	1628027620134	1628027620590	OK	 
REQUEST		Listagem de profissionais	1628027620165	1628027620598	OK	 
REQUEST		Listagem de profissionais	1628027620175	1628027620603	OK	 
REQUEST		Listagem de profissionais	1628027620185	1628027620678	OK	 
REQUEST		Listagem de profissionais	1628027620195	1628027620687	OK	 
REQUEST		Listagem de profissionais	1628027620200	1628027620693	OK	 
REQUEST		Listagem de profissionais	1628027620235	1628027620691	OK	 
REQUEST		Listagem de profissionais	1628027620219	1628027620701	OK	 
REQUEST		Listagem de profissionais	1628027620230	1628027620711	OK	 
REQUEST		Listagem de profissionais	1628027620243	1628027620724	OK	 
REQUEST		Listagem de profissionais	1628027620253	1628027620733	OK	 
REQUEST		Listagem de profissionais	1628027620207	1628027620739	OK	 
REQUEST		Listagem de profissionais	1628027620216	1628027620744	OK	 
REQUEST		Adicionar novo profissional	1628027619685	1628027622474	OK	 
REQUEST		Buscar profissional criado	1628027622483	1628027622506	OK	 
REQUEST		Adicionar novo profissional	1628027620375	1628027622584	OK	 
REQUEST		Adicionar novo profissional	1628027620575	1628027622608	OK	 
REQUEST		Adicionar novo profissional	1628027620584	1628027622681	OK	 
REQUEST		Adicionar novo profissional	1628027620607	1628027622688	OK	 
REQUEST		Adicionar novo profissional	1628027620574	1628027622774	OK	 
REQUEST		Adicionar novo profissional	1628027620498	1628027622779	OK	 
REQUEST		Adicionar novo profissional	1628027620589	1628027622783	OK	 
REQUEST		Adicionar novo profissional	1628027620594	1628027622794	OK	 
REQUEST		Adicionar novo profissional	1628027620601	1628027622803	OK	 
REQUEST		Buscar profissional criado	1628027622589	1628027622874	OK	 
REQUEST		Buscar profissional criado	1628027622612	1628027622878	OK	 
REQUEST		Adicionar novo profissional	1628027620682	1628027622907	OK	 
REQUEST		Adicionar novo profissional	1628027620741	1628027622911	OK	 
REQUEST		Adicionar novo profissional	1628027620707	1628027622978	OK	 
REQUEST		Adicionar novo profissional	1628027620699	1628027622982	OK	 
REQUEST		Adicionar novo profissional	1628027620730	1628027622988	OK	 
REQUEST		Adicionar novo profissional	1628027620691	1628027622996	OK	 
REQUEST		Buscar profissional criado	1628027622683	1628027623070	OK	 
REQUEST		Buscar profissional criado	1628027622695	1628027623073	OK	 
REQUEST		Buscar profissional criado	1628027622776	1628027623079	OK	 
REQUEST		Adicionar novo profissional	1628027620697	1628027623099	OK	 
REQUEST		Adicionar novo profissional	1628027620747	1628027623104	OK	 
REQUEST		Buscar profissional criado	1628027622800	1628027623113	OK	 
REQUEST		Buscar profissional criado	1628027622804	1628027623116	OK	 
REQUEST		Buscar profissional criado	1628027622790	1628027623122	OK	 
REQUEST		Buscar profissional criado	1628027622782	1628027623127	OK	 
REQUEST		Adicionar novo profissional	1628027620716	1628027623132	OK	 
REQUEST		Adicionar novo profissional	1628027620736	1628027623137	OK	 
REQUEST		Buscar profissional criado	1628027622915	1628027623184	OK	 
REQUEST		Buscar profissional criado	1628027622909	1628027623188	OK	 
REQUEST		Buscar profissional criado	1628027622980	1628027623198	OK	 
REQUEST		Buscar profissional criado	1628027623001	1628027623267	OK	 
REQUEST		Buscar profissional criado	1628027622987	1628027623269	OK	 
REQUEST		Buscar profissional criado	1628027622990	1628027623271	OK	 
REQUEST		Buscar profissional criado	1628027623101	1628027623293	OK	 
REQUEST		Buscar profissional criado	1628027623110	1628027623296	OK	 
REQUEST		Buscar profissional criado	1628027623134	1628027623300	OK	 
REQUEST		Buscar profissional criado	1628027623138	1628027623302	OK	 
REQUEST		Editar profissional	1628027622508	1628027623571	OK	 
REQUEST		Editar profissional	1628027622875	1628027623602	OK	 
REQUEST		Editar profissional	1628027622885	1628027623609	OK	 
REQUEST		Editar profissional	1628027623072	1628027623683	OK	 
REQUEST		Editar profissional	1628027623078	1628027623686	OK	 
REQUEST		Editar profissional	1628027623117	1628027623693	OK	 
REQUEST		Editar profissional	1628027623115	1628027623710	OK	 
REQUEST		Editar profissional	1628027623080	1628027623712	OK	 
REQUEST		Editar profissional	1628027623196	1628027623718	OK	 
REQUEST		Editar profissional	1628027623187	1628027623728	OK	 
REQUEST		Editar profissional	1628027623125	1628027623731	OK	 
REQUEST		Editar profissional	1628027623131	1628027623738	OK	 
REQUEST		Editar profissional	1628027623199	1628027623743	OK	 
REQUEST		Editar profissional	1628027623270	1628027623747	OK	 
REQUEST		Editar profissional	1628027623274	1628027623752	OK	 
REQUEST		Editar profissional	1628027623297	1628027623766	OK	 
REQUEST		Editar profissional	1628027623268	1628027623774	OK	 
REQUEST		Editar profissional	1628027623294	1628027623787	OK	 
REQUEST		Deletar profissional	1628027623572	1628027623794	OK	 
REQUEST		Editar profissional	1628027623301	1628027623799	OK	 
REQUEST		Editar profissional	1628027623305	1628027623804	OK	 
REQUEST		Deletar profissional	1628027623607	1628027624195	OK	 
REQUEST		Deletar profissional	1628027623623	1628027624280	OK	 
REQUEST		Deletar profissional	1628027623684	1628027624681	OK	 
REQUEST		Deletar profissional	1628027623690	1628027624703	OK	 
REQUEST		Deletar profissional	1628027623696	1628027624895	OK	 
REQUEST		Deletar profissional	1628027623712	1628027624966	OK	 
REQUEST		Listagem de clientes	1628027623797	1628027624967	OK	 
REQUEST		Deletar profissional	1628027623746	1628027624985	OK	 
REQUEST		Deletar profissional	1628027623751	1628027624987	OK	 
REQUEST		Deletar profissional	1628027623730	1628027624990	OK	 
REQUEST		Deletar profissional	1628027623754	1628027624991	OK	 
REQUEST		Deletar profissional	1628027623737	1628027624994	OK	 
REQUEST		Deletar profissional	1628027623716	1628027624996	OK	 
REQUEST		Deletar profissional	1628027623719	1628027625000	OK	 
REQUEST		Deletar profissional	1628027623740	1628027625005	OK	 
REQUEST		Deletar profissional	1628027623786	1628027625089	OK	 
REQUEST		Deletar profissional	1628027623791	1628027625091	OK	 
REQUEST		Deletar profissional	1628027623768	1628027625089	OK	 
REQUEST		Deletar profissional	1628027623802	1628027625408	OK	 
REQUEST		Deletar profissional	1628027623806	1628027625573	OK	 
REQUEST		Listagem de clientes	1628027624196	1628027625576	OK	 
REQUEST		Listagem de clientes	1628027624282	1628027626793	OK	 
REQUEST		Listagem de clientes	1628027624683	1628027627687	OK	 
REQUEST		Listagem de clientes	1628027624704	1628027627695	OK	 
REQUEST		Listagem de clientes	1628027624897	1628027627881	OK	 
REQUEST		Listagem de clientes	1628027624994	1628027628307	OK	 
REQUEST		Listagem de clientes	1628027624969	1628027628313	OK	 
REQUEST		Listagem de clientes	1628027624997	1628027628318	OK	 
REQUEST		Listagem de clientes	1628027625002	1628027628313	OK	 
REQUEST		Listagem de clientes	1628027624990	1628027628321	OK	 
REQUEST		Listagem de clientes	1628027624998	1628027628367	OK	 
REQUEST		Listagem de clientes	1628027624993	1628027628367	OK	 
REQUEST		Listagem de clientes	1628027625006	1628027628379	OK	 
REQUEST		Listagem de clientes	1628027624986	1628027628382	OK	 
REQUEST		Listagem de clientes	1628027625095	1628027628388	OK	 
REQUEST		Listagem de clientes	1628027625090	1628027628392	OK	 
REQUEST		Listagem de clientes	1628027625094	1628027628396	OK	 
REQUEST		Listagem de clientes	1628027625409	1628027628773	OK	 
REQUEST		Listagem de clientes	1628027625574	1628027629690	OK	 
REQUEST		Adicionar novo cliente	1628027624972	1628027629998	OK	 
REQUEST		Buscar cliente criado	1628027630001	1628027630102	OK	 
REQUEST		Adicionar novo cliente	1628027625578	1628027630167	OK	 
REQUEST		Adicionar novo cliente	1628027626794	1628027630172	OK	 
REQUEST		Adicionar novo cliente	1628027627690	1628027630206	OK	 
REQUEST		Adicionar novo cliente	1628027627696	1628027630267	OK	 
REQUEST		Adicionar novo cliente	1628027628327	1628027630280	OK	 
REQUEST		Adicionar novo cliente	1628027627882	1628027630292	OK	 
REQUEST		Adicionar novo cliente	1628027628317	1628027630348	OK	 
REQUEST		Adicionar novo cliente	1628027628391	1628027630355	OK	 
REQUEST		Adicionar novo cliente	1628027628381	1628027630359	OK	 
REQUEST		Buscar cliente criado	1628027630203	1628027630363	OK	 
REQUEST		Adicionar novo cliente	1628027628320	1628027630372	OK	 
REQUEST		Buscar cliente criado	1628027630171	1628027630377	OK	 
REQUEST		Adicionar novo cliente	1628027628379	1628027630387	OK	 
REQUEST		Adicionar novo cliente	1628027628383	1628027630396	OK	 
REQUEST		Adicionar novo cliente	1628027628774	1628027630405	OK	 
REQUEST		Adicionar novo cliente	1628027629691	1628027630411	OK	 
REQUEST		Buscar cliente criado	1628027630208	1628027630414	OK	 
REQUEST		Buscar cliente criado	1628027630269	1628027630421	OK	 
REQUEST		Adicionar novo cliente	1628027628322	1628027630429	OK	 
REQUEST		Adicionar novo cliente	1628027628372	1628027630437	OK	 
REQUEST		Adicionar novo cliente	1628027628395	1628027630441	OK	 
REQUEST		Adicionar novo cliente	1628027628399	1628027630447	OK	 
REQUEST		Adicionar novo cliente	1628027628310	1628027630457	OK	 
REQUEST		Buscar cliente criado	1628027630287	1628027630479	OK	 
REQUEST		Buscar cliente criado	1628027630362	1628027630771	OK	 
REQUEST		Buscar cliente criado	1628027630346	1628027630770	OK	 
REQUEST		Buscar cliente criado	1628027630351	1628027630775	OK	 
REQUEST		Buscar cliente criado	1628027630358	1628027630787	OK	 
REQUEST		Buscar cliente criado	1628027630375	1628027630801	OK	 
REQUEST		Buscar cliente criado	1628027630407	1628027630805	OK	 
REQUEST		Buscar cliente criado	1628027630455	1628027630808	OK	 
REQUEST		Buscar cliente criado	1628027630439	1628027630811	OK	 
REQUEST		Buscar cliente criado	1628027630435	1628027630827	OK	 
REQUEST		Buscar cliente criado	1628027630445	1628027630835	OK	 
REQUEST		Buscar cliente criado	1628027630403	1628027630849	OK	 
REQUEST		Buscar cliente criado	1628027630390	1628027630854	OK	 
REQUEST		Buscar cliente criado	1628027630413	1628027630859	OK	 
REQUEST		Buscar cliente criado	1628027630460	1628027630997	OK	 
REQUEST		Editar cliente	1628027630105	1628027631880	OK	 
REQUEST		Editar cliente	1628027630367	1628027631995	OK	 
REQUEST		Editar cliente	1628027630423	1628027632002	OK	 
REQUEST		Editar cliente	1628027630383	1628027632084	OK	 
REQUEST		Editar cliente	1628027630419	1628027632084	OK	 
REQUEST		Editar cliente	1628027630773	1628027632088	OK	 
REQUEST		Editar cliente	1628027630485	1628027632092	OK	 
REQUEST		Editar cliente	1628027630782	1628027632178	OK	 
REQUEST		Editar cliente	1628027630782	1628027632179	OK	 
REQUEST		Editar cliente	1628027630838	1628027632294	OK	 
REQUEST		Editar cliente	1628027630810	1628027632297	OK	 
REQUEST		Editar cliente	1628027630789	1628027632302	OK	 
REQUEST		Editar cliente	1628027630804	1628027632305	OK	 
REQUEST		Editar cliente	1628027630861	1628027632390	OK	 
REQUEST		Editar cliente	1628027630842	1628027632393	OK	 
REQUEST		Editar cliente	1628027630857	1628027632399	OK	 
REQUEST		Editar cliente	1628027630830	1628027632401	OK	 
REQUEST		Deletar cliente	1628027631881	1628027632403	OK	 
REQUEST		Editar cliente	1628027630999	1628027632570	OK	 
REQUEST		Editar cliente	1628027630852	1628027632574	OK	 
REQUEST		Editar cliente	1628027630820	1628027632594	OK	 
REQUEST		Deletar cliente	1628027631996	1628027632966	OK	 
REQUEST		Deletar cliente	1628027632003	1628027632972	OK	 
REQUEST		Deletar cliente	1628027632085	1628027632977	OK	 
REQUEST		Deletar cliente	1628027632087	1628027632999	OK	 
REQUEST		Deletar cliente	1628027632093	1628027633076	OK	 
REQUEST		Deletar cliente	1628027632180	1628027633094	OK	 
REQUEST		Deletar cliente	1628027632089	1628027633094	OK	 
REQUEST		Deletar cliente	1628027632179	1628027633167	OK	 
REQUEST		Deletar cliente	1628027632295	1628027633181	OK	 
REQUEST		Deletar cliente	1628027632306	1628027633182	OK	 
REQUEST		Deletar cliente	1628027632301	1628027633268	OK	 
REQUEST		Deletar cliente	1628027632303	1628027633298	OK	 
REQUEST		Deletar cliente	1628027632391	1628027633300	OK	 
REQUEST		Deletar cliente	1628027632398	1628027633301	OK	 
REQUEST		Deletar cliente	1628027632402	1628027633377	OK	 
REQUEST		Deletar cliente	1628027632400	1628027633379	OK	 
REQUEST		Deletar cliente	1628027632577	1628027633385	OK	 
REQUEST		Deletar cliente	1628027632573	1628027633403	OK	 
REQUEST		Deletar cliente	1628027632596	1628027633404	OK	 
REQUEST		Listagem de Acoes	1628027632967	1628027633407	OK	 
REQUEST		Listagem de Acoes	1628027632973	1628027633588	OK	 
REQUEST		Listagem de Acoes	1628027632978	1628027633591	OK	 
REQUEST		Listagem de Acoes	1628027633000	1628027633707	OK	 
REQUEST		Listagem de Acoes	1628027632406	1628027633865	OK	 
REQUEST		Listagem de Acoes	1628027633077	1628027633967	OK	 
REQUEST		Listagem de Acoes	1628027633095	1628027633988	OK	 
REQUEST		Listagem de Acoes	1628027633098	1628027633991	OK	 
REQUEST		Listagem de Acoes	1628027633167	1628027634073	OK	 
REQUEST		Listagem de Acoes	1628027633183	1628027634098	OK	 
REQUEST		Listagem de Acoes	1628027633182	1628027634098	OK	 
REQUEST		Listagem de Acoes	1628027633269	1628027634183	OK	 
REQUEST		Listagem de Acoes	1628027633299	1628027634268	OK	 
REQUEST		Listagem de Acoes	1628027633302	1628027634271	OK	 
REQUEST		Listagem de Acoes	1628027633301	1628027634274	OK	 
REQUEST		Listagem de Acoes	1628027633380	1628027634297	OK	 
REQUEST		Listagem de Acoes	1628027633383	1628027634301	OK	 
REQUEST		Listagem de Acoes	1628027633385	1628027634304	OK	 
REQUEST		Listagem de Acoes	1628027633403	1628027634368	OK	 
REQUEST		Listagem de Acoes	1628027633407	1628027634370	OK	 
REQUEST		Adicionar novo Acao	1628027633408	1628027634985	OK	 
REQUEST		Adicionar novo Acao	1628027633592	1628027634992	OK	 
REQUEST		Adicionar novo Acao	1628027633709	1628027635068	OK	 
REQUEST		Adicionar novo Acao	1628027633589	1628027635078	OK	 
REQUEST		Adicionar novo Acao	1628027633866	1628027635083	OK	 
REQUEST		Adicionar novo Acao	1628027633968	1628027635094	OK	 
REQUEST		Adicionar novo Acao	1628027633992	1628027635097	OK	 
REQUEST		Adicionar novo Acao	1628027634074	1628027635110	OK	 
REQUEST		Adicionar novo Acao	1628027633989	1628027635116	OK	 
REQUEST		Adicionar novo Acao	1628027634099	1628027635178	OK	 
REQUEST		Adicionar novo Acao	1628027634101	1628027635185	OK	 
REQUEST		Adicionar novo Acao	1628027634185	1628027635189	OK	 
REQUEST		Adicionar novo Acao	1628027634298	1628027635196	OK	 
REQUEST		Adicionar novo Acao	1628027634371	1628027635206	OK	 
REQUEST		Adicionar novo Acao	1628027634369	1628027635217	OK	 
REQUEST		Adicionar novo Acao	1628027634276	1628027635228	OK	 
REQUEST		Adicionar novo Acao	1628027634305	1628027635277	OK	 
REQUEST		Adicionar novo Acao	1628027634272	1628027635285	OK	 
REQUEST		Adicionar novo Acao	1628027634302	1628027635392	OK	 
REQUEST		Buscar acao criada	1628027635282	1628027635394	OK	 
REQUEST		Buscar acao criada	1628027635287	1628027635397	OK	 
REQUEST		Buscar acao criada	1628027635096	1628027635400	OK	 
REQUEST		Buscar acao criada	1628027635264	1628027635410	OK	 
REQUEST		Adicionar novo Acao	1628027634269	1628027635420	OK	 
REQUEST		Buscar acao criada	1628027634987	1628027635423	OK	 
REQUEST		Buscar acao criada	1628027635113	1628027635425	OK	 
REQUEST		Buscar acao criada	1628027635070	1628027635428	OK	 
REQUEST		Buscar acao criada	1628027635109	1628027635431	OK	 
REQUEST		Buscar acao criada	1628027635081	1628027635434	OK	 
REQUEST		Buscar acao criada	1628027635187	1628027635437	OK	 
REQUEST		Buscar acao criada	1628027635084	1628027635439	OK	 
REQUEST		Buscar acao criada	1628027635117	1628027635441	OK	 
REQUEST		Buscar acao criada	1628027635183	1628027635443	OK	 
REQUEST		Buscar acao criada	1628027635210	1628027635446	OK	 
REQUEST		Buscar acao criada	1628027634994	1628027635446	OK	 
REQUEST		Buscar acao criada	1628027635202	1628027635450	OK	 
REQUEST		Buscar acao criada	1628027635193	1628027635459	OK	 
REQUEST		Buscar acao criada	1628027635223	1628027635463	OK	 
REQUEST		Buscar acao criada	1628027635393	1628027635872	OK	 
REQUEST		Buscar acao criada	1628027635423	1628027635967	OK	 
REQUEST		Editar acao	1628027635399	1628027636009	OK	 
REQUEST		Editar acao	1628027635394	1628027636011	OK	 
REQUEST		Editar acao	1628027635411	1628027636064	OK	 
REQUEST		Editar acao	1628027635404	1628027636099	OK	 
REQUEST		Editar acao	1628027635424	1628027636177	OK	 
REQUEST		Editar acao	1628027635448	1628027636180	OK	 
REQUEST		Editar acao	1628027635427	1628027636270	OK	 
REQUEST		Editar acao	1628027635430	1628027636272	OK	 
REQUEST		Editar acao	1628027635442	1628027636276	OK	 
REQUEST		Editar acao	1628027635449	1628027636278	OK	 
REQUEST		Editar acao	1628027635457	1628027636279	OK	 
REQUEST		Editar acao	1628027635462	1628027636284	OK	 
REQUEST		Editar acao	1628027635465	1628027636285	OK	 
REQUEST		Editar acao	1628027635440	1628027636278	OK	 
REQUEST		Editar acao	1628027635445	1628027636289	OK	 
REQUEST		Editar acao	1628027635439	1628027636291	OK	 
REQUEST		Editar acao	1628027635433	1628027636291	OK	 
REQUEST		Editar acao	1628027635436	1628027636297	OK	 
REQUEST		Editar acao	1628027635872	1628027636482	OK	 
REQUEST		Editar acao	1628027635970	1628027636697	OK	 
REQUEST		Deletar acao	1628027636012	1628027636798	OK	 
REQUEST		Deletar acao	1628027636010	1628027636800	OK	 
REQUEST		Deletar acao	1628027636065	1628027636801	OK	 
REQUEST		Deletar acao	1628027636101	1628027636802	OK	 
REQUEST		Deletar acao	1628027636181	1628027636805	OK	 
REQUEST		Deletar acao	1628027636178	1628027636807	OK	 
REQUEST		Deletar acao	1628027636271	1628027636867	OK	 
REQUEST		Deletar acao	1628027636275	1628027636869	OK	 
REQUEST		Deletar acao	1628027636278	1628027636872	OK	 
REQUEST		Deletar acao	1628027636277	1628027636873	OK	 
REQUEST		Deletar acao	1628027636281	1628027636882	OK	 
REQUEST		Deletar acao	1628027636296	1628027636882	OK	 
REQUEST		Deletar acao	1628027636292	1628027636889	OK	 
REQUEST		Deletar acao	1628027636284	1628027636890	OK	 
REQUEST		Deletar acao	1628027636287	1628027636893	OK	 
REQUEST		Deletar acao	1628027636290	1628027636894	OK	 
REQUEST		Deletar acao	1628027636288	1628027636898	OK	 
REQUEST		Deletar acao	1628027636483	1628027636902	OK	 
REQUEST		Deletar acao	1628027636298	1628027636904	OK	 
REQUEST		Deletar acao	1628027636698	1628027636982	OK	 
REQUEST		Logout	1628027636799	1628027637001	OK	 
REQUEST		Logout	1628027636807	1628027637005	OK	 
REQUEST		Logout	1628027636871	1628027637011	OK	 
REQUEST		Logout	1628027636868	1628027637013	OK	 
REQUEST		Logout	1628027636805	1628027637017	OK	 
REQUEST		Logout	1628027636872	1628027637016	OK	 
REQUEST		Logout	1628027636802	1628027637020	OK	 
REQUEST		Logout	1628027636800	1628027637022	OK	 
REQUEST		Logout	1628027636805	1628027637023	OK	 
USER	Realizar login MaxxiForge para rota Action	END	1628027637011
USER	Realizar login MaxxiForge para rota Action	END	1628027637012
USER	Realizar login MaxxiForge para rota Action	END	1628027637013
USER	Realizar login MaxxiForge para rota Action	END	1628027637017
USER	Realizar login MaxxiForge para rota Action	END	1628027637019
USER	Realizar login MaxxiForge para rota Action	END	1628027637020
USER	Realizar login MaxxiForge para rota Action	END	1628027637021
USER	Realizar login MaxxiForge para rota Action	END	1628027637023
USER	Realizar login MaxxiForge para rota Action	END	1628027637024
REQUEST		Logout	1628027636873	1628027637065	OK	 
REQUEST		Logout	1628027636883	1628027637068	OK	 
REQUEST		Logout	1628027636894	1628027637070	OK	 
REQUEST		Logout	1628027636893	1628027637071	OK	 
REQUEST		Logout	1628027636890	1628027637072	OK	 
REQUEST		Logout	1628027636898	1628027637074	OK	 
REQUEST		Logout	1628027636896	1628027637075	OK	 
REQUEST		Logout	1628027636903	1628027637075	OK	 
REQUEST		Logout	1628027636883	1628027637077	OK	 
REQUEST		Logout	1628027636907	1628027637078	OK	 
REQUEST		Logout	1628027636983	1628027637079	OK	 
USER	Realizar login MaxxiForge para rota Action	END	1628027637066
USER	Realizar login MaxxiForge para rota Action	END	1628027637069
USER	Realizar login MaxxiForge para rota Action	END	1628027637071
USER	Realizar login MaxxiForge para rota Action	END	1628027637072
USER	Realizar login MaxxiForge para rota Action	END	1628027637072
USER	Realizar login MaxxiForge para rota Action	END	1628027637075
USER	Realizar login MaxxiForge para rota Action	END	1628027637076
USER	Realizar login MaxxiForge para rota Action	END	1628027637076
USER	Realizar login MaxxiForge para rota Action	END	1628027637077
USER	Realizar login MaxxiForge para rota Action	END	1628027637078
USER	Realizar login MaxxiForge para rota Action	END	1628027637081
