RUN	maxxiforge.JornadaEstresse	jornadaestresse	1628023896948	 	3.6.0
USER	Realizar login MaxxiForge para rota Action	START	1628023897165
USER	Realizar login MaxxiForge para rota Action	START	1628023897165
USER	Realizar login MaxxiForge para rota Action	START	1628023897165
USER	Realizar login MaxxiForge para rota Action	START	1628023897167
USER	Realizar login MaxxiForge para rota Action	START	1628023897167
USER	Realizar login MaxxiForge para rota Action	START	1628023897165
USER	Realizar login MaxxiForge para rota Action	START	1628023897168
USER	Realizar login MaxxiForge para rota Action	START	1628023897165
USER	Realizar login MaxxiForge para rota Action	START	1628023897165
USER	Realizar login MaxxiForge para rota Action	START	1628023897168
USER	Realizar login MaxxiForge para rota Action	START	1628023897165
USER	Realizar login MaxxiForge para rota Action	START	1628023897169
USER	Realizar login MaxxiForge para rota Action	START	1628023897165
USER	Realizar login MaxxiForge para rota Action	START	1628023897165
USER	Realizar login MaxxiForge para rota Action	START	1628023897169
USER	Realizar login MaxxiForge para rota Action	START	1628023897165
USER	Realizar login MaxxiForge para rota Action	START	1628023897165
USER	Realizar login MaxxiForge para rota Action	START	1628023897165
USER	Realizar login MaxxiForge para rota Action	START	1628023897169
USER	Realizar login MaxxiForge para rota Action	START	1628023897165
USER	Realizar login MaxxiForge para rota Action	START	1628023897169
USER	Realizar login MaxxiForge para rota Action	START	1628023897165
USER	Realizar login MaxxiForge para rota Action	START	1628023897167
USER	Realizar login MaxxiForge para rota Action	START	1628023897168
USER	Realizar login MaxxiForge para rota Action	START	1628023897167
USER	Realizar login MaxxiForge para rota Action	START	1628023897168
USER	Realizar login MaxxiForge para rota Action	START	1628023897170
USER	Realizar login MaxxiForge para rota Action	START	1628023897168
USER	Realizar login MaxxiForge para rota Action	START	1628023897169
USER	Realizar login MaxxiForge para rota Action	START	1628023897169
USER	Realizar login MaxxiForge para rota Action	START	1628023897169
USER	Realizar login MaxxiForge para rota Action	START	1628023897169
USER	Realizar login MaxxiForge para rota Action	START	1628023897169
USER	Realizar login MaxxiForge para rota Action	START	1628023897169
USER	Realizar login MaxxiForge para rota Action	START	1628023897171
USER	Realizar login MaxxiForge para rota Action	START	1628023897169
USER	Realizar login MaxxiForge para rota Action	START	1628023897169
USER	Realizar login MaxxiForge para rota Action	START	1628023897170
USER	Realizar login MaxxiForge para rota Action	START	1628023897171
USER	Realizar login MaxxiForge para rota Action	START	1628023897170
USER	Realizar login MaxxiForge para rota Action	START	1628023897172
USER	Realizar login MaxxiForge para rota Action	START	1628023897172
USER	Realizar login MaxxiForge para rota Action	START	1628023897172
USER	Realizar login MaxxiForge para rota Action	START	1628023897170
USER	Realizar login MaxxiForge para rota Action	START	1628023897170
USER	Realizar login MaxxiForge para rota Action	START	1628023897170
USER	Realizar login MaxxiForge para rota Action	START	1628023897173
USER	Realizar login MaxxiForge para rota Action	START	1628023897170
USER	Realizar login MaxxiForge para rota Action	START	1628023897170
USER	Realizar login MaxxiForge para rota Action	START	1628023897173
USER	Realizar login MaxxiForge para rota Action	START	1628023897170
USER	Realizar login MaxxiForge para rota Action	START	1628023897171
USER	Realizar login MaxxiForge para rota Action	START	1628023897174
USER	Realizar login MaxxiForge para rota Action	START	1628023897171
USER	Realizar login MaxxiForge para rota Action	START	1628023897172
USER	Realizar login MaxxiForge para rota Action	START	1628023897171
USER	Realizar login MaxxiForge para rota Action	START	1628023897171
USER	Realizar login MaxxiForge para rota Action	START	1628023897172
USER	Realizar login MaxxiForge para rota Action	START	1628023897175
USER	Realizar login MaxxiForge para rota Action	START	1628023897175
USER	Realizar login MaxxiForge para rota Action	START	1628023897175
USER	Realizar login MaxxiForge para rota Action	START	1628023897175
USER	Realizar login MaxxiForge para rota Action	START	1628023897176
USER	Realizar login MaxxiForge para rota Action	START	1628023897172
USER	Realizar login MaxxiForge para rota Action	START	1628023897172
USER	Realizar login MaxxiForge para rota Action	START	1628023897173
USER	Realizar login MaxxiForge para rota Action	START	1628023897173
USER	Realizar login MaxxiForge para rota Action	START	1628023897177
USER	Realizar login MaxxiForge para rota Action	START	1628023897174
USER	Realizar login MaxxiForge para rota Action	START	1628023897174
USER	Realizar login MaxxiForge para rota Action	START	1628023897173
USER	Realizar login MaxxiForge para rota Action	START	1628023897177
USER	Realizar login MaxxiForge para rota Action	START	1628023897174
USER	Realizar login MaxxiForge para rota Action	START	1628023897175
USER	Realizar login MaxxiForge para rota Action	START	1628023897175
USER	Realizar login MaxxiForge para rota Action	START	1628023897177
USER	Realizar login MaxxiForge para rota Action	START	1628023897179
USER	Realizar login MaxxiForge para rota Action	START	1628023897177
USER	Realizar login MaxxiForge para rota Action	START	1628023897178
USER	Realizar login MaxxiForge para rota Action	START	1628023897180
REQUEST		Login	1628023897207	1628023898993	OK	 
REQUEST		Login	1628023897455	1628023899017	OK	 
REQUEST		Login	1628023897454	1628023899331	KO	status.find.is(200), but actually found 500
REQUEST		Login	1628023897206	1628023899331	KO	status.find.is(200), but actually found 500
REQUEST		Login	1628023897454	1628023899330	KO	status.find.is(200), but actually found 500
USER	Realizar login MaxxiForge para rota Action	END	1628023899365
USER	Realizar login MaxxiForge para rota Action	END	1628023899365
USER	Realizar login MaxxiForge para rota Action	END	1628023899365
REQUEST		Login	1628023897455	1628023899398	KO	status.find.is(200), but actually found 500
USER	Realizar login MaxxiForge para rota Action	END	1628023899401
REQUEST		Login	1628023897458	1628023899469	KO	status.find.is(200), but actually found 500
REQUEST		Login	1628023897456	1628023899472	KO	status.find.is(200), but actually found 500
REQUEST		Login	1628023897454	1628023899473	KO	status.find.is(200), but actually found 500
REQUEST		Login	1628023897458	1628023899474	KO	status.find.is(200), but actually found 500
REQUEST		Login	1628023897453	1628023899475	KO	status.find.is(200), but actually found 500
REQUEST		Login	1628023897207	1628023899476	KO	status.find.is(200), but actually found 500
REQUEST		Login	1628023897457	1628023899476	KO	status.find.is(200), but actually found 500
REQUEST		Login	1628023897459	1628023899477	KO	status.find.is(200), but actually found 500
REQUEST		Login	1628023897453	1628023899479	KO	status.find.is(200), but actually found 500
REQUEST		Login	1628023897459	1628023899481	KO	status.find.is(200), but actually found 500
USER	Realizar login MaxxiForge para rota Action	END	1628023899487
USER	Realizar login MaxxiForge para rota Action	END	1628023899513
USER	Realizar login MaxxiForge para rota Action	END	1628023899516
REQUEST		Login	1628023897453	1628023899516	KO	status.find.is(200), but actually found 500
USER	Realizar login MaxxiForge para rota Action	END	1628023899516
USER	Realizar login MaxxiForge para rota Action	END	1628023899516
REQUEST		Login	1628023897457	1628023899518	KO	status.find.is(200), but actually found 500
USER	Realizar login MaxxiForge para rota Action	END	1628023899517
USER	Realizar login MaxxiForge para rota Action	END	1628023899517
USER	Realizar login MaxxiForge para rota Action	END	1628023899517
REQUEST		Login	1628023897454	1628023899525	KO	status.find.is(200), but actually found 500
USER	Realizar login MaxxiForge para rota Action	END	1628023899518
USER	Realizar login MaxxiForge para rota Action	END	1628023899518
USER	Realizar login MaxxiForge para rota Action	END	1628023899529
USER	Realizar login MaxxiForge para rota Action	END	1628023899531
USER	Realizar login MaxxiForge para rota Action	END	1628023899533
REQUEST		Login	1628023897454	1628023899533	KO	status.find.is(200), but actually found 500
USER	Realizar login MaxxiForge para rota Action	END	1628023899541
REQUEST		Listagem de profissionais	1628023899041	1628023899561	OK	 
REQUEST		Listagem de profissionais	1628023899041	1628023899562	OK	 
REQUEST		Login	1628023897453	1628023899566	OK	 
REQUEST		Login	1628023897456	1628023899568	OK	 
REQUEST		Login	1628023897206	1628023899598	OK	 
REQUEST		Login	1628023897453	1628023899637	OK	 
REQUEST		Login	1628023897461	1628023899637	OK	 
REQUEST		Login	1628023897453	1628023899637	OK	 
REQUEST		Login	1628023897456	1628023899638	OK	 
REQUEST		Login	1628023897206	1628023899638	OK	 
REQUEST		Login	1628023897459	1628023899688	OK	 
REQUEST		Login	1628023897455	1628023899688	OK	 
REQUEST		Login	1628023897455	1628023899688	OK	 
REQUEST		Login	1628023897455	1628023899687	OK	 
REQUEST		Login	1628023897459	1628023899705	OK	 
REQUEST		Login	1628023897455	1628023899712	OK	 
REQUEST		Login	1628023897457	1628023899714	OK	 
REQUEST		Login	1628023897456	1628023899714	OK	 
REQUEST		Login	1628023897206	1628023899716	OK	 
REQUEST		Login	1628023897455	1628023899716	OK	 
REQUEST		Login	1628023897206	1628023899717	OK	 
REQUEST		Login	1628023897207	1628023899728	OK	 
REQUEST		Login	1628023897206	1628023899730	OK	 
REQUEST		Login	1628023897453	1628023899731	OK	 
REQUEST		Login	1628023897454	1628023899734	OK	 
REQUEST		Login	1628023897457	1628023899739	OK	 
REQUEST		Login	1628023897454	1628023899734	OK	 
REQUEST		Login	1628023897206	1628023899735	OK	 
REQUEST		Login	1628023897458	1628023899737	OK	 
REQUEST		Login	1628023897456	1628023899737	OK	 
REQUEST		Login	1628023897206	1628023899739	OK	 
REQUEST		Login	1628023897461	1628023899739	OK	 
REQUEST		Login	1628023897207	1628023899738	OK	 
REQUEST		Login	1628023897457	1628023899748	OK	 
REQUEST		Login	1628023897457	1628023899759	OK	 
REQUEST		Login	1628023897458	1628023899760	OK	 
REQUEST		Login	1628023897456	1628023899761	OK	 
REQUEST		Login	1628023897455	1628023899762	OK	 
REQUEST		Login	1628023897457	1628023899763	OK	 
REQUEST		Login	1628023897454	1628023899769	OK	 
REQUEST		Login	1628023897206	1628023899768	OK	 
REQUEST		Login	1628023897456	1628023899769	OK	 
REQUEST		Login	1628023897454	1628023899769	OK	 
REQUEST		Login	1628023897461	1628023899770	OK	 
REQUEST		Login	1628023897459	1628023899771	OK	 
REQUEST		Login	1628023897459	1628023899772	OK	 
REQUEST		Login	1628023897206	1628023899772	OK	 
REQUEST		Login	1628023897458	1628023899772	OK	 
REQUEST		Login	1628023897207	1628023899773	OK	 
REQUEST		Listagem de profissionais	1628023899571	1628023899778	OK	 
REQUEST		Login	1628023897460	1628023899783	OK	 
REQUEST		Login	1628023897456	1628023899784	OK	 
REQUEST		Login	1628023897458	1628023899785	OK	 
REQUEST		Login	1628023897455	1628023899785	OK	 
REQUEST		Listagem de profissionais	1628023899601	1628023899792	OK	 
REQUEST		Login	1628023897206	1628023899790	OK	 
REQUEST		Login	1628023897454	1628023899791	OK	 
REQUEST		Login	1628023897458	1628023899791	OK	 
REQUEST		Login	1628023897458	1628023899792	OK	 
REQUEST		Login	1628023897457	1628023899792	OK	 
REQUEST		Login	1628023897453	1628023899794	OK	 
REQUEST		Listagem de profissionais	1628023899571	1628023899799	OK	 
REQUEST		Login	1628023897460	1628023899800	OK	 
REQUEST		Login	1628023897454	1628023899800	OK	 
REQUEST		Login	1628023897454	1628023899803	OK	 
REQUEST		Listagem de profissionais	1628023899667	1628023900312	OK	 
REQUEST		Listagem de profissionais	1628023899666	1628023900320	OK	 
REQUEST		Listagem de profissionais	1628023899667	1628023900321	OK	 
REQUEST		Listagem de profissionais	1628023899666	1628023900322	OK	 
REQUEST		Listagem de profissionais	1628023899667	1628023900322	OK	 
REQUEST		Listagem de profissionais	1628023899700	1628023900354	OK	 
REQUEST		Listagem de profissionais	1628023899700	1628023900353	OK	 
REQUEST		Listagem de profissionais	1628023899727	1628023900354	OK	 
REQUEST		Listagem de profissionais	1628023899729	1628023900354	OK	 
REQUEST		Listagem de profissionais	1628023899700	1628023900354	OK	 
REQUEST		Listagem de profissionais	1628023899700	1628023900357	OK	 
REQUEST		Listagem de profissionais	1628023899712	1628023900369	OK	 
REQUEST		Listagem de profissionais	1628023899729	1628023900376	OK	 
REQUEST		Listagem de profissionais	1628023899728	1628023900379	OK	 
REQUEST		Listagem de profissionais	1628023899720	1628023900379	OK	 
REQUEST		Listagem de profissionais	1628023899758	1628023900384	OK	 
REQUEST		Listagem de profissionais	1628023899759	1628023900399	OK	 
REQUEST		Listagem de profissionais	1628023899761	1628023900402	OK	 
REQUEST		Listagem de profissionais	1628023899782	1628023900402	OK	 
REQUEST		Listagem de profissionais	1628023899759	1628023900410	OK	 
REQUEST		Listagem de profissionais	1628023899760	1628023900410	OK	 
REQUEST		Listagem de profissionais	1628023899739	1628023900410	OK	 
REQUEST		Listagem de profissionais	1628023899760	1628023900410	OK	 
REQUEST		Listagem de profissionais	1628023899763	1628023900412	OK	 
REQUEST		Listagem de profissionais	1628023899761	1628023900417	OK	 
REQUEST		Listagem de profissionais	1628023899770	1628023900419	OK	 
REQUEST		Listagem de profissionais	1628023899767	1628023900422	OK	 
REQUEST		Listagem de profissionais	1628023899752	1628023900422	OK	 
REQUEST		Listagem de profissionais	1628023899759	1628023900423	OK	 
REQUEST		Listagem de profissionais	1628023899769	1628023900428	OK	 
REQUEST		Listagem de profissionais	1628023899769	1628023900431	OK	 
REQUEST		Listagem de profissionais	1628023899776	1628023900433	OK	 
REQUEST		Listagem de profissionais	1628023899775	1628023900439	OK	 
REQUEST		Listagem de profissionais	1628023899784	1628023900445	OK	 
REQUEST		Listagem de profissionais	1628023899756	1628023900445	OK	 
REQUEST		Listagem de profissionais	1628023899783	1628023900446	OK	 
REQUEST		Listagem de profissionais	1628023899798	1628023900454	OK	 
REQUEST		Listagem de profissionais	1628023899773	1628023900450	OK	 
REQUEST		Listagem de profissionais	1628023899784	1628023900450	OK	 
REQUEST		Listagem de profissionais	1628023899748	1628023900453	OK	 
REQUEST		Listagem de profissionais	1628023899729	1628023900453	OK	 
REQUEST		Listagem de profissionais	1628023899782	1628023900454	OK	 
REQUEST		Listagem de profissionais	1628023899782	1628023900455	OK	 
REQUEST		Listagem de profissionais	1628023899794	1628023900462	OK	 
REQUEST		Listagem de profissionais	1628023899792	1628023900462	OK	 
REQUEST		Listagem de profissionais	1628023899798	1628023900462	OK	 
REQUEST		Listagem de profissionais	1628023899791	1628023900464	OK	 
REQUEST		Listagem de profissionais	1628023899794	1628023900471	OK	 
REQUEST		Listagem de profissionais	1628023899797	1628023900473	OK	 
REQUEST		Listagem de profissionais	1628023899804	1628023900471	OK	 
REQUEST		Listagem de profissionais	1628023899804	1628023900471	OK	 
REQUEST		Listagem de profissionais	1628023899784	1628023900473	OK	 
REQUEST		Listagem de profissionais	1628023899805	1628023900473	OK	 
REQUEST		Listagem de profissionais	1628023899798	1628023900490	OK	 
REQUEST		Listagem de profissionais	1628023899798	1628023900492	OK	 
REQUEST		Listagem de profissionais	1628023899781	1628023900493	OK	 
REQUEST		Listagem de profissionais	1628023899799	1628023900492	OK	 
REQUEST		Adicionar novo profissional	1628023899568	1628023900697	OK	 
REQUEST		Adicionar novo profissional	1628023899565	1628023900797	OK	 
REQUEST		Buscar profissional criado	1628023900722	1628023901129	OK	 
REQUEST		Buscar profissional criado	1628023900803	1628023901134	OK	 
REQUEST		Adicionar novo profissional	1628023899797	1628023901893	OK	 
REQUEST		Adicionar novo profissional	1628023899784	1628023901894	OK	 
REQUEST		Adicionar novo profissional	1628023899803	1628023901943	OK	 
REQUEST		Adicionar novo profissional	1628023900321	1628023902106	OK	 
REQUEST		Buscar profissional criado	1628023901900	1628023902127	OK	 
REQUEST		Buscar profissional criado	1628023901901	1628023902128	OK	 
REQUEST		Editar profissional	1628023901140	1628023902158	OK	 
REQUEST		Editar profissional	1628023901135	1628023902159	OK	 
REQUEST		Buscar profissional criado	1628023901948	1628023902176	OK	 
REQUEST		Adicionar novo profissional	1628023900349	1628023902231	OK	 
REQUEST		Adicionar novo profissional	1628023900353	1628023902254	OK	 
REQUEST		Adicionar novo profissional	1628023900369	1628023902254	OK	 
REQUEST		Adicionar novo profissional	1628023900352	1628023902262	OK	 
REQUEST		Adicionar novo profissional	1628023900353	1628023902268	OK	 
REQUEST		Adicionar novo profissional	1628023900383	1628023902362	OK	 
REQUEST		Adicionar novo profissional	1628023900379	1628023902367	OK	 
REQUEST		Adicionar novo profissional	1628023900369	1628023902367	OK	 
REQUEST		Buscar profissional criado	1628023902111	1628023902370	OK	 
REQUEST		Adicionar novo profissional	1628023900376	1628023902375	OK	 
REQUEST		Adicionar novo profissional	1628023900369	1628023902376	OK	 
REQUEST		Adicionar novo profissional	1628023900367	1628023902376	OK	 
REQUEST		Adicionar novo profissional	1628023900370	1628023902377	OK	 
REQUEST		Adicionar novo profissional	1628023900369	1628023902411	OK	 
REQUEST		Adicionar novo profissional	1628023900387	1628023902412	OK	 
REQUEST		Adicionar novo profissional	1628023900426	1628023902413	OK	 
REQUEST		Adicionar novo profissional	1628023900383	1628023902414	OK	 
REQUEST		Adicionar novo profissional	1628023900440	1628023902416	OK	 
REQUEST		Adicionar novo profissional	1628023900447	1628023902439	OK	 
REQUEST		Adicionar novo profissional	1628023900406	1628023902491	OK	 
REQUEST		Adicionar novo profissional	1628023900444	1628023902499	OK	 
REQUEST		Adicionar novo profissional	1628023900442	1628023902500	OK	 
REQUEST		Adicionar novo profissional	1628023900450	1628023902504	OK	 
REQUEST		Adicionar novo profissional	1628023900447	1628023902507	OK	 
REQUEST		Adicionar novo profissional	1628023900469	1628023902507	OK	 
REQUEST		Adicionar novo profissional	1628023900426	1628023902517	OK	 
REQUEST		Adicionar novo profissional	1628023900445	1628023902622	OK	 
REQUEST		Adicionar novo profissional	1628023900454	1628023902672	OK	 
REQUEST		Adicionar novo profissional	1628023900490	1628023902675	OK	 
REQUEST		Adicionar novo profissional	1628023900425	1628023902676	OK	 
REQUEST		Adicionar novo profissional	1628023900460	1628023902688	OK	 
REQUEST		Adicionar novo profissional	1628023900448	1628023902681	OK	 
REQUEST		Adicionar novo profissional	1628023900442	1628023902682	OK	 
REQUEST		Adicionar novo profissional	1628023900412	1628023902682	OK	 
REQUEST		Adicionar novo profissional	1628023900457	1628023902682	OK	 
REQUEST		Adicionar novo profissional	1628023900489	1628023902683	OK	 
REQUEST		Adicionar novo profissional	1628023900470	1628023902689	OK	 
REQUEST		Adicionar novo profissional	1628023900461	1628023902707	OK	 
REQUEST		Adicionar novo profissional	1628023900464	1628023902703	OK	 
REQUEST		Adicionar novo profissional	1628023900471	1628023902706	OK	 
REQUEST		Adicionar novo profissional	1628023900412	1628023902708	OK	 
REQUEST		Adicionar novo profissional	1628023900428	1628023902717	OK	 
REQUEST		Adicionar novo profissional	1628023900463	1628023902721	OK	 
REQUEST		Adicionar novo profissional	1628023900495	1628023902723	OK	 
REQUEST		Adicionar novo profissional	1628023900462	1628023902724	OK	 
REQUEST		Adicionar novo profissional	1628023900450	1628023902728	OK	 
REQUEST		Buscar profissional criado	1628023902255	1628023902729	OK	 
REQUEST		Adicionar novo profissional	1628023900495	1628023902729	OK	 
REQUEST		Adicionar novo profissional	1628023900489	1628023902732	OK	 
REQUEST		Buscar profissional criado	1628023902256	1628023902734	OK	 
REQUEST		Adicionar novo profissional	1628023900461	1628023902735	OK	 
REQUEST		Buscar profissional criado	1628023902233	1628023902735	OK	 
REQUEST		Buscar profissional criado	1628023902269	1628023902736	OK	 
REQUEST		Adicionar novo profissional	1628023900473	1628023902736	OK	 
REQUEST		Adicionar novo profissional	1628023900463	1628023902739	OK	 
REQUEST		Buscar profissional criado	1628023902263	1628023902744	OK	 
REQUEST		Adicionar novo profissional	1628023900470	1628023902744	OK	 
REQUEST		Adicionar novo profissional	1628023900435	1628023902744	OK	 
REQUEST		Adicionar novo profissional	1628023900493	1628023902747	OK	 
REQUEST		Buscar profissional criado	1628023902400	1628023902761	OK	 
REQUEST		Buscar profissional criado	1628023902402	1628023902762	OK	 
REQUEST		Buscar profissional criado	1628023902404	1628023902763	OK	 
REQUEST		Buscar profissional criado	1628023902381	1628023902764	OK	 
REQUEST		Buscar profissional criado	1628023902405	1628023902765	OK	 
REQUEST		Buscar profissional criado	1628023902440	1628023902766	OK	 
REQUEST		Buscar profissional criado	1628023902406	1628023902766	OK	 
REQUEST		Buscar profissional criado	1628023902439	1628023902767	OK	 
REQUEST		Buscar profissional criado	1628023902429	1628023902767	OK	 
REQUEST		Buscar profissional criado	1628023902438	1628023902767	OK	 
REQUEST		Buscar profissional criado	1628023902405	1628023902768	OK	 
REQUEST		Buscar profissional criado	1628023902500	1628023902769	OK	 
REQUEST		Buscar profissional criado	1628023902441	1628023902770	OK	 
REQUEST		Buscar profissional criado	1628023902528	1628023902772	OK	 
REQUEST		Buscar profissional criado	1628023902445	1628023902773	OK	 
REQUEST		Buscar profissional criado	1628023902508	1628023902775	OK	 
REQUEST		Adicionar novo profissional	1628023900492	1628023902778	OK	 
REQUEST		Adicionar novo profissional	1628023900490	1628023902777	OK	 
REQUEST		Buscar profissional criado	1628023902518	1628023902779	OK	 
REQUEST		Adicionar novo profissional	1628023900490	1628023902779	OK	 
REQUEST		Buscar profissional criado	1628023902527	1628023902779	OK	 
REQUEST		Buscar profissional criado	1628023902522	1628023902779	OK	 
REQUEST		Buscar profissional criado	1628023902527	1628023902781	OK	 
REQUEST		Deletar profissional	1628023902163	1628023902782	OK	 
REQUEST		Deletar profissional	1628023902163	1628023902787	OK	 
REQUEST		Editar profissional	1628023902132	1628023902788	OK	 
REQUEST		Editar profissional	1628023902131	1628023902789	OK	 
REQUEST		Editar profissional	1628023902179	1628023902794	OK	 
REQUEST		Buscar profissional criado	1628023902627	1628023902794	OK	 
REQUEST		Editar profissional	1628023902403	1628023902794	OK	 
REQUEST		Buscar profissional criado	1628023902679	1628023902836	OK	 
REQUEST		Buscar profissional criado	1628023902703	1628023902849	OK	 
REQUEST		Buscar profissional criado	1628023902706	1628023902856	OK	 
REQUEST		Buscar profissional criado	1628023902703	1628023902864	OK	 
REQUEST		Buscar profissional criado	1628023902706	1628023902866	OK	 
REQUEST		Buscar profissional criado	1628023902707	1628023902872	OK	 
REQUEST		Buscar profissional criado	1628023902705	1628023902887	OK	 
REQUEST		Buscar profissional criado	1628023902707	1628023902896	OK	 
REQUEST		Buscar profissional criado	1628023902717	1628023902919	OK	 
REQUEST		Buscar profissional criado	1628023902725	1628023902919	OK	 
REQUEST		Buscar profissional criado	1628023902730	1628023902921	OK	 
REQUEST		Buscar profissional criado	1628023902721	1628023902928	OK	 
REQUEST		Buscar profissional criado	1628023902707	1628023902937	OK	 
REQUEST		Buscar profissional criado	1628023902722	1628023902948	OK	 
REQUEST		Buscar profissional criado	1628023902733	1628023902949	OK	 
REQUEST		Buscar profissional criado	1628023902719	1628023902978	OK	 
REQUEST		Buscar profissional criado	1628023902727	1628023902978	OK	 
REQUEST		Buscar profissional criado	1628023902731	1628023902983	OK	 
REQUEST		Buscar profissional criado	1628023902742	1628023903021	OK	 
REQUEST		Buscar profissional criado	1628023902739	1628023903028	OK	 
REQUEST		Buscar profissional criado	1628023902746	1628023903040	OK	 
REQUEST		Buscar profissional criado	1628023902730	1628023903046	OK	 
REQUEST		Buscar profissional criado	1628023902734	1628023903046	OK	 
REQUEST		Buscar profissional criado	1628023902746	1628023903056	OK	 
REQUEST		Buscar profissional criado	1628023902749	1628023903060	OK	 
REQUEST		Buscar profissional criado	1628023902735	1628023903070	OK	 
REQUEST		Buscar profissional criado	1628023902744	1628023903113	OK	 
REQUEST		Buscar profissional criado	1628023902779	1628023903130	OK	 
REQUEST		Buscar profissional criado	1628023902781	1628023903131	OK	 
REQUEST		Buscar profissional criado	1628023902779	1628023903131	OK	 
REQUEST		Listagem de clientes	1628023902782	1628023903362	OK	 
REQUEST		Listagem de clientes	1628023902788	1628023903392	OK	 
REQUEST		Deletar profissional	1628023902790	1628023903412	OK	 
REQUEST		Deletar profissional	1628023902796	1628023903413	OK	 
REQUEST		Deletar profissional	1628023902789	1628023903413	OK	 
REQUEST		Deletar profissional	1628023902796	1628023903417	OK	 
REQUEST		Editar profissional	1628023902738	1628023903477	OK	 
REQUEST		Editar profissional	1628023902733	1628023903478	OK	 
REQUEST		Editar profissional	1628023902746	1628023903478	OK	 
REQUEST		Editar profissional	1628023902762	1628023903487	OK	 
REQUEST		Editar profissional	1628023902742	1628023903489	OK	 
REQUEST		Editar profissional	1628023902739	1628023903505	OK	 
REQUEST		Editar profissional	1628023902763	1628023903495	OK	 
REQUEST		Editar profissional	1628023902766	1628023903504	OK	 
REQUEST		Editar profissional	1628023902769	1628023903505	OK	 
REQUEST		Editar profissional	1628023902767	1628023903505	OK	 
REQUEST		Editar profissional	1628023902769	1628023903507	OK	 
REQUEST		Editar profissional	1628023902764	1628023903512	OK	 
REQUEST		Editar profissional	1628023902984	1628023903519	OK	 
REQUEST		Editar profissional	1628023902767	1628023903520	OK	 
REQUEST		Editar profissional	1628023902838	1628023903520	OK	 
REQUEST		Editar profissional	1628023902858	1628023903520	OK	 
REQUEST		Editar profissional	1628023902770	1628023903520	OK	 
REQUEST		Editar profissional	1628023902946	1628023903521	OK	 
REQUEST		Editar profissional	1628023902866	1628023903521	OK	 
REQUEST		Editar profissional	1628023902769	1628023903538	OK	 
REQUEST		Editar profissional	1628023902796	1628023903540	OK	 
REQUEST		Editar profissional	1628023903056	1628023903541	OK	 
REQUEST		Editar profissional	1628023902773	1628023903552	OK	 
REQUEST		Editar profissional	1628023903074	1628023903543	OK	 
REQUEST		Editar profissional	1628023902923	1628023903544	OK	 
REQUEST		Editar profissional	1628023902772	1628023903554	OK	 
REQUEST		Editar profissional	1628023902897	1628023903555	OK	 
REQUEST		Editar profissional	1628023903036	1628023903557	OK	 
REQUEST		Editar profissional	1628023902782	1628023903559	OK	 
REQUEST		Editar profissional	1628023902953	1628023903566	OK	 
REQUEST		Editar profissional	1628023902921	1628023903566	OK	 
REQUEST		Editar profissional	1628023902992	1628023903566	OK	 
REQUEST		Editar profissional	1628023902780	1628023903566	OK	 
REQUEST		Editar profissional	1628023902954	1628023903566	OK	 
REQUEST		Editar profissional	1628023902921	1628023903568	OK	 
REQUEST		Editar profissional	1628023903056	1628023903568	OK	 
REQUEST		Editar profissional	1628023902776	1628023903575	OK	 
REQUEST		Editar profissional	1628023903044	1628023903580	OK	 
REQUEST		Editar profissional	1628023902930	1628023903579	OK	 
REQUEST		Editar profissional	1628023902781	1628023903580	OK	 
REQUEST		Editar profissional	1628023903138	1628023903581	OK	 
REQUEST		Editar profissional	1628023902868	1628023903583	OK	 
REQUEST		Editar profissional	1628023903069	1628023903584	OK	 
REQUEST		Editar profissional	1628023903024	1628023903587	OK	 
REQUEST		Editar profissional	1628023902774	1628023903587	OK	 
REQUEST		Editar profissional	1628023903061	1628023903589	OK	 
REQUEST		Editar profissional	1628023902889	1628023903590	OK	 
REQUEST		Editar profissional	1628023902983	1628023903590	OK	 
REQUEST		Editar profissional	1628023902781	1628023903594	OK	 
REQUEST		Editar profissional	1628023903116	1628023903595	OK	 
REQUEST		Editar profissional	1628023902851	1628023903599	OK	 
REQUEST		Editar profissional	1628023902765	1628023903598	OK	 
REQUEST		Editar profissional	1628023902772	1628023903600	OK	 
REQUEST		Editar profissional	1628023903137	1628023903604	OK	 
REQUEST		Editar profissional	1628023903137	1628023903605	OK	 
REQUEST		Editar profissional	1628023902874	1628023903608	OK	 
REQUEST		Adicionar novo cliente	1628023903369	1628023903912	OK	 
REQUEST		Listagem de clientes	1628023903426	1628023903918	OK	 
REQUEST		Listagem de clientes	1628023903426	1628023903988	OK	 
REQUEST		Listagem de clientes	1628023903428	1628023903990	OK	 
REQUEST		Listagem de clientes	1628023903430	1628023903995	OK	 
REQUEST		Deletar profissional	1628023903507	1628023904048	OK	 
REQUEST		Deletar profissional	1628023903537	1628023904049	OK	 
REQUEST		Deletar profissional	1628023903519	1628023904050	OK	 
REQUEST		Deletar profissional	1628023903508	1628023904050	OK	 
REQUEST		Deletar profissional	1628023903486	1628023904052	OK	 
REQUEST		Deletar profissional	1628023903522	1628023904068	OK	 
REQUEST		Deletar profissional	1628023903521	1628023904066	OK	 
REQUEST		Deletar profissional	1628023903517	1628023904067	OK	 
REQUEST		Deletar profissional	1628023903486	1628023904069	OK	 
REQUEST		Deletar profissional	1628023903542	1628023904077	OK	 
REQUEST		Deletar profissional	1628023903540	1628023904078	OK	 
REQUEST		Deletar profissional	1628023903604	1628023904081	OK	 
REQUEST		Deletar profissional	1628023903544	1628023904081	OK	 
REQUEST		Deletar profissional	1628023903578	1628023904083	OK	 
REQUEST		Deletar profissional	1628023903610	1628023904083	OK	 
REQUEST		Deletar profissional	1628023903541	1628023904084	OK	 
REQUEST		Deletar profissional	1628023903542	1628023904087	OK	 
REQUEST		Deletar profissional	1628023903542	1628023904087	OK	 
REQUEST		Deletar profissional	1628023903597	1628023904088	OK	 
REQUEST		Deletar profissional	1628023903557	1628023904089	OK	 
REQUEST		Deletar profissional	1628023903575	1628023904090	OK	 
REQUEST		Deletar profissional	1628023903559	1628023904098	OK	 
REQUEST		Deletar profissional	1628023903567	1628023904103	OK	 
REQUEST		Deletar profissional	1628023903564	1628023904105	OK	 
REQUEST		Deletar profissional	1628023903568	1628023904106	OK	 
REQUEST		Deletar profissional	1628023903580	1628023904108	OK	 
REQUEST		Deletar profissional	1628023903541	1628023904109	OK	 
REQUEST		Deletar profissional	1628023903541	1628023904110	OK	 
REQUEST		Deletar profissional	1628023903568	1628023904111	OK	 
REQUEST		Buscar cliente criado	1628023903918	1628023904120	OK	 
REQUEST		Deletar profissional	1628023903564	1628023904113	OK	 
REQUEST		Deletar profissional	1628023903556	1628023904115	OK	 
REQUEST		Deletar profissional	1628023903575	1628023904119	OK	 
REQUEST		Deletar profissional	1628023903579	1628023904120	OK	 
REQUEST		Deletar profissional	1628023903572	1628023904121	OK	 
REQUEST		Deletar profissional	1628023903581	1628023904123	OK	 
REQUEST		Deletar profissional	1628023903587	1628023904130	OK	 
REQUEST		Deletar profissional	1628023903585	1628023904130	OK	 
REQUEST		Adicionar novo cliente	1628023903398	1628023904137	OK	 
REQUEST		Deletar profissional	1628023903594	1628023904135	OK	 
REQUEST		Deletar profissional	1628023903602	1628023904139	OK	 
REQUEST		Deletar profissional	1628023903523	1628023904137	OK	 
REQUEST		Deletar profissional	1628023903487	1628023904141	OK	 
REQUEST		Deletar profissional	1628023903521	1628023904139	OK	 
REQUEST		Deletar profissional	1628023903600	1628023904139	OK	 
REQUEST		Deletar profissional	1628023903581	1628023904143	OK	 
REQUEST		Deletar profissional	1628023903597	1628023904140	OK	 
REQUEST		Deletar profissional	1628023903590	1628023904141	OK	 
REQUEST		Adicionar novo cliente	1628023903923	1628023904142	OK	 
REQUEST		Deletar profissional	1628023903578	1628023904142	OK	 
REQUEST		Deletar profissional	1628023903603	1628023904149	OK	 
REQUEST		Deletar profissional	1628023903599	1628023904147	OK	 
REQUEST		Deletar profissional	1628023903610	1628023904149	OK	 
REQUEST		Deletar profissional	1628023903595	1628023904151	OK	 
REQUEST		Deletar profissional	1628023903588	1628023904151	OK	 
REQUEST		Deletar profissional	1628023903601	1628023904153	OK	 
REQUEST		Deletar profissional	1628023903605	1628023904154	OK	 
REQUEST		Deletar profissional	1628023903599	1628023904153	OK	 
REQUEST		Deletar profissional	1628023903610	1628023904156	OK	 
REQUEST		Buscar cliente criado	1628023904141	1628023906023	OK	 
REQUEST		Buscar cliente criado	1628023904147	1628023906030	OK	 
REQUEST		Adicionar novo cliente	1628023903999	1628023906320	OK	 
REQUEST		Adicionar novo cliente	1628023904003	1628023906351	OK	 
REQUEST		Adicionar novo cliente	1628023904004	1628023906352	OK	 
REQUEST		Listagem de clientes	1628023904059	1628023906435	OK	 
REQUEST		Editar cliente	1628023904128	1628023906493	OK	 
REQUEST		Buscar cliente criado	1628023906322	1628023906494	OK	 
REQUEST		Listagem de clientes	1628023904064	1628023907297	OK	 
REQUEST		Buscar cliente criado	1628023906363	1628023907301	OK	 
REQUEST		Listagem de clientes	1628023904064	1628023907301	OK	 
REQUEST		Buscar cliente criado	1628023906363	1628023907301	OK	 
REQUEST		Listagem de clientes	1628023904066	1628023907302	OK	 
REQUEST		Listagem de clientes	1628023904063	1628023907371	OK	 
REQUEST		Listagem de clientes	1628023904084	1628023907385	OK	 
REQUEST		Listagem de clientes	1628023904081	1628023907375	OK	 
REQUEST		Listagem de clientes	1628023904090	1628023907382	OK	 
REQUEST		Listagem de clientes	1628023904100	1628023907383	OK	 
REQUEST		Listagem de clientes	1628023904083	1628023907383	OK	 
REQUEST		Listagem de clientes	1628023904099	1628023907385	OK	 
REQUEST		Listagem de clientes	1628023904124	1628023907385	OK	 
REQUEST		Listagem de clientes	1628023904103	1628023907403	OK	 
REQUEST		Listagem de clientes	1628023904099	1628023907410	OK	 
REQUEST		Editar cliente	1628023906035	1628023907476	OK	 
REQUEST		Listagem de clientes	1628023904125	1628023907478	OK	 
REQUEST		Listagem de clientes	1628023904090	1628023907479	OK	 
REQUEST		Listagem de clientes	1628023904119	1628023907481	OK	 
REQUEST		Listagem de clientes	1628023904115	1628023907489	OK	 
REQUEST		Listagem de clientes	1628023904134	1628023907491	OK	 
REQUEST		Listagem de clientes	1628023904127	1628023907494	OK	 
REQUEST		Listagem de clientes	1628023904077	1628023907588	OK	 
REQUEST		Listagem de clientes	1628023904112	1628023907974	OK	 
REQUEST		Listagem de clientes	1628023904145	1628023907975	OK	 
REQUEST		Listagem de clientes	1628023904155	1628023907982	OK	 
REQUEST		Listagem de clientes	1628023904129	1628023907994	OK	 
REQUEST		Listagem de clientes	1628023904130	1628023907995	OK	 
REQUEST		Listagem de clientes	1628023904154	1628023907995	OK	 
REQUEST		Listagem de clientes	1628023904143	1628023908004	OK	 
REQUEST		Listagem de clientes	1628023904147	1628023908021	OK	 
REQUEST		Listagem de clientes	1628023904142	1628023908026	OK	 
REQUEST		Listagem de clientes	1628023904098	1628023908164	OK	 
REQUEST		Listagem de clientes	1628023904140	1628023908167	OK	 
REQUEST		Listagem de clientes	1628023904103	1628023908173	OK	 
REQUEST		Listagem de clientes	1628023904156	1628023908173	OK	 
REQUEST		Listagem de clientes	1628023904146	1628023908174	OK	 
REQUEST		Listagem de clientes	1628023904156	1628023908181	OK	 
REQUEST		Listagem de clientes	1628023904144	1628023908191	OK	 
REQUEST		Listagem de clientes	1628023904092	1628023908194	OK	 
REQUEST		Listagem de clientes	1628023904135	1628023908195	OK	 
REQUEST		Listagem de clientes	1628023904104	1628023908195	OK	 
REQUEST		Listagem de clientes	1628023904124	1628023908220	OK	 
REQUEST		Listagem de clientes	1628023904109	1628023908204	OK	 
REQUEST		Listagem de clientes	1628023904146	1628023908220	OK	 
REQUEST		Listagem de clientes	1628023904148	1628023908220	OK	 
REQUEST		Listagem de clientes	1628023904152	1628023908227	OK	 
REQUEST		Listagem de clientes	1628023904134	1628023908243	OK	 
REQUEST		Listagem de clientes	1628023904129	1628023908243	OK	 
REQUEST		Listagem de clientes	1628023904154	1628023908243	OK	 
REQUEST		Listagem de clientes	1628023904146	1628023908244	OK	 
REQUEST		Listagem de clientes	1628023904146	1628023908253	OK	 
REQUEST		Listagem de clientes	1628023904103	1628023908251	OK	 
REQUEST		Listagem de clientes	1628023904152	1628023908253	OK	 
REQUEST		Listagem de clientes	1628023904139	1628023908255	OK	 
REQUEST		Listagem de clientes	1628023904096	1628023908264	OK	 
REQUEST		Listagem de clientes	1628023904157	1628023908265	OK	 
REQUEST		Listagem de clientes	1628023904153	1628023908265	OK	 
REQUEST		Editar cliente	1628023906029	1628023908392	OK	 
REQUEST		Deletar cliente	1628023906500	1628023908793	OK	 
REQUEST		Deletar cliente	1628023907479	1628023908844	OK	 
REQUEST		Editar cliente	1628023906501	1628023908895	OK	 
REQUEST		Deletar cliente	1628023908396	1628023908898	OK	 
REQUEST		Editar cliente	1628023907307	1628023908922	OK	 
REQUEST		Editar cliente	1628023907307	1628023908935	OK	 
REQUEST		Adicionar novo cliente	1628023906441	1628023909025	OK	 
REQUEST		Adicionar novo cliente	1628023907382	1628023909100	OK	 
REQUEST		Adicionar novo cliente	1628023907484	1628023909097	OK	 
REQUEST		Adicionar novo cliente	1628023907301	1628023909098	OK	 
REQUEST		Adicionar novo cliente	1628023907414	1628023909106	OK	 
REQUEST		Adicionar novo cliente	1628023907416	1628023909101	OK	 
REQUEST		Adicionar novo cliente	1628023907307	1628023909103	OK	 
REQUEST		Adicionar novo cliente	1628023907417	1628023909104	OK	 
REQUEST		Adicionar novo cliente	1628023907417	1628023909106	OK	 
REQUEST		Adicionar novo cliente	1628023907308	1628023909106	OK	 
REQUEST		Adicionar novo cliente	1628023907419	1628023909106	OK	 
REQUEST		Adicionar novo cliente	1628023907420	1628023909108	OK	 
REQUEST		Adicionar novo cliente	1628023907419	1628023909132	OK	 
REQUEST		Adicionar novo cliente	1628023907421	1628023909133	OK	 
REQUEST		Adicionar novo cliente	1628023907496	1628023909140	OK	 
REQUEST		Adicionar novo cliente	1628023907491	1628023909140	OK	 
REQUEST		Adicionar novo cliente	1628023907591	1628023909141	OK	 
REQUEST		Adicionar novo cliente	1628023907494	1628023909150	OK	 
REQUEST		Adicionar novo cliente	1628023908004	1628023909151	OK	 
REQUEST		Adicionar novo cliente	1628023908017	1628023909163	OK	 
REQUEST		Adicionar novo cliente	1628023907414	1628023909163	OK	 
REQUEST		Adicionar novo cliente	1628023907988	1628023909163	OK	 
REQUEST		Adicionar novo cliente	1628023908053	1628023909173	OK	 
REQUEST		Adicionar novo cliente	1628023907490	1628023909178	OK	 
REQUEST		Adicionar novo cliente	1628023907994	1628023909183	OK	 
REQUEST		Adicionar novo cliente	1628023908035	1628023909185	OK	 
REQUEST		Adicionar novo cliente	1628023908194	1628023909183	OK	 
REQUEST		Adicionar novo cliente	1628023908220	1628023909183	OK	 
REQUEST		Adicionar novo cliente	1628023908242	1628023909186	OK	 
REQUEST		Adicionar novo cliente	1628023908026	1628023909196	OK	 
REQUEST		Adicionar novo cliente	1628023908040	1628023909202	OK	 
REQUEST		Adicionar novo cliente	1628023908254	1628023909198	OK	 
REQUEST		Adicionar novo cliente	1628023908242	1628023909199	OK	 
REQUEST		Listagem de Acoes	1628023908905	1628023909199	OK	 
REQUEST		Adicionar novo cliente	1628023908204	1628023909205	OK	 
REQUEST		Adicionar novo cliente	1628023908226	1628023909216	OK	 
REQUEST		Adicionar novo cliente	1628023908237	1628023909217	OK	 
REQUEST		Adicionar novo cliente	1628023908263	1628023909226	OK	 
REQUEST		Adicionar novo cliente	1628023907496	1628023909227	OK	 
REQUEST		Adicionar novo cliente	1628023908244	1628023909230	OK	 
REQUEST		Adicionar novo cliente	1628023908207	1628023909230	OK	 
REQUEST		Deletar cliente	1628023908899	1628023909232	OK	 
REQUEST		Deletar cliente	1628023908929	1628023909232	OK	 
REQUEST		Adicionar novo cliente	1628023908253	1628023909233	OK	 
REQUEST		Deletar cliente	1628023908939	1628023909239	OK	 
REQUEST		Adicionar novo cliente	1628023908228	1628023909245	OK	 
REQUEST		Buscar cliente criado	1628023909031	1628023909246	OK	 
REQUEST		Listagem de Acoes	1628023908847	1628023909247	OK	 
REQUEST		Adicionar novo cliente	1628023908052	1628023909247	OK	 
REQUEST		Listagem de Acoes	1628023908799	1628023909247	OK	 
REQUEST		Adicionar novo cliente	1628023908173	1628023909247	OK	 
REQUEST		Adicionar novo cliente	1628023908269	1628023909258	OK	 
REQUEST		Adicionar novo cliente	1628023908263	1628023909258	OK	 
REQUEST		Adicionar novo cliente	1628023908227	1628023909259	OK	 
REQUEST		Adicionar novo cliente	1628023908227	1628023909259	OK	 
REQUEST		Adicionar novo cliente	1628023908204	1628023909266	OK	 
REQUEST		Adicionar novo cliente	1628023908258	1628023909266	OK	 
REQUEST		Adicionar novo cliente	1628023908237	1628023909267	OK	 
REQUEST		Adicionar novo cliente	1628023908255	1628023909268	OK	 
REQUEST		Adicionar novo cliente	1628023908255	1628023909269	OK	 
REQUEST		Adicionar novo cliente	1628023908263	1628023909270	OK	 
REQUEST		Adicionar novo cliente	1628023908269	1628023909272	OK	 
REQUEST		Adicionar novo cliente	1628023908269	1628023909273	OK	 
REQUEST		Buscar cliente criado	1628023909121	1628023909282	OK	 
REQUEST		Buscar cliente criado	1628023909110	1628023909306	OK	 
REQUEST		Buscar cliente criado	1628023909115	1628023909308	OK	 
REQUEST		Buscar cliente criado	1628023909116	1628023909326	OK	 
REQUEST		Buscar cliente criado	1628023909125	1628023909333	OK	 
REQUEST		Buscar cliente criado	1628023909123	1628023909340	OK	 
REQUEST		Buscar cliente criado	1628023909121	1628023909341	OK	 
REQUEST		Buscar cliente criado	1628023909123	1628023909341	OK	 
REQUEST		Buscar cliente criado	1628023909124	1628023909342	OK	 
REQUEST		Buscar cliente criado	1628023909124	1628023909342	OK	 
REQUEST		Buscar cliente criado	1628023909126	1628023909348	OK	 
REQUEST		Buscar cliente criado	1628023909136	1628023909370	OK	 
REQUEST		Buscar cliente criado	1628023909149	1628023909373	OK	 
REQUEST		Buscar cliente criado	1628023909150	1628023909373	OK	 
REQUEST		Buscar cliente criado	1628023909150	1628023909374	OK	 
REQUEST		Buscar cliente criado	1628023909136	1628023909380	OK	 
REQUEST		Buscar cliente criado	1628023909169	1628023909381	OK	 
REQUEST		Buscar cliente criado	1628023909195	1628023909396	OK	 
REQUEST		Buscar cliente criado	1628023909184	1628023909398	OK	 
REQUEST		Buscar cliente criado	1628023909162	1628023909410	OK	 
REQUEST		Buscar cliente criado	1628023909163	1628023909411	OK	 
REQUEST		Buscar cliente criado	1628023909197	1628023909416	OK	 
REQUEST		Buscar cliente criado	1628023909168	1628023909430	OK	 
REQUEST		Buscar cliente criado	1628023909169	1628023909432	OK	 
REQUEST		Buscar cliente criado	1628023909202	1628023909433	OK	 
REQUEST		Buscar cliente criado	1628023909182	1628023909442	OK	 
REQUEST		Buscar cliente criado	1628023909198	1628023909446	OK	 
REQUEST		Buscar cliente criado	1628023909198	1628023909451	OK	 
REQUEST		Buscar cliente criado	1628023909229	1628023909595	OK	 
REQUEST		Buscar cliente criado	1628023909241	1628023909595	OK	 
REQUEST		Buscar cliente criado	1628023909216	1628023909599	OK	 
REQUEST		Buscar cliente criado	1628023909226	1628023909613	OK	 
REQUEST		Buscar cliente criado	1628023909226	1628023909617	OK	 
REQUEST		Buscar cliente criado	1628023909218	1628023909617	OK	 
REQUEST		Buscar cliente criado	1628023909232	1628023909630	OK	 
REQUEST		Buscar cliente criado	1628023909246	1628023909630	OK	 
REQUEST		Buscar cliente criado	1628023909241	1628023909635	OK	 
REQUEST		Buscar cliente criado	1628023909245	1628023909642	OK	 
REQUEST		Buscar cliente criado	1628023909259	1628023909884	OK	 
REQUEST		Buscar cliente criado	1628023909245	1628023909891	OK	 
REQUEST		Buscar cliente criado	1628023909258	1628023909899	OK	 
REQUEST		Buscar cliente criado	1628023909269	1628023910231	OK	 
REQUEST		Buscar cliente criado	1628023909269	1628023910234	OK	 
REQUEST		Buscar cliente criado	1628023909264	1628023910237	OK	 
REQUEST		Buscar cliente criado	1628023909264	1628023910237	OK	 
REQUEST		Buscar cliente criado	1628023909269	1628023910238	OK	 
REQUEST		Buscar cliente criado	1628023909247	1628023910254	OK	 
REQUEST		Buscar cliente criado	1628023909266	1628023910255	OK	 
REQUEST		Buscar cliente criado	1628023909264	1628023910255	OK	 
REQUEST		Buscar cliente criado	1628023909257	1628023910267	OK	 
REQUEST		Buscar cliente criado	1628023909274	1628023910267	OK	 
REQUEST		Buscar cliente criado	1628023909272	1628023910403	OK	 
REQUEST		Buscar cliente criado	1628023909271	1628023910404	OK	 
REQUEST		Buscar cliente criado	1628023909273	1628023910425	OK	 
REQUEST		Buscar cliente criado	1628023909272	1628023910425	OK	 
REQUEST		Listagem de Acoes	1628023909246	1628023910573	OK	 
REQUEST		Listagem de Acoes	1628023909247	1628023910573	OK	 
REQUEST		Listagem de Acoes	1628023909249	1628023910574	OK	 
REQUEST		Adicionar novo Acao	1628023909227	1628023910609	OK	 
REQUEST		Adicionar novo Acao	1628023909258	1628023910670	OK	 
REQUEST		Adicionar novo Acao	1628023909258	1628023910672	OK	 
REQUEST		Editar cliente	1628023909258	1628023910867	OK	 
REQUEST		Editar cliente	1628023909369	1628023910871	OK	 
REQUEST		Buscar acao criada	1628023910674	1628023910883	OK	 
REQUEST		Buscar acao criada	1628023910672	1628023910883	OK	 
REQUEST		Buscar acao criada	1628023910614	1628023910895	OK	 
REQUEST		Editar cliente	1628023909307	1628023910912	OK	 
REQUEST		Editar cliente	1628023909366	1628023910917	OK	 
REQUEST		Editar cliente	1628023909429	1628023910926	OK	 
REQUEST		Editar cliente	1628023909449	1628023910920	OK	 
REQUEST		Editar cliente	1628023909602	1628023910924	OK	 
REQUEST		Editar cliente	1628023909430	1628023910925	OK	 
REQUEST		Editar cliente	1628023909370	1628023910941	OK	 
REQUEST		Editar cliente	1628023909437	1628023910944	OK	 
REQUEST		Editar cliente	1628023910254	1628023910946	OK	 
REQUEST		Editar cliente	1628023909404	1628023910947	OK	 
REQUEST		Editar cliente	1628023909382	1628023910948	OK	 
REQUEST		Editar cliente	1628023909340	1628023910951	OK	 
REQUEST		Adicionar novo Acao	1628023910580	1628023910951	OK	 
REQUEST		Editar cliente	1628023909644	1628023910951	OK	 
REQUEST		Editar cliente	1628023909432	1628023910954	OK	 
REQUEST		Editar cliente	1628023909633	1628023910967	OK	 
REQUEST		Adicionar novo Acao	1628023910580	1628023910967	OK	 
REQUEST		Editar cliente	1628023909413	1628023910980	OK	 
REQUEST		Editar cliente	1628023910270	1628023910981	OK	 
REQUEST		Editar cliente	1628023909365	1628023910982	OK	 
REQUEST		Editar cliente	1628023910410	1628023910982	OK	 
REQUEST		Editar cliente	1628023909895	1628023910984	OK	 
REQUEST		Editar cliente	1628023909444	1628023910988	OK	 
REQUEST		Editar cliente	1628023909618	1628023910990	OK	 
REQUEST		Editar cliente	1628023909637	1628023910990	OK	 
REQUEST		Editar cliente	1628023909442	1628023910991	OK	 
REQUEST		Editar cliente	1628023909889	1628023910991	OK	 
REQUEST		Editar cliente	1628023909627	1628023910995	OK	 
REQUEST		Editar cliente	1628023909368	1628023910996	OK	 
REQUEST		Editar cliente	1628023909365	1628023911001	OK	 
REQUEST		Editar cliente	1628023909411	1628023911001	OK	 
REQUEST		Editar cliente	1628023910266	1628023911001	OK	 
REQUEST		Editar cliente	1628023909613	1628023911012	OK	 
REQUEST		Editar cliente	1628023909401	1628023911005	OK	 
REQUEST		Editar cliente	1628023909618	1628023911016	OK	 
REQUEST		Editar cliente	1628023909283	1628023911015	OK	 
REQUEST		Editar cliente	1628023910241	1628023911020	OK	 
REQUEST		Editar cliente	1628023909627	1628023911017	OK	 
REQUEST		Editar cliente	1628023909404	1628023911017	OK	 
REQUEST		Editar cliente	1628023910255	1628023911018	OK	 
REQUEST		Editar cliente	1628023910267	1628023911018	OK	 
REQUEST		Editar cliente	1628023909433	1628023911029	OK	 
REQUEST		Editar cliente	1628023909914	1628023911026	OK	 
REQUEST		Editar cliente	1628023910262	1628023911028	OK	 
REQUEST		Editar cliente	1628023909456	1628023911031	OK	 
REQUEST		Editar cliente	1628023910255	1628023911036	OK	 
REQUEST		Editar cliente	1628023909309	1628023911033	OK	 
REQUEST		Editar cliente	1628023910255	1628023911041	OK	 
REQUEST		Adicionar novo Acao	1628023910579	1628023911042	OK	 
REQUEST		Editar cliente	1628023910409	1628023911043	OK	 
REQUEST		Editar cliente	1628023910431	1628023911044	OK	 
REQUEST		Editar cliente	1628023909633	1628023911046	OK	 
REQUEST		Editar cliente	1628023909459	1628023911047	OK	 
REQUEST		Editar cliente	1628023909444	1628023911050	OK	 
REQUEST		Editar cliente	1628023910430	1628023911056	OK	 
REQUEST		Editar cliente	1628023910271	1628023911057	OK	 
REQUEST		Editar cliente	1628023909332	1628023911060	OK	 
REQUEST		Deletar cliente	1628023910871	1628023911090	OK	 
REQUEST		Deletar cliente	1628023910917	1628023911091	OK	 
REQUEST		Deletar cliente	1628023910875	1628023911093	OK	 
REQUEST		Editar acao	1628023910896	1628023911094	OK	 
REQUEST		Editar acao	1628023910900	1628023911093	OK	 
REQUEST		Editar acao	1628023910896	1628023911096	OK	 
REQUEST		Buscar acao criada	1628023910981	1628023911812	OK	 
REQUEST		Buscar acao criada	1628023910981	1628023911816	OK	 
REQUEST		Buscar acao criada	1628023911048	1628023911834	OK	 
REQUEST		Listagem de Acoes	1628023911091	1628023911834	OK	 
REQUEST		Listagem de Acoes	1628023911092	1628023911835	OK	 
REQUEST		Listagem de Acoes	1628023911094	1628023911856	OK	 
REQUEST		Deletar cliente	1628023910941	1628023911878	OK	 
REQUEST		Deletar cliente	1628023910949	1628023911883	OK	 
REQUEST		Deletar cliente	1628023910949	1628023911895	OK	 
REQUEST		Deletar cliente	1628023910984	1628023911897	OK	 
REQUEST		Deletar cliente	1628023910946	1628023911898	OK	 
REQUEST		Deletar acao	1628023911095	1628023911899	OK	 
REQUEST		Deletar cliente	1628023910954	1628023911899	OK	 
REQUEST		Deletar cliente	1628023911029	1628023911906	OK	 
REQUEST		Deletar cliente	1628023910975	1628023911906	OK	 
REQUEST		Deletar cliente	1628023910962	1628023911908	OK	 
REQUEST		Deletar cliente	1628023910975	1628023911909	OK	 
REQUEST		Deletar cliente	1628023911051	1628023911911	OK	 
REQUEST		Deletar cliente	1628023911018	1628023911926	OK	 
REQUEST		Deletar cliente	1628023911015	1628023911926	OK	 
REQUEST		Deletar cliente	1628023911043	1628023911927	OK	 
REQUEST		Deletar cliente	1628023911022	1628023911927	OK	 
REQUEST		Deletar cliente	1628023911016	1628023911927	OK	 
REQUEST		Deletar cliente	1628023910999	1628023911955	OK	 
REQUEST		Deletar cliente	1628023910982	1628023911961	OK	 
REQUEST		Deletar cliente	1628023910973	1628023911995	OK	 
REQUEST		Deletar cliente	1628023910991	1628023911992	OK	 
REQUEST		Deletar acao	1628023911097	1628023911994	OK	 
REQUEST		Deletar cliente	1628023910997	1628023911994	OK	 
REQUEST		Deletar cliente	1628023910997	1628023911997	OK	 
REQUEST		Editar acao	1628023911816	1628023912018	OK	 
REQUEST		Deletar cliente	1628023911005	1628023912001	OK	 
REQUEST		Deletar cliente	1628023911004	1628023912001	OK	 
REQUEST		Deletar cliente	1628023911005	1628023912003	OK	 
REQUEST		Deletar cliente	1628023910999	1628023912003	OK	 
REQUEST		Deletar cliente	1628023910997	1628023912018	OK	 
REQUEST		Deletar cliente	1628023911016	1628023912018	OK	 
REQUEST		Deletar cliente	1628023910995	1628023912018	OK	 
REQUEST		Deletar cliente	1628023910981	1628023912022	OK	 
REQUEST		Deletar cliente	1628023911032	1628023912052	OK	 
REQUEST		Deletar cliente	1628023911011	1628023912058	OK	 
REQUEST		Deletar cliente	1628023911019	1628023912068	OK	 
REQUEST		Deletar cliente	1628023911011	1628023912077	OK	 
REQUEST		Deletar cliente	1628023911029	1628023912081	OK	 
REQUEST		Deletar cliente	1628023911035	1628023912081	OK	 
REQUEST		Deletar cliente	1628023911039	1628023912082	OK	 
REQUEST		Deletar cliente	1628023911031	1628023912083	OK	 
REQUEST		Deletar cliente	1628023911032	1628023912085	OK	 
REQUEST		Deletar cliente	1628023911046	1628023912097	OK	 
REQUEST		Editar acao	1628023911819	1628023912097	OK	 
REQUEST		Deletar acao	1628023911095	1628023912100	OK	 
REQUEST		Deletar cliente	1628023911032	1628023912105	OK	 
REQUEST		Deletar cliente	1628023910956	1628023912112	OK	 
REQUEST		Deletar cliente	1628023911047	1628023912115	OK	 
REQUEST		Adicionar novo Acao	1628023911855	1628023912115	OK	 
REQUEST		Deletar cliente	1628023911036	1628023912144	OK	 
REQUEST		Deletar cliente	1628023911034	1628023912145	OK	 
REQUEST		Editar acao	1628023911853	1628023912147	OK	 
REQUEST		Adicionar novo Acao	1628023911860	1628023912147	OK	 
REQUEST		Deletar cliente	1628023911059	1628023912154	OK	 
REQUEST		Deletar cliente	1628023911057	1628023912154	OK	 
REQUEST		Deletar cliente	1628023911051	1628023912157	OK	 
REQUEST		Adicionar novo Acao	1628023911854	1628023912157	OK	 
REQUEST		Deletar cliente	1628023910981	1628023912160	OK	 
REQUEST		Deletar cliente	1628023911042	1628023912161	OK	 
REQUEST		Deletar cliente	1628023911060	1628023912163	OK	 
REQUEST		Listagem de Acoes	1628023911881	1628023912172	OK	 
REQUEST		Deletar cliente	1628023911061	1628023912173	OK	 
REQUEST		Deletar cliente	1628023911048	1628023912174	OK	 
REQUEST		Listagem de Acoes	1628023911904	1628023912175	OK	 
REQUEST		Listagem de Acoes	1628023911932	1628023912443	OK	 
REQUEST		Logout	1628023911940	1628023912535	OK	 
REQUEST		Listagem de Acoes	1628023911939	1628023912539	OK	 
USER	Realizar login MaxxiForge para rota Action	END	1628023912540
REQUEST		Listagem de Acoes	1628023911939	1628023912714	OK	 
REQUEST		Listagem de Acoes	1628023911940	1628023912718	OK	 
REQUEST		Listagem de Acoes	1628023911937	1628023912758	OK	 
REQUEST		Listagem de Acoes	1628023911956	1628023912758	OK	 
REQUEST		Listagem de Acoes	1628023911957	1628023912767	OK	 
REQUEST		Listagem de Acoes	1628023911956	1628023912789	OK	 
REQUEST		Listagem de Acoes	1628023911957	1628023912789	OK	 
REQUEST		Listagem de Acoes	1628023911970	1628023912807	OK	 
REQUEST		Listagem de Acoes	1628023911970	1628023912808	OK	 
REQUEST		Listagem de Acoes	1628023911969	1628023912808	OK	 
REQUEST		Listagem de Acoes	1628023911995	1628023912819	OK	 
REQUEST		Listagem de Acoes	1628023911970	1628023912823	OK	 
REQUEST		Listagem de Acoes	1628023911991	1628023912826	OK	 
REQUEST		Listagem de Acoes	1628023912008	1628023912841	OK	 
REQUEST		Listagem de Acoes	1628023911971	1628023912852	OK	 
REQUEST		Listagem de Acoes	1628023912054	1628023912865	OK	 
REQUEST		Listagem de Acoes	1628023912037	1628023912866	OK	 
REQUEST		Listagem de Acoes	1628023912031	1628023912869	OK	 
REQUEST		Listagem de Acoes	1628023912056	1628023912873	OK	 
REQUEST		Listagem de Acoes	1628023912031	1628023912889	OK	 
REQUEST		Listagem de Acoes	1628023912035	1628023912891	OK	 
REQUEST		Listagem de Acoes	1628023912056	1628023912896	OK	 
REQUEST		Buscar acao criada	1628023912169	1628023912968	OK	 
REQUEST		Buscar acao criada	1628023912147	1628023912966	OK	 
REQUEST		Logout	1628023912125	1628023912968	OK	 
REQUEST		Logout	1628023912035	1628023912968	OK	 
REQUEST		Buscar acao criada	1628023912160	1628023912973	OK	 
USER	Realizar login MaxxiForge para rota Action	END	1628023912981
USER	Realizar login MaxxiForge para rota Action	END	1628023912982
REQUEST		Listagem de Acoes	1628023912144	1628023912983	OK	 
REQUEST		Listagem de Acoes	1628023912112	1628023912984	OK	 
REQUEST		Listagem de Acoes	1628023912146	1628023912999	OK	 
REQUEST		Listagem de Acoes	1628023912086	1628023913201	OK	 
REQUEST		Listagem de Acoes	1628023912122	1628023913206	OK	 
REQUEST		Listagem de Acoes	1628023912170	1628023913210	OK	 
REQUEST		Listagem de Acoes	1628023912163	1628023913211	OK	 
REQUEST		Listagem de Acoes	1628023912123	1628023913212	OK	 
REQUEST		Listagem de Acoes	1628023912171	1628023913212	OK	 
REQUEST		Listagem de Acoes	1628023912085	1628023913214	OK	 
REQUEST		Listagem de Acoes	1628023912064	1628023913214	OK	 
REQUEST		Listagem de Acoes	1628023912158	1628023913226	OK	 
REQUEST		Listagem de Acoes	1628023912121	1628023913233	OK	 
REQUEST		Listagem de Acoes	1628023912063	1628023913239	OK	 
REQUEST		Listagem de Acoes	1628023912121	1628023913259	OK	 
REQUEST		Listagem de Acoes	1628023912116	1628023913274	OK	 
REQUEST		Listagem de Acoes	1628023912060	1628023913290	OK	 
REQUEST		Listagem de Acoes	1628023912158	1628023913300	OK	 
REQUEST		Listagem de Acoes	1628023912052	1628023913299	OK	 
REQUEST		Listagem de Acoes	1628023912060	1628023913300	OK	 
REQUEST		Listagem de Acoes	1628023912145	1628023913313	OK	 
REQUEST		Listagem de Acoes	1628023912178	1628023913313	OK	 
REQUEST		Listagem de Acoes	1628023912163	1628023913313	OK	 
REQUEST		Listagem de Acoes	1628023912116	1628023913316	OK	 
REQUEST		Listagem de Acoes	1628023912168	1628023913318	OK	 
REQUEST		Listagem de Acoes	1628023912178	1628023913320	OK	 
REQUEST		Listagem de Acoes	1628023912171	1628023913329	OK	 
REQUEST		Adicionar novo Acao	1628023912178	1628023913671	OK	 
REQUEST		Adicionar novo Acao	1628023912176	1628023913672	OK	 
REQUEST		Deletar acao	1628023912051	1628023913685	OK	 
REQUEST		Adicionar novo Acao	1628023912543	1628023913703	OK	 
REQUEST		Deletar acao	1628023912160	1628023913715	OK	 
REQUEST		Adicionar novo Acao	1628023912723	1628023913715	OK	 
REQUEST		Deletar acao	1628023912123	1628023913717	OK	 
REQUEST		Adicionar novo Acao	1628023912448	1628023913718	OK	 
REQUEST		Adicionar novo Acao	1628023912766	1628023913720	OK	 
REQUEST		Adicionar novo Acao	1628023912718	1628023913720	OK	 
REQUEST		Adicionar novo Acao	1628023912776	1628023913723	OK	 
REQUEST		Adicionar novo Acao	1628023912793	1628023913723	OK	 
REQUEST		Adicionar novo Acao	1628023912814	1628023913723	OK	 
REQUEST		Adicionar novo Acao	1628023912794	1628023913724	OK	 
REQUEST		Adicionar novo Acao	1628023912819	1628023913724	OK	 
REQUEST		Adicionar novo Acao	1628023912825	1628023913730	OK	 
REQUEST		Adicionar novo Acao	1628023912896	1628023913733	OK	 
REQUEST		Adicionar novo Acao	1628023912766	1628023913732	OK	 
REQUEST		Adicionar novo Acao	1628023912868	1628023913733	OK	 
REQUEST		Adicionar novo Acao	1628023912891	1628023913733	OK	 
REQUEST		Adicionar novo Acao	1628023912814	1628023913739	OK	 
REQUEST		Adicionar novo Acao	1628023912826	1628023913749	OK	 
REQUEST		Adicionar novo Acao	1628023912844	1628023913752	OK	 
REQUEST		Adicionar novo Acao	1628023912871	1628023913752	OK	 
REQUEST		Adicionar novo Acao	1628023912898	1628023913753	OK	 
REQUEST		Adicionar novo Acao	1628023912868	1628023913753	OK	 
REQUEST		Editar acao	1628023912978	1628023913754	OK	 
REQUEST		Adicionar novo Acao	1628023913316	1628023913754	OK	 
REQUEST		Adicionar novo Acao	1628023913233	1628023913755	OK	 
REQUEST		Adicionar novo Acao	1628023913270	1628023913755	OK	 
REQUEST		Adicionar novo Acao	1628023912829	1628023913758	OK	 
REQUEST		Editar acao	1628023912977	1628023913769	OK	 
REQUEST		Adicionar novo Acao	1628023913226	1628023913779	OK	 
REQUEST		Adicionar novo Acao	1628023913318	1628023913773	OK	 
REQUEST		Adicionar novo Acao	1628023913273	1628023913773	OK	 
REQUEST		Adicionar novo Acao	1628023913253	1628023913779	OK	 
REQUEST		Adicionar novo Acao	1628023913307	1628023913783	OK	 
REQUEST		Adicionar novo Acao	1628023913275	1628023913787	OK	 
REQUEST		Editar acao	1628023912983	1628023913788	OK	 
REQUEST		Adicionar novo Acao	1628023912998	1628023913788	OK	 
REQUEST		Adicionar novo Acao	1628023913321	1628023913789	OK	 
REQUEST		Adicionar novo Acao	1628023912855	1628023913789	OK	 
REQUEST		Adicionar novo Acao	1628023912874	1628023913790	OK	 
REQUEST		Adicionar novo Acao	1628023913299	1628023913793	OK	 
REQUEST		Adicionar novo Acao	1628023913306	1628023913793	OK	 
REQUEST		Adicionar novo Acao	1628023913274	1628023913794	OK	 
REQUEST		Adicionar novo Acao	1628023913290	1628023913799	OK	 
REQUEST		Adicionar novo Acao	1628023913306	1628023913803	OK	 
REQUEST		Adicionar novo Acao	1628023913270	1628023913811	OK	 
REQUEST		Adicionar novo Acao	1628023913299	1628023913814	OK	 
REQUEST		Adicionar novo Acao	1628023912999	1628023913812	OK	 
REQUEST		Adicionar novo Acao	1628023913259	1628023913814	OK	 
REQUEST		Adicionar novo Acao	1628023913287	1628023913815	OK	 
REQUEST		Adicionar novo Acao	1628023913286	1628023913815	OK	 
REQUEST		Adicionar novo Acao	1628023913316	1628023913816	OK	 
REQUEST		Adicionar novo Acao	1628023913011	1628023913816	OK	 
REQUEST		Adicionar novo Acao	1628023913316	1628023913826	OK	 
REQUEST		Adicionar novo Acao	1628023913320	1628023913829	OK	 
REQUEST		Adicionar novo Acao	1628023913330	1628023913829	OK	 
REQUEST		Buscar acao criada	1628023913676	1628023913834	OK	 
REQUEST		Buscar acao criada	1628023913676	1628023913838	OK	 
REQUEST		Logout	1628023913686	1628023913839	OK	 
USER	Realizar login MaxxiForge para rota Action	END	1628023913841
REQUEST		Buscar acao criada	1628023913705	1628023913855	OK	 
REQUEST		Logout	1628023913716	1628023913870	OK	 
USER	Realizar login MaxxiForge para rota Action	END	1628023913871
REQUEST		Logout	1628023913718	1628023913873	OK	 
USER	Realizar login MaxxiForge para rota Action	END	1628023913874
REQUEST		Buscar acao criada	1628023913717	1628023913877	OK	 
REQUEST		Buscar acao criada	1628023913720	1628023913880	OK	 
REQUEST		Buscar acao criada	1628023913723	1628023913884	OK	 
REQUEST		Buscar acao criada	1628023913730	1628023913899	OK	 
REQUEST		Buscar acao criada	1628023913735	1628023913905	OK	 
REQUEST		Buscar acao criada	1628023913729	1628023913906	OK	 
REQUEST		Buscar acao criada	1628023913726	1628023913907	OK	 
REQUEST		Buscar acao criada	1628023913729	1628023913909	OK	 
REQUEST		Buscar acao criada	1628023913730	1628023913910	OK	 
REQUEST		Buscar acao criada	1628023913735	1628023913911	OK	 
REQUEST		Buscar acao criada	1628023913722	1628023913914	OK	 
REQUEST		Buscar acao criada	1628023913749	1628023913916	OK	 
REQUEST		Buscar acao criada	1628023913752	1628023913917	OK	 
REQUEST		Buscar acao criada	1628023913740	1628023913917	OK	 
REQUEST		Buscar acao criada	1628023913748	1628023913917	OK	 
REQUEST		Buscar acao criada	1628023913772	1628023914010	OK	 
REQUEST		Buscar acao criada	1628023913756	1628023914107	OK	 
REQUEST		Buscar acao criada	1628023913770	1628023914122	OK	 
REQUEST		Buscar acao criada	1628023913771	1628023914122	OK	 
REQUEST		Buscar acao criada	1628023913773	1628023914232	OK	 
REQUEST		Buscar acao criada	1628023913786	1628023914266	OK	 
REQUEST		Buscar acao criada	1628023913773	1628023914266	OK	 
REQUEST		Buscar acao criada	1628023913777	1628023914273	OK	 
REQUEST		Buscar acao criada	1628023913771	1628023914282	OK	 
REQUEST		Buscar acao criada	1628023913785	1628023914282	OK	 
REQUEST		Buscar acao criada	1628023913786	1628023914285	OK	 
REQUEST		Buscar acao criada	1628023913778	1628023914287	OK	 
REQUEST		Buscar acao criada	1628023913788	1628023914287	OK	 
REQUEST		Buscar acao criada	1628023913803	1628023914302	OK	 
REQUEST		Buscar acao criada	1628023913824	1628023914297	OK	 
REQUEST		Buscar acao criada	1628023913801	1628023914301	OK	 
REQUEST		Buscar acao criada	1628023913805	1628023914302	OK	 
REQUEST		Buscar acao criada	1628023913803	1628023914304	OK	 
REQUEST		Buscar acao criada	1628023913804	1628023914304	OK	 
REQUEST		Buscar acao criada	1628023913794	1628023914305	OK	 
REQUEST		Buscar acao criada	1628023913825	1628023914311	OK	 
REQUEST		Buscar acao criada	1628023913825	1628023914312	OK	 
REQUEST		Buscar acao criada	1628023913825	1628023914315	OK	 
REQUEST		Buscar acao criada	1628023913808	1628023914315	OK	 
REQUEST		Buscar acao criada	1628023913812	1628023914318	OK	 
REQUEST		Buscar acao criada	1628023913818	1628023914318	OK	 
REQUEST		Deletar acao	1628023913783	1628023914323	OK	 
REQUEST		Buscar acao criada	1628023913803	1628023914321	OK	 
REQUEST		Buscar acao criada	1628023913824	1628023914322	OK	 
REQUEST		Buscar acao criada	1628023913814	1628023914325	OK	 
REQUEST		Editar acao	1628023913907	1628023914334	OK	 
REQUEST		Deletar acao	1628023913772	1628023914333	OK	 
REQUEST		Buscar acao criada	1628023913805	1628023914334	OK	 
REQUEST		Deletar acao	1628023913803	1628023914334	OK	 
REQUEST		Editar acao	1628023913885	1628023914335	OK	 
REQUEST		Buscar acao criada	1628023913831	1628023914335	OK	 
REQUEST		Editar acao	1628023913856	1628023914335	OK	 
REQUEST		Editar acao	1628023913881	1628023914336	OK	 
REQUEST		Buscar acao criada	1628023913825	1628023914336	OK	 
REQUEST		Editar acao	1628023913906	1628023914337	OK	 
REQUEST		Editar acao	1628023913915	1628023914340	OK	 
REQUEST		Editar acao	1628023913878	1628023914341	OK	 
REQUEST		Editar acao	1628023913910	1628023914342	OK	 
REQUEST		Editar acao	1628023913919	1628023914349	OK	 
REQUEST		Editar acao	1628023913917	1628023914346	OK	 
REQUEST		Editar acao	1628023913919	1628023914346	OK	 
REQUEST		Buscar acao criada	1628023913831	1628023914346	OK	 
REQUEST		Buscar acao criada	1628023913828	1628023914346	OK	 
REQUEST		Editar acao	1628023914133	1628023914349	OK	 
REQUEST		Buscar acao criada	1628023913803	1628023914350	OK	 
REQUEST		Editar acao	1628023913909	1628023914352	OK	 
REQUEST		Editar acao	1628023913911	1628023914353	OK	 
REQUEST		Editar acao	1628023913908	1628023914353	OK	 
REQUEST		Editar acao	1628023913900	1628023914355	OK	 
REQUEST		Editar acao	1628023913919	1628023914356	OK	 
REQUEST		Editar acao	1628023914013	1628023914356	OK	 
REQUEST		Editar acao	1628023914134	1628023914361	OK	 
REQUEST		Editar acao	1628023913838	1628023914363	OK	 
REQUEST		Editar acao	1628023913840	1628023914363	OK	 
REQUEST		Editar acao	1628023914110	1628023914367	OK	 
REQUEST		Editar acao	1628023914236	1628023914402	OK	 
REQUEST		Logout	1628023914327	1628023914875	OK	 
REQUEST		Logout	1628023914341	1628023914879	OK	 
REQUEST		Logout	1628023914344	1628023914880	OK	 
USER	Realizar login MaxxiForge para rota Action	END	1628023914881
USER	Realizar login MaxxiForge para rota Action	END	1628023914891
REQUEST		Editar acao	1628023914280	1628023914892	OK	 
USER	Realizar login MaxxiForge para rota Action	END	1628023914892
REQUEST		Deletar acao	1628023914344	1628023914912	OK	 
REQUEST		Deletar acao	1628023914345	1628023914906	OK	 
REQUEST		Deletar acao	1628023914338	1628023914907	OK	 
REQUEST		Deletar acao	1628023914352	1628023914922	OK	 
REQUEST		Deletar acao	1628023914366	1628023914923	OK	 
REQUEST		Deletar acao	1628023914358	1628023914925	OK	 
REQUEST		Deletar acao	1628023914364	1628023914926	OK	 
REQUEST		Deletar acao	1628023914348	1628023914912	OK	 
REQUEST		Deletar acao	1628023914353	1628023914915	OK	 
REQUEST		Editar acao	1628023914286	1628023914921	OK	 
REQUEST		Deletar acao	1628023914366	1628023914921	OK	 
REQUEST		Deletar acao	1628023914355	1628023914922	OK	 
REQUEST		Deletar acao	1628023914349	1628023914923	OK	 
REQUEST		Deletar acao	1628023914362	1628023914925	OK	 
REQUEST		Deletar acao	1628023914362	1628023914928	OK	 
REQUEST		Editar acao	1628023914321	1628023914941	OK	 
REQUEST		Deletar acao	1628023914354	1628023914957	OK	 
REQUEST		Editar acao	1628023914315	1628023914957	OK	 
REQUEST		Editar acao	1628023914314	1628023914966	OK	 
REQUEST		Deletar acao	1628023914364	1628023914966	OK	 
REQUEST		Deletar acao	1628023914362	1628023914966	OK	 
REQUEST		Editar acao	1628023914296	1628023914966	OK	 
REQUEST		Editar acao	1628023914341	1628023914967	OK	 
REQUEST		Deletar acao	1628023914365	1628023914968	OK	 
REQUEST		Editar acao	1628023914297	1628023914968	OK	 
REQUEST		Editar acao	1628023914305	1628023914968	OK	 
REQUEST		Editar acao	1628023914296	1628023914974	OK	 
REQUEST		Editar acao	1628023914315	1628023914971	OK	 
REQUEST		Editar acao	1628023914312	1628023914972	OK	 
REQUEST		Editar acao	1628023914304	1628023914974	OK	 
REQUEST		Editar acao	1628023914359	1628023914974	OK	 
REQUEST		Editar acao	1628023914281	1628023914982	OK	 
REQUEST		Editar acao	1628023914331	1628023914984	OK	 
REQUEST		Deletar acao	1628023914352	1628023914984	OK	 
REQUEST		Deletar acao	1628023914344	1628023914985	OK	 
REQUEST		Deletar acao	1628023914363	1628023914985	OK	 
REQUEST		Deletar acao	1628023914368	1628023914986	OK	 
REQUEST		Editar acao	1628023914324	1628023914986	OK	 
REQUEST		Editar acao	1628023914331	1628023914987	OK	 
REQUEST		Editar acao	1628023914324	1628023914988	OK	 
REQUEST		Editar acao	1628023914302	1628023914988	OK	 
REQUEST		Editar acao	1628023914315	1628023914989	OK	 
REQUEST		Editar acao	1628023914324	1628023914991	OK	 
REQUEST		Editar acao	1628023914307	1628023915000	OK	 
REQUEST		Editar acao	1628023914321	1628023915000	OK	 
REQUEST		Editar acao	1628023914334	1628023915000	OK	 
REQUEST		Editar acao	1628023914341	1628023915000	OK	 
REQUEST		Editar acao	1628023914344	1628023915003	OK	 
REQUEST		Editar acao	1628023914326	1628023915001	OK	 
REQUEST		Editar acao	1628023914355	1628023915007	OK	 
REQUEST		Deletar acao	1628023914404	1628023915006	OK	 
REQUEST		Editar acao	1628023914355	1628023915007	OK	 
REQUEST		Deletar acao	1628023914896	1628023915058	OK	 
REQUEST		Logout	1628023914915	1628023915088	OK	 
USER	Realizar login MaxxiForge para rota Action	END	1628023915094
REQUEST		Logout	1628023914927	1628023915122	OK	 
USER	Realizar login MaxxiForge para rota Action	END	1628023915125
REQUEST		Logout	1628023914931	1628023915141	OK	 
REQUEST		Logout	1628023914929	1628023915142	OK	 
REQUEST		Logout	1628023914928	1628023915146	OK	 
USER	Realizar login MaxxiForge para rota Action	END	1628023915146
USER	Realizar login MaxxiForge para rota Action	END	1628023915146
USER	Realizar login MaxxiForge para rota Action	END	1628023915148
REQUEST		Logout	1628023914940	1628023915359	OK	 
REQUEST		Logout	1628023914939	1628023915362	OK	 
USER	Realizar login MaxxiForge para rota Action	END	1628023915363
REQUEST		Logout	1628023914944	1628023915365	OK	 
USER	Realizar login MaxxiForge para rota Action	END	1628023915366
USER	Realizar login MaxxiForge para rota Action	END	1628023915377
REQUEST		Logout	1628023914947	1628023915377	OK	 
USER	Realizar login MaxxiForge para rota Action	END	1628023915380
REQUEST		Logout	1628023914948	1628023915387	OK	 
REQUEST		Logout	1628023914947	1628023915389	OK	 
REQUEST		Logout	1628023914945	1628023915387	OK	 
REQUEST		Logout	1628023914954	1628023915387	OK	 
REQUEST		Logout	1628023914967	1628023915389	OK	 
REQUEST		Logout	1628023914953	1628023915389	OK	 
USER	Realizar login MaxxiForge para rota Action	END	1628023915393
USER	Realizar login MaxxiForge para rota Action	END	1628023915395
USER	Realizar login MaxxiForge para rota Action	END	1628023915395
USER	Realizar login MaxxiForge para rota Action	END	1628023915395
USER	Realizar login MaxxiForge para rota Action	END	1628023915395
USER	Realizar login MaxxiForge para rota Action	END	1628023915396
REQUEST		Logout	1628023914977	1628023915405	OK	 
REQUEST		Logout	1628023914975	1628023915407	OK	 
REQUEST		Logout	1628023915008	1628023915408	OK	 
REQUEST		Logout	1628023914974	1628023915405	OK	 
REQUEST		Logout	1628023914993	1628023915406	OK	 
USER	Realizar login MaxxiForge para rota Action	END	1628023915412
REQUEST		Logout	1628023915061	1628023915407	OK	 
REQUEST		Logout	1628023914993	1628023915407	OK	 
REQUEST		Logout	1628023914995	1628023915408	OK	 
REQUEST		Logout	1628023914993	1628023915409	OK	 
USER	Realizar login MaxxiForge para rota Action	END	1628023915416
REQUEST		Deletar acao	1628023914977	1628023915416	OK	 
REQUEST		Deletar acao	1628023914974	1628023915417	OK	 
REQUEST		Deletar acao	1628023914996	1628023915417	OK	 
USER	Realizar login MaxxiForge para rota Action	END	1628023915416
REQUEST		Deletar acao	1628023914989	1628023915420	OK	 
REQUEST		Deletar acao	1628023915003	1628023915419	OK	 
REQUEST		Deletar acao	1628023914981	1628023915419	OK	 
REQUEST		Deletar acao	1628023914965	1628023915419	OK	 
USER	Realizar login MaxxiForge para rota Action	END	1628023915416
REQUEST		Deletar acao	1628023915005	1628023915420	OK	 
REQUEST		Deletar acao	1628023914981	1628023915423	OK	 
REQUEST		Deletar acao	1628023914983	1628023915421	OK	 
REQUEST		Deletar acao	1628023914975	1628023915421	OK	 
REQUEST		Deletar acao	1628023914946	1628023915422	OK	 
REQUEST		Deletar acao	1628023914997	1628023915425	OK	 
USER	Realizar login MaxxiForge para rota Action	END	1628023915417
REQUEST		Deletar acao	1628023915005	1628023915423	OK	 
USER	Realizar login MaxxiForge para rota Action	END	1628023915418
REQUEST		Deletar acao	1628023914971	1628023915426	OK	 
REQUEST		Deletar acao	1628023914983	1628023915428	OK	 
REQUEST		Deletar acao	1628023914974	1628023915429	OK	 
USER	Realizar login MaxxiForge para rota Action	END	1628023915418
REQUEST		Deletar acao	1628023914996	1628023915431	OK	 
USER	Realizar login MaxxiForge para rota Action	END	1628023915418
REQUEST		Deletar acao	1628023914997	1628023915432	OK	 
REQUEST		Deletar acao	1628023914982	1628023915432	OK	 
REQUEST		Deletar acao	1628023914991	1628023915433	OK	 
REQUEST		Deletar acao	1628023914976	1628023915433	OK	 
USER	Realizar login MaxxiForge para rota Action	END	1628023915418
REQUEST		Deletar acao	1628023915009	1628023915434	OK	 
REQUEST		Deletar acao	1628023914997	1628023915434	OK	 
REQUEST		Deletar acao	1628023915005	1628023915435	OK	 
REQUEST		Deletar acao	1628023915008	1628023915438	OK	 
REQUEST		Deletar acao	1628023915005	1628023915439	OK	 
REQUEST		Deletar acao	1628023915004	1628023915439	OK	 
REQUEST		Deletar acao	1628023914998	1628023915440	OK	 
REQUEST		Logout	1628023915422	1628023915623	OK	 
REQUEST		Logout	1628023915424	1628023915626	OK	 
USER	Realizar login MaxxiForge para rota Action	END	1628023915627
USER	Realizar login MaxxiForge para rota Action	END	1628023915629
REQUEST		Logout	1628023915421	1628023915643	OK	 
USER	Realizar login MaxxiForge para rota Action	END	1628023915646
REQUEST		Logout	1628023915428	1628023915659	OK	 
REQUEST		Logout	1628023915427	1628023915664	OK	 
REQUEST		Logout	1628023915422	1628023915659	OK	 
REQUEST		Logout	1628023915438	1628023915662	OK	 
REQUEST		Logout	1628023915427	1628023915679	OK	 
REQUEST		Logout	1628023915421	1628023915664	OK	 
REQUEST		Logout	1628023915426	1628023915673	OK	 
REQUEST		Logout	1628023915432	1628023915687	OK	 
REQUEST		Logout	1628023915427	1628023915677	OK	 
USER	Realizar login MaxxiForge para rota Action	END	1628023915677
REQUEST		Logout	1628023915425	1628023915679	OK	 
REQUEST		Logout	1628023915437	1628023915703	OK	 
REQUEST		Logout	1628023915425	1628023915688	OK	 
USER	Realizar login MaxxiForge para rota Action	END	1628023915686
REQUEST		Logout	1628023915428	1628023915702	OK	 
USER	Realizar login MaxxiForge para rota Action	END	1628023915690
REQUEST		Logout	1628023915437	1628023915708	OK	 
REQUEST		Logout	1628023915435	1628023915730	OK	 
REQUEST		Logout	1628023915433	1628023915725	OK	 
USER	Realizar login MaxxiForge para rota Action	END	1628023915694
REQUEST		Logout	1628023915427	1628023915728	OK	 
REQUEST		Logout	1628023915436	1628023915737	OK	 
REQUEST		Logout	1628023915436	1628023915730	OK	 
USER	Realizar login MaxxiForge para rota Action	END	1628023915703
REQUEST		Logout	1628023915433	1628023915737	OK	 
USER	Realizar login MaxxiForge para rota Action	END	1628023915703
REQUEST		Logout	1628023915437	1628023915750	OK	 
USER	Realizar login MaxxiForge para rota Action	END	1628023915704
REQUEST		Logout	1628023915441	1628023915756	OK	 
USER	Realizar login MaxxiForge para rota Action	END	1628023915708
REQUEST		Logout	1628023915437	1628023915765	OK	 
REQUEST		Logout	1628023915441	1628023915767	OK	 
USER	Realizar login MaxxiForge para rota Action	END	1628023915709
REQUEST		Logout	1628023915439	1628023915768	OK	 
USER	Realizar login MaxxiForge para rota Action	END	1628023915710
USER	Realizar login MaxxiForge para rota Action	END	1628023915725
USER	Realizar login MaxxiForge para rota Action	END	1628023915725
USER	Realizar login MaxxiForge para rota Action	END	1628023915730
REQUEST		Logout	1628023915440	1628023915785	OK	 
USER	Realizar login MaxxiForge para rota Action	END	1628023915736
USER	Realizar login MaxxiForge para rota Action	END	1628023915749
USER	Realizar login MaxxiForge para rota Action	END	1628023915750
USER	Realizar login MaxxiForge para rota Action	END	1628023915751
USER	Realizar login MaxxiForge para rota Action	END	1628023915753
USER	Realizar login MaxxiForge para rota Action	END	1628023915753
USER	Realizar login MaxxiForge para rota Action	END	1628023915764
USER	Realizar login MaxxiForge para rota Action	END	1628023915766
USER	Realizar login MaxxiForge para rota Action	END	1628023915770
USER	Realizar login MaxxiForge para rota Action	END	1628023915784
USER	Realizar login MaxxiForge para rota Action	END	1628023915784
USER	Realizar login MaxxiForge para rota Action	END	1628023915784
USER	Realizar login MaxxiForge para rota Action	END	1628023915789
