RUN	maxxiforge.Estresse	estresse	1628028057329	 	3.5.1
USER	Realizar login MaxxiForge para rota Action	START	1628028058157
USER	Realizar login MaxxiForge para rota Action	START	1628028058221
USER	Realizar login MaxxiForge para rota Action	START	1628028058223
USER	Realizar login MaxxiForge para rota Action	START	1628028058228
USER	Realizar login MaxxiForge para rota Action	START	1628028058229
USER	Realizar login MaxxiForge para rota Action	START	1628028058230
USER	Realizar login MaxxiForge para rota Action	START	1628028058234
USER	Realizar login MaxxiForge para rota Action	START	1628028058235
USER	Realizar login MaxxiForge para rota Action	START	1628028058236
USER	Realizar login MaxxiForge para rota Action	START	1628028058236
USER	Realizar login MaxxiForge para rota Action	START	1628028058237
USER	Realizar login MaxxiForge para rota Action	START	1628028058239
USER	Realizar login MaxxiForge para rota Action	START	1628028058239
USER	Realizar login MaxxiForge para rota Action	START	1628028058240
USER	Realizar login MaxxiForge para rota Action	START	1628028058242
USER	Realizar login MaxxiForge para rota Action	START	1628028058242
USER	Realizar login MaxxiForge para rota Action	START	1628028058244
USER	Realizar login MaxxiForge para rota Action	START	1628028058245
USER	Realizar login MaxxiForge para rota Action	START	1628028058245
USER	Realizar login MaxxiForge para rota Action	START	1628028058246
USER	Realizar login MaxxiForge para rota Action	START	1628028058416
USER	Realizar login MaxxiForge para rota Action	START	1628028058423
USER	Realizar login MaxxiForge para rota Action	START	1628028058425
USER	Realizar login MaxxiForge para rota Action	START	1628028058427
USER	Realizar login MaxxiForge para rota Action	START	1628028058430
USER	Realizar login MaxxiForge para rota Action	START	1628028058432
USER	Realizar login MaxxiForge para rota Action	START	1628028058434
USER	Realizar login MaxxiForge para rota Action	START	1628028058437
USER	Realizar login MaxxiForge para rota Action	START	1628028058439
USER	Realizar login MaxxiForge para rota Action	START	1628028058446
USER	Realizar login MaxxiForge para rota Action	START	1628028058449
USER	Realizar login MaxxiForge para rota Action	START	1628028058451
USER	Realizar login MaxxiForge para rota Action	START	1628028058452
USER	Realizar login MaxxiForge para rota Action	START	1628028058456
USER	Realizar login MaxxiForge para rota Action	START	1628028058458
USER	Realizar login MaxxiForge para rota Action	START	1628028058460
USER	Realizar login MaxxiForge para rota Action	START	1628028058462
USER	Realizar login MaxxiForge para rota Action	START	1628028058466
USER	Realizar login MaxxiForge para rota Action	START	1628028058467
USER	Realizar login MaxxiForge para rota Action	START	1628028058472
USER	Realizar login MaxxiForge para rota Action	START	1628028058509
USER	Realizar login MaxxiForge para rota Action	START	1628028058511
USER	Realizar login MaxxiForge para rota Action	START	1628028058515
USER	Realizar login MaxxiForge para rota Action	START	1628028058517
USER	Realizar login MaxxiForge para rota Action	START	1628028058519
USER	Realizar login MaxxiForge para rota Action	START	1628028058522
USER	Realizar login MaxxiForge para rota Action	START	1628028058524
USER	Realizar login MaxxiForge para rota Action	START	1628028058526
USER	Realizar login MaxxiForge para rota Action	START	1628028058528
USER	Realizar login MaxxiForge para rota Action	START	1628028058529
USER	Realizar login MaxxiForge para rota Action	START	1628028058533
USER	Realizar login MaxxiForge para rota Action	START	1628028058536
USER	Realizar login MaxxiForge para rota Action	START	1628028058537
USER	Realizar login MaxxiForge para rota Action	START	1628028058538
USER	Realizar login MaxxiForge para rota Action	START	1628028058542
USER	Realizar login MaxxiForge para rota Action	START	1628028058545
USER	Realizar login MaxxiForge para rota Action	START	1628028058546
USER	Realizar login MaxxiForge para rota Action	START	1628028058547
USER	Realizar login MaxxiForge para rota Action	START	1628028058549
USER	Realizar login MaxxiForge para rota Action	START	1628028058550
USER	Realizar login MaxxiForge para rota Action	START	1628028058571
USER	Realizar login MaxxiForge para rota Action	START	1628028058574
USER	Realizar login MaxxiForge para rota Action	START	1628028058582
USER	Realizar login MaxxiForge para rota Action	START	1628028058586
USER	Realizar login MaxxiForge para rota Action	START	1628028058592
USER	Realizar login MaxxiForge para rota Action	START	1628028058595
USER	Realizar login MaxxiForge para rota Action	START	1628028058596
USER	Realizar login MaxxiForge para rota Action	START	1628028058599
USER	Realizar login MaxxiForge para rota Action	START	1628028058602
USER	Realizar login MaxxiForge para rota Action	START	1628028058603
USER	Realizar login MaxxiForge para rota Action	START	1628028058604
USER	Realizar login MaxxiForge para rota Action	START	1628028058605
USER	Realizar login MaxxiForge para rota Action	START	1628028058605
USER	Realizar login MaxxiForge para rota Action	START	1628028058608
USER	Realizar login MaxxiForge para rota Action	START	1628028058610
USER	Realizar login MaxxiForge para rota Action	START	1628028058612
USER	Realizar login MaxxiForge para rota Action	START	1628028058613
USER	Realizar login MaxxiForge para rota Action	START	1628028058614
USER	Realizar login MaxxiForge para rota Action	START	1628028058616
USER	Realizar login MaxxiForge para rota Action	START	1628028058618
REQUEST		Login	1628028058560	1628028063778	OK	 
REQUEST		Login	1628028058636	1628028063868	OK	 
REQUEST		Login	1628028059629	1628028064060	OK	 
REQUEST		Login	1628028059630	1628028064085	OK	 
REQUEST		Login	1628028059633	1628028064097	OK	 
REQUEST		Login	1628028059634	1628028064112	OK	 
REQUEST		Login	1628028059635	1628028064132	OK	 
REQUEST		Login	1628028059638	1628028064144	OK	 
REQUEST		Login	1628028059640	1628028064162	OK	 
REQUEST		Login	1628028059641	1628028064185	OK	 
REQUEST		Login	1628028059701	1628028064204	OK	 
REQUEST		Login	1628028058498	1628028064218	OK	 
REQUEST		Login	1628028060052	1628028064235	OK	 
REQUEST		Login	1628028060061	1628028064261	OK	 
REQUEST		Login	1628028060062	1628028064283	OK	 
REQUEST		Login	1628028060063	1628028064301	OK	 
REQUEST		Login	1628028060065	1628028064308	OK	 
REQUEST		Login	1628028060066	1628028064314	OK	 
REQUEST		Login	1628028060067	1628028064324	OK	 
REQUEST		Login	1628028060068	1628028064327	OK	 
REQUEST		Login	1628028060069	1628028064332	OK	 
REQUEST		Login	1628028060070	1628028064335	OK	 
REQUEST		Login	1628028060071	1628028064339	OK	 
REQUEST		Login	1628028060074	1628028064352	OK	 
REQUEST		Login	1628028060075	1628028064356	OK	 
REQUEST		Login	1628028060076	1628028064362	OK	 
REQUEST		Login	1628028060078	1628028064367	OK	 
REQUEST		Login	1628028060079	1628028064386	OK	 
REQUEST		Login	1628028060080	1628028064389	OK	 
REQUEST		Login	1628028060081	1628028064396	OK	 
REQUEST		Login	1628028060081	1628028064401	OK	 
REQUEST		Login	1628028059621	1628028064414	OK	 
REQUEST		Login	1628028059624	1628028064419	OK	 
REQUEST		Login	1628028059702	1628028064212	OK	 
REQUEST		Login	1628028058406	1628028064428	OK	 
REQUEST		Login	1628028059615	1628028064434	OK	 
REQUEST		Login	1628028059622	1628028064426	OK	 
REQUEST		Login	1628028059623	1628028064439	OK	 
REQUEST		Login	1628028059619	1628028064443	OK	 
REQUEST		Login	1628028059624	1628028064445	OK	 
REQUEST		Login	1628028059630	1628028064448	OK	 
REQUEST		Login	1628028059631	1628028064454	OK	 
REQUEST		Login	1628028059620	1628028064461	OK	 
REQUEST		Login	1628028059689	1628028064460	OK	 
REQUEST		Login	1628028059703	1628028064427	OK	 
REQUEST		Login	1628028059691	1628028064469	OK	 
REQUEST		Login	1628028059632	1628028064470	OK	 
REQUEST		Login	1628028059636	1628028064475	OK	 
REQUEST		Login	1628028059621	1628028064479	OK	 
REQUEST		Login	1628028059693	1628028064472	OK	 
REQUEST		Login	1628028059694	1628028064485	OK	 
REQUEST		Login	1628028059622	1628028064482	OK	 
REQUEST		Login	1628028059695	1628028064489	OK	 
REQUEST		Login	1628028059698	1628028064492	OK	 
REQUEST		Login	1628028059627	1628028064490	OK	 
REQUEST		Login	1628028059700	1628028064495	OK	 
REQUEST		Login	1628028059706	1628028064498	OK	 
REQUEST		Login	1628028059639	1628028064502	OK	 
REQUEST		Login	1628028059640	1628028064509	OK	 
REQUEST		Login	1628028059641	1628028064520	OK	 
REQUEST		Login	1628028059642	1628028064524	OK	 
REQUEST		Login	1628028059643	1628028064530	OK	 
REQUEST		Login	1628028059644	1628028064537	OK	 
REQUEST		Login	1628028059648	1628028064541	OK	 
REQUEST		Login	1628028059652	1628028064549	OK	 
REQUEST		Login	1628028059654	1628028064559	OK	 
REQUEST		Login	1628028059661	1628028064565	OK	 
REQUEST		Login	1628028059663	1628028064570	OK	 
REQUEST		Login	1628028059665	1628028064577	OK	 
REQUEST		Login	1628028059637	1628028064587	OK	 
REQUEST		Login	1628028059638	1628028064592	OK	 
REQUEST		Login	1628028059641	1628028064598	OK	 
REQUEST		Login	1628028059642	1628028064603	OK	 
REQUEST		Login	1628028059643	1628028064607	OK	 
REQUEST		Login	1628028059644	1628028064613	OK	 
REQUEST		Login	1628028059708	1628028064619	OK	 
REQUEST		Login	1628028059711	1628028064626	OK	 
REQUEST		Login	1628028059713	1628028064633	OK	 
REQUEST		Login	1628028059714	1628028064639	OK	 
REQUEST		Login	1628028059715	1628028064645	OK	 
REQUEST		Listagem de profissionais	1628028064082	1628028065768	OK	 
REQUEST		Listagem de profissionais	1628028064051	1628028065776	OK	 
REQUEST		Listagem de profissionais	1628028064095	1628028065779	OK	 
REQUEST		Listagem de profissionais	1628028064104	1628028065781	OK	 
REQUEST		Listagem de profissionais	1628028064125	1628028065784	OK	 
REQUEST		Listagem de profissionais	1628028064143	1628028065790	OK	 
REQUEST		Listagem de profissionais	1628028064150	1628028065792	OK	 
REQUEST		Listagem de profissionais	1628028064232	1628028066064	OK	 
REQUEST		Listagem de profissionais	1628028064197	1628028066063	OK	 
REQUEST		Listagem de profissionais	1628028064182	1628028066072	OK	 
REQUEST		Listagem de profissionais	1628028064210	1628028066079	OK	 
REQUEST		Listagem de profissionais	1628028064245	1628028066190	OK	 
REQUEST		Listagem de profissionais	1628028064279	1628028066194	OK	 
REQUEST		Listagem de profissionais	1628028064306	1628028066199	OK	 
REQUEST		Listagem de profissionais	1628028064312	1628028066211	OK	 
REQUEST		Listagem de profissionais	1628028064300	1628028066216	OK	 
REQUEST		Listagem de profissionais	1628028064319	1628028066219	OK	 
REQUEST		Listagem de profissionais	1628028064326	1628028066223	OK	 
REQUEST		Listagem de profissionais	1628028064330	1628028066226	OK	 
REQUEST		Listagem de profissionais	1628028064334	1628028066228	OK	 
REQUEST		Listagem de profissionais	1628028064337	1628028066246	OK	 
REQUEST		Listagem de profissionais	1628028064346	1628028066250	OK	 
REQUEST		Listagem de profissionais	1628028064354	1628028066277	OK	 
REQUEST		Listagem de profissionais	1628028064361	1628028066280	OK	 
REQUEST		Listagem de profissionais	1628028064385	1628028066284	OK	 
REQUEST		Listagem de profissionais	1628028064388	1628028066286	OK	 
REQUEST		Listagem de profissionais	1628028064365	1628028066291	OK	 
REQUEST		Listagem de profissionais	1628028064394	1628028066300	OK	 
REQUEST		Listagem de profissionais	1628028064399	1628028066303	OK	 
REQUEST		Listagem de profissionais	1628028064427	1628028066307	OK	 
REQUEST		Listagem de profissionais	1628028064419	1628028066284	OK	 
REQUEST		Listagem de profissionais	1628028064411	1628028066312	OK	 
REQUEST		Listagem de profissionais	1628028064438	1628028066324	OK	 
REQUEST		Listagem de profissionais	1628028064441	1628028066329	OK	 
REQUEST		Listagem de profissionais	1628028064447	1628028066334	OK	 
REQUEST		Listagem de profissionais	1628028064451	1628028066338	OK	 
REQUEST		Listagem de profissionais	1628028064458	1628028066343	OK	 
REQUEST		Listagem de profissionais	1628028064467	1628028066349	OK	 
REQUEST		Listagem de profissionais	1628028064471	1628028066353	OK	 
REQUEST		Listagem de profissionais	1628028064468	1628028066355	OK	 
REQUEST		Listagem de profissionais	1628028064473	1628028066359	OK	 
REQUEST		Listagem de profissionais	1628028064484	1628028066367	OK	 
REQUEST		Listagem de profissionais	1628028064424	1628028066371	OK	 
REQUEST		Listagem de profissionais	1628028064406	1628028066393	OK	 
REQUEST		Listagem de profissionais	1628028064433	1628028066310	OK	 
REQUEST		Listagem de profissionais	1628028064446	1628028066401	OK	 
REQUEST		Listagem de profissionais	1628028064462	1628028066407	OK	 
REQUEST		Listagem de profissionais	1628028064481	1628028066422	OK	 
REQUEST		Listagem de profissionais	1628028064437	1628028066438	OK	 
REQUEST		Listagem de profissionais	1628028064489	1628028066450	OK	 
REQUEST		Listagem de profissionais	1628028064496	1628028066454	OK	 
REQUEST		Listagem de profissionais	1628028064506	1628028066458	OK	 
REQUEST		Listagem de profissionais	1628028064487	1628028066448	OK	 
REQUEST		Listagem de profissionais	1628028064491	1628028066464	OK	 
REQUEST		Listagem de profissionais	1628028064483	1628028066468	OK	 
REQUEST		Listagem de profissionais	1628028064494	1628028066472	OK	 
REQUEST		Listagem de profissionais	1628028064497	1628028066476	OK	 
REQUEST		Listagem de profissionais	1628028064513	1628028066488	OK	 
REQUEST		Listagem de profissionais	1628028064523	1628028066493	OK	 
REQUEST		Listagem de profissionais	1628028064528	1628028066502	OK	 
REQUEST		Listagem de profissionais	1628028064535	1628028066506	OK	 
REQUEST		Listagem de profissionais	1628028064539	1628028066512	OK	 
REQUEST		Listagem de profissionais	1628028064547	1628028066516	OK	 
REQUEST		Listagem de profissionais	1628028064554	1628028066524	OK	 
REQUEST		Listagem de profissionais	1628028064562	1628028066528	OK	 
REQUEST		Listagem de profissionais	1628028064568	1628028066534	OK	 
REQUEST		Listagem de profissionais	1628028064575	1628028066538	OK	 
REQUEST		Listagem de profissionais	1628028064586	1628028066571	OK	 
REQUEST		Listagem de profissionais	1628028064590	1628028066575	OK	 
REQUEST		Listagem de profissionais	1628028064595	1628028066579	OK	 
REQUEST		Listagem de profissionais	1628028064601	1628028066583	OK	 
REQUEST		Listagem de profissionais	1628028064605	1628028066585	OK	 
REQUEST		Listagem de profissionais	1628028064611	1628028066593	OK	 
REQUEST		Listagem de profissionais	1628028064616	1628028066596	OK	 
REQUEST		Listagem de profissionais	1628028064617	1628028066599	OK	 
REQUEST		Listagem de profissionais	1628028064625	1628028066603	OK	 
REQUEST		Listagem de profissionais	1628028064632	1628028066610	OK	 
REQUEST		Listagem de profissionais	1628028064637	1628028066614	OK	 
REQUEST		Listagem de profissionais	1628028064643	1628028066617	OK	 
REQUEST		Listagem de profissionais	1628028064648	1628028066619	OK	 
REQUEST		Adicionar novo profissional	1628028066081	1628028072864	OK	 
REQUEST		Adicionar novo profissional	1628028065780	1628028072884	OK	 
REQUEST		Adicionar novo profissional	1628028065786	1628028073009	OK	 
REQUEST		Adicionar novo profissional	1628028065777	1628028073012	OK	 
REQUEST		Adicionar novo profissional	1628028065783	1628028073014	OK	 
REQUEST		Adicionar novo profissional	1628028065794	1628028073065	OK	 
REQUEST		Adicionar novo profissional	1628028066192	1628028073070	OK	 
REQUEST		Adicionar novo profissional	1628028065772	1628028073069	OK	 
REQUEST		Adicionar novo profissional	1628028065791	1628028073077	OK	 
REQUEST		Adicionar novo profissional	1628028066068	1628028073080	OK	 
REQUEST		Adicionar novo profissional	1628028066075	1628028073083	OK	 
REQUEST		Adicionar novo profissional	1628028066068	1628028073087	OK	 
REQUEST		Adicionar novo profissional	1628028066198	1628028073088	OK	 
REQUEST		Adicionar novo profissional	1628028066218	1628028073096	OK	 
REQUEST		Adicionar novo profissional	1628028066278	1628028073098	OK	 
REQUEST		Adicionar novo profissional	1628028066282	1628028073102	OK	 
REQUEST		Adicionar novo profissional	1628028066285	1628028073160	OK	 
REQUEST		Adicionar novo profissional	1628028066225	1628028073689	OK	 
REQUEST		Adicionar novo profissional	1628028066403	1628028073690	OK	 
REQUEST		Adicionar novo profissional	1628028066212	1628028073693	OK	 
REQUEST		Adicionar novo profissional	1628028066397	1628028073697	OK	 
REQUEST		Adicionar novo profissional	1628028066308	1628028073699	OK	 
REQUEST		Adicionar novo profissional	1628028066456	1628028073701	OK	 
REQUEST		Adicionar novo profissional	1628028066249	1628028073696	OK	 
REQUEST		Adicionar novo profissional	1628028066310	1628028073706	OK	 
REQUEST		Adicionar novo profissional	1628028066319	1628028073709	OK	 
REQUEST		Adicionar novo profissional	1628028066336	1628028073711	OK	 
REQUEST		Buscar profissional criado	1628028072883	1628028073766	OK	 
REQUEST		Buscar profissional criado	1628028072886	1628028073769	OK	 
REQUEST		Adicionar novo profissional	1628028066306	1628028074070	OK	 
REQUEST		Adicionar novo profissional	1628028066222	1628028074072	OK	 
REQUEST		Adicionar novo profissional	1628028066227	1628028074211	OK	 
REQUEST		Adicionar novo profissional	1628028066251	1628028074220	OK	 
REQUEST		Adicionar novo profissional	1628028066290	1628028074222	OK	 
REQUEST		Adicionar novo profissional	1628028066302	1628028074229	OK	 
REQUEST		Buscar profissional criado	1628028073072	1628028074234	OK	 
REQUEST		Adicionar novo profissional	1628028066210	1628028074236	OK	 
REQUEST		Adicionar novo profissional	1628028066229	1628028074241	OK	 
REQUEST		Adicionar novo profissional	1628028066299	1628028074248	OK	 
REQUEST		Adicionar novo profissional	1628028066395	1628028074250	OK	 
REQUEST		Adicionar novo profissional	1628028066333	1628028074254	OK	 
REQUEST		Adicionar novo profissional	1628028066328	1628028074258	OK	 
REQUEST		Adicionar novo profissional	1628028066342	1628028074260	OK	 
REQUEST		Adicionar novo profissional	1628028066352	1628028074263	OK	 
REQUEST		Adicionar novo profissional	1628028066356	1628028074344	OK	 
REQUEST		Adicionar novo profissional	1628028066470	1628028074346	OK	 
REQUEST		Adicionar novo profissional	1628028066462	1628028074412	OK	 
REQUEST		Adicionar novo profissional	1628028066466	1628028074415	OK	 
REQUEST		Adicionar novo profissional	1628028066448	1628028074423	OK	 
REQUEST		Adicionar novo profissional	1628028066409	1628028074431	OK	 
REQUEST		Adicionar novo profissional	1628028066370	1628028074454	OK	 
REQUEST		Buscar profissional criado	1628028073013	1628028074457	OK	 
REQUEST		Buscar profissional criado	1628028073018	1628028074460	OK	 
REQUEST		Buscar profissional criado	1628028073011	1628028074463	OK	 
REQUEST		Adicionar novo profissional	1628028066479	1628028074464	OK	 
REQUEST		Adicionar novo profissional	1628028066578	1628028074468	OK	 
REQUEST		Buscar profissional criado	1628028073067	1628028074471	OK	 
REQUEST		Adicionar novo profissional	1628028066584	1628028074474	OK	 
REQUEST		Buscar profissional criado	1628028073087	1628028074477	OK	 
REQUEST		Adicionar novo profissional	1628028066602	1628028074481	OK	 
REQUEST		Adicionar novo profissional	1628028066348	1628028074483	OK	 
REQUEST		Adicionar novo profissional	1628028066475	1628028074487	OK	 
REQUEST		Adicionar novo profissional	1628028066605	1628028074490	OK	 
REQUEST		Adicionar novo profissional	1628028066618	1628028074492	OK	 
REQUEST		Adicionar novo profissional	1628028066612	1628028074496	OK	 
REQUEST		Adicionar novo profissional	1628028066616	1628028074499	OK	 
REQUEST		Adicionar novo profissional	1628028066620	1628028074500	OK	 
REQUEST		Buscar profissional criado	1628028073097	1628028074504	OK	 
REQUEST		Buscar profissional criado	1628028073094	1628028074507	OK	 
REQUEST		Buscar profissional criado	1628028073100	1628028074509	OK	 
REQUEST		Buscar profissional criado	1628028073104	1628028074513	OK	 
REQUEST		Buscar profissional criado	1628028073168	1628028074516	OK	 
REQUEST		Adicionar novo profissional	1628028066590	1628028074480	OK	 
REQUEST		Adicionar novo profissional	1628028066373	1628028074522	OK	 
REQUEST		Adicionar novo profissional	1628028066358	1628028074524	OK	 
REQUEST		Buscar profissional criado	1628028073075	1628028074527	OK	 
REQUEST		Adicionar novo profissional	1628028066364	1628028074531	OK	 
REQUEST		Buscar profissional criado	1628028073082	1628028074534	OK	 
REQUEST		Adicionar novo profissional	1628028066582	1628028074537	OK	 
REQUEST		Buscar profissional criado	1628028073086	1628028074540	OK	 
REQUEST		Buscar profissional criado	1628028073091	1628028074543	OK	 
REQUEST		Adicionar novo profissional	1628028066596	1628028074546	OK	 
REQUEST		Adicionar novo profissional	1628028066599	1628028074549	OK	 
REQUEST		Adicionar novo profissional	1628028066432	1628028074447	OK	 
REQUEST		Adicionar novo profissional	1628028066452	1628028074562	OK	 
REQUEST		Adicionar novo profissional	1628028066460	1628028074567	OK	 
REQUEST		Adicionar novo profissional	1628028066490	1628028074571	OK	 
REQUEST		Adicionar novo profissional	1628028066499	1628028074582	OK	 
REQUEST		Adicionar novo profissional	1628028066504	1628028074585	OK	 
REQUEST		Adicionar novo profissional	1628028066515	1628028074588	OK	 
REQUEST		Adicionar novo profissional	1628028066526	1628028074592	OK	 
REQUEST		Adicionar novo profissional	1628028066536	1628028074595	OK	 
REQUEST		Adicionar novo profissional	1628028066508	1628028074601	OK	 
REQUEST		Adicionar novo profissional	1628028066523	1628028074604	OK	 
REQUEST		Adicionar novo profissional	1628028066531	1628028074637	OK	 
REQUEST		Adicionar novo profissional	1628028066540	1628028074655	OK	 
REQUEST		Adicionar novo profissional	1628028066574	1628028074706	OK	 
REQUEST		Buscar profissional criado	1628028073691	1628028074761	OK	 
REQUEST		Buscar profissional criado	1628028073701	1628028074764	OK	 
REQUEST		Buscar profissional criado	1628028073699	1628028074767	OK	 
REQUEST		Buscar profissional criado	1628028073696	1628028074769	OK	 
REQUEST		Buscar profissional criado	1628028073705	1628028074770	OK	 
REQUEST		Buscar profissional criado	1628028073695	1628028074763	OK	 
REQUEST		Buscar profissional criado	1628028073707	1628028074776	OK	 
REQUEST		Buscar profissional criado	1628028073707	1628028074779	OK	 
REQUEST		Buscar profissional criado	1628028073711	1628028074783	OK	 
REQUEST		Buscar profissional criado	1628028073713	1628028074785	OK	 
REQUEST		Buscar profissional criado	1628028074071	1628028074963	OK	 
REQUEST		Buscar profissional criado	1628028074140	1628028074965	OK	 
REQUEST		Buscar profissional criado	1628028074221	1628028075069	OK	 
REQUEST		Buscar profissional criado	1628028074259	1628028075070	OK	 
REQUEST		Buscar profissional criado	1628028074256	1628028075072	OK	 
REQUEST		Buscar profissional criado	1628028074267	1628028075074	OK	 
REQUEST		Buscar profissional criado	1628028074417	1628028075080	OK	 
REQUEST		Buscar profissional criado	1628028074429	1628028075082	OK	 
REQUEST		Buscar profissional criado	1628028074433	1628028075084	OK	 
REQUEST		Buscar profissional criado	1628028074476	1628028075085	OK	 
REQUEST		Buscar profissional criado	1628028074456	1628028075086	OK	 
REQUEST		Buscar profissional criado	1628028074470	1628028075088	OK	 
REQUEST		Buscar profissional criado	1628028074263	1628028075082	OK	 
REQUEST		Buscar profissional criado	1628028074240	1628028075091	OK	 
REQUEST		Buscar profissional criado	1628028074486	1628028075092	OK	 
REQUEST		Buscar profissional criado	1628028074345	1628028075094	OK	 
REQUEST		Buscar profissional criado	1628028074411	1628028075096	OK	 
REQUEST		Buscar profissional criado	1628028074414	1628028075100	OK	 
REQUEST		Buscar profissional criado	1628028074488	1628028075101	OK	 
REQUEST		Buscar profissional criado	1628028074523	1628028075104	OK	 
REQUEST		Buscar profissional criado	1628028074533	1628028075106	OK	 
REQUEST		Buscar profissional criado	1628028074539	1628028075110	OK	 
REQUEST		Buscar profissional criado	1628028074520	1628028075112	OK	 
REQUEST		Buscar profissional criado	1628028074526	1628028075113	OK	 
REQUEST		Buscar profissional criado	1628028074465	1628028075104	OK	 
REQUEST		Buscar profissional criado	1628028074482	1628028075117	OK	 
REQUEST		Buscar profissional criado	1628028074216	1628028075118	OK	 
REQUEST		Buscar profissional criado	1628028074561	1628028075112	OK	 
REQUEST		Buscar profissional criado	1628028074491	1628028075118	OK	 
REQUEST		Buscar profissional criado	1628028074243	1628028075120	OK	 
REQUEST		Buscar profissional criado	1628028074497	1628028075122	OK	 
REQUEST		Buscar profissional criado	1628028074500	1628028075126	OK	 
REQUEST		Buscar profissional criado	1628028074495	1628028075153	OK	 
REQUEST		Buscar profissional criado	1628028074504	1628028075167	OK	 
REQUEST		Buscar profissional criado	1628028074249	1628028075126	OK	 
REQUEST		Buscar profissional criado	1628028074570	1628028075168	OK	 
REQUEST		Buscar profissional criado	1628028074565	1628028075181	OK	 
REQUEST		Buscar profissional criado	1628028074227	1628028075185	OK	 
REQUEST		Buscar profissional criado	1628028074231	1628028075189	OK	 
REQUEST		Buscar profissional criado	1628028074253	1628028075194	OK	 
REQUEST		Buscar profissional criado	1628028074575	1628028075198	OK	 
REQUEST		Buscar profissional criado	1628028074551	1628028075194	OK	 
REQUEST		Buscar profissional criado	1628028074548	1628028075214	OK	 
REQUEST		Buscar profissional criado	1628028074587	1628028075586	OK	 
REQUEST		Buscar profissional criado	1628028074584	1628028075588	OK	 
REQUEST		Buscar profissional criado	1628028074603	1628028075597	OK	 
REQUEST		Buscar profissional criado	1628028074591	1628028075600	OK	 
REQUEST		Buscar profissional criado	1628028074612	1628028075602	OK	 
REQUEST		Buscar profissional criado	1628028074594	1628028075605	OK	 
REQUEST		Buscar profissional criado	1628028074642	1628028075608	OK	 
REQUEST		Buscar profissional criado	1628028074598	1628028075610	OK	 
REQUEST		Buscar profissional criado	1628028074701	1628028075628	OK	 
REQUEST		Buscar profissional criado	1628028074723	1628028075639	OK	 
REQUEST		Editar profissional	1628028075167	1628028076187	KO	status.find.is(200), but actually found 500
REQUEST		Editar profissional	1628028075168	1628028076195	KO	status.find.is(200), but actually found 500
REQUEST		Editar profissional	1628028075188	1628028076196	KO	status.find.is(200), but actually found 500
REQUEST		Editar profissional	1628028075189	1628028076315	KO	status.find.is(200), but actually found 500
REQUEST		Editar profissional	1628028075195	1628028076319	KO	status.find.is(200), but actually found 500
REQUEST		Editar profissional	1628028075211	1628028076325	KO	status.find.is(200), but actually found 500
REQUEST		Editar profissional	1628028075215	1628028076329	KO	status.find.is(200), but actually found 500
REQUEST		Editar profissional	1628028075168	1628028076334	KO	status.find.is(200), but actually found 500
REQUEST		Editar profissional	1628028075194	1628028076337	KO	status.find.is(200), but actually found 500
REQUEST		Editar profissional	1628028075199	1628028076340	KO	status.find.is(200), but actually found 500
REQUEST		Editar profissional	1628028075595	1628028076345	KO	status.find.is(200), but actually found 500
REQUEST		Editar profissional	1628028075587	1628028076348	KO	status.find.is(200), but actually found 500
REQUEST		Editar profissional	1628028075598	1628028076351	KO	status.find.is(200), but actually found 500
REQUEST		Editar profissional	1628028075601	1628028076354	KO	status.find.is(200), but actually found 500
REQUEST		Editar profissional	1628028075604	1628028076357	KO	status.find.is(200), but actually found 500
REQUEST		Editar profissional	1628028075606	1628028076361	KO	status.find.is(200), but actually found 500
REQUEST		Editar profissional	1628028075609	1628028076364	KO	status.find.is(200), but actually found 500
REQUEST		Editar profissional	1628028075627	1628028076367	KO	status.find.is(200), but actually found 500
REQUEST		Editar profissional	1628028075629	1628028076370	KO	status.find.is(200), but actually found 500
REQUEST		Editar profissional	1628028075640	1628028076374	KO	status.find.is(200), but actually found 500
REQUEST		Editar profissional	1628028074467	1628028076380	KO	status.find.is(200), but actually found 400
REQUEST		Editar profissional	1628028074459	1628028076384	KO	status.find.is(200), but actually found 400
REQUEST		Editar profissional	1628028074461	1628028076386	KO	status.find.is(200), but actually found 400
REQUEST		Editar profissional	1628028073768	1628028076388	KO	status.find.is(200), but actually found 400
REQUEST		Editar profissional	1628028074964	1628028076467	KO	status.find.is(200), but actually found 400
REQUEST		Editar profissional	1628028074478	1628028076469	KO	status.find.is(200), but actually found 400
REQUEST		Editar profissional	1628028074966	1628028076473	KO	status.find.is(200), but actually found 400
REQUEST		Editar profissional	1628028073770	1628028076476	KO	status.find.is(200), but actually found 400
REQUEST		Editar profissional	1628028075071	1628028076477	KO	status.find.is(200), but actually found 400
REQUEST		Editar profissional	1628028075089	1628028076676	KO	status.find.is(200), but actually found 400
REQUEST		Editar profissional	1628028075107	1628028076677	KO	status.find.is(200), but actually found 400
REQUEST		Editar profissional	1628028075111	1628028076682	KO	status.find.is(200), but actually found 400
REQUEST		Editar profissional	1628028075125	1628028076695	KO	status.find.is(200), but actually found 400
REQUEST		Editar profissional	1628028075105	1628028076702	KO	status.find.is(200), but actually found 400
REQUEST		Editar profissional	1628028075093	1628028076706	KO	status.find.is(200), but actually found 400
REQUEST		Editar profissional	1628028075091	1628028076714	KO	status.find.is(200), but actually found 400
REQUEST		Editar profissional	1628028075120	1628028076719	KO	status.find.is(200), but actually found 400
REQUEST		Editar profissional	1628028075095	1628028076717	KO	status.find.is(200), but actually found 400
REQUEST		Editar profissional	1628028075097	1628028076732	KO	status.find.is(200), but actually found 400
REQUEST		Editar profissional	1628028075100	1628028076736	KO	status.find.is(200), but actually found 400
REQUEST		Editar profissional	1628028075104	1628028076738	KO	status.find.is(200), but actually found 400
REQUEST		Editar profissional	1628028075116	1628028076740	KO	status.find.is(200), but actually found 400
REQUEST		Editar profissional	1628028075085	1628028076744	KO	status.find.is(200), but actually found 400
REQUEST		Editar profissional	1628028075113	1628028076748	KO	status.find.is(200), but actually found 400
REQUEST		Editar profissional	1628028075114	1628028076751	KO	status.find.is(200), but actually found 400
REQUEST		Editar profissional	1628028074512	1628028076899	KO	status.find.is(200), but actually found 400
REQUEST		Editar profissional	1628028074544	1628028076903	KO	status.find.is(200), but actually found 400
REQUEST		Editar profissional	1628028074505	1628028076901	KO	status.find.is(200), but actually found 400
REQUEST		Editar profissional	1628028074781	1628028076906	KO	status.find.is(200), but actually found 400
REQUEST		Editar profissional	1628028074773	1628028076907	KO	status.find.is(200), but actually found 400
REQUEST		Editar profissional	1628028074473	1628028077105	OK	 
REQUEST		Editar profissional	1628028074235	1628028077105	OK	 
REQUEST		Editar profissional	1628028074517	1628028077166	OK	 
REQUEST		Editar profissional	1628028074529	1628028077166	OK	 
REQUEST		Editar profissional	1628028074513	1628028077171	OK	 
REQUEST		Editar profissional	1628028074508	1628028077174	OK	 
REQUEST		Editar profissional	1628028074542	1628028077187	OK	 
REQUEST		Editar profissional	1628028074536	1628028077189	OK	 
REQUEST		Editar profissional	1628028074778	1628028077191	OK	 
REQUEST		Editar profissional	1628028074762	1628028077192	OK	 
REQUEST		Editar profissional	1628028074766	1628028077193	OK	 
REQUEST		Editar profissional	1628028074767	1628028077195	OK	 
REQUEST		Editar profissional	1628028074769	1628028077196	OK	 
REQUEST		Editar profissional	1628028074784	1628028077198	OK	 
REQUEST		Editar profissional	1628028074786	1628028077200	OK	 
REQUEST		Editar profissional	1628028074775	1628028077267	OK	 
REQUEST		Editar profissional	1628028075084	1628028077369	OK	 
REQUEST		Editar profissional	1628028075070	1628028077369	OK	 
REQUEST		Deletar profissional	1628028076196	1628028077380	OK	 
REQUEST		Editar profissional	1628028075119	1628028077383	OK	 
REQUEST		Editar profissional	1628028075074	1628028077368	OK	 
REQUEST		Editar profissional	1628028075073	1628028077390	OK	 
REQUEST		Editar profissional	1628028075081	1628028077393	OK	 
REQUEST		Editar profissional	1628028075118	1628028077394	OK	 
REQUEST		Editar profissional	1628028075121	1628028077397	OK	 
REQUEST		Editar profissional	1628028075083	1628028077399	OK	 
REQUEST		Editar profissional	1628028075087	1628028077400	OK	 
REQUEST		Editar profissional	1628028075105	1628028077401	OK	 
REQUEST		Editar profissional	1628028075125	1628028077403	OK	 
REQUEST		Editar profissional	1628028075152	1628028077404	OK	 
REQUEST		Editar profissional	1628028075154	1628028077405	OK	 
REQUEST		Deletar profissional	1628028076191	1628028077407	OK	 
REQUEST		Deletar profissional	1628028076468	1628028077461	OK	 
REQUEST		Deletar profissional	1628028076335	1628028077461	OK	 
REQUEST		Deletar profissional	1628028076314	1628028077462	OK	 
REQUEST		Deletar profissional	1628028076353	1628028077464	OK	 
REQUEST		Deletar profissional	1628028076366	1628028077470	OK	 
REQUEST		Deletar profissional	1628028076369	1628028077471	OK	 
REQUEST		Deletar profissional	1628028076387	1628028077473	OK	 
REQUEST		Deletar profissional	1628028076331	1628028077474	OK	 
REQUEST		Deletar profissional	1628028076327	1628028077477	OK	 
REQUEST		Deletar profissional	1628028076390	1628028077479	OK	 
REQUEST		Deletar profissional	1628028076373	1628028077480	OK	 
REQUEST		Deletar profissional	1628028076339	1628028077483	OK	 
REQUEST		Deletar profissional	1628028076344	1628028077484	OK	 
REQUEST		Deletar profissional	1628028076347	1628028077488	OK	 
REQUEST		Deletar profissional	1628028076385	1628028077490	OK	 
REQUEST		Deletar profissional	1628028076382	1628028077493	OK	 
REQUEST		Deletar profissional	1628028076349	1628028077496	OK	 
REQUEST		Deletar profissional	1628028076359	1628028077497	OK	 
REQUEST		Deletar profissional	1628028076363	1628028077500	OK	 
REQUEST		Deletar profissional	1628028076376	1628028077502	OK	 
REQUEST		Deletar profissional	1628028076356	1628028077503	OK	 
REQUEST		Deletar profissional	1628028076317	1628028077506	OK	 
REQUEST		Deletar profissional	1628028076474	1628028077508	OK	 
REQUEST		Deletar profissional	1628028076320	1628028077509	OK	 
REQUEST		Deletar profissional	1628028076681	1628028077594	OK	 
REQUEST		Deletar profissional	1628028076477	1628028077596	OK	 
REQUEST		Deletar profissional	1628028076686	1628028077599	OK	 
REQUEST		Deletar profissional	1628028076676	1628028077603	OK	 
REQUEST		Deletar profissional	1628028076481	1628028077605	OK	 
REQUEST		Deletar profissional	1628028076473	1628028077607	OK	 
REQUEST		Deletar profissional	1628028076740	1628028077688	OK	 
REQUEST		Deletar profissional	1628028076698	1628028077688	OK	 
REQUEST		Deletar profissional	1628028076752	1628028077691	OK	 
REQUEST		Deletar profissional	1628028076746	1628028077692	OK	 
REQUEST		Deletar profissional	1628028076722	1628028077695	OK	 
REQUEST		Deletar profissional	1628028076705	1628028077697	OK	 
REQUEST		Deletar profissional	1628028076726	1628028077698	OK	 
REQUEST		Deletar profissional	1628028076736	1628028077699	OK	 
REQUEST		Deletar profissional	1628028076744	1628028077705	OK	 
REQUEST		Deletar profissional	1628028076716	1628028077987	OK	 
REQUEST		Deletar profissional	1628028076712	1628028077989	OK	 
REQUEST		Deletar profissional	1628028076735	1628028077993	OK	 
REQUEST		Deletar profissional	1628028076750	1628028077994	OK	 
REQUEST		Deletar profissional	1628028076900	1628028078863	OK	 
REQUEST		Deletar profissional	1628028076908	1628028079571	OK	 
REQUEST		Deletar profissional	1628028076904	1628028079572	OK	 
REQUEST		Deletar profissional	1628028076907	1628028079575	OK	 
REQUEST		Deletar profissional	1628028076903	1628028079576	OK	 
REQUEST		Listagem de clientes	1628028077381	1628028085070	OK	 
REQUEST		Deletar profissional	1628028077106	1628028085487	OK	 
REQUEST		Deletar profissional	1628028077106	1628028085487	OK	 
REQUEST		Deletar profissional	1628028077167	1628028085772	OK	 
REQUEST		Deletar profissional	1628028077167	1628028085772	OK	 
REQUEST		Listagem de clientes	1628028077463	1628028085775	OK	 
REQUEST		Listagem de clientes	1628028077461	1628028085778	OK	 
REQUEST		Listagem de clientes	1628028077477	1628028085782	OK	 
REQUEST		Listagem de clientes	1628028077408	1628028085785	OK	 
REQUEST		Listagem de clientes	1628028077463	1628028085788	OK	 
REQUEST		Listagem de clientes	1628028077469	1628028085789	OK	 
REQUEST		Deletar profissional	1628028077188	1628028087092	OK	 
REQUEST		Deletar profissional	1628028077175	1628028087092	OK	 
REQUEST		Listagem de clientes	1628028077484	1628028087095	OK	 
REQUEST		Listagem de clientes	1628028077487	1628028087097	OK	 
REQUEST		Listagem de clientes	1628028077470	1628028087099	OK	 
REQUEST		Listagem de clientes	1628028077473	1628028087103	OK	 
REQUEST		Listagem de clientes	1628028077482	1628028087106	OK	 
REQUEST		Listagem de clientes	1628028077473	1628028087109	OK	 
REQUEST		Listagem de clientes	1628028077476	1628028087112	OK	 
REQUEST		Listagem de clientes	1628028077479	1628028087117	OK	 
REQUEST		Deletar profissional	1628028077173	1628028087120	OK	 
REQUEST		Deletar profissional	1628028077191	1628028087181	OK	 
REQUEST		Listagem de clientes	1628028077508	1628028087183	OK	 
REQUEST		Listagem de clientes	1628028077511	1628028087185	OK	 
REQUEST		Listagem de clientes	1628028077608	1628028087188	OK	 
REQUEST		Listagem de clientes	1628028077500	1628028087191	OK	 
REQUEST		Listagem de clientes	1628028077489	1628028087193	OK	 
REQUEST		Listagem de clientes	1628028077494	1628028087194	OK	 
REQUEST		Listagem de clientes	1628028077606	1628028087196	OK	 
REQUEST		Listagem de clientes	1628028077506	1628028087198	OK	 
REQUEST		Listagem de clientes	1628028077497	1628028087200	OK	 
REQUEST		Listagem de clientes	1628028077505	1628028087202	OK	 
REQUEST		Listagem de clientes	1628028077499	1628028087204	OK	 
REQUEST		Listagem de clientes	1628028077503	1628028087205	OK	 
REQUEST		Listagem de clientes	1628028077492	1628028087198	OK	 
REQUEST		Listagem de clientes	1628028077599	1628028087209	OK	 
REQUEST		Listagem de clientes	1628028077595	1628028087210	OK	 
REQUEST		Listagem de clientes	1628028077604	1628028087212	OK	 
REQUEST		Listagem de clientes	1628028077600	1628028087213	OK	 
REQUEST		Deletar profissional	1628028077194	1628028087688	OK	 
REQUEST		Deletar profissional	1628028077195	1628028087690	OK	 
REQUEST		Deletar profissional	1628028077196	1628028087698	OK	 
REQUEST		Deletar profissional	1628028077190	1628028087700	OK	 
REQUEST		Deletar profissional	1628028077199	1628028087701	OK	 
REQUEST		Deletar profissional	1628028077206	1628028087706	OK	 
REQUEST		Deletar profissional	1628028077193	1628028087710	OK	 
REQUEST		Deletar profissional	1628028077269	1628028088392	OK	 
REQUEST		Listagem de clientes	1628028077698	1628028089194	OK	 
REQUEST		Listagem de clientes	1628028077702	1628028089196	OK	 
REQUEST		Listagem de clientes	1628028077987	1628028089198	OK	 
REQUEST		Listagem de clientes	1628028077699	1628028089199	OK	 
REQUEST		Listagem de clientes	1628028077706	1628028089200	OK	 
REQUEST		Listagem de clientes	1628028077697	1628028089194	OK	 
REQUEST		Listagem de clientes	1628028077696	1628028089219	OK	 
REQUEST		Listagem de clientes	1628028077696	1628028089221	OK	 
REQUEST		Listagem de clientes	1628028077692	1628028089223	OK	 
REQUEST		Listagem de clientes	1628028077695	1628028089225	OK	 
REQUEST		Listagem de clientes	1628028077993	1628028089566	OK	 
REQUEST		Listagem de clientes	1628028077991	1628028089572	OK	 
REQUEST		Listagem de clientes	1628028077994	1628028089571	OK	 
REQUEST		Deletar profissional	1628028077379	1628028090786	OK	 
REQUEST		Listagem de clientes	1628028079575	1628028090788	OK	 
REQUEST		Listagem de clientes	1628028079572	1628028090792	OK	 
REQUEST		Listagem de clientes	1628028079576	1628028090795	OK	 
REQUEST		Listagem de clientes	1628028079577	1628028090801	OK	 
REQUEST		Deletar profissional	1628028077384	1628028090792	OK	 
REQUEST		Listagem de clientes	1628028078864	1628028090806	OK	 
REQUEST		Deletar profissional	1628028077402	1628028091287	OK	 
REQUEST		Deletar profissional	1628028077398	1628028091290	OK	 
REQUEST		Deletar profissional	1628028077398	1628028091290	OK	 
REQUEST		Deletar profissional	1628028077394	1628028091292	OK	 
REQUEST		Deletar profissional	1628028077397	1628028091293	OK	 
REQUEST		Deletar profissional	1628028077404	1628028091294	OK	 
REQUEST		Deletar profissional	1628028077391	1628028091899	OK	 
REQUEST		Deletar profissional	1628028077401	1628028091899	OK	 
REQUEST		Deletar profissional	1628028077387	1628028091902	OK	 
REQUEST		Deletar profissional	1628028077403	1628028091903	OK	 
REQUEST		Deletar profissional	1628028077406	1628028091904	OK	 
REQUEST		Deletar profissional	1628028077399	1628028091904	OK	 
REQUEST		Listagem de clientes	1628028085488	1628028094382	OK	 
REQUEST		Listagem de clientes	1628028085781	1628028094895	OK	 
REQUEST		Listagem de clientes	1628028087182	1628028094896	OK	 
REQUEST		Listagem de clientes	1628028085489	1628028094897	OK	 
REQUEST		Listagem de clientes	1628028087095	1628028094899	OK	 
REQUEST		Listagem de clientes	1628028087121	1628028094901	OK	 
REQUEST		Listagem de clientes	1628028085774	1628028094904	OK	 
REQUEST		Listagem de clientes	1628028087108	1628028094907	OK	 
REQUEST		Listagem de clientes	1628028087711	1628028096477	OK	 
REQUEST		Listagem de clientes	1628028088392	1628028096480	OK	 
REQUEST		Listagem de clientes	1628028087689	1628028096487	OK	 
REQUEST		Listagem de clientes	1628028087697	1628028096489	OK	 
REQUEST		Listagem de clientes	1628028087698	1628028096491	OK	 
REQUEST		Listagem de clientes	1628028087701	1628028096493	OK	 
REQUEST		Listagem de clientes	1628028091288	1628028096494	KO	status.find.is(200), but actually found 500
REQUEST		Listagem de clientes	1628028087708	1628028096502	OK	 
REQUEST		Listagem de clientes	1628028087705	1628028096505	OK	 
REQUEST		Listagem de clientes	1628028091903	1628028096506	KO	status.find.is(200), but actually found 500
REQUEST		Listagem de clientes	1628028090787	1628028097267	OK	 
REQUEST		Adicionar novo cliente	1628028089201	1628028097266	KO	status.find.is(201), but actually found 500
ERROR	Buscar cliente criado: Failed to build request: No attribute named 'customerId' is defined 	1628028097271
REQUEST		Listagem de clientes	1628028090805	1628028097270	OK	 
ERROR	Editar cliente: Failed to build request: No attribute named 'customerId' is defined 	1628028097273
ERROR	Deletar cliente: Failed to build request: No attribute named 'customerId' is defined 	1628028097273
REQUEST		Adicionar novo cliente	1628028094898	1628028097273	KO	status.find.is(201), but actually found 500
ERROR	Buscar cliente criado: Failed to build request: No attribute named 'customerId' is defined 	1628028097273
REQUEST		Listagem de clientes	1628028091902	1628028097273	KO	status.find.is(200), but actually found 500
REQUEST		Listagem de clientes	1628028091292	1628028097274	KO	status.find.is(200), but actually found 500
REQUEST		Listagem de clientes	1628028091293	1628028097276	KO	status.find.is(200), but actually found 500
REQUEST		Listagem de clientes	1628028091290	1628028097277	KO	status.find.is(200), but actually found 500
REQUEST		Listagem de clientes	1628028091904	1628028097279	KO	status.find.is(200), but actually found 500
REQUEST		Listagem de clientes	1628028091901	1628028097281	KO	status.find.is(200), but actually found 500
REQUEST		Adicionar novo cliente	1628028094896	1628028097282	KO	status.find.is(201), but actually found 500
ERROR	Buscar cliente criado: Failed to build request: No attribute named 'customerId' is defined 	1628028097283
ERROR	Editar cliente: Failed to build request: No attribute named 'customerId' is defined 	1628028097283
ERROR	Deletar cliente: Failed to build request: No attribute named 'customerId' is defined 	1628028097283
REQUEST		Adicionar novo cliente	1628028094909	1628028097284	KO	status.find.is(201), but actually found 500
ERROR	Buscar cliente criado: Failed to build request: No attribute named 'customerId' is defined 	1628028097284
ERROR	Editar cliente: Failed to build request: No attribute named 'customerId' is defined 	1628028097284
ERROR	Deletar cliente: Failed to build request: No attribute named 'customerId' is defined 	1628028097284
ERROR	Editar cliente: Failed to build request: No attribute named 'customerId' is defined 	1628028097285
ERROR	Deletar cliente: Failed to build request: No attribute named 'customerId' is defined 	1628028097285
REQUEST		Adicionar novo cliente	1628028094900	1628028097287	KO	status.find.is(201), but actually found 500
ERROR	Buscar cliente criado: Failed to build request: No attribute named 'customerId' is defined 	1628028097288
ERROR	Editar cliente: Failed to build request: No attribute named 'customerId' is defined 	1628028097288
ERROR	Deletar cliente: Failed to build request: No attribute named 'customerId' is defined 	1628028097288
REQUEST		Adicionar novo cliente	1628028094903	1628028097291	KO	status.find.is(201), but actually found 500
ERROR	Buscar cliente criado: Failed to build request: No attribute named 'customerId' is defined 	1628028097292
ERROR	Editar cliente: Failed to build request: No attribute named 'customerId' is defined 	1628028097292
ERROR	Deletar cliente: Failed to build request: No attribute named 'customerId' is defined 	1628028097292
REQUEST		Adicionar novo cliente	1628028094906	1628028097303	KO	status.find.is(201), but actually found 500
ERROR	Buscar cliente criado: Failed to build request: No attribute named 'customerId' is defined 	1628028097306
ERROR	Editar cliente: Failed to build request: No attribute named 'customerId' is defined 	1628028097306
ERROR	Deletar cliente: Failed to build request: No attribute named 'customerId' is defined 	1628028097306
REQUEST		Listagem de clientes	1628028091294	1628028097765	OK	 
REQUEST		Listagem de clientes	1628028091903	1628028097982	OK	 
REQUEST		Listagem de clientes	1628028091905	1628028098075	OK	 
REQUEST		Listagem de clientes	1628028091291	1628028098076	OK	 
REQUEST		Listagem de Acoes	1628028097293	1628028098967	OK	 
REQUEST		Listagem de Acoes	1628028097286	1628028098968	OK	 
REQUEST		Listagem de Acoes	1628028097288	1628028098970	OK	 
REQUEST		Listagem de Acoes	1628028097283	1628028098968	OK	 
REQUEST		Listagem de Acoes	1628028097273	1628028098972	OK	 
REQUEST		Adicionar novo cliente	1628028085071	1628028098982	OK	 
REQUEST		Listagem de Acoes	1628028097285	1628028098999	OK	 
REQUEST		Listagem de Acoes	1628028097306	1628028099000	OK	 
REQUEST		Adicionar novo cliente	1628028085787	1628028099172	OK	 
REQUEST		Adicionar novo cliente	1628028087102	1628028099176	OK	 
REQUEST		Adicionar novo cliente	1628028085784	1628028099208	OK	 
REQUEST		Adicionar novo cliente	1628028085791	1628028099210	OK	 
REQUEST		Adicionar novo cliente	1628028087105	1628028099213	OK	 
REQUEST		Adicionar novo cliente	1628028087096	1628028099273	OK	 
REQUEST		Adicionar novo cliente	1628028087107	1628028099286	OK	 
REQUEST		Adicionar novo cliente	1628028087113	1628028099302	OK	 
REQUEST		Adicionar novo cliente	1628028087119	1628028099308	OK	 
REQUEST		Adicionar novo cliente	1628028085778	1628028099310	OK	 
REQUEST		Adicionar novo cliente	1628028087210	1628028099365	OK	 
REQUEST		Adicionar novo cliente	1628028087194	1628028099366	OK	 
REQUEST		Adicionar novo cliente	1628028085781	1628028099369	OK	 
REQUEST		Buscar cliente criado	1628028098984	1628028099371	OK	 
REQUEST		Adicionar novo cliente	1628028087187	1628028099376	OK	 
REQUEST		Adicionar novo cliente	1628028087191	1628028099378	OK	 
REQUEST		Adicionar novo cliente	1628028087198	1628028099382	OK	 
REQUEST		Adicionar novo cliente	1628028087098	1628028099383	OK	 
REQUEST		Adicionar novo cliente	1628028089222	1628028099385	OK	 
REQUEST		Adicionar novo cliente	1628028085789	1628028099387	OK	 
REQUEST		Adicionar novo cliente	1628028087203	1628028099388	OK	 
REQUEST		Adicionar novo cliente	1628028087192	1628028099390	OK	 
REQUEST		Adicionar novo cliente	1628028087201	1628028099393	OK	 
REQUEST		Adicionar novo cliente	1628028087209	1628028099398	OK	 
REQUEST		Adicionar novo cliente	1628028087211	1628028099400	OK	 
REQUEST		Adicionar novo cliente	1628028089199	1628028099404	OK	 
REQUEST		Adicionar novo cliente	1628028087184	1628028099410	OK	 
REQUEST		Adicionar novo cliente	1628028087111	1628028099403	OK	 
REQUEST		Adicionar novo cliente	1628028087197	1628028099410	OK	 
REQUEST		Adicionar novo cliente	1628028089198	1628028099412	OK	 
REQUEST		Adicionar novo cliente	1628028089197	1628028099415	OK	 
REQUEST		Adicionar novo cliente	1628028089195	1628028099418	OK	 
REQUEST		Adicionar novo cliente	1628028087204	1628028099396	OK	 
REQUEST		Adicionar novo cliente	1628028087207	1628028099429	OK	 
REQUEST		Adicionar novo cliente	1628028087196	1628028099431	OK	 
REQUEST		Adicionar novo cliente	1628028087212	1628028099432	OK	 
REQUEST		Adicionar novo cliente	1628028087214	1628028099433	OK	 
REQUEST		Adicionar novo cliente	1628028089224	1628028099666	OK	 
REQUEST		Adicionar novo cliente	1628028090804	1628028099668	OK	 
REQUEST		Adicionar novo cliente	1628028090800	1628028099668	OK	 
REQUEST		Buscar cliente criado	1628028099173	1628028099670	OK	 
REQUEST		Adicionar novo cliente	1628028090807	1628028099675	OK	 
REQUEST		Adicionar novo cliente	1628028089592	1628028099677	OK	 
REQUEST		Buscar cliente criado	1628028099209	1628028099679	OK	 
REQUEST		Buscar cliente criado	1628028099178	1628028099680	OK	 
REQUEST		Buscar cliente criado	1628028099212	1628028099681	OK	 
REQUEST		Buscar cliente criado	1628028099215	1628028099683	OK	 
REQUEST		Adicionar novo cliente	1628028089225	1628028099696	OK	 
REQUEST		Adicionar novo cliente	1628028089218	1628028099697	OK	 
REQUEST		Adicionar novo cliente	1628028090791	1628028099701	OK	 
REQUEST		Adicionar novo cliente	1628028089219	1628028099708	OK	 
REQUEST		Adicionar novo cliente	1628028090795	1628028099709	OK	 
REQUEST		Adicionar novo cliente	1628028089571	1628028099711	OK	 
REQUEST		Adicionar novo cliente	1628028089590	1628028099712	OK	 
REQUEST		Buscar cliente criado	1628028099295	1628028100182	OK	 
REQUEST		Buscar cliente criado	1628028099285	1628028100184	OK	 
REQUEST		Buscar cliente criado	1628028099369	1628028100188	OK	 
REQUEST		Buscar cliente criado	1628028099320	1628028100192	OK	 
REQUEST		Buscar cliente criado	1628028099381	1628028100194	OK	 
REQUEST		Buscar cliente criado	1628028099305	1628028100192	OK	 
REQUEST		Buscar cliente criado	1628028099386	1628028100194	OK	 
REQUEST		Buscar cliente criado	1628028099384	1628028100196	OK	 
REQUEST		Buscar cliente criado	1628028099383	1628028100198	OK	 
REQUEST		Buscar cliente criado	1628028099370	1628028100204	OK	 
REQUEST		Buscar cliente criado	1628028099378	1628028100211	OK	 
REQUEST		Buscar cliente criado	1628028099366	1628028100221	OK	 
REQUEST		Buscar cliente criado	1628028099309	1628028100225	OK	 
REQUEST		Buscar cliente criado	1628028099388	1628028100880	OK	 
REQUEST		Buscar cliente criado	1628028099394	1628028100884	OK	 
REQUEST		Buscar cliente criado	1628028099398	1628028100885	OK	 
REQUEST		Buscar cliente criado	1628028099405	1628028100885	OK	 
REQUEST		Buscar cliente criado	1628028099411	1628028100889	OK	 
REQUEST		Buscar cliente criado	1628028099413	1628028100891	OK	 
REQUEST		Buscar cliente criado	1628028099403	1628028100887	OK	 
REQUEST		Buscar cliente criado	1628028099430	1628028100895	OK	 
REQUEST		Buscar cliente criado	1628028099431	1628028100896	OK	 
REQUEST		Buscar cliente criado	1628028099432	1628028100897	OK	 
REQUEST		Buscar cliente criado	1628028099433	1628028100898	OK	 
REQUEST		Buscar cliente criado	1628028099434	1628028100900	OK	 
REQUEST		Buscar cliente criado	1628028099667	1628028100901	OK	 
REQUEST		Buscar cliente criado	1628028099389	1628028100902	OK	 
REQUEST		Buscar cliente criado	1628028099419	1628028100904	OK	 
REQUEST		Buscar cliente criado	1628028099390	1628028100911	OK	 
REQUEST		Buscar cliente criado	1628028099430	1628028100919	OK	 
REQUEST		Buscar cliente criado	1628028099416	1628028100922	OK	 
REQUEST		Buscar cliente criado	1628028099418	1628028100924	OK	 
REQUEST		Buscar cliente criado	1628028099676	1628028101583	OK	 
REQUEST		Adicionar novo Acao	1628028098969	1628028101586	OK	 
REQUEST		Adicionar novo Acao	1628028098970	1628028101588	OK	 
REQUEST		Adicionar novo Acao	1628028098968	1628028101591	OK	 
REQUEST		Buscar cliente criado	1628028099676	1628028101592	OK	 
REQUEST		Buscar cliente criado	1628028099669	1628028101582	OK	 
REQUEST		Adicionar novo Acao	1628028098971	1628028101597	OK	 
REQUEST		Adicionar novo Acao	1628028098972	1628028101600	OK	 
REQUEST		Buscar cliente criado	1628028099678	1628028102486	OK	 
REQUEST		Adicionar novo Acao	1628028099000	1628028102490	OK	 
REQUEST		Buscar cliente criado	1628028099697	1628028102492	OK	 
REQUEST		Buscar cliente criado	1628028099700	1628028102495	OK	 
REQUEST		Buscar cliente criado	1628028099703	1628028102497	OK	 
REQUEST		Buscar cliente criado	1628028099709	1628028102499	OK	 
REQUEST		Adicionar novo Acao	1628028099001	1628028102501	OK	 
REQUEST		Buscar cliente criado	1628028099710	1628028102505	OK	 
REQUEST		Buscar cliente criado	1628028099712	1628028102506	OK	 
REQUEST		Buscar cliente criado	1628028099713	1628028102507	OK	 
REQUEST		Adicionar novo cliente	1628028096492	1628028102704	OK	 
REQUEST		Adicionar novo cliente	1628028096493	1628028102705	OK	 
REQUEST		Adicionar novo cliente	1628028094896	1628028102711	OK	 
REQUEST		Adicionar novo cliente	1628028094382	1628028103091	OK	 
REQUEST		Adicionar novo cliente	1628028096490	1628028103091	OK	 
REQUEST		Adicionar novo cliente	1628028096506	1628028103096	OK	 
REQUEST		Adicionar novo cliente	1628028096488	1628028103177	OK	 
REQUEST		Adicionar novo cliente	1628028096503	1628028103178	OK	 
REQUEST		Adicionar novo cliente	1628028097279	1628028103179	OK	 
REQUEST		Adicionar novo cliente	1628028096479	1628028103182	OK	 
REQUEST		Adicionar novo cliente	1628028096482	1628028103183	OK	 
REQUEST		Adicionar novo cliente	1628028097281	1628028103362	OK	 
REQUEST		Adicionar novo cliente	1628028096495	1628028103364	OK	 
REQUEST		Adicionar novo cliente	1628028097278	1628028103368	OK	 
REQUEST		Adicionar novo cliente	1628028097274	1628028103370	OK	 
REQUEST		Adicionar novo cliente	1628028096507	1628028103370	OK	 
REQUEST		Adicionar novo cliente	1628028097275	1628028103371	OK	 
REQUEST		Adicionar novo cliente	1628028097276	1628028103372	OK	 
REQUEST		Adicionar novo cliente	1628028097269	1628028103373	OK	 
REQUEST		Adicionar novo cliente	1628028097272	1628028103377	OK	 
REQUEST		Buscar cliente criado	1628028102704	1628028103469	KO	status.find.is(200), but actually found 500
REQUEST		Buscar cliente criado	1628028102708	1628028103471	KO	status.find.is(200), but actually found 500
REQUEST		Buscar cliente criado	1628028102712	1628028103472	KO	status.find.is(200), but actually found 500
REQUEST		Buscar acao criada	1628028101587	1628028103487	OK	 
REQUEST		Buscar acao criada	1628028101589	1628028103488	OK	 
REQUEST		Buscar acao criada	1628028101592	1628028103490	OK	 
REQUEST		Editar cliente	1628028100195	1628028103492	KO	status.find.is(200), but actually found 500
REQUEST		Buscar acao criada	1628028101599	1628028103491	OK	 
REQUEST		Editar cliente	1628028100224	1628028103495	KO	status.find.is(200), but actually found 500
REQUEST		Buscar cliente criado	1628028103092	1628028103502	OK	 
REQUEST		Editar cliente	1628028100218	1628028103506	KO	status.find.is(200), but actually found 500
REQUEST		Editar cliente	1628028100212	1628028103509	KO	status.find.is(200), but actually found 500
REQUEST		Editar cliente	1628028100227	1628028103509	KO	status.find.is(200), but actually found 500
REQUEST		Buscar cliente criado	1628028103097	1628028103511	KO	status.find.is(200), but actually found 500
REQUEST		Buscar acao criada	1628028102505	1628028103605	OK	 
REQUEST		Buscar acao criada	1628028101601	1628028103605	OK	 
REQUEST		Adicionar novo cliente	1628028097767	1628028103607	OK	 
REQUEST		Buscar acao criada	1628028102492	1628028103609	OK	 
REQUEST		Buscar cliente criado	1628028103092	1628028103659	OK	 
REQUEST		Buscar cliente criado	1628028103179	1628028103869	KO	status.find.is(200), but actually found 500
REQUEST		Buscar cliente criado	1628028103180	1628028103872	KO	status.find.is(200), but actually found 500
REQUEST		Buscar cliente criado	1628028103178	1628028103879	KO	status.find.is(200), but actually found 500
REQUEST		Buscar cliente criado	1628028103183	1628028103882	KO	status.find.is(200), but actually found 500
REQUEST		Buscar cliente criado	1628028103185	1628028103883	KO	status.find.is(200), but actually found 500
REQUEST		Buscar cliente criado	1628028103369	1628028104373	OK	 
REQUEST		Buscar cliente criado	1628028103363	1628028104375	OK	 
REQUEST		Buscar cliente criado	1628028103367	1628028104380	OK	 
REQUEST		Buscar cliente criado	1628028103376	1628028104381	OK	 
REQUEST		Buscar cliente criado	1628028103370	1628028104385	OK	 
REQUEST		Buscar cliente criado	1628028103372	1628028104386	OK	 
REQUEST		Editar cliente	1628028103659	1628028104576	KO	status.find.is(200), but actually found 500
REQUEST		Adicionar novo cliente	1628028098075	1628028104577	OK	 
REQUEST		Adicionar novo cliente	1628028098076	1628028104578	OK	 
REQUEST		Adicionar novo cliente	1628028097982	1628028104579	OK	 
REQUEST		Buscar cliente criado	1628028103371	1628028104580	OK	 
REQUEST		Buscar cliente criado	1628028103372	1628028104581	OK	 
REQUEST		Buscar cliente criado	1628028103378	1628028104584	OK	 
REQUEST		Editar acao	1628028103606	1628028104663	KO	status.find.is(200), but actually found 500
REQUEST		Editar acao	1628028103608	1628028104665	KO	status.find.is(200), but actually found 500
REQUEST		Editar acao	1628028103611	1628028104666	KO	status.find.is(200), but actually found 500
REQUEST		Buscar cliente criado	1628028103607	1628028104669	OK	 
REQUEST		Buscar cliente criado	1628028104578	1628028105367	OK	 
REQUEST		Buscar cliente criado	1628028104580	1628028105367	OK	 
REQUEST		Buscar cliente criado	1628028104579	1628028105369	OK	 
REQUEST		Editar cliente	1628028099372	1628028105670	OK	 
REQUEST		Deletar cliente	1628028103512	1628028105689	OK	 
REQUEST		Deletar cliente	1628028103496	1628028105693	OK	 
REQUEST		Editar cliente	1628028099680	1628028106072	OK	 
REQUEST		Editar cliente	1628028099672	1628028106072	OK	 
REQUEST		Deletar cliente	1628028103493	1628028106074	OK	 
REQUEST		Editar cliente	1628028099679	1628028106074	OK	 
REQUEST		Deletar cliente	1628028103507	1628028106077	OK	 
REQUEST		Deletar cliente	1628028103511	1628028106078	OK	 
REQUEST		Editar cliente	1628028100183	1628028106263	OK	 
REQUEST		Editar cliente	1628028099682	1628028106264	OK	 
REQUEST		Editar cliente	1628028099684	1628028106265	OK	 
REQUEST		Editar cliente	1628028100193	1628028106280	OK	 
REQUEST		Editar acao	1628028103487	1628028106282	OK	 
REQUEST		Editar acao	1628028103489	1628028106290	OK	 
REQUEST		Editar acao	1628028103490	1628028106291	OK	 
REQUEST		Editar cliente	1628028100891	1628028106292	OK	 
REQUEST		Editar cliente	1628028100187	1628028106290	OK	 
REQUEST		Editar cliente	1628028100886	1628028106670	OK	 
REQUEST		Editar cliente	1628028100897	1628028106670	OK	 
REQUEST		Editar acao	1628028103494	1628028106671	OK	 
REQUEST		Editar cliente	1628028100896	1628028106672	OK	 
REQUEST		Editar cliente	1628028100195	1628028106674	OK	 
REQUEST		Editar cliente	1628028100196	1628028106675	OK	 
REQUEST		Editar cliente	1628028100189	1628028106677	OK	 
REQUEST		Editar cliente	1628028100201	1628028106684	OK	 
REQUEST		Editar cliente	1628028100211	1628028106685	OK	 
REQUEST		Editar cliente	1628028100888	1628028106879	OK	 
REQUEST		Editar cliente	1628028100928	1628028106883	OK	 
REQUEST		Deletar acao	1628028104664	1628028106890	OK	 
REQUEST		Editar cliente	1628028100896	1628028106893	OK	 
REQUEST		Editar cliente	1628028100899	1628028106897	OK	 
REQUEST		Editar cliente	1628028100900	1628028106899	OK	 
REQUEST		Editar cliente	1628028100901	1628028106901	OK	 
REQUEST		Editar cliente	1628028100918	1628028106898	OK	 
REQUEST		Deletar cliente	1628028104577	1628028106903	OK	 
REQUEST		Editar cliente	1628028100910	1628028106909	OK	 
REQUEST		Editar cliente	1628028101596	1628028107091	OK	 
REQUEST		Editar cliente	1628028100887	1628028107093	OK	 
REQUEST		Editar cliente	1628028100923	1628028107097	OK	 
REQUEST		Editar cliente	1628028100890	1628028107099	OK	 
REQUEST		Editar cliente	1628028100920	1628028107100	OK	 
REQUEST		Deletar acao	1628028104666	1628028107102	OK	 
REQUEST		Editar cliente	1628028100895	1628028107481	OK	 
REQUEST		Editar cliente	1628028101597	1628028107481	OK	 
REQUEST		Deletar acao	1628028104669	1628028107486	OK	 
REQUEST		Editar cliente	1628028102494	1628028107487	OK	 
REQUEST		Editar cliente	1628028100883	1628028107489	OK	 
REQUEST		Editar cliente	1628028100903	1628028107490	OK	 
REQUEST		Editar cliente	1628028102498	1628028107492	OK	 
REQUEST		Editar cliente	1628028102495	1628028107787	OK	 
REQUEST		Editar cliente	1628028102505	1628028108080	OK	 
REQUEST		Editar cliente	1628028101584	1628028108080	OK	 
REQUEST		Editar cliente	1628028102500	1628028108083	OK	 
REQUEST		Editar cliente	1628028102508	1628028108085	OK	 
REQUEST		Editar cliente	1628028102488	1628028108086	OK	 
REQUEST		Editar cliente	1628028102507	1628028108087	OK	 
REQUEST		Listagem de Acoes	1628028106077	1628028108766	OK	 
REQUEST		Listagem de Acoes	1628028105692	1628028108766	OK	 
REQUEST		Listagem de Acoes	1628028105695	1628028108767	OK	 
REQUEST		Listagem de Acoes	1628028106082	1628028108769	OK	 
REQUEST		Listagem de Acoes	1628028106074	1628028108770	OK	 
REQUEST		Editar cliente	1628028103471	1628028108791	OK	 
REQUEST		Editar cliente	1628028103473	1628028108791	OK	 
REQUEST		Editar cliente	1628028103470	1628028108793	OK	 
REQUEST		Editar cliente	1628028103512	1628028108900	OK	 
REQUEST		Logout	1628028106891	1628028108961	OK	 
REQUEST		Editar cliente	1628028103871	1628028108976	OK	 
REQUEST		Editar cliente	1628028103505	1628028108980	OK	 
USER	Realizar login MaxxiForge para rota Action	END	1628028108974
REQUEST		Editar cliente	1628028103880	1628028109079	OK	 
REQUEST		Listagem de Acoes	1628028106909	1628028109080	OK	 
REQUEST		Editar cliente	1628028103882	1628028109082	OK	 
REQUEST		Editar cliente	1628028103884	1628028109083	OK	 
REQUEST		Deletar cliente	1628028105671	1628028109092	OK	 
REQUEST		Editar cliente	1628028103877	1628028109120	OK	 
REQUEST		Logout	1628028107102	1628028109163	OK	 
USER	Realizar login MaxxiForge para rota Action	END	1628028109164
REQUEST		Editar cliente	1628028104382	1628028109207	OK	 
REQUEST		Editar cliente	1628028104385	1628028109208	OK	 
REQUEST		Editar cliente	1628028104388	1628028109209	OK	 
REQUEST		Editar cliente	1628028104376	1628028109211	OK	 
REQUEST		Editar cliente	1628028104380	1628028109212	OK	 
REQUEST		Logout	1628028107486	1628028109397	OK	 
REQUEST		Editar cliente	1628028104381	1628028109400	OK	 
REQUEST		Editar cliente	1628028104585	1628028109402	OK	 
REQUEST		Editar cliente	1628028104581	1628028109404	OK	 
REQUEST		Editar cliente	1628028104581	1628028109414	OK	 
REQUEST		Deletar cliente	1628028106073	1628028109419	OK	 
USER	Realizar login MaxxiForge para rota Action	END	1628028109398
REQUEST		Editar cliente	1628028104672	1628028109466	OK	 
REQUEST		Deletar cliente	1628028106073	1628028109471	OK	 
REQUEST		Deletar cliente	1628028106076	1628028109475	OK	 
REQUEST		Deletar cliente	1628028106263	1628028109675	OK	 
REQUEST		Deletar cliente	1628028106265	1628028109676	OK	 
REQUEST		Deletar cliente	1628028106670	1628028109862	OK	 
REQUEST		Deletar acao	1628028106672	1628028109863	OK	 
REQUEST		Deletar cliente	1628028106265	1628028109864	OK	 
REQUEST		Deletar cliente	1628028106293	1628028109865	OK	 
REQUEST		Deletar cliente	1628028106676	1628028109865	OK	 
REQUEST		Deletar cliente	1628028106681	1628028109866	OK	 
REQUEST		Deletar cliente	1628028106670	1628028109866	OK	 
REQUEST		Deletar cliente	1628028106280	1628028109869	OK	 
REQUEST		Deletar acao	1628028106290	1628028109869	OK	 
REQUEST		Deletar acao	1628028106291	1628028109872	OK	 
REQUEST		Deletar acao	1628028106291	1628028109873	OK	 
REQUEST		Deletar cliente	1628028106292	1628028109880	OK	 
REQUEST		Deletar cliente	1628028106688	1628028109898	OK	 
REQUEST		Deletar cliente	1628028106894	1628028109899	OK	 
REQUEST		Deletar cliente	1628028106684	1628028109900	OK	 
REQUEST		Deletar cliente	1628028106672	1628028109900	OK	 
REQUEST		Deletar cliente	1628028106675	1628028109902	OK	 
REQUEST		Deletar cliente	1628028106890	1628028109903	OK	 
REQUEST		Deletar cliente	1628028106899	1628028109984	OK	 
REQUEST		Deletar cliente	1628028106898	1628028109985	OK	 
REQUEST		Deletar cliente	1628028106902	1628028109987	OK	 
REQUEST		Deletar cliente	1628028106882	1628028109988	OK	 
REQUEST		Deletar cliente	1628028106911	1628028109990	OK	 
REQUEST		Deletar cliente	1628028106903	1628028109992	OK	 
REQUEST		Deletar cliente	1628028107097	1628028110169	OK	 
REQUEST		Deletar cliente	1628028107102	1628028110170	OK	 
REQUEST		Deletar cliente	1628028107092	1628028110171	OK	 
REQUEST		Deletar cliente	1628028107489	1628028110372	OK	 
REQUEST		Editar cliente	1628028105369	1628028110575	OK	 
REQUEST		Editar cliente	1628028105368	1628028110576	OK	 
REQUEST		Deletar cliente	1628028107492	1628028110577	OK	 
REQUEST		Deletar cliente	1628028108080	1628028110578	OK	 
REQUEST		Editar cliente	1628028105368	1628028110578	OK	 
REQUEST		Deletar cliente	1628028107483	1628028110579	OK	 
REQUEST		Deletar cliente	1628028107100	1628028110584	OK	 
REQUEST		Deletar cliente	1628028107096	1628028110585	OK	 
REQUEST		Adicionar novo Acao	1628028108767	1628028110587	OK	 
REQUEST		Deletar cliente	1628028107485	1628028110589	OK	 
REQUEST		Deletar cliente	1628028107487	1628028110590	OK	 
REQUEST		Adicionar novo Acao	1628028108766	1628028110592	OK	 
REQUEST		Deletar cliente	1628028107492	1628028110595	OK	 
REQUEST		Deletar cliente	1628028107788	1628028110599	OK	 
REQUEST		Adicionar novo Acao	1628028108771	1628028111060	OK	 
REQUEST		Adicionar novo Acao	1628028108769	1628028111061	OK	 
REQUEST		Deletar cliente	1628028108086	1628028111065	OK	 
REQUEST		Deletar cliente	1628028108084	1628028111065	OK	 
REQUEST		Deletar cliente	1628028108083	1628028111066	OK	 
REQUEST		Adicionar novo Acao	1628028108770	1628028111066	OK	 
REQUEST		Deletar cliente	1628028108088	1628028111068	OK	 
REQUEST		Deletar cliente	1628028108086	1628028111069	OK	 
REQUEST		Listagem de Acoes	1628028109106	1628028111560	OK	 
REQUEST		Listagem de Acoes	1628028109419	1628028111965	OK	 
REQUEST		Listagem de Acoes	1628028109474	1628028112267	OK	 
REQUEST		Deletar cliente	1628028108793	1628028112384	OK	 
REQUEST		Adicionar novo Acao	1628028109081	1628028112385	OK	 
REQUEST		Deletar cliente	1628028108792	1628028112385	OK	 
REQUEST		Listagem de Acoes	1628028109676	1628028112386	OK	 
REQUEST		Listagem de Acoes	1628028109678	1628028112388	OK	 
REQUEST		Deletar cliente	1628028108792	1628028112388	OK	 
REQUEST		Listagem de Acoes	1628028109863	1628028112389	OK	 
REQUEST		Listagem de Acoes	1628028109475	1628028112392	OK	 
REQUEST		Logout	1628028109864	1628028112472	OK	 
REQUEST		Logout	1628028109872	1628028112473	OK	 
REQUEST		Logout	1628028109871	1628028112475	OK	 
REQUEST		Deletar cliente	1628028108901	1628028112476	OK	 
REQUEST		Listagem de Acoes	1628028109880	1628028112477	OK	 
REQUEST		Listagem de Acoes	1628028109864	1628028112479	OK	 
REQUEST		Listagem de Acoes	1628028109865	1628028112480	OK	 
REQUEST		Listagem de Acoes	1628028109866	1628028112480	OK	 
REQUEST		Listagem de Acoes	1628028109866	1628028112481	OK	 
REQUEST		Listagem de Acoes	1628028109868	1628028112482	OK	 
REQUEST		Logout	1628028109875	1628028112485	OK	 
REQUEST		Listagem de Acoes	1628028109869	1628028112487	OK	 
USER	Realizar login MaxxiForge para rota Action	END	1628028112473
USER	Realizar login MaxxiForge para rota Action	END	1628028112474
USER	Realizar login MaxxiForge para rota Action	END	1628028112476
USER	Realizar login MaxxiForge para rota Action	END	1628028112486
REQUEST		Listagem de Acoes	1628028109899	1628028112575	OK	 
REQUEST		Listagem de Acoes	1628028109905	1628028112575	OK	 
REQUEST		Listagem de Acoes	1628028109901	1628028112579	OK	 
REQUEST		Listagem de Acoes	1628028109903	1628028112580	OK	 
REQUEST		Deletar cliente	1628028109083	1628028112777	OK	 
REQUEST		Deletar cliente	1628028109082	1628028112778	OK	 
REQUEST		Deletar cliente	1628028108979	1628028112779	OK	 
REQUEST		Deletar cliente	1628028109125	1628028112779	OK	 
REQUEST		Listagem de Acoes	1628028109989	1628028112794	OK	 
REQUEST		Deletar cliente	1628028109079	1628028112778	OK	 
REQUEST		Listagem de Acoes	1628028109990	1628028112797	OK	 
REQUEST		Listagem de Acoes	1628028109994	1628028112800	OK	 
REQUEST		Deletar cliente	1628028108980	1628028112802	OK	 
REQUEST		Listagem de Acoes	1628028109987	1628028112803	OK	 
REQUEST		Listagem de Acoes	1628028109984	1628028112805	OK	 
REQUEST		Listagem de Acoes	1628028109987	1628028112807	OK	 
REQUEST		Listagem de Acoes	1628028109900	1628028112809	OK	 
REQUEST		Listagem de Acoes	1628028109900	1628028112810	OK	 
REQUEST		Listagem de Acoes	1628028110170	1628028113182	OK	 
REQUEST		Listagem de Acoes	1628028110170	1628028113184	OK	 
REQUEST		Listagem de Acoes	1628028110171	1628028113186	OK	 
REQUEST		Buscar acao criada	1628028110592	1628028113391	OK	 
REQUEST		Buscar acao criada	1628028110588	1628028113392	OK	 
REQUEST		Deletar cliente	1628028109207	1628028113395	OK	 
REQUEST		Listagem de Acoes	1628028110372	1628028113396	OK	 
REQUEST		Buscar acao criada	1628028111062	1628028113665	OK	 
REQUEST		Deletar cliente	1628028109403	1628028113666	OK	 
REQUEST		Buscar acao criada	1628028111065	1628028113670	OK	 
REQUEST		Listagem de Acoes	1628028110587	1628028113671	OK	 
REQUEST		Listagem de Acoes	1628028110589	1628028113672	OK	 
REQUEST		Deletar cliente	1628028109212	1628028113677	OK	 
REQUEST		Listagem de Acoes	1628028110591	1628028113678	OK	 
REQUEST		Deletar cliente	1628028109211	1628028113681	OK	 
REQUEST		Listagem de Acoes	1628028110584	1628028113681	OK	 
REQUEST		Listagem de Acoes	1628028110585	1628028113684	OK	 
REQUEST		Deletar cliente	1628028109418	1628028113700	OK	 
REQUEST		Deletar cliente	1628028109212	1628028113701	OK	 
REQUEST		Listagem de Acoes	1628028110578	1628028113707	OK	 
REQUEST		Listagem de Acoes	1628028110577	1628028113709	OK	 
REQUEST		Buscar acao criada	1628028111068	1628028113712	OK	 
REQUEST		Listagem de Acoes	1628028110599	1628028113713	OK	 
REQUEST		Listagem de Acoes	1628028110600	1628028113713	OK	 
REQUEST		Deletar cliente	1628028109405	1628028113804	OK	 
REQUEST		Deletar cliente	1628028109209	1628028113808	OK	 
REQUEST		Deletar cliente	1628028109470	1628028113811	OK	 
REQUEST		Deletar cliente	1628028109402	1628028113812	OK	 
REQUEST		Listagem de Acoes	1628028111070	1628028113861	OK	 
REQUEST		Listagem de Acoes	1628028111065	1628028113861	OK	 
REQUEST		Listagem de Acoes	1628028111069	1628028113998	OK	 
REQUEST		Listagem de Acoes	1628028111070	1628028114001	OK	 
REQUEST		Listagem de Acoes	1628028111066	1628028113998	OK	 
REQUEST		Buscar acao criada	1628028112385	1628028114564	OK	 
REQUEST		Adicionar novo Acao	1628028111561	1628028114890	OK	 
REQUEST		Listagem de Acoes	1628028112386	1628028114891	OK	 
REQUEST		Listagem de Acoes	1628028112384	1628028114890	OK	 
REQUEST		Listagem de Acoes	1628028112389	1628028114895	OK	 
REQUEST		Deletar cliente	1628028110575	1628028114899	OK	 
REQUEST		Listagem de Acoes	1628028112476	1628028114901	OK	 
REQUEST		Deletar cliente	1628028110576	1628028114901	OK	 
REQUEST		Listagem de Acoes	1628028112778	1628028114979	OK	 
REQUEST		Listagem de Acoes	1628028112778	1628028114981	OK	 
REQUEST		Listagem de Acoes	1628028112779	1628028114983	OK	 
REQUEST		Deletar cliente	1628028110579	1628028115575	OK	 
REQUEST		Adicionar novo Acao	1628028111965	1628028115577	OK	 
REQUEST		Adicionar novo Acao	1628028112267	1628028115576	OK	 
REQUEST		Listagem de Acoes	1628028112793	1628028115578	OK	 
REQUEST		Listagem de Acoes	1628028112802	1628028115580	OK	 
REQUEST		Listagem de Acoes	1628028112796	1628028115581	OK	 
REQUEST		Adicionar novo Acao	1628028112390	1628028115777	OK	 
REQUEST		Adicionar novo Acao	1628028112392	1628028115778	OK	 
REQUEST		Adicionar novo Acao	1628028112387	1628028115785	OK	 
REQUEST		Adicionar novo Acao	1628028112388	1628028115786	OK	 
REQUEST		Listagem de Acoes	1628028113395	1628028115892	OK	 
REQUEST		Listagem de Acoes	1628028113669	1628028115894	OK	 
REQUEST		Adicionar novo Acao	1628028112478	1628028115999	OK	 
REQUEST		Adicionar novo Acao	1628028112577	1628028116001	OK	 
REQUEST		Adicionar novo Acao	1628028112575	1628028116003	OK	 
REQUEST		Listagem de Acoes	1628028113804	1628028116004	OK	 
REQUEST		Adicionar novo Acao	1628028112489	1628028116006	OK	 
REQUEST		Adicionar novo Acao	1628028112579	1628028116007	OK	 
REQUEST		Adicionar novo Acao	1628028112480	1628028116008	OK	 
REQUEST		Adicionar novo Acao	1628028112581	1628028116009	OK	 
REQUEST		Adicionar novo Acao	1628028112481	1628028116011	OK	 
REQUEST		Adicionar novo Acao	1628028112482	1628028116013	OK	 
REQUEST		Adicionar novo Acao	1628028112483	1628028116014	OK	 
REQUEST		Adicionar novo Acao	1628028112479	1628028116015	OK	 
REQUEST		Adicionar novo Acao	1628028112796	1628028116078	OK	 
REQUEST		Listagem de Acoes	1628028113810	1628028116081	OK	 
REQUEST		Listagem de Acoes	1628028113681	1628028116083	OK	 
REQUEST		Listagem de Acoes	1628028113701	1628028116085	OK	 
REQUEST		Listagem de Acoes	1628028113707	1628028116086	OK	 
REQUEST		Listagem de Acoes	1628028113811	1628028116089	OK	 
REQUEST		Listagem de Acoes	1628028113814	1628028116092	OK	 
REQUEST		Listagem de Acoes	1628028113677	1628028116094	OK	 
REQUEST		Adicionar novo Acao	1628028112802	1628028116176	OK	 
REQUEST		Adicionar novo Acao	1628028112800	1628028116178	OK	 
REQUEST		Adicionar novo Acao	1628028113185	1628028116180	OK	 
REQUEST		Adicionar novo Acao	1628028113182	1628028116180	OK	 
REQUEST		Adicionar novo Acao	1628028112809	1628028116181	OK	 
REQUEST		Adicionar novo Acao	1628028112810	1628028116189	OK	 
REQUEST		Adicionar novo Acao	1628028112805	1628028116190	OK	 
REQUEST		Adicionar novo Acao	1628028112806	1628028116193	OK	 
REQUEST		Adicionar novo Acao	1628028112809	1628028116196	OK	 
REQUEST		Adicionar novo Acao	1628028113188	1628028116197	OK	 
REQUEST		Adicionar novo Acao	1628028113397	1628028116365	OK	 
REQUEST		Buscar acao criada	1628028114890	1628028116668	OK	 
REQUEST		Adicionar novo Acao	1628028113680	1628028116668	OK	 
REQUEST		Adicionar novo Acao	1628028113708	1628028116671	OK	 
REQUEST		Adicionar novo Acao	1628028113711	1628028116672	OK	 
REQUEST		Adicionar novo Acao	1628028113714	1628028116674	OK	 
REQUEST		Adicionar novo Acao	1628028113713	1628028116675	OK	 
REQUEST		Adicionar novo Acao	1628028113861	1628028116676	OK	 
REQUEST		Adicionar novo Acao	1628028113677	1628028116677	OK	 
REQUEST		Adicionar novo Acao	1628028113671	1628028116678	OK	 
REQUEST		Adicionar novo Acao	1628028113862	1628028116679	OK	 
REQUEST		Adicionar novo Acao	1628028113684	1628028116681	OK	 
REQUEST		Adicionar novo Acao	1628028113686	1628028116682	OK	 
REQUEST		Adicionar novo Acao	1628028113998	1628028116759	OK	 
REQUEST		Adicionar novo Acao	1628028114004	1628028116760	OK	 
REQUEST		Adicionar novo Acao	1628028114003	1628028116761	OK	 
REQUEST		Listagem de Acoes	1628028114900	1628028116762	OK	 
REQUEST		Listagem de Acoes	1628028114902	1628028116763	OK	 
REQUEST		Buscar acao criada	1628028115577	1628028116788	OK	 
REQUEST		Listagem de Acoes	1628028115576	1628028116789	OK	 
REQUEST		Buscar acao criada	1628028115777	1628028116885	OK	 
REQUEST		Buscar acao criada	1628028115781	1628028116886	OK	 
REQUEST		Buscar acao criada	1628028115578	1628028116889	OK	 
REQUEST		Buscar acao criada	1628028115786	1628028116890	OK	 
REQUEST		Buscar acao criada	1628028115787	1628028116976	OK	 
REQUEST		Buscar acao criada	1628028115999	1628028116976	OK	 
REQUEST		Buscar acao criada	1628028116006	1628028117070	OK	 
REQUEST		Buscar acao criada	1628028116007	1628028117071	OK	 
REQUEST		Buscar acao criada	1628028116003	1628028117070	OK	 
REQUEST		Buscar acao criada	1628028116007	1628028117072	OK	 
REQUEST		Buscar acao criada	1628028116008	1628028117073	OK	 
REQUEST		Buscar acao criada	1628028116009	1628028117074	OK	 
REQUEST		Buscar acao criada	1628028116012	1628028117075	OK	 
REQUEST		Buscar acao criada	1628028116014	1628028117078	OK	 
REQUEST		Buscar acao criada	1628028116015	1628028117084	OK	 
REQUEST		Buscar acao criada	1628028116016	1628028117085	OK	 
REQUEST		Buscar acao criada	1628028116079	1628028117176	OK	 
REQUEST		Adicionar novo Acao	1628028114901	1628028117177	OK	 
REQUEST		Editar acao	1628028113391	1628028117178	OK	 
REQUEST		Editar acao	1628028113394	1628028117178	OK	 
REQUEST		Adicionar novo Acao	1628028114896	1628028117179	OK	 
REQUEST		Editar acao	1628028113670	1628028117180	OK	 
REQUEST		Adicionar novo Acao	1628028114894	1628028117181	OK	 
REQUEST		Adicionar novo Acao	1628028114891	1628028117183	OK	 
REQUEST		Editar acao	1628028113666	1628028117184	OK	 
REQUEST		Editar acao	1628028113712	1628028117186	OK	 
REQUEST		Buscar acao criada	1628028116180	1628028117270	OK	 
REQUEST		Buscar acao criada	1628028116177	1628028117271	OK	 
REQUEST		Buscar acao criada	1628028116181	1628028117271	OK	 
REQUEST		Buscar acao criada	1628028116186	1628028117273	OK	 
REQUEST		Buscar acao criada	1628028116190	1628028117274	OK	 
REQUEST		Adicionar novo Acao	1628028114982	1628028117276	OK	 
REQUEST		Adicionar novo Acao	1628028114979	1628028117279	OK	 
REQUEST		Buscar acao criada	1628028116194	1628028117280	OK	 
REQUEST		Buscar acao criada	1628028116193	1628028117283	OK	 
REQUEST		Buscar acao criada	1628028116196	1628028117286	OK	 
REQUEST		Buscar acao criada	1628028116198	1628028117286	OK	 
REQUEST		Buscar acao criada	1628028116181	1628028117289	OK	 
REQUEST		Adicionar novo Acao	1628028114983	1628028117291	OK	 
REQUEST		Adicionar novo Acao	1628028115579	1628028117497	OK	 
REQUEST		Adicionar novo Acao	1628028115582	1628028117497	OK	 
REQUEST		Adicionar novo Acao	1628028115581	1628028117498	OK	 
REQUEST		Buscar acao criada	1628028116365	1628028117697	OK	 
REQUEST		Editar acao	1628028114565	1628028117698	OK	 
REQUEST		Buscar acao criada	1628028116669	1628028117889	OK	 
REQUEST		Buscar acao criada	1628028116675	1628028117890	OK	 
REQUEST		Buscar acao criada	1628028116671	1628028117890	OK	 
REQUEST		Buscar acao criada	1628028116685	1628028117893	OK	 
REQUEST		Buscar acao criada	1628028116676	1628028117895	OK	 
REQUEST		Buscar acao criada	1628028116682	1628028117895	OK	 
REQUEST		Buscar acao criada	1628028116678	1628028117898	OK	 
REQUEST		Buscar acao criada	1628028116677	1628028117900	OK	 
REQUEST		Buscar acao criada	1628028116679	1628028117901	OK	 
REQUEST		Buscar acao criada	1628028116675	1628028117904	OK	 
REQUEST		Adicionar novo Acao	1628028115895	1628028117906	OK	 
REQUEST		Buscar acao criada	1628028116677	1628028117909	OK	 
REQUEST		Adicionar novo Acao	1628028115893	1628028117912	OK	 
REQUEST		Buscar acao criada	1628028116759	1628028117971	OK	 
REQUEST		Buscar acao criada	1628028116761	1628028117972	OK	 
REQUEST		Buscar acao criada	1628028116762	1628028118075	OK	 
REQUEST		Adicionar novo Acao	1628028116090	1628028118076	OK	 
REQUEST		Adicionar novo Acao	1628028116081	1628028118084	OK	 
REQUEST		Adicionar novo Acao	1628028116005	1628028118148	OK	 
REQUEST		Adicionar novo Acao	1628028116083	1628028118173	OK	 
REQUEST		Adicionar novo Acao	1628028116085	1628028118184	OK	 
REQUEST		Adicionar novo Acao	1628028116087	1628028118198	OK	 
REQUEST		Adicionar novo Acao	1628028116094	1628028118201	OK	 
REQUEST		Adicionar novo Acao	1628028116092	1628028118205	OK	 
REQUEST		Buscar acao criada	1628028117180	1628028118495	OK	 
REQUEST		Buscar acao criada	1628028117181	1628028118496	OK	 
REQUEST		Adicionar novo Acao	1628028116763	1628028118496	OK	 
REQUEST		Adicionar novo Acao	1628028116762	1628028118497	OK	 
REQUEST		Buscar acao criada	1628028117277	1628028118513	OK	 
REQUEST		Buscar acao criada	1628028117279	1628028118515	OK	 
REQUEST		Buscar acao criada	1628028117184	1628028118516	OK	 
REQUEST		Buscar acao criada	1628028117177	1628028118519	OK	 
REQUEST		Buscar acao criada	1628028117291	1628028118521	OK	 
REQUEST		Buscar acao criada	1628028117498	1628028118522	OK	 
REQUEST		Buscar acao criada	1628028117498	1628028118558	OK	 
REQUEST		Adicionar novo Acao	1628028116789	1628028118560	OK	 
REQUEST		Buscar acao criada	1628028117499	1628028118572	OK	 
REQUEST		Buscar acao criada	1628028117909	1628028118807	OK	 
REQUEST		Buscar acao criada	1628028117915	1628028118808	OK	 
REQUEST		Buscar acao criada	1628028118173	1628028118876	OK	 
REQUEST		Buscar acao criada	1628028118184	1628028118877	OK	 
REQUEST		Buscar acao criada	1628028118188	1628028118880	OK	 
REQUEST		Buscar acao criada	1628028118198	1628028118882	OK	 
REQUEST		Buscar acao criada	1628028118078	1628028118883	OK	 
REQUEST		Buscar acao criada	1628028118203	1628028118885	OK	 
REQUEST		Editar acao	1628028116668	1628028118887	OK	 
REQUEST		Buscar acao criada	1628028118206	1628028118892	OK	 
REQUEST		Buscar acao criada	1628028118112	1628028118894	OK	 
REQUEST		Editar acao	1628028116788	1628028119177	OK	 
REQUEST		Deletar acao	1628028117185	1628028119560	OK	 
REQUEST		Deletar acao	1628028117186	1628028119561	OK	 
REQUEST		Editar acao	1628028116886	1628028119562	OK	 
REQUEST		Deletar acao	1628028117179	1628028119563	OK	 
REQUEST		Deletar acao	1628028117178	1628028119563	OK	 
REQUEST		Editar acao	1628028116889	1628028119564	OK	 
REQUEST		Deletar acao	1628028117180	1628028119565	OK	 
REQUEST		Editar acao	1628028116889	1628028119567	OK	 
REQUEST		Editar acao	1628028116890	1628028119568	OK	 
REQUEST		Buscar acao criada	1628028118500	1628028119795	OK	 
REQUEST		Buscar acao criada	1628028118497	1628028119800	OK	 
REQUEST		Editar acao	1628028116976	1628028119803	OK	 
REQUEST		Editar acao	1628028117071	1628028119805	OK	 
REQUEST		Editar acao	1628028116977	1628028119805	OK	 
REQUEST		Editar acao	1628028117071	1628028119899	OK	 
REQUEST		Deletar acao	1628028117698	1628028119974	OK	 
REQUEST		Buscar acao criada	1628028118561	1628028119974	OK	 
REQUEST		Editar acao	1628028117074	1628028119976	OK	 
REQUEST		Editar acao	1628028117073	1628028119977	OK	 
REQUEST		Editar acao	1628028117077	1628028119979	OK	 
REQUEST		Editar acao	1628028117084	1628028119980	OK	 
REQUEST		Editar acao	1628028117078	1628028119981	OK	 
REQUEST		Editar acao	1628028117270	1628028119983	OK	 
REQUEST		Editar acao	1628028117271	1628028119984	OK	 
REQUEST		Editar acao	1628028117073	1628028119979	OK	 
REQUEST		Editar acao	1628028117088	1628028119994	OK	 
REQUEST		Editar acao	1628028117272	1628028119995	OK	 
REQUEST		Editar acao	1628028117072	1628028119994	OK	 
REQUEST		Editar acao	1628028117176	1628028119997	OK	 
REQUEST		Editar acao	1628028117282	1628028120098	OK	 
REQUEST		Editar acao	1628028117273	1628028120098	OK	 
REQUEST		Editar acao	1628028117276	1628028120099	OK	 
REQUEST		Editar acao	1628028117284	1628028120101	OK	 
REQUEST		Editar acao	1628028117286	1628028120102	OK	 
REQUEST		Editar acao	1628028117288	1628028120102	OK	 
REQUEST		Editar acao	1628028117289	1628028120104	OK	 
REQUEST		Editar acao	1628028117697	1628028120467	OK	 
REQUEST		Editar acao	1628028117890	1628028120468	OK	 
REQUEST		Editar acao	1628028117891	1628028120595	OK	 
REQUEST		Editar acao	1628028117911	1628028120595	OK	 
REQUEST		Editar acao	1628028117903	1628028120596	OK	 
REQUEST		Editar acao	1628028117904	1628028120597	OK	 
REQUEST		Editar acao	1628028117890	1628028120595	OK	 
REQUEST		Editar acao	1628028117898	1628028120599	OK	 
REQUEST		Editar acao	1628028117901	1628028120600	OK	 
REQUEST		Editar acao	1628028117903	1628028120600	OK	 
REQUEST		Editar acao	1628028117898	1628028120602	OK	 
REQUEST		Editar acao	1628028117895	1628028120603	OK	 
REQUEST		Editar acao	1628028117974	1628028120661	OK	 
REQUEST		Editar acao	1628028117972	1628028120662	OK	 
REQUEST		Editar acao	1628028118075	1628028120769	OK	 
REQUEST		Logout	1628028119560	1628028120994	OK	 
REQUEST		Logout	1628028119563	1628028120995	OK	 
USER	Realizar login MaxxiForge para rota Action	END	1628028120995
USER	Realizar login MaxxiForge para rota Action	END	1628028120997
REQUEST		Logout	1628028119567	1628028121059	OK	 
REQUEST		Logout	1628028119561	1628028121060	OK	 
REQUEST		Logout	1628028119564	1628028121061	OK	 
USER	Realizar login MaxxiForge para rota Action	END	1628028121060
USER	Realizar login MaxxiForge para rota Action	END	1628028121061
USER	Realizar login MaxxiForge para rota Action	END	1628028121061
REQUEST		Logout	1628028119975	1628028121075	OK	 
REQUEST		Editar acao	1628028118518	1628028121076	OK	 
REQUEST		Editar acao	1628028118496	1628028121076	OK	 
REQUEST		Editar acao	1628028118495	1628028121076	OK	 
REQUEST		Editar acao	1628028118573	1628028121090	OK	 
REQUEST		Editar acao	1628028118521	1628028121093	OK	 
REQUEST		Editar acao	1628028118519	1628028121096	OK	 
REQUEST		Deletar acao	1628028118887	1628028121098	OK	 
REQUEST		Editar acao	1628028118513	1628028121099	OK	 
REQUEST		Editar acao	1628028118515	1628028121100	OK	 
REQUEST		Editar acao	1628028118559	1628028121100	OK	 
REQUEST		Editar acao	1628028118524	1628028121102	OK	 
USER	Realizar login MaxxiForge para rota Action	END	1628028121076
REQUEST		Editar acao	1628028118809	1628028121171	OK	 
REQUEST		Editar acao	1628028118807	1628028121176	OK	 
REQUEST		Deletar acao	1628028119177	1628028121290	OK	 
REQUEST		Editar acao	1628028118880	1628028121291	OK	 
REQUEST		Deletar acao	1628028119564	1628028121377	OK	 
REQUEST		Editar acao	1628028118885	1628028121378	OK	 
REQUEST		Editar acao	1628028118884	1628028121380	OK	 
REQUEST		Editar acao	1628028118883	1628028121381	OK	 
REQUEST		Deletar acao	1628028119568	1628028121461	OK	 
REQUEST		Editar acao	1628028118877	1628028121462	OK	 
REQUEST		Editar acao	1628028118880	1628028121466	OK	 
REQUEST		Editar acao	1628028118896	1628028121469	OK	 
REQUEST		Deletar acao	1628028119807	1628028121470	OK	 
REQUEST		Deletar acao	1628028119562	1628028121471	OK	 
REQUEST		Editar acao	1628028118893	1628028121471	OK	 
REQUEST		Deletar acao	1628028119568	1628028121472	OK	 
REQUEST		Deletar acao	1628028119803	1628028121473	OK	 
REQUEST		Deletar acao	1628028119805	1628028121473	OK	 
REQUEST		Deletar acao	1628028119901	1628028121494	OK	 
REQUEST		Deletar acao	1628028119984	1628028121716	OK	 
REQUEST		Deletar acao	1628028119977	1628028121717	OK	 
REQUEST		Deletar acao	1628028119977	1628028121719	OK	 
REQUEST		Deletar acao	1628028119980	1628028121720	OK	 
REQUEST		Deletar acao	1628028119997	1628028121722	OK	 
REQUEST		Deletar acao	1628028119994	1628028121762	OK	 
REQUEST		Editar acao	1628028119802	1628028121763	OK	 
REQUEST		Deletar acao	1628028119995	1628028121766	OK	 
REQUEST		Editar acao	1628028119799	1628028121768	OK	 
REQUEST		Deletar acao	1628028119980	1628028121772	OK	 
REQUEST		Deletar acao	1628028119982	1628028121773	OK	 
REQUEST		Deletar acao	1628028119987	1628028121774	OK	 
REQUEST		Deletar acao	1628028120103	1628028121774	OK	 
REQUEST		Deletar acao	1628028119994	1628028121776	OK	 
REQUEST		Deletar acao	1628028120101	1628028121776	OK	 
REQUEST		Deletar acao	1628028120099	1628028121777	OK	 
REQUEST		Deletar acao	1628028120102	1628028121778	OK	 
REQUEST		Deletar acao	1628028120100	1628028121779	OK	 
REQUEST		Deletar acao	1628028120099	1628028121779	OK	 
REQUEST		Deletar acao	1628028119996	1628028121780	OK	 
REQUEST		Deletar acao	1628028120105	1628028121781	OK	 
REQUEST		Deletar acao	1628028120596	1628028121788	OK	 
REQUEST		Editar acao	1628028119975	1628028121788	OK	 
REQUEST		Deletar acao	1628028120595	1628028121788	OK	 
REQUEST		Deletar acao	1628028120467	1628028121790	OK	 
REQUEST		Deletar acao	1628028120468	1628028121790	OK	 
REQUEST		Deletar acao	1628028120598	1628028121888	OK	 
REQUEST		Logout	1628028121099	1628028121889	OK	 
REQUEST		Deletar acao	1628028120602	1628028121890	OK	 
REQUEST		Deletar acao	1628028120603	1628028121892	OK	 
USER	Realizar login MaxxiForge para rota Action	END	1628028121890
REQUEST		Deletar acao	1628028120597	1628028121976	OK	 
REQUEST		Deletar acao	1628028120661	1628028121977	OK	 
REQUEST		Deletar acao	1628028120600	1628028121978	OK	 
REQUEST		Deletar acao	1628028120599	1628028122060	OK	 
REQUEST		Deletar acao	1628028120601	1628028122061	OK	 
REQUEST		Deletar acao	1628028120597	1628028122069	OK	 
REQUEST		Deletar acao	1628028120769	1628028122070	OK	 
REQUEST		Deletar acao	1628028120663	1628028122072	OK	 
REQUEST		Logout	1628028121290	1628028122075	OK	 
USER	Realizar login MaxxiForge para rota Action	END	1628028122075
REQUEST		Logout	1628028121378	1628028122097	OK	 
REQUEST		Logout	1628028121461	1628028122099	OK	 
USER	Realizar login MaxxiForge para rota Action	END	1628028122098
USER	Realizar login MaxxiForge para rota Action	END	1628028122100
REQUEST		Logout	1628028121474	1628028122164	OK	 
REQUEST		Logout	1628028121470	1628028122166	OK	 
USER	Realizar login MaxxiForge para rota Action	END	1628028122164
USER	Realizar login MaxxiForge para rota Action	END	1628028122167
REQUEST		Logout	1628028121471	1628028122175	OK	 
REQUEST		Logout	1628028121473	1628028122177	OK	 
REQUEST		Deletar acao	1628028121077	1628028122178	OK	 
REQUEST		Logout	1628028121473	1628028122179	OK	 
REQUEST		Logout	1628028121494	1628028122181	OK	 
REQUEST		Deletar acao	1628028121099	1628028122181	OK	 
REQUEST		Deletar acao	1628028121098	1628028122182	OK	 
REQUEST		Deletar acao	1628028121093	1628028122183	OK	 
REQUEST		Deletar acao	1628028121090	1628028122183	OK	 
USER	Realizar login MaxxiForge para rota Action	END	1628028122177
REQUEST		Deletar acao	1628028121091	1628028122184	OK	 
USER	Realizar login MaxxiForge para rota Action	END	1628028122178
USER	Realizar login MaxxiForge para rota Action	END	1628028122180
USER	Realizar login MaxxiForge para rota Action	END	1628028122181
REQUEST		Logout	1628028121716	1628028122186	OK	 
USER	Realizar login MaxxiForge para rota Action	END	1628028122186
REQUEST		Deletar acao	1628028121176	1628028122194	OK	 
REQUEST		Deletar acao	1628028121172	1628028122195	OK	 
REQUEST		Deletar acao	1628028121100	1628028122197	OK	 
REQUEST		Deletar acao	1628028121077	1628028122197	OK	 
REQUEST		Logout	1628028121722	1628028122199	OK	 
REQUEST		Logout	1628028121766	1628028122201	OK	 
REQUEST		Logout	1628028121719	1628028122202	OK	 
REQUEST		Logout	1628028121720	1628028122203	OK	 
REQUEST		Deletar acao	1628028121101	1628028122204	OK	 
REQUEST		Logout	1628028121773	1628028122206	OK	 
REQUEST		Logout	1628028121762	1628028122207	OK	 
REQUEST		Logout	1628028121722	1628028122209	OK	 
REQUEST		Deletar acao	1628028121102	1628028122212	OK	 
USER	Realizar login MaxxiForge para rota Action	END	1628028122200
USER	Realizar login MaxxiForge para rota Action	END	1628028122202
USER	Realizar login MaxxiForge para rota Action	END	1628028122203
USER	Realizar login MaxxiForge para rota Action	END	1628028122204
USER	Realizar login MaxxiForge para rota Action	END	1628028122206
USER	Realizar login MaxxiForge para rota Action	END	1628028122207
USER	Realizar login MaxxiForge para rota Action	END	1628028122211
REQUEST		Logout	1628028121773	1628028122275	OK	 
REQUEST		Logout	1628028121774	1628028122278	OK	 
REQUEST		Logout	1628028121779	1628028122279	OK	 
REQUEST		Logout	1628028121780	1628028122284	OK	 
REQUEST		Logout	1628028121788	1628028122285	OK	 
REQUEST		Logout	1628028121976	1628028122287	OK	 
REQUEST		Logout	1628028122072	1628028122289	OK	 
REQUEST		Logout	1628028122070	1628028122290	OK	 
REQUEST		Logout	1628028121777	1628028122290	OK	 
REQUEST		Logout	1628028122060	1628028122291	OK	 
REQUEST		Deletar acao	1628028121472	1628028122292	OK	 
REQUEST		Logout	1628028122069	1628028122292	OK	 
REQUEST		Logout	1628028121784	1628028122295	OK	 
REQUEST		Logout	1628028121979	1628028122295	OK	 
REQUEST		Logout	1628028121776	1628028122296	OK	 
REQUEST		Logout	1628028121889	1628028122304	OK	 
REQUEST		Deletar acao	1628028121379	1628028122305	OK	 
REQUEST		Logout	1628028121775	1628028122307	OK	 
REQUEST		Logout	1628028121777	1628028122308	OK	 
REQUEST		Logout	1628028121778	1628028122310	OK	 
REQUEST		Logout	1628028121790	1628028122312	OK	 
REQUEST		Logout	1628028122204	1628028122314	OK	 
REQUEST		Deletar acao	1628028121765	1628028122314	OK	 
REQUEST		Logout	1628028122179	1628028122315	OK	 
REQUEST		Deletar acao	1628028121772	1628028122316	OK	 
REQUEST		Logout	1628028121789	1628028122316	OK	 
REQUEST		Logout	1628028121790	1628028122317	OK	 
REQUEST		Logout	1628028121891	1628028122323	OK	 
REQUEST		Logout	1628028121896	1628028122324	OK	 
REQUEST		Deletar acao	1628028121469	1628028122324	OK	 
REQUEST		Deletar acao	1628028121380	1628028122326	OK	 
REQUEST		Logout	1628028121978	1628028122327	OK	 
REQUEST		Deletar acao	1628028121464	1628028122327	OK	 
USER	Realizar login MaxxiForge para rota Action	END	1628028122276
REQUEST		Logout	1628028122072	1628028122328	OK	 
REQUEST		Deletar acao	1628028121383	1628028122329	OK	 
REQUEST		Deletar acao	1628028121467	1628028122330	OK	 
REQUEST		Logout	1628028121780	1628028122330	OK	 
REQUEST		Deletar acao	1628028121291	1628028122331	OK	 
REQUEST		Logout	1628028122182	1628028122333	OK	 
REQUEST		Logout	1628028122212	1628028122333	OK	 
REQUEST		Logout	1628028122183	1628028122334	OK	 
REQUEST		Deletar acao	1628028121789	1628028122334	OK	 
REQUEST		Logout	1628028122182	1628028122336	OK	 
REQUEST		Logout	1628028122197	1628028122337	OK	 
REQUEST		Logout	1628028122199	1628028122338	OK	 
REQUEST		Logout	1628028122194	1628028122338	OK	 
REQUEST		Logout	1628028122197	1628028122340	OK	 
REQUEST		Logout	1628028122184	1628028122342	OK	 
REQUEST		Logout	1628028122183	1628028122343	OK	 
USER	Realizar login MaxxiForge para rota Action	END	1628028122279
USER	Realizar login MaxxiForge para rota Action	END	1628028122283
USER	Realizar login MaxxiForge para rota Action	END	1628028122285
USER	Realizar login MaxxiForge para rota Action	END	1628028122285
USER	Realizar login MaxxiForge para rota Action	END	1628028122288
USER	Realizar login MaxxiForge para rota Action	END	1628028122289
USER	Realizar login MaxxiForge para rota Action	END	1628028122290
USER	Realizar login MaxxiForge para rota Action	END	1628028122291
USER	Realizar login MaxxiForge para rota Action	END	1628028122292
USER	Realizar login MaxxiForge para rota Action	END	1628028122295
USER	Realizar login MaxxiForge para rota Action	END	1628028122296
USER	Realizar login MaxxiForge para rota Action	END	1628028122297
USER	Realizar login MaxxiForge para rota Action	END	1628028122304
USER	Realizar login MaxxiForge para rota Action	END	1628028122305
USER	Realizar login MaxxiForge para rota Action	END	1628028122307
USER	Realizar login MaxxiForge para rota Action	END	1628028122308
USER	Realizar login MaxxiForge para rota Action	END	1628028122311
USER	Realizar login MaxxiForge para rota Action	END	1628028122313
USER	Realizar login MaxxiForge para rota Action	END	1628028122314
USER	Realizar login MaxxiForge para rota Action	END	1628028122315
USER	Realizar login MaxxiForge para rota Action	END	1628028122316
USER	Realizar login MaxxiForge para rota Action	END	1628028122322
USER	Realizar login MaxxiForge para rota Action	END	1628028122323
USER	Realizar login MaxxiForge para rota Action	END	1628028122324
USER	Realizar login MaxxiForge para rota Action	END	1628028122327
USER	Realizar login MaxxiForge para rota Action	END	1628028122329
USER	Realizar login MaxxiForge para rota Action	END	1628028122331
USER	Realizar login MaxxiForge para rota Action	END	1628028122333
USER	Realizar login MaxxiForge para rota Action	END	1628028122334
USER	Realizar login MaxxiForge para rota Action	END	1628028122334
USER	Realizar login MaxxiForge para rota Action	END	1628028122336
USER	Realizar login MaxxiForge para rota Action	END	1628028122337
USER	Realizar login MaxxiForge para rota Action	END	1628028122338
USER	Realizar login MaxxiForge para rota Action	END	1628028122339
USER	Realizar login MaxxiForge para rota Action	END	1628028122341
USER	Realizar login MaxxiForge para rota Action	END	1628028122343
USER	Realizar login MaxxiForge para rota Action	END	1628028122345
REQUEST		Logout	1628028122292	1628028122376	OK	 
USER	Realizar login MaxxiForge para rota Action	END	1628028122377
REQUEST		Logout	1628028122326	1628028122403	OK	 
USER	Realizar login MaxxiForge para rota Action	END	1628028122403
REQUEST		Logout	1628028122306	1628028122404	OK	 
REQUEST		Logout	1628028122335	1628028122404	OK	 
REQUEST		Logout	1628028122331	1628028122406	OK	 
REQUEST		Logout	1628028122329	1628028122407	OK	 
REQUEST		Logout	1628028122326	1628028122407	OK	 
REQUEST		Logout	1628028122327	1628028122408	OK	 
REQUEST		Logout	1628028122330	1628028122409	OK	 
REQUEST		Logout	1628028122315	1628028122410	OK	 
REQUEST		Logout	1628028122316	1628028122411	OK	 
USER	Realizar login MaxxiForge para rota Action	END	1628028122405
USER	Realizar login MaxxiForge para rota Action	END	1628028122405
USER	Realizar login MaxxiForge para rota Action	END	1628028122406
USER	Realizar login MaxxiForge para rota Action	END	1628028122407
USER	Realizar login MaxxiForge para rota Action	END	1628028122408
USER	Realizar login MaxxiForge para rota Action	END	1628028122408
USER	Realizar login MaxxiForge para rota Action	END	1628028122410
USER	Realizar login MaxxiForge para rota Action	END	1628028122410
USER	Realizar login MaxxiForge para rota Action	END	1628028122411
