RUN	maxxiforge.Jornada	jornada	1626371581332	 	3.6.0
USER	Realizar login MaxxiForge para rota Action	START	1626371581931
USER	Realizar login MaxxiForge para rota Action	START	1626371581931
USER	Realizar login MaxxiForge para rota Action	START	1626371581931
USER	Realizar login MaxxiForge para rota Action	START	1626371581931
USER	Realizar login MaxxiForge para rota Action	START	1626371581931
USER	Realizar login MaxxiForge para rota Action	START	1626371581931
USER	Realizar login MaxxiForge para rota Action	START	1626371581931
USER	Realizar login MaxxiForge para rota Action	START	1626371581931
USER	Realizar login MaxxiForge para rota Action	START	1626371581931
USER	Realizar login MaxxiForge para rota Action	START	1626371581931
USER	Realizar login MaxxiForge para rota Action	START	1626371581935
USER	Realizar login MaxxiForge para rota Action	START	1626371581931
USER	Realizar login MaxxiForge para rota Action	START	1626371581931
USER	Realizar login MaxxiForge para rota Action	START	1626371581931
USER	Realizar login MaxxiForge para rota Action	START	1626371581936
USER	Realizar login MaxxiForge para rota Action	START	1626371581931
USER	Realizar login MaxxiForge para rota Action	START	1626371581931
USER	Realizar login MaxxiForge para rota Action	START	1626371581931
USER	Realizar login MaxxiForge para rota Action	START	1626371581934
USER	Realizar login MaxxiForge para rota Action	START	1626371581934
USER	Realizar login MaxxiForge para rota Action	START	1626371581934
USER	Realizar login MaxxiForge para rota Action	START	1626371581934
USER	Realizar login MaxxiForge para rota Action	START	1626371581935
USER	Realizar login MaxxiForge para rota Action	START	1626371581935
USER	Realizar login MaxxiForge para rota Action	START	1626371581935
USER	Realizar login MaxxiForge para rota Action	START	1626371581935
USER	Realizar login MaxxiForge para rota Action	START	1626371581935
USER	Realizar login MaxxiForge para rota Action	START	1626371581936
USER	Realizar login MaxxiForge para rota Action	START	1626371581936
USER	Realizar login MaxxiForge para rota Action	START	1626371581936
USER	Realizar login MaxxiForge para rota Action	START	1626371581936
USER	Realizar login MaxxiForge para rota Action	START	1626371581938
USER	Realizar login MaxxiForge para rota Action	START	1626371581938
USER	Realizar login MaxxiForge para rota Action	START	1626371581938
USER	Realizar login MaxxiForge para rota Action	START	1626371581942
USER	Realizar login MaxxiForge para rota Action	START	1626371581942
USER	Realizar login MaxxiForge para rota Action	START	1626371581942
USER	Realizar login MaxxiForge para rota Action	START	1626371581938
USER	Realizar login MaxxiForge para rota Action	START	1626371581943
USER	Realizar login MaxxiForge para rota Action	START	1626371581939
USER	Realizar login MaxxiForge para rota Action	START	1626371581939
USER	Realizar login MaxxiForge para rota Action	START	1626371581939
USER	Realizar login MaxxiForge para rota Action	START	1626371581939
USER	Realizar login MaxxiForge para rota Action	START	1626371581940
USER	Realizar login MaxxiForge para rota Action	START	1626371581940
USER	Realizar login MaxxiForge para rota Action	START	1626371581944
USER	Realizar login MaxxiForge para rota Action	START	1626371581940
USER	Realizar login MaxxiForge para rota Action	START	1626371581945
USER	Realizar login MaxxiForge para rota Action	START	1626371581945
USER	Realizar login MaxxiForge para rota Action	START	1626371581940
USER	Realizar login MaxxiForge para rota Action	START	1626371581941
USER	Realizar login MaxxiForge para rota Action	START	1626371581941
USER	Realizar login MaxxiForge para rota Action	START	1626371581941
USER	Realizar login MaxxiForge para rota Action	START	1626371581941
USER	Realizar login MaxxiForge para rota Action	START	1626371581942
USER	Realizar login MaxxiForge para rota Action	START	1626371581947
USER	Realizar login MaxxiForge para rota Action	START	1626371581942
USER	Realizar login MaxxiForge para rota Action	START	1626371581943
USER	Realizar login MaxxiForge para rota Action	START	1626371581943
USER	Realizar login MaxxiForge para rota Action	START	1626371581943
USER	Realizar login MaxxiForge para rota Action	START	1626371581948
USER	Realizar login MaxxiForge para rota Action	START	1626371581944
USER	Realizar login MaxxiForge para rota Action	START	1626371581944
USER	Realizar login MaxxiForge para rota Action	START	1626371581944
USER	Realizar login MaxxiForge para rota Action	START	1626371581945
USER	Realizar login MaxxiForge para rota Action	START	1626371581949
USER	Realizar login MaxxiForge para rota Action	START	1626371581945
USER	Realizar login MaxxiForge para rota Action	START	1626371581945
USER	Realizar login MaxxiForge para rota Action	START	1626371581949
USER	Realizar login MaxxiForge para rota Action	START	1626371581950
USER	Realizar login MaxxiForge para rota Action	START	1626371581946
USER	Realizar login MaxxiForge para rota Action	START	1626371581950
USER	Realizar login MaxxiForge para rota Action	START	1626371581951
USER	Realizar login MaxxiForge para rota Action	START	1626371581952
USER	Realizar login MaxxiForge para rota Action	START	1626371581946
USER	Realizar login MaxxiForge para rota Action	START	1626371581946
USER	Realizar login MaxxiForge para rota Action	START	1626371581946
USER	Realizar login MaxxiForge para rota Action	START	1626371581947
USER	Realizar login MaxxiForge para rota Action	START	1626371581947
USER	Realizar login MaxxiForge para rota Action	START	1626371581947
USER	Realizar login MaxxiForge para rota Action	START	1626371581948
USER	Realizar login MaxxiForge para rota Action	START	1626371581954
USER	Realizar login MaxxiForge para rota Action	START	1626371581955
USER	Realizar login MaxxiForge para rota Action	START	1626371581948
USER	Realizar login MaxxiForge para rota Action	START	1626371581949
USER	Realizar login MaxxiForge para rota Action	START	1626371581949
USER	Realizar login MaxxiForge para rota Action	START	1626371581949
USER	Realizar login MaxxiForge para rota Action	START	1626371581956
USER	Realizar login MaxxiForge para rota Action	START	1626371581953
USER	Realizar login MaxxiForge para rota Action	START	1626371581953
USER	Realizar login MaxxiForge para rota Action	START	1626371581957
USER	Realizar login MaxxiForge para rota Action	START	1626371581954
USER	Realizar login MaxxiForge para rota Action	START	1626371581954
USER	Realizar login MaxxiForge para rota Action	START	1626371581956
USER	Realizar login MaxxiForge para rota Action	START	1626371581959
USER	Realizar login MaxxiForge para rota Action	START	1626371581956
USER	Realizar login MaxxiForge para rota Action	START	1626371581956
USER	Realizar login MaxxiForge para rota Action	START	1626371581956
USER	Realizar login MaxxiForge para rota Action	START	1626371581957
USER	Realizar login MaxxiForge para rota Action	START	1626371581956
REQUEST		Login	1626371582314	1626371586692	OK	 
REQUEST		Login	1626371581989	1626371586693	OK	 
REQUEST		Login	1626371582313	1626371586697	OK	 
REQUEST		Login	1626371581989	1626371586693	OK	 
REQUEST		Login	1626371581989	1626371586698	OK	 
REQUEST		Login	1626371582312	1626371586694	OK	 
REQUEST		Login	1626371582303	1626371586694	OK	 
REQUEST		Login	1626371582310	1626371586699	OK	 
REQUEST		Login	1626371582305	1626371586692	OK	 
REQUEST		Login	1626371582302	1626371586697	OK	 
REQUEST		Login	1626371582316	1626371586694	OK	 
REQUEST		Login	1626371582317	1626371586693	OK	 
REQUEST		Login	1626371582312	1626371586697	OK	 
REQUEST		Login	1626371581989	1626371586769	OK	 
REQUEST		Login	1626371582310	1626371586769	OK	 
REQUEST		Login	1626371582301	1626371586769	OK	 
REQUEST		Login	1626371582303	1626371586769	OK	 
REQUEST		Login	1626371582298	1626371586770	OK	 
REQUEST		Login	1626371582315	1626371586770	OK	 
REQUEST		Login	1626371582299	1626371586770	OK	 
REQUEST		Login	1626371582301	1626371586770	OK	 
REQUEST		Login	1626371581989	1626371586771	OK	 
REQUEST		Login	1626371581989	1626371586774	OK	 
REQUEST		Login	1626371582298	1626371586781	OK	 
REQUEST		Login	1626371582318	1626371586774	OK	 
REQUEST		Login	1626371582317	1626371586774	OK	 
REQUEST		Login	1626371582299	1626371586773	OK	 
REQUEST		Login	1626371582318	1626371586795	OK	 
REQUEST		Login	1626371582298	1626371586794	OK	 
REQUEST		Login	1626371582311	1626371586794	OK	 
REQUEST		Login	1626371581989	1626371586796	OK	 
REQUEST		Login	1626371582317	1626371586798	OK	 
REQUEST		Login	1626371582315	1626371586798	OK	 
REQUEST		Login	1626371582315	1626371586798	OK	 
REQUEST		Login	1626371582297	1626371586799	OK	 
REQUEST		Login	1626371582304	1626371586801	OK	 
REQUEST		Login	1626371582300	1626371586802	OK	 
REQUEST		Login	1626371582300	1626371586807	OK	 
REQUEST		Login	1626371582298	1626371586810	OK	 
REQUEST		Login	1626371582316	1626371586815	OK	 
REQUEST		Login	1626371581989	1626371586816	OK	 
REQUEST		Login	1626371582313	1626371586816	OK	 
REQUEST		Login	1626371582303	1626371586819	OK	 
REQUEST		Login	1626371582297	1626371586819	OK	 
REQUEST		Login	1626371582310	1626371586819	OK	 
REQUEST		Login	1626371582300	1626371586822	OK	 
REQUEST		Login	1626371582305	1626371586823	OK	 
REQUEST		Login	1626371582306	1626371586824	OK	 
REQUEST		Login	1626371582298	1626371586827	OK	 
REQUEST		Login	1626371582313	1626371586828	OK	 
REQUEST		Login	1626371582300	1626371586828	OK	 
REQUEST		Login	1626371582314	1626371586831	OK	 
REQUEST		Login	1626371581989	1626371586832	OK	 
REQUEST		Login	1626371582304	1626371586832	OK	 
REQUEST		Login	1626371582303	1626371586837	OK	 
REQUEST		Login	1626371581989	1626371586841	OK	 
REQUEST		Login	1626371582299	1626371586845	OK	 
REQUEST		Login	1626371582309	1626371586847	OK	 
REQUEST		Login	1626371582306	1626371586847	OK	 
REQUEST		Login	1626371582304	1626371586848	OK	 
REQUEST		Login	1626371582315	1626371586848	OK	 
REQUEST		Login	1626371581989	1626371586848	OK	 
REQUEST		Login	1626371582309	1626371586850	OK	 
REQUEST		Login	1626371582311	1626371586852	OK	 
REQUEST		Login	1626371581989	1626371586853	OK	 
REQUEST		Login	1626371582314	1626371586857	OK	 
REQUEST		Login	1626371582316	1626371586857	OK	 
REQUEST		Login	1626371582301	1626371586858	OK	 
REQUEST		Login	1626371582299	1626371586862	OK	 
REQUEST		Login	1626371582301	1626371586862	OK	 
REQUEST		Login	1626371581989	1626371586867	OK	 
REQUEST		Login	1626371582311	1626371586875	OK	 
REQUEST		Login	1626371582302	1626371586871	OK	 
REQUEST		Login	1626371582302	1626371586874	OK	 
REQUEST		Login	1626371582316	1626371586875	OK	 
REQUEST		Login	1626371582300	1626371586877	OK	 
REQUEST		Login	1626371582310	1626371586878	OK	 
REQUEST		Login	1626371581989	1626371586878	OK	 
REQUEST		Login	1626371582304	1626371586878	OK	 
REQUEST		Login	1626371581989	1626371586885	OK	 
REQUEST		Login	1626371582305	1626371586882	OK	 
REQUEST		Login	1626371582299	1626371586885	OK	 
REQUEST		Login	1626371582307	1626371586885	OK	 
REQUEST		Login	1626371582312	1626371586887	OK	 
REQUEST		Login	1626371582304	1626371586887	OK	 
REQUEST		Login	1626371582297	1626371586888	OK	 
REQUEST		Login	1626371582315	1626371586889	OK	 
REQUEST		Login	1626371582307	1626371586890	OK	 
REQUEST		Login	1626371581989	1626371586890	OK	 
REQUEST		Login	1626371582312	1626371586890	OK	 
REQUEST		Login	1626371582307	1626371586891	OK	 
REQUEST		Login	1626371582313	1626371586893	OK	 
REQUEST		Login	1626371582298	1626371586895	OK	 
REQUEST		Login	1626371582318	1626371586896	OK	 
REQUEST		Login	1626371582306	1626371586899	OK	 
REQUEST		Login	1626371582296	1626371586899	OK	 
REQUEST		Login	1626371582311	1626371586899	OK	 
REQUEST		Login	1626371582297	1626371586899	OK	 
REQUEST		Login	1626371582314	1626371586902	OK	 
REQUEST		Login	1626371582313	1626371586902	OK	 
REQUEST		Listagem de profissionais	1626371586759	1626371587631	OK	 
REQUEST		Listagem de profissionais	1626371586760	1626371587632	OK	 
REQUEST		Listagem de profissionais	1626371586760	1626371587632	OK	 
REQUEST		Listagem de profissionais	1626371586762	1626371587992	OK	 
REQUEST		Listagem de profissionais	1626371586760	1626371587992	OK	 
REQUEST		Listagem de profissionais	1626371586762	1626371587992	OK	 
REQUEST		Listagem de profissionais	1626371586761	1626371587996	OK	 
REQUEST		Listagem de profissionais	1626371586760	1626371588007	OK	 
REQUEST		Listagem de profissionais	1626371586761	1626371588062	OK	 
REQUEST		Listagem de profissionais	1626371586761	1626371588063	OK	 
REQUEST		Listagem de profissionais	1626371586761	1626371588064	OK	 
REQUEST		Listagem de profissionais	1626371586784	1626371588066	OK	 
REQUEST		Listagem de profissionais	1626371586790	1626371588071	OK	 
REQUEST		Listagem de profissionais	1626371586759	1626371588073	OK	 
REQUEST		Listagem de profissionais	1626371586780	1626371588074	OK	 
REQUEST		Listagem de profissionais	1626371586780	1626371588074	OK	 
REQUEST		Listagem de profissionais	1626371586807	1626371588078	OK	 
REQUEST		Listagem de profissionais	1626371586762	1626371588078	OK	 
REQUEST		Listagem de profissionais	1626371586786	1626371588078	OK	 
REQUEST		Listagem de profissionais	1626371586790	1626371588081	OK	 
REQUEST		Listagem de profissionais	1626371586786	1626371588081	OK	 
REQUEST		Listagem de profissionais	1626371586786	1626371588081	OK	 
REQUEST		Listagem de profissionais	1626371586801	1626371588082	OK	 
REQUEST		Listagem de profissionais	1626371586785	1626371588085	OK	 
REQUEST		Listagem de profissionais	1626371586789	1626371588088	OK	 
REQUEST		Listagem de profissionais	1626371586788	1626371588090	OK	 
REQUEST		Listagem de profissionais	1626371586786	1626371588092	OK	 
REQUEST		Listagem de profissionais	1626371586789	1626371588094	OK	 
REQUEST		Listagem de profissionais	1626371586789	1626371588114	OK	 
REQUEST		Listagem de profissionais	1626371586810	1626371588166	OK	 
REQUEST		Listagem de profissionais	1626371586831	1626371588168	OK	 
REQUEST		Listagem de profissionais	1626371586815	1626371588171	OK	 
REQUEST		Listagem de profissionais	1626371586807	1626371588172	OK	 
REQUEST		Listagem de profissionais	1626371586813	1626371588173	OK	 
REQUEST		Listagem de profissionais	1626371586833	1626371588174	OK	 
REQUEST		Listagem de profissionais	1626371586819	1626371588175	OK	 
REQUEST		Listagem de profissionais	1626371586809	1626371588176	OK	 
REQUEST		Listagem de profissionais	1626371586810	1626371588180	OK	 
REQUEST		Listagem de profissionais	1626371586827	1626371588181	OK	 
REQUEST		Listagem de profissionais	1626371586837	1626371588183	OK	 
REQUEST		Listagem de profissionais	1626371586829	1626371588184	OK	 
REQUEST		Listagem de profissionais	1626371586845	1626371588188	OK	 
REQUEST		Listagem de profissionais	1626371586844	1626371588190	OK	 
REQUEST		Listagem de profissionais	1626371586859	1626371588191	OK	 
REQUEST		Listagem de profissionais	1626371586837	1626371588193	OK	 
REQUEST		Listagem de profissionais	1626371586842	1626371588193	OK	 
REQUEST		Listagem de profissionais	1626371586841	1626371588193	OK	 
REQUEST		Listagem de profissionais	1626371586807	1626371588193	OK	 
REQUEST		Listagem de profissionais	1626371586837	1626371588195	OK	 
REQUEST		Listagem de profissionais	1626371586827	1626371588199	OK	 
REQUEST		Listagem de profissionais	1626371586858	1626371588199	OK	 
REQUEST		Listagem de profissionais	1626371586841	1626371588199	OK	 
REQUEST		Listagem de profissionais	1626371586861	1626371588199	OK	 
REQUEST		Listagem de profissionais	1626371586861	1626371588202	OK	 
REQUEST		Listagem de profissionais	1626371586848	1626371588203	OK	 
REQUEST		Listagem de profissionais	1626371586807	1626371588204	OK	 
REQUEST		Listagem de profissionais	1626371586812	1626371588206	OK	 
REQUEST		Listagem de profissionais	1626371586886	1626371588206	OK	 
REQUEST		Listagem de profissionais	1626371586878	1626371588208	OK	 
REQUEST		Listagem de profissionais	1626371586870	1626371588209	OK	 
REQUEST		Listagem de profissionais	1626371586886	1626371588211	OK	 
REQUEST		Listagem de profissionais	1626371586902	1626371588211	OK	 
REQUEST		Listagem de profissionais	1626371586831	1626371588215	OK	 
REQUEST		Listagem de profissionais	1626371586865	1626371588216	OK	 
REQUEST		Listagem de profissionais	1626371586882	1626371588215	OK	 
REQUEST		Listagem de profissionais	1626371586902	1626371588218	OK	 
REQUEST		Listagem de profissionais	1626371586852	1626371588216	OK	 
REQUEST		Listagem de profissionais	1626371586871	1626371588216	OK	 
REQUEST		Listagem de profissionais	1626371586888	1626371588216	OK	 
REQUEST		Listagem de profissionais	1626371586874	1626371588217	OK	 
REQUEST		Listagem de profissionais	1626371586867	1626371588217	OK	 
REQUEST		Listagem de profissionais	1626371586890	1626371588217	OK	 
REQUEST		Listagem de profissionais	1626371586886	1626371588218	OK	 
REQUEST		Listagem de profissionais	1626371586885	1626371588225	OK	 
REQUEST		Listagem de profissionais	1626371586831	1626371588225	OK	 
REQUEST		Listagem de profissionais	1626371586895	1626371588226	OK	 
REQUEST		Listagem de profissionais	1626371586874	1626371588226	OK	 
REQUEST		Listagem de profissionais	1626371586860	1626371588226	OK	 
REQUEST		Listagem de profissionais	1626371586899	1626371588228	OK	 
REQUEST		Listagem de profissionais	1626371586861	1626371588231	OK	 
REQUEST		Listagem de profissionais	1626371586896	1626371588232	OK	 
REQUEST		Listagem de profissionais	1626371586896	1626371588234	OK	 
REQUEST		Listagem de profissionais	1626371586896	1626371588234	OK	 
REQUEST		Listagem de profissionais	1626371586882	1626371588234	OK	 
REQUEST		Listagem de profissionais	1626371586888	1626371588234	OK	 
REQUEST		Listagem de profissionais	1626371586892	1626371588234	OK	 
REQUEST		Listagem de profissionais	1626371586870	1626371588234	OK	 
REQUEST		Listagem de profissionais	1626371586903	1626371588236	OK	 
REQUEST		Listagem de profissionais	1626371586897	1626371588240	OK	 
REQUEST		Listagem de profissionais	1626371586861	1626371588240	OK	 
REQUEST		Listagem de profissionais	1626371586887	1626371588245	OK	 
REQUEST		Listagem de profissionais	1626371586891	1626371588246	OK	 
REQUEST		Listagem de profissionais	1626371586890	1626371588246	OK	 
REQUEST		Listagem de profissionais	1626371586885	1626371588246	OK	 
REQUEST		Listagem de profissionais	1626371586896	1626371588246	OK	 
REQUEST		Listagem de profissionais	1626371586902	1626371588247	OK	 
REQUEST		Listagem de profissionais	1626371586902	1626371588249	OK	 
REQUEST		Listagem de profissionais	1626371586899	1626371588250	OK	 
REQUEST		Listagem de profissionais	1626371586899	1626371588252	OK	 
REQUEST		Listagem de profissionais	1626371586903	1626371588254	OK	 
REQUEST		Adicionar novo profissional	1626371587634	1626371592676	OK	 
REQUEST		Adicionar novo profissional	1626371587994	1626371592719	OK	 
REQUEST		Adicionar novo profissional	1626371587997	1626371592721	OK	 
REQUEST		Adicionar novo profissional	1626371588068	1626371592816	OK	 
REQUEST		Adicionar novo profissional	1626371587994	1626371592817	OK	 
REQUEST		Adicionar novo profissional	1626371587634	1626371592817	OK	 
REQUEST		Adicionar novo profissional	1626371587634	1626371592818	OK	 
REQUEST		Adicionar novo profissional	1626371587995	1626371592818	OK	 
REQUEST		Adicionar novo profissional	1626371588009	1626371592843	OK	 
REQUEST		Adicionar novo profissional	1626371588064	1626371593003	OK	 
REQUEST		Adicionar novo profissional	1626371588078	1626371593003	OK	 
REQUEST		Adicionar novo profissional	1626371588065	1626371593042	OK	 
REQUEST		Adicionar novo profissional	1626371588077	1626371593046	OK	 
REQUEST		Adicionar novo profissional	1626371588065	1626371593047	OK	 
REQUEST		Adicionar novo profissional	1626371588073	1626371593047	OK	 
REQUEST		Adicionar novo profissional	1626371588084	1626371593052	OK	 
REQUEST		Adicionar novo profissional	1626371588080	1626371593051	OK	 
REQUEST		Adicionar novo profissional	1626371588083	1626371593052	OK	 
REQUEST		Adicionar novo profissional	1626371588081	1626371593053	OK	 
REQUEST		Adicionar novo profissional	1626371588084	1626371593077	OK	 
REQUEST		Adicionar novo profissional	1626371588089	1626371593079	OK	 
REQUEST		Adicionar novo profissional	1626371588080	1626371593082	OK	 
REQUEST		Adicionar novo profissional	1626371588093	1626371593084	OK	 
REQUEST		Adicionar novo profissional	1626371588086	1626371593092	OK	 
REQUEST		Adicionar novo profissional	1626371588092	1626371593097	OK	 
REQUEST		Adicionar novo profissional	1626371588074	1626371593097	OK	 
REQUEST		Adicionar novo profissional	1626371588095	1626371593098	OK	 
REQUEST		Adicionar novo profissional	1626371588085	1626371593103	OK	 
REQUEST		Adicionar novo profissional	1626371588193	1626371593290	OK	 
REQUEST		Buscar profissional criado	1626371592720	1626371593315	OK	 
REQUEST		Adicionar novo profissional	1626371588116	1626371593316	OK	 
REQUEST		Buscar profissional criado	1626371592723	1626371593317	OK	 
REQUEST		Buscar profissional criado	1626371592688	1626371593317	OK	 
REQUEST		Adicionar novo profissional	1626371588216	1626371593530	OK	 
REQUEST		Adicionar novo profissional	1626371588167	1626371593534	OK	 
REQUEST		Adicionar novo profissional	1626371588175	1626371593534	OK	 
REQUEST		Adicionar novo profissional	1626371588185	1626371593534	OK	 
REQUEST		Adicionar novo profissional	1626371588174	1626371593538	OK	 
REQUEST		Adicionar novo profissional	1626371588175	1626371593538	OK	 
REQUEST		Adicionar novo profissional	1626371588208	1626371593539	OK	 
REQUEST		Adicionar novo profissional	1626371588215	1626371593555	OK	 
REQUEST		Adicionar novo profissional	1626371588177	1626371593561	OK	 
REQUEST		Adicionar novo profissional	1626371588209	1626371593568	OK	 
REQUEST		Adicionar novo profissional	1626371588193	1626371593584	OK	 
REQUEST		Adicionar novo profissional	1626371588206	1626371593582	OK	 
REQUEST		Adicionar novo profissional	1626371588208	1626371593582	OK	 
REQUEST		Adicionar novo profissional	1626371588198	1626371593586	OK	 
REQUEST		Adicionar novo profissional	1626371588189	1626371593587	OK	 
REQUEST		Adicionar novo profissional	1626371588198	1626371593596	OK	 
REQUEST		Buscar profissional criado	1626371592840	1626371593600	OK	 
REQUEST		Buscar profissional criado	1626371592831	1626371593600	OK	 
REQUEST		Buscar profissional criado	1626371592831	1626371593611	OK	 
REQUEST		Adicionar novo profissional	1626371588173	1626371593612	OK	 
REQUEST		Buscar profissional criado	1626371592831	1626371593614	OK	 
REQUEST		Buscar profissional criado	1626371592854	1626371593618	OK	 
REQUEST		Buscar profissional criado	1626371592839	1626371593624	OK	 
REQUEST		Adicionar novo profissional	1626371588185	1626371593791	OK	 
REQUEST		Adicionar novo profissional	1626371588203	1626371593794	OK	 
REQUEST		Adicionar novo profissional	1626371588224	1626371593794	OK	 
REQUEST		Adicionar novo profissional	1626371588211	1626371593798	OK	 
REQUEST		Adicionar novo profissional	1626371588224	1626371593798	OK	 
REQUEST		Adicionar novo profissional	1626371588198	1626371593821	OK	 
REQUEST		Adicionar novo profissional	1626371588181	1626371593824	OK	 
REQUEST		Adicionar novo profissional	1626371588223	1626371593825	OK	 
REQUEST		Adicionar novo profissional	1626371588184	1626371593828	OK	 
REQUEST		Adicionar novo profissional	1626371588205	1626371593827	OK	 
REQUEST		Adicionar novo profissional	1626371588224	1626371593831	OK	 
REQUEST		Adicionar novo profissional	1626371588169	1626371593831	OK	 
REQUEST		Adicionar novo profissional	1626371588203	1626371593849	OK	 
REQUEST		Adicionar novo profissional	1626371588196	1626371593849	OK	 
REQUEST		Adicionar novo profissional	1626371588177	1626371593850	OK	 
REQUEST		Adicionar novo profissional	1626371588199	1626371593849	OK	 
REQUEST		Adicionar novo profissional	1626371588226	1626371593859	OK	 
REQUEST		Adicionar novo profissional	1626371588203	1626371593863	OK	 
REQUEST		Adicionar novo profissional	1626371588218	1626371593873	OK	 
REQUEST		Adicionar novo profissional	1626371588233	1626371593870	OK	 
REQUEST		Adicionar novo profissional	1626371588241	1626371593871	OK	 
REQUEST		Adicionar novo profissional	1626371588233	1626371593871	OK	 
REQUEST		Adicionar novo profissional	1626371588224	1626371593873	OK	 
REQUEST		Adicionar novo profissional	1626371588224	1626371593874	OK	 
REQUEST		Adicionar novo profissional	1626371588250	1626371593890	OK	 
REQUEST		Adicionar novo profissional	1626371588206	1626371593890	OK	 
REQUEST		Adicionar novo profissional	1626371588252	1626371593894	OK	 
REQUEST		Adicionar novo profissional	1626371588241	1626371593898	OK	 
REQUEST		Adicionar novo profissional	1626371588236	1626371593901	OK	 
REQUEST		Adicionar novo profissional	1626371588204	1626371593903	OK	 
REQUEST		Adicionar novo profissional	1626371588250	1626371593903	OK	 
REQUEST		Adicionar novo profissional	1626371588255	1626371593914	OK	 
REQUEST		Adicionar novo profissional	1626371588250	1626371593915	OK	 
REQUEST		Adicionar novo profissional	1626371588245	1626371593915	OK	 
REQUEST		Adicionar novo profissional	1626371588233	1626371594157	OK	 
REQUEST		Adicionar novo profissional	1626371588223	1626371594157	OK	 
REQUEST		Adicionar novo profissional	1626371588225	1626371594162	OK	 
REQUEST		Adicionar novo profissional	1626371588241	1626371594165	OK	 
REQUEST		Adicionar novo profissional	1626371588249	1626371594167	OK	 
REQUEST		Adicionar novo profissional	1626371588235	1626371594172	OK	 
REQUEST		Adicionar novo profissional	1626371588241	1626371594175	OK	 
REQUEST		Adicionar novo profissional	1626371588233	1626371594175	OK	 
REQUEST		Adicionar novo profissional	1626371588234	1626371594190	OK	 
REQUEST		Adicionar novo profissional	1626371588252	1626371594190	OK	 
REQUEST		Adicionar novo profissional	1626371588244	1626371594191	OK	 
REQUEST		Adicionar novo profissional	1626371588240	1626371594199	OK	 
REQUEST		Adicionar novo profissional	1626371588241	1626371594201	OK	 
REQUEST		Adicionar novo profissional	1626371588250	1626371594201	OK	 
REQUEST		Adicionar novo profissional	1626371588254	1626371594201	OK	 
REQUEST		Adicionar novo profissional	1626371588225	1626371594206	OK	 
REQUEST		Adicionar novo profissional	1626371588245	1626371594213	OK	 
REQUEST		Buscar profissional criado	1626371593010	1626371594216	OK	 
REQUEST		Buscar profissional criado	1626371593077	1626371594217	OK	 
REQUEST		Buscar profissional criado	1626371593080	1626371594219	OK	 
REQUEST		Adicionar novo profissional	1626371588250	1626371594267	OK	 
REQUEST		Adicionar novo profissional	1626371588241	1626371594277	OK	 
REQUEST		Buscar profissional criado	1626371593077	1626371594302	OK	 
REQUEST		Buscar profissional criado	1626371593072	1626371594302	OK	 
REQUEST		Buscar profissional criado	1626371593011	1626371594302	OK	 
REQUEST		Buscar profissional criado	1626371593078	1626371594303	OK	 
REQUEST		Buscar profissional criado	1626371593090	1626371594310	OK	 
REQUEST		Buscar profissional criado	1626371593080	1626371594310	OK	 
REQUEST		Buscar profissional criado	1626371593080	1626371594310	OK	 
REQUEST		Buscar profissional criado	1626371593080	1626371594311	OK	 
REQUEST		Buscar profissional criado	1626371593105	1626371594313	OK	 
REQUEST		Buscar profissional criado	1626371593092	1626371594315	OK	 
REQUEST		Buscar profissional criado	1626371593097	1626371594314	OK	 
REQUEST		Buscar profissional criado	1626371593093	1626371594315	OK	 
REQUEST		Buscar profissional criado	1626371593102	1626371594318	OK	 
REQUEST		Buscar profissional criado	1626371593102	1626371594320	OK	 
REQUEST		Buscar profissional criado	1626371593564	1626371594320	OK	 
REQUEST		Buscar profissional criado	1626371593555	1626371594321	OK	 
REQUEST		Buscar profissional criado	1626371593102	1626371594321	OK	 
REQUEST		Buscar profissional criado	1626371593565	1626371594321	OK	 
REQUEST		Buscar profissional criado	1626371593571	1626371594322	OK	 
REQUEST		Buscar profissional criado	1626371593296	1626371594324	OK	 
REQUEST		Buscar profissional criado	1626371593565	1626371594326	OK	 
REQUEST		Buscar profissional criado	1626371593572	1626371594328	OK	 
REQUEST		Buscar profissional criado	1626371593595	1626371594328	OK	 
REQUEST		Buscar profissional criado	1626371593102	1626371594330	OK	 
REQUEST		Buscar profissional criado	1626371593597	1626371594330	OK	 
REQUEST		Buscar profissional criado	1626371593593	1626371594332	OK	 
REQUEST		Buscar profissional criado	1626371593584	1626371594333	OK	 
REQUEST		Buscar profissional criado	1626371593585	1626371594335	OK	 
REQUEST		Buscar profissional criado	1626371593624	1626371594335	OK	 
REQUEST		Buscar profissional criado	1626371593554	1626371594337	OK	 
REQUEST		Buscar profissional criado	1626371593589	1626371594338	OK	 
REQUEST		Buscar profissional criado	1626371593320	1626371594341	OK	 
REQUEST		Buscar profissional criado	1626371593595	1626371594345	OK	 
REQUEST		Buscar profissional criado	1626371593594	1626371594348	OK	 
REQUEST		Buscar profissional criado	1626371593601	1626371594348	OK	 
REQUEST		Buscar profissional criado	1626371593814	1626371594350	OK	 
REQUEST		Buscar profissional criado	1626371593822	1626371594350	OK	 
REQUEST		Buscar profissional criado	1626371593820	1626371594353	OK	 
REQUEST		Buscar profissional criado	1626371593821	1626371594353	OK	 
REQUEST		Buscar profissional criado	1626371593863	1626371594355	OK	 
REQUEST		Buscar profissional criado	1626371593847	1626371594355	OK	 
REQUEST		Buscar profissional criado	1626371593822	1626371594356	OK	 
REQUEST		Buscar profissional criado	1626371593870	1626371594357	OK	 
REQUEST		Buscar profissional criado	1626371593888	1626371594358	OK	 
REQUEST		Buscar profissional criado	1626371593866	1626371594358	OK	 
REQUEST		Buscar profissional criado	1626371593864	1626371594360	OK	 
REQUEST		Buscar profissional criado	1626371593831	1626371594362	OK	 
REQUEST		Buscar profissional criado	1626371593880	1626371594364	OK	 
REQUEST		Buscar profissional criado	1626371593888	1626371594362	OK	 
REQUEST		Buscar profissional criado	1626371593889	1626371594363	OK	 
REQUEST		Buscar profissional criado	1626371593845	1626371594366	OK	 
REQUEST		Buscar profissional criado	1626371593845	1626371594368	OK	 
REQUEST		Buscar profissional criado	1626371593834	1626371594367	OK	 
REQUEST		Buscar profissional criado	1626371593889	1626371594368	OK	 
REQUEST		Buscar profissional criado	1626371593889	1626371594370	OK	 
REQUEST		Buscar profissional criado	1626371593918	1626371594370	OK	 
REQUEST		Buscar profissional criado	1626371593875	1626371594373	OK	 
REQUEST		Buscar profissional criado	1626371593835	1626371594374	OK	 
REQUEST		Buscar profissional criado	1626371593910	1626371594374	OK	 
REQUEST		Buscar profissional criado	1626371593918	1626371594375	OK	 
REQUEST		Buscar profissional criado	1626371593910	1626371594377	OK	 
REQUEST		Buscar profissional criado	1626371593903	1626371594377	OK	 
REQUEST		Buscar profissional criado	1626371593907	1626371594379	OK	 
REQUEST		Buscar profissional criado	1626371593909	1626371594381	OK	 
REQUEST		Buscar profissional criado	1626371593887	1626371594382	OK	 
REQUEST		Buscar profissional criado	1626371593848	1626371594388	OK	 
REQUEST		Buscar profissional criado	1626371593917	1626371594393	OK	 
REQUEST		Buscar profissional criado	1626371593906	1626371594395	OK	 
REQUEST		Buscar profissional criado	1626371593901	1626371594401	OK	 
REQUEST		Buscar profissional criado	1626371594167	1626371594418	OK	 
REQUEST		Buscar profissional criado	1626371594171	1626371594428	OK	 
REQUEST		Buscar profissional criado	1626371594190	1626371594430	OK	 
REQUEST		Buscar profissional criado	1626371594197	1626371594432	OK	 
REQUEST		Buscar profissional criado	1626371594175	1626371594432	OK	 
REQUEST		Buscar profissional criado	1626371594172	1626371594433	OK	 
REQUEST		Buscar profissional criado	1626371594202	1626371594435	OK	 
REQUEST		Buscar profissional criado	1626371594197	1626371594437	OK	 
REQUEST		Buscar profissional criado	1626371594214	1626371594442	OK	 
REQUEST		Buscar profissional criado	1626371594196	1626371594444	OK	 
REQUEST		Buscar profissional criado	1626371594213	1626371594448	OK	 
REQUEST		Buscar profissional criado	1626371594211	1626371594448	OK	 
REQUEST		Buscar profissional criado	1626371594210	1626371594448	OK	 
REQUEST		Buscar profissional criado	1626371594203	1626371594451	OK	 
REQUEST		Buscar profissional criado	1626371594212	1626371594455	OK	 
REQUEST		Buscar profissional criado	1626371594268	1626371594455	OK	 
REQUEST		Buscar profissional criado	1626371594200	1626371594464	OK	 
REQUEST		Buscar profissional criado	1626371594211	1626371594465	OK	 
REQUEST		Buscar profissional criado	1626371594278	1626371594486	OK	 
REQUEST		Editar profissional	1626371593618	1626371594812	OK	 
REQUEST		Editar profissional	1626371593318	1626371594831	OK	 
REQUEST		Editar profissional	1626371593624	1626371594849	OK	 
REQUEST		Editar profissional	1626371593321	1626371594853	OK	 
REQUEST		Editar profissional	1626371593628	1626371594853	OK	 
REQUEST		Editar profissional	1626371593626	1626371594876	OK	 
REQUEST		Editar profissional	1626371593321	1626371594891	OK	 
REQUEST		Editar profissional	1626371593613	1626371594891	OK	 
REQUEST		Editar profissional	1626371593628	1626371594904	OK	 
REQUEST		Editar profissional	1626371594218	1626371595004	OK	 
REQUEST		Editar profissional	1626371594217	1626371595016	OK	 
REQUEST		Editar profissional	1626371594220	1626371595021	OK	 
REQUEST		Editar profissional	1626371594308	1626371595160	OK	 
REQUEST		Editar profissional	1626371594309	1626371595166	OK	 
REQUEST		Editar profissional	1626371594308	1626371595174	OK	 
REQUEST		Editar profissional	1626371594308	1626371595182	OK	 
REQUEST		Editar profissional	1626371594312	1626371595184	OK	 
REQUEST		Editar profissional	1626371594313	1626371595184	OK	 
REQUEST		Editar profissional	1626371594312	1626371595186	OK	 
REQUEST		Editar profissional	1626371594314	1626371595188	OK	 
REQUEST		Editar profissional	1626371594332	1626371595191	OK	 
REQUEST		Editar profissional	1626371594314	1626371595193	OK	 
REQUEST		Editar profissional	1626371594324	1626371595193	OK	 
REQUEST		Editar profissional	1626371594325	1626371595193	OK	 
REQUEST		Editar profissional	1626371594317	1626371595200	OK	 
REQUEST		Editar profissional	1626371594324	1626371595200	OK	 
REQUEST		Editar profissional	1626371594351	1626371595203	OK	 
REQUEST		Editar profissional	1626371594320	1626371595203	OK	 
REQUEST		Editar profissional	1626371594327	1626371595203	OK	 
REQUEST		Editar profissional	1626371594327	1626371595203	OK	 
REQUEST		Editar profissional	1626371594325	1626371595203	OK	 
REQUEST		Editar profissional	1626371594336	1626371595205	OK	 
REQUEST		Editar profissional	1626371594325	1626371595212	OK	 
REQUEST		Editar profissional	1626371594339	1626371595214	OK	 
REQUEST		Editar profissional	1626371594335	1626371595215	OK	 
REQUEST		Editar profissional	1626371594332	1626371595212	OK	 
REQUEST		Editar profissional	1626371594356	1626371595212	OK	 
REQUEST		Editar profissional	1626371594358	1626371595218	OK	 
REQUEST		Editar profissional	1626371594338	1626371595217	OK	 
REQUEST		Editar profissional	1626371594334	1626371595217	OK	 
REQUEST		Editar profissional	1626371594360	1626371595221	OK	 
REQUEST		Editar profissional	1626371594336	1626371595219	OK	 
REQUEST		Editar profissional	1626371594318	1626371595221	OK	 
REQUEST		Editar profissional	1626371594355	1626371595221	OK	 
REQUEST		Editar profissional	1626371594333	1626371595224	OK	 
REQUEST		Editar profissional	1626371594369	1626371595228	OK	 
REQUEST		Editar profissional	1626371594324	1626371595228	OK	 
REQUEST		Editar profissional	1626371594319	1626371595228	OK	 
REQUEST		Editar profissional	1626371594366	1626371595233	OK	 
REQUEST		Editar profissional	1626371594355	1626371595229	OK	 
REQUEST		Editar profissional	1626371594380	1626371595231	OK	 
REQUEST		Editar profissional	1626371594371	1626371595233	OK	 
REQUEST		Editar profissional	1626371594431	1626371595235	OK	 
REQUEST		Editar profissional	1626371594364	1626371595235	OK	 
REQUEST		Editar profissional	1626371594358	1626371595235	OK	 
REQUEST		Editar profissional	1626371594367	1626371595238	OK	 
REQUEST		Editar profissional	1626371594335	1626371595247	OK	 
REQUEST		Editar profissional	1626371594372	1626371595244	OK	 
REQUEST		Editar profissional	1626371594366	1626371595245	OK	 
REQUEST		Editar profissional	1626371594359	1626371595250	OK	 
REQUEST		Editar profissional	1626371594341	1626371595247	OK	 
REQUEST		Editar profissional	1626371594374	1626371595249	OK	 
REQUEST		Editar profissional	1626371594349	1626371595249	OK	 
REQUEST		Editar profissional	1626371594348	1626371595250	OK	 
REQUEST		Editar profissional	1626371594370	1626371595250	OK	 
REQUEST		Editar profissional	1626371594378	1626371595253	OK	 
REQUEST		Editar profissional	1626371594434	1626371595263	OK	 
REQUEST		Editar profissional	1626371594381	1626371595261	OK	 
REQUEST		Editar profissional	1626371594433	1626371595261	OK	 
REQUEST		Editar profissional	1626371594378	1626371595262	OK	 
REQUEST		Editar profissional	1626371594380	1626371595263	OK	 
REQUEST		Deletar profissional	1626371594878	1626371595264	OK	 
REQUEST		Editar profissional	1626371594388	1626371595265	OK	 
REQUEST		Editar profissional	1626371594439	1626371595267	OK	 
REQUEST		Editar profissional	1626371594366	1626371595269	OK	 
REQUEST		Deletar profissional	1626371594869	1626371595276	OK	 
REQUEST		Editar profissional	1626371594370	1626371595272	OK	 
REQUEST		Editar profissional	1626371594372	1626371595273	OK	 
REQUEST		Editar profissional	1626371594362	1626371595279	OK	 
REQUEST		Editar profissional	1626371594350	1626371595276	OK	 
REQUEST		Editar profissional	1626371594419	1626371595276	OK	 
REQUEST		Editar profissional	1626371594448	1626371595277	OK	 
REQUEST		Editar profissional	1626371594429	1626371595277	OK	 
REQUEST		Editar profissional	1626371594383	1626371595278	OK	 
REQUEST		Editar profissional	1626371594382	1626371595280	OK	 
REQUEST		Editar profissional	1626371594349	1626371595282	OK	 
REQUEST		Deletar profissional	1626371594848	1626371595283	OK	 
REQUEST		Editar profissional	1626371594452	1626371595285	OK	 
REQUEST		Editar profissional	1626371594402	1626371595287	OK	 
REQUEST		Deletar profissional	1626371594817	1626371595292	OK	 
REQUEST		Deletar profissional	1626371594894	1626371595288	OK	 
REQUEST		Editar profissional	1626371594450	1626371595290	OK	 
REQUEST		Editar profissional	1626371594465	1626371595291	OK	 
REQUEST		Deletar profissional	1626371594906	1626371595293	OK	 
REQUEST		Deletar profissional	1626371595021	1626371595294	OK	 
REQUEST		Editar profissional	1626371594450	1626371595295	OK	 
REQUEST		Editar profissional	1626371594456	1626371595295	OK	 
REQUEST		Editar profissional	1626371594433	1626371595296	OK	 
REQUEST		Editar profissional	1626371594456	1626371595296	OK	 
REQUEST		Editar profissional	1626371594396	1626371595297	OK	 
REQUEST		Editar profissional	1626371594436	1626371595297	OK	 
REQUEST		Deletar profissional	1626371594868	1626371595298	OK	 
REQUEST		Deletar profissional	1626371594894	1626371595304	OK	 
REQUEST		Deletar profissional	1626371595008	1626371595306	OK	 
REQUEST		Editar profissional	1626371594378	1626371595307	OK	 
REQUEST		Deletar profissional	1626371595037	1626371595308	OK	 
REQUEST		Editar profissional	1626371594466	1626371595308	OK	 
REQUEST		Editar profissional	1626371594450	1626371595308	OK	 
REQUEST		Editar profissional	1626371594487	1626371595311	OK	 
REQUEST		Deletar profissional	1626371594870	1626371595311	OK	 
REQUEST		Editar profissional	1626371594394	1626371595314	OK	 
REQUEST		Editar profissional	1626371594443	1626371595315	OK	 
REQUEST		Deletar profissional	1626371595162	1626371595326	OK	 
REQUEST		Deletar profissional	1626371595169	1626371595327	OK	 
REQUEST		Deletar profissional	1626371595176	1626371595341	OK	 
REQUEST		Deletar profissional	1626371595184	1626371596376	OK	 
REQUEST		Deletar profissional	1626371595189	1626371596381	OK	 
REQUEST		Deletar profissional	1626371595188	1626371596388	OK	 
REQUEST		Deletar profissional	1626371595187	1626371596402	OK	 
REQUEST		Deletar profissional	1626371595201	1626371596417	OK	 
REQUEST		Deletar profissional	1626371595197	1626371596418	OK	 
REQUEST		Deletar profissional	1626371595192	1626371596418	OK	 
REQUEST		Deletar profissional	1626371595201	1626371596418	OK	 
REQUEST		Deletar profissional	1626371595205	1626371596515	OK	 
REQUEST		Deletar profissional	1626371595209	1626371596518	OK	 
REQUEST		Deletar profissional	1626371595201	1626371596519	OK	 
REQUEST		Deletar profissional	1626371595208	1626371596521	OK	 
REQUEST		Deletar profissional	1626371595216	1626371596523	OK	 
REQUEST		Deletar profissional	1626371595211	1626371596526	OK	 
REQUEST		Deletar profissional	1626371595211	1626371596527	OK	 
REQUEST		Deletar profissional	1626371595211	1626371596530	OK	 
REQUEST		Deletar profissional	1626371595204	1626371596533	OK	 
REQUEST		Deletar profissional	1626371595209	1626371596533	OK	 
REQUEST		Deletar profissional	1626371595218	1626371596536	OK	 
REQUEST		Deletar profissional	1626371595218	1626371596540	OK	 
REQUEST		Deletar profissional	1626371595229	1626371596548	OK	 
REQUEST		Deletar profissional	1626371595226	1626371596574	OK	 
REQUEST		Deletar profissional	1626371595252	1626371596575	OK	 
REQUEST		Deletar profissional	1626371595223	1626371596575	OK	 
REQUEST		Deletar profissional	1626371595217	1626371596581	OK	 
REQUEST		Deletar profissional	1626371595231	1626371596581	OK	 
REQUEST		Deletar profissional	1626371595235	1626371596591	OK	 
REQUEST		Deletar profissional	1626371595263	1626371596591	OK	 
REQUEST		Deletar profissional	1626371595219	1626371596595	OK	 
REQUEST		Deletar profissional	1626371595231	1626371596604	OK	 
REQUEST		Deletar profissional	1626371595238	1626371596603	OK	 
REQUEST		Deletar profissional	1626371595284	1626371596609	OK	 
REQUEST		Deletar profissional	1626371595224	1626371596611	OK	 
REQUEST		Deletar profissional	1626371595239	1626371596607	OK	 
REQUEST		Deletar profissional	1626371595250	1626371596609	OK	 
REQUEST		Deletar profissional	1626371595238	1626371596610	OK	 
REQUEST		Deletar profissional	1626371595283	1626371596611	OK	 
REQUEST		Deletar profissional	1626371595247	1626371596611	OK	 
REQUEST		Deletar profissional	1626371595233	1626371596613	OK	 
REQUEST		Deletar profissional	1626371595261	1626371596619	OK	 
REQUEST		Deletar profissional	1626371595252	1626371596616	OK	 
REQUEST		Deletar profissional	1626371595237	1626371596616	OK	 
REQUEST		Deletar profissional	1626371595245	1626371596618	OK	 
REQUEST		Deletar profissional	1626371595247	1626371596622	OK	 
REQUEST		Deletar profissional	1626371595279	1626371596624	OK	 
REQUEST		Deletar profissional	1626371595304	1626371596620	OK	 
REQUEST		Deletar profissional	1626371595286	1626371596627	OK	 
REQUEST		Deletar profissional	1626371595277	1626371596624	OK	 
REQUEST		Deletar profissional	1626371595262	1626371596630	OK	 
REQUEST		Deletar profissional	1626371595250	1626371596632	OK	 
REQUEST		Listagem de clientes	1626371595342	1626371596633	OK	 
REQUEST		Deletar profissional	1626371595237	1626371596630	OK	 
REQUEST		Deletar profissional	1626371595287	1626371596634	OK	 
REQUEST		Deletar profissional	1626371595269	1626371596636	OK	 
REQUEST		Deletar profissional	1626371595266	1626371596636	OK	 
REQUEST		Deletar profissional	1626371595269	1626371596640	OK	 
REQUEST		Deletar profissional	1626371595262	1626371596638	OK	 
REQUEST		Deletar profissional	1626371595228	1626371596639	OK	 
REQUEST		Deletar profissional	1626371595285	1626371596639	OK	 
REQUEST		Deletar profissional	1626371595283	1626371596642	OK	 
REQUEST		Deletar profissional	1626371595298	1626371596649	OK	 
REQUEST		Deletar profissional	1626371595305	1626371596654	OK	 
REQUEST		Deletar profissional	1626371595272	1626371596653	OK	 
REQUEST		Deletar profissional	1626371595267	1626371596653	OK	 
REQUEST		Deletar profissional	1626371595295	1626371596656	OK	 
REQUEST		Deletar profissional	1626371595268	1626371596657	OK	 
REQUEST		Deletar profissional	1626371595288	1626371596657	OK	 
REQUEST		Deletar profissional	1626371595284	1626371596665	OK	 
REQUEST		Deletar profissional	1626371595261	1626371596658	OK	 
REQUEST		Deletar profissional	1626371595244	1626371596660	OK	 
REQUEST		Deletar profissional	1626371595294	1626371596661	OK	 
REQUEST		Listagem de clientes	1626371595297	1626371596666	OK	 
REQUEST		Deletar profissional	1626371595290	1626371596671	OK	 
REQUEST		Deletar profissional	1626371595262	1626371596672	OK	 
REQUEST		Deletar profissional	1626371595304	1626371596672	OK	 
REQUEST		Deletar profissional	1626371595275	1626371596676	OK	 
REQUEST		Deletar profissional	1626371595282	1626371596717	OK	 
REQUEST		Deletar profissional	1626371595305	1626371596718	OK	 
REQUEST		Deletar profissional	1626371595299	1626371596741	OK	 
REQUEST		Deletar profissional	1626371595312	1626371596742	OK	 
REQUEST		Listagem de clientes	1626371595328	1626371596757	OK	 
REQUEST		Listagem de clientes	1626371595302	1626371596767	OK	 
REQUEST		Listagem de clientes	1626371595305	1626371596871	OK	 
REQUEST		Listagem de clientes	1626371595296	1626371596872	OK	 
REQUEST		Listagem de clientes	1626371595310	1626371596875	OK	 
REQUEST		Listagem de clientes	1626371595303	1626371596876	OK	 
REQUEST		Listagem de clientes	1626371595292	1626371596877	OK	 
REQUEST		Listagem de clientes	1626371595311	1626371596881	OK	 
REQUEST		Listagem de clientes	1626371595281	1626371596882	OK	 
REQUEST		Listagem de clientes	1626371595272	1626371596899	OK	 
REQUEST		Listagem de clientes	1626371595313	1626371596899	OK	 
REQUEST		Deletar profissional	1626371595313	1626371596934	OK	 
REQUEST		Deletar profissional	1626371595303	1626371596947	OK	 
REQUEST		Listagem de clientes	1626371595309	1626371596948	OK	 
REQUEST		Listagem de clientes	1626371595327	1626371596954	OK	 
REQUEST		Deletar profissional	1626371595311	1626371596963	OK	 
REQUEST		Deletar profissional	1626371595317	1626371596961	OK	 
REQUEST		Deletar profissional	1626371595304	1626371596963	OK	 
REQUEST		Deletar profissional	1626371595312	1626371596971	OK	 
REQUEST		Deletar profissional	1626371595315	1626371596973	OK	 
REQUEST		Listagem de clientes	1626371596385	1626371599585	OK	 
REQUEST		Listagem de clientes	1626371596529	1626371599885	OK	 
REQUEST		Listagem de clientes	1626371596535	1626371599895	OK	 
REQUEST		Listagem de clientes	1626371596526	1626371599910	OK	 
REQUEST		Listagem de clientes	1626371596423	1626371599888	OK	 
REQUEST		Listagem de clientes	1626371596528	1626371599895	OK	 
REQUEST		Listagem de clientes	1626371596518	1626371599896	OK	 
REQUEST		Listagem de clientes	1626371596424	1626371599911	OK	 
REQUEST		Listagem de clientes	1626371596535	1626371599948	OK	 
REQUEST		Listagem de clientes	1626371596522	1626371599931	OK	 
REQUEST		Listagem de clientes	1626371596536	1626371599944	OK	 
REQUEST		Listagem de clientes	1626371596546	1626371599948	OK	 
REQUEST		Listagem de clientes	1626371596550	1626371599948	OK	 
REQUEST		Listagem de clientes	1626371596546	1626371599954	OK	 
REQUEST		Listagem de clientes	1626371596405	1626371599981	OK	 
REQUEST		Listagem de clientes	1626371596381	1626371600001	OK	 
REQUEST		Listagem de clientes	1626371596423	1626371600005	OK	 
REQUEST		Listagem de clientes	1626371596423	1626371600006	OK	 
REQUEST		Listagem de clientes	1626371596391	1626371600006	OK	 
REQUEST		Listagem de clientes	1626371596546	1626371600022	OK	 
REQUEST		Listagem de clientes	1626371596546	1626371600026	OK	 
REQUEST		Listagem de clientes	1626371596579	1626371600079	OK	 
REQUEST		Listagem de clientes	1626371596613	1626371600082	OK	 
REQUEST		Listagem de clientes	1626371596631	1626371600085	OK	 
REQUEST		Listagem de clientes	1626371596628	1626371600086	OK	 
REQUEST		Listagem de clientes	1626371596588	1626371600129	OK	 
REQUEST		Listagem de clientes	1626371596626	1626371600129	OK	 
REQUEST		Listagem de clientes	1626371596625	1626371600144	OK	 
REQUEST		Listagem de clientes	1626371596648	1626371600145	OK	 
REQUEST		Listagem de clientes	1626371596975	1626371600487	OK	 
REQUEST		Listagem de clientes	1626371596646	1626371600488	OK	 
REQUEST		Listagem de clientes	1626371596670	1626371600499	OK	 
REQUEST		Listagem de clientes	1626371596661	1626371600505	OK	 
REQUEST		Listagem de clientes	1626371596616	1626371601005	OK	 
REQUEST		Listagem de clientes	1626371596973	1626371601007	OK	 
REQUEST		Listagem de clientes	1626371596618	1626371601012	OK	 
REQUEST		Listagem de clientes	1626371596622	1626371601037	OK	 
REQUEST		Listagem de clientes	1626371596977	1626371601031	OK	 
REQUEST		Listagem de clientes	1626371596626	1626371601032	OK	 
REQUEST		Listagem de clientes	1626371596635	1626371601038	OK	 
REQUEST		Listagem de clientes	1626371596619	1626371601038	OK	 
REQUEST		Listagem de clientes	1626371596603	1626371601042	OK	 
REQUEST		Listagem de clientes	1626371596668	1626371601047	OK	 
REQUEST		Listagem de clientes	1626371596957	1626371601055	OK	 
REQUEST		Listagem de clientes	1626371596617	1626371601055	OK	 
REQUEST		Listagem de clientes	1626371596718	1626371601056	OK	 
REQUEST		Listagem de clientes	1626371596665	1626371601056	OK	 
REQUEST		Listagem de clientes	1626371596579	1626371601056	OK	 
REQUEST		Listagem de clientes	1626371596638	1626371601073	OK	 
REQUEST		Listagem de clientes	1626371596668	1626371601087	OK	 
REQUEST		Listagem de clientes	1626371596646	1626371601089	OK	 
REQUEST		Listagem de clientes	1626371596652	1626371601091	OK	 
REQUEST		Listagem de clientes	1626371596658	1626371601115	OK	 
REQUEST		Listagem de clientes	1626371596645	1626371601117	OK	 
REQUEST		Listagem de clientes	1626371596670	1626371601118	OK	 
REQUEST		Listagem de clientes	1626371596578	1626371601120	OK	 
REQUEST		Listagem de clientes	1626371596594	1626371601134	OK	 
REQUEST		Listagem de clientes	1626371596631	1626371601136	OK	 
REQUEST		Listagem de clientes	1626371596626	1626371601137	OK	 
REQUEST		Listagem de clientes	1626371596623	1626371601141	OK	 
REQUEST		Listagem de clientes	1626371596594	1626371601141	OK	 
REQUEST		Listagem de clientes	1626371596637	1626371601143	OK	 
REQUEST		Listagem de clientes	1626371596618	1626371601143	OK	 
REQUEST		Listagem de clientes	1626371596609	1626371601144	OK	 
REQUEST		Listagem de clientes	1626371596677	1626371601159	OK	 
REQUEST		Listagem de clientes	1626371596675	1626371601150	OK	 
REQUEST		Listagem de clientes	1626371596675	1626371601156	OK	 
REQUEST		Listagem de clientes	1626371596670	1626371601159	OK	 
REQUEST		Listagem de clientes	1626371596652	1626371601167	OK	 
REQUEST		Listagem de clientes	1626371596612	1626371601170	OK	 
REQUEST		Listagem de clientes	1626371596667	1626371601171	OK	 
REQUEST		Listagem de clientes	1626371596973	1626371601169	OK	 
REQUEST		Listagem de clientes	1626371596625	1626371601171	OK	 
REQUEST		Listagem de clientes	1626371596675	1626371601171	OK	 
REQUEST		Listagem de clientes	1626371596668	1626371601174	OK	 
REQUEST		Listagem de clientes	1626371596652	1626371601174	OK	 
REQUEST		Listagem de clientes	1626371596658	1626371601175	OK	 
REQUEST		Listagem de clientes	1626371596641	1626371601180	OK	 
REQUEST		Listagem de clientes	1626371596746	1626371601182	OK	 
REQUEST		Listagem de clientes	1626371596588	1626371601181	OK	 
REQUEST		Listagem de clientes	1626371596634	1626371601181	OK	 
REQUEST		Listagem de clientes	1626371596747	1626371601184	OK	 
REQUEST		Listagem de clientes	1626371596718	1626371601185	OK	 
REQUEST		Listagem de clientes	1626371596947	1626371601187	OK	 
REQUEST		Listagem de clientes	1626371596977	1626371601186	OK	 
REQUEST		Adicionar novo cliente	1626371596637	1626371603062	OK	 
REQUEST		Adicionar novo cliente	1626371596764	1626371603061	OK	 
REQUEST		Adicionar novo cliente	1626371596671	1626371603062	OK	 
REQUEST		Adicionar novo cliente	1626371596942	1626371603062	OK	 
REQUEST		Adicionar novo cliente	1626371596944	1626371603063	OK	 
REQUEST		Adicionar novo cliente	1626371596934	1626371603076	OK	 
REQUEST		Adicionar novo cliente	1626371596940	1626371603076	OK	 
REQUEST		Adicionar novo cliente	1626371596773	1626371603078	OK	 
REQUEST		Adicionar novo cliente	1626371596912	1626371603084	OK	 
REQUEST		Adicionar novo cliente	1626371596941	1626371603085	OK	 
REQUEST		Adicionar novo cliente	1626371596963	1626371603094	OK	 
REQUEST		Adicionar novo cliente	1626371596944	1626371603094	OK	 
REQUEST		Adicionar novo cliente	1626371596940	1626371603099	OK	 
REQUEST		Adicionar novo cliente	1626371596942	1626371603099	OK	 
REQUEST		Adicionar novo cliente	1626371596961	1626371603099	OK	 
REQUEST		Adicionar novo cliente	1626371599930	1626371603206	OK	 
REQUEST		Adicionar novo cliente	1626371599590	1626371603211	OK	 
REQUEST		Adicionar novo cliente	1626371599977	1626371603223	OK	 
REQUEST		Adicionar novo cliente	1626371599953	1626371603229	OK	 
REQUEST		Adicionar novo cliente	1626371600005	1626371603230	OK	 
REQUEST		Adicionar novo cliente	1626371599944	1626371603230	OK	 
REQUEST		Adicionar novo cliente	1626371599948	1626371603241	OK	 
REQUEST		Adicionar novo cliente	1626371600129	1626371603241	OK	 
REQUEST		Adicionar novo cliente	1626371600114	1626371603242	OK	 
REQUEST		Adicionar novo cliente	1626371599953	1626371603245	OK	 
REQUEST		Adicionar novo cliente	1626371599973	1626371603245	OK	 
REQUEST		Adicionar novo cliente	1626371599947	1626371603245	OK	 
REQUEST		Adicionar novo cliente	1626371599972	1626371603251	OK	 
REQUEST		Adicionar novo cliente	1626371600025	1626371603266	OK	 
REQUEST		Adicionar novo cliente	1626371600151	1626371603269	OK	 
REQUEST		Adicionar novo cliente	1626371599978	1626371603271	OK	 
REQUEST		Adicionar novo cliente	1626371599984	1626371603279	OK	 
REQUEST		Adicionar novo cliente	1626371600156	1626371603279	OK	 
REQUEST		Adicionar novo cliente	1626371599979	1626371603280	OK	 
REQUEST		Adicionar novo cliente	1626371600021	1626371603281	OK	 
REQUEST		Adicionar novo cliente	1626371599948	1626371603288	OK	 
REQUEST		Adicionar novo cliente	1626371599978	1626371603291	OK	 
REQUEST		Adicionar novo cliente	1626371600144	1626371603331	OK	 
REQUEST		Adicionar novo cliente	1626371600130	1626371603332	OK	 
REQUEST		Adicionar novo cliente	1626371600498	1626371603332	OK	 
REQUEST		Adicionar novo cliente	1626371600021	1626371603334	OK	 
REQUEST		Adicionar novo cliente	1626371600020	1626371603337	OK	 
REQUEST		Adicionar novo cliente	1626371600029	1626371603339	OK	 
REQUEST		Adicionar novo cliente	1626371600155	1626371603342	OK	 
REQUEST		Adicionar novo cliente	1626371600156	1626371603349	OK	 
REQUEST		Adicionar novo cliente	1626371601062	1626371603360	OK	 
REQUEST		Adicionar novo cliente	1626371601017	1626371603367	OK	 
REQUEST		Adicionar novo cliente	1626371600498	1626371603371	OK	 
REQUEST		Adicionar novo cliente	1626371600518	1626371603375	OK	 
REQUEST		Adicionar novo cliente	1626371600505	1626371603375	OK	 
REQUEST		Adicionar novo cliente	1626371601068	1626371603378	OK	 
REQUEST		Buscar cliente criado	1626371603092	1626371603391	OK	 
REQUEST		Buscar cliente criado	1626371603074	1626371603390	OK	 
REQUEST		Buscar cliente criado	1626371603075	1626371603390	OK	 
REQUEST		Buscar cliente criado	1626371603081	1626371603390	OK	 
REQUEST		Buscar cliente criado	1626371603084	1626371603391	OK	 
REQUEST		Adicionar novo cliente	1626371601037	1626371603391	OK	 
REQUEST		Adicionar novo cliente	1626371601092	1626371603391	OK	 
REQUEST		Buscar cliente criado	1626371603075	1626371603392	OK	 
REQUEST		Adicionar novo cliente	1626371601087	1626371603392	OK	 
REQUEST		Adicionar novo cliente	1626371601095	1626371603406	OK	 
REQUEST		Adicionar novo cliente	1626371601100	1626371603404	OK	 
REQUEST		Adicionar novo cliente	1626371601090	1626371603405	OK	 
REQUEST		Buscar cliente criado	1626371603075	1626371603410	OK	 
REQUEST		Adicionar novo cliente	1626371601115	1626371603415	OK	 
REQUEST		Buscar cliente criado	1626371603076	1626371603410	OK	 
REQUEST		Adicionar novo cliente	1626371601032	1626371603414	OK	 
REQUEST		Adicionar novo cliente	1626371601101	1626371603415	OK	 
REQUEST		Adicionar novo cliente	1626371601100	1626371603415	OK	 
REQUEST		Buscar cliente criado	1626371603099	1626371603420	OK	 
REQUEST		Buscar cliente criado	1626371603098	1626371603420	OK	 
REQUEST		Buscar cliente criado	1626371603105	1626371603421	OK	 
REQUEST		Adicionar novo cliente	1626371601092	1626371603431	OK	 
REQUEST		Buscar cliente criado	1626371603105	1626371603431	OK	 
REQUEST		Buscar cliente criado	1626371603105	1626371603434	OK	 
REQUEST		Adicionar novo cliente	1626371601159	1626371603435	OK	 
REQUEST		Adicionar novo cliente	1626371601116	1626371603436	OK	 
REQUEST		Buscar cliente criado	1626371603092	1626371603441	OK	 
REQUEST		Adicionar novo cliente	1626371601178	1626371603440	OK	 
REQUEST		Adicionar novo cliente	1626371601118	1626371603441	OK	 
REQUEST		Adicionar novo cliente	1626371601142	1626371603441	OK	 
REQUEST		Adicionar novo cliente	1626371601070	1626371603446	OK	 
REQUEST		Adicionar novo cliente	1626371601088	1626371603446	OK	 
REQUEST		Adicionar novo cliente	1626371601150	1626371603452	OK	 
REQUEST		Adicionar novo cliente	1626371601117	1626371603452	OK	 
REQUEST		Buscar cliente criado	1626371603085	1626371603456	OK	 
REQUEST		Adicionar novo cliente	1626371601163	1626371603456	OK	 
REQUEST		Adicionar novo cliente	1626371601141	1626371603456	OK	 
REQUEST		Adicionar novo cliente	1626371601163	1626371603464	OK	 
REQUEST		Adicionar novo cliente	1626371601151	1626371603464	OK	 
REQUEST		Adicionar novo cliente	1626371601171	1626371603464	OK	 
REQUEST		Adicionar novo cliente	1626371601147	1626371603465	OK	 
REQUEST		Adicionar novo cliente	1626371601190	1626371603471	OK	 
REQUEST		Adicionar novo cliente	1626371601179	1626371603471	OK	 
REQUEST		Adicionar novo cliente	1626371601159	1626371603472	OK	 
REQUEST		Buscar cliente criado	1626371603211	1626371603492	OK	 
REQUEST		Adicionar novo cliente	1626371601165	1626371603494	OK	 
REQUEST		Adicionar novo cliente	1626371601163	1626371603495	OK	 
REQUEST		Buscar cliente criado	1626371603213	1626371603497	OK	 
REQUEST		Adicionar novo cliente	1626371601181	1626371603499	OK	 
REQUEST		Adicionar novo cliente	1626371601149	1626371603501	OK	 
REQUEST		Adicionar novo cliente	1626371601175	1626371603503	OK	 
REQUEST		Adicionar novo cliente	1626371601181	1626371603510	OK	 
REQUEST		Adicionar novo cliente	1626371601169	1626371603511	OK	 
REQUEST		Adicionar novo cliente	1626371601155	1626371603512	OK	 
REQUEST		Adicionar novo cliente	1626371601181	1626371603525	OK	 
REQUEST		Adicionar novo cliente	1626371601167	1626371603527	OK	 
REQUEST		Buscar cliente criado	1626371603225	1626371603534	OK	 
REQUEST		Adicionar novo cliente	1626371601180	1626371603541	OK	 
REQUEST		Adicionar novo cliente	1626371601168	1626371603564	OK	 
REQUEST		Adicionar novo cliente	1626371601188	1626371603568	OK	 
REQUEST		Adicionar novo cliente	1626371601179	1626371603572	OK	 
REQUEST		Adicionar novo cliente	1626371601185	1626371603574	OK	 
REQUEST		Adicionar novo cliente	1626371601185	1626371603580	OK	 
REQUEST		Buscar cliente criado	1626371603241	1626371603585	OK	 
REQUEST		Buscar cliente criado	1626371603265	1626371603590	OK	 
REQUEST		Buscar cliente criado	1626371603266	1626371603591	OK	 
REQUEST		Buscar cliente criado	1626371603266	1626371603591	OK	 
REQUEST		Buscar cliente criado	1626371603266	1626371603594	OK	 
REQUEST		Buscar cliente criado	1626371603266	1626371603603	OK	 
REQUEST		Buscar cliente criado	1626371603240	1626371603604	OK	 
REQUEST		Buscar cliente criado	1626371603242	1626371603604	OK	 
REQUEST		Buscar cliente criado	1626371603261	1626371603604	OK	 
REQUEST		Adicionar novo cliente	1626371601190	1626371603605	OK	 
REQUEST		Adicionar novo cliente	1626371601190	1626371603609	OK	 
REQUEST		Adicionar novo cliente	1626371601185	1626371603609	OK	 
REQUEST		Adicionar novo cliente	1626371601177	1626371603611	OK	 
REQUEST		Buscar cliente criado	1626371603261	1626371603828	OK	 
REQUEST		Buscar cliente criado	1626371603285	1626371603829	OK	 
REQUEST		Buscar cliente criado	1626371603282	1626371603852	OK	 
REQUEST		Buscar cliente criado	1626371603271	1626371603851	OK	 
REQUEST		Buscar cliente criado	1626371603282	1626371603853	OK	 
REQUEST		Buscar cliente criado	1626371603286	1626371603853	OK	 
REQUEST		Buscar cliente criado	1626371603286	1626371603864	OK	 
REQUEST		Buscar cliente criado	1626371603286	1626371603873	OK	 
REQUEST		Buscar cliente criado	1626371603293	1626371603882	OK	 
REQUEST		Buscar cliente criado	1626371603292	1626371603975	OK	 
REQUEST		Buscar cliente criado	1626371603334	1626371603978	OK	 
REQUEST		Buscar cliente criado	1626371603338	1626371603978	OK	 
REQUEST		Buscar cliente criado	1626371603337	1626371603980	OK	 
REQUEST		Buscar cliente criado	1626371603339	1626371603980	OK	 
REQUEST		Buscar cliente criado	1626371603341	1626371603985	OK	 
REQUEST		Buscar cliente criado	1626371603369	1626371604479	OK	 
REQUEST		Buscar cliente criado	1626371603335	1626371604490	OK	 
REQUEST		Buscar cliente criado	1626371603402	1626371604494	OK	 
REQUEST		Buscar cliente criado	1626371603420	1626371604495	OK	 
REQUEST		Buscar cliente criado	1626371603403	1626371604497	OK	 
REQUEST		Buscar cliente criado	1626371603415	1626371604498	OK	 
REQUEST		Buscar cliente criado	1626371603361	1626371604498	OK	 
REQUEST		Buscar cliente criado	1626371603379	1626371604503	OK	 
REQUEST		Buscar cliente criado	1626371603344	1626371604503	OK	 
REQUEST		Buscar cliente criado	1626371603403	1626371604504	OK	 
REQUEST		Buscar cliente criado	1626371603420	1626371604510	OK	 
REQUEST		Buscar cliente criado	1626371603420	1626371604520	OK	 
REQUEST		Buscar cliente criado	1626371603372	1626371604524	OK	 
REQUEST		Buscar cliente criado	1626371603360	1626371604531	OK	 
REQUEST		Buscar cliente criado	1626371603377	1626371604531	OK	 
REQUEST		Buscar cliente criado	1626371603377	1626371604532	OK	 
REQUEST		Buscar cliente criado	1626371603431	1626371604820	OK	 
REQUEST		Buscar cliente criado	1626371603431	1626371604820	OK	 
REQUEST		Buscar cliente criado	1626371603446	1626371604825	OK	 
REQUEST		Buscar cliente criado	1626371603437	1626371604828	OK	 
REQUEST		Buscar cliente criado	1626371603441	1626371604838	OK	 
REQUEST		Buscar cliente criado	1626371603431	1626371604863	OK	 
REQUEST		Buscar cliente criado	1626371603453	1626371604865	OK	 
REQUEST		Buscar cliente criado	1626371603469	1626371604867	OK	 
REQUEST		Buscar cliente criado	1626371603469	1626371604869	OK	 
REQUEST		Buscar cliente criado	1626371603464	1626371604871	OK	 
REQUEST		Buscar cliente criado	1626371603452	1626371604871	OK	 
REQUEST		Buscar cliente criado	1626371603496	1626371604873	OK	 
REQUEST		Buscar cliente criado	1626371603453	1626371604873	OK	 
REQUEST		Buscar cliente criado	1626371603573	1626371604874	OK	 
REQUEST		Buscar cliente criado	1626371603497	1626371604875	OK	 
REQUEST		Buscar cliente criado	1626371603507	1626371604881	OK	 
REQUEST		Buscar cliente criado	1626371603475	1626371604880	OK	 
REQUEST		Buscar cliente criado	1626371603460	1626371604881	OK	 
REQUEST		Buscar cliente criado	1626371603451	1626371604882	OK	 
REQUEST		Buscar cliente criado	1626371603468	1626371604884	OK	 
REQUEST		Buscar cliente criado	1626371603469	1626371604885	OK	 
REQUEST		Buscar cliente criado	1626371603575	1626371604886	OK	 
REQUEST		Buscar cliente criado	1626371603460	1626371604887	OK	 
REQUEST		Buscar cliente criado	1626371603500	1626371604887	OK	 
REQUEST		Buscar cliente criado	1626371603542	1626371604887	OK	 
REQUEST		Buscar cliente criado	1626371603584	1626371604888	OK	 
REQUEST		Buscar cliente criado	1626371603476	1626371604891	OK	 
REQUEST		Buscar cliente criado	1626371603503	1626371604890	OK	 
REQUEST		Buscar cliente criado	1626371603512	1626371604891	OK	 
REQUEST		Buscar cliente criado	1626371603514	1626371604895	OK	 
REQUEST		Buscar cliente criado	1626371603514	1626371604894	OK	 
REQUEST		Buscar cliente criado	1626371603477	1626371604896	OK	 
REQUEST		Buscar cliente criado	1626371603452	1626371604898	OK	 
REQUEST		Buscar cliente criado	1626371603609	1626371604898	OK	 
REQUEST		Buscar cliente criado	1626371603464	1626371604901	OK	 
REQUEST		Buscar cliente criado	1626371603611	1626371604904	OK	 
REQUEST		Buscar cliente criado	1626371603569	1626371604905	OK	 
REQUEST		Buscar cliente criado	1626371603614	1626371604906	OK	 
REQUEST		Buscar cliente criado	1626371603528	1626371604907	OK	 
REQUEST		Buscar cliente criado	1626371603527	1626371604909	OK	 
REQUEST		Buscar cliente criado	1626371603568	1626371604909	OK	 
REQUEST		Buscar cliente criado	1626371603612	1626371604911	OK	 
REQUEST		Editar cliente	1626371603402	1626371606721	OK	 
REQUEST		Editar cliente	1626371603402	1626371606725	OK	 
REQUEST		Editar cliente	1626371603587	1626371606726	OK	 
REQUEST		Editar cliente	1626371603401	1626371606729	OK	 
REQUEST		Editar cliente	1626371603430	1626371606730	OK	 
REQUEST		Editar cliente	1626371603438	1626371606730	OK	 
REQUEST		Editar cliente	1626371603432	1626371606731	OK	 
REQUEST		Editar cliente	1626371603400	1626371606737	OK	 
REQUEST		Editar cliente	1626371603421	1626371606751	OK	 
REQUEST		Editar cliente	1626371603609	1626371606761	OK	 
REQUEST		Editar cliente	1626371603441	1626371606753	OK	 
REQUEST		Editar cliente	1626371603609	1626371606766	OK	 
REQUEST		Editar cliente	1626371603462	1626371606766	OK	 
REQUEST		Editar cliente	1626371603594	1626371606766	OK	 
REQUEST		Editar cliente	1626371603850	1626371606767	OK	 
REQUEST		Editar cliente	1626371603609	1626371606767	OK	 
REQUEST		Editar cliente	1626371603432	1626371606770	OK	 
REQUEST		Editar cliente	1626371603432	1626371606785	OK	 
REQUEST		Editar cliente	1626371603593	1626371606785	OK	 
REQUEST		Editar cliente	1626371603869	1626371606786	OK	 
REQUEST		Editar cliente	1626371603598	1626371606801	OK	 
REQUEST		Editar cliente	1626371603449	1626371606793	OK	 
REQUEST		Editar cliente	1626371604533	1626371606794	OK	 
REQUEST		Editar cliente	1626371603982	1626371606794	OK	 
REQUEST		Editar cliente	1626371604527	1626371606814	OK	 
REQUEST		Editar cliente	1626371604517	1626371606814	OK	 
REQUEST		Editar cliente	1626371603535	1626371606814	OK	 
REQUEST		Editar cliente	1626371604507	1626371606816	OK	 
REQUEST		Editar cliente	1626371603986	1626371606825	OK	 
REQUEST		Editar cliente	1626371603869	1626371606828	OK	 
REQUEST		Editar cliente	1626371604827	1626371606824	OK	 
REQUEST		Editar cliente	1626371603980	1626371606824	OK	 
REQUEST		Editar cliente	1626371604882	1626371606825	OK	 
REQUEST		Editar cliente	1626371604518	1626371606837	OK	 
REQUEST		Editar cliente	1626371603609	1626371606835	OK	 
REQUEST		Editar cliente	1626371603402	1626371606835	OK	 
REQUEST		Editar cliente	1626371603976	1626371606835	OK	 
REQUEST		Editar cliente	1626371604874	1626371606836	OK	 
REQUEST		Editar cliente	1626371604821	1626371606837	OK	 
REQUEST		Editar cliente	1626371603594	1626371606839	OK	 
REQUEST		Editar cliente	1626371604888	1626371606841	OK	 
REQUEST		Editar cliente	1626371604890	1626371606842	OK	 
REQUEST		Editar cliente	1626371603979	1626371606843	OK	 
REQUEST		Editar cliente	1626371604521	1626371606843	OK	 
REQUEST		Editar cliente	1626371604840	1626371606844	OK	 
REQUEST		Editar cliente	1626371604876	1626371606845	OK	 
REQUEST		Editar cliente	1626371604875	1626371606845	OK	 
REQUEST		Editar cliente	1626371603872	1626371606845	OK	 
REQUEST		Editar cliente	1626371604876	1626371606847	OK	 
REQUEST		Editar cliente	1626371603872	1626371606852	OK	 
REQUEST		Editar cliente	1626371604883	1626371606850	OK	 
REQUEST		Editar cliente	1626371604871	1626371606854	OK	 
REQUEST		Editar cliente	1626371603494	1626371606854	OK	 
REQUEST		Editar cliente	1626371603872	1626371606855	OK	 
REQUEST		Editar cliente	1626371604872	1626371606856	OK	 
REQUEST		Editar cliente	1626371604910	1626371606857	OK	 
REQUEST		Editar cliente	1626371604524	1626371606858	OK	 
REQUEST		Editar cliente	1626371603400	1626371606859	OK	 
REQUEST		Editar cliente	1626371604892	1626371606860	OK	 
REQUEST		Editar cliente	1626371604518	1626371606860	OK	 
REQUEST		Editar cliente	1626371603851	1626371606861	OK	 
REQUEST		Editar cliente	1626371604521	1626371606861	OK	 
REQUEST		Editar cliente	1626371604899	1626371606863	OK	 
REQUEST		Editar cliente	1626371604521	1626371606863	OK	 
REQUEST		Editar cliente	1626371604898	1626371606864	OK	 
REQUEST		Editar cliente	1626371604493	1626371606864	OK	 
REQUEST		Editar cliente	1626371604894	1626371606867	OK	 
REQUEST		Editar cliente	1626371604867	1626371606869	OK	 
REQUEST		Editar cliente	1626371604891	1626371606872	OK	 
REQUEST		Editar cliente	1626371604897	1626371606874	OK	 
REQUEST		Editar cliente	1626371604821	1626371606874	OK	 
REQUEST		Editar cliente	1626371603981	1626371606874	OK	 
REQUEST		Editar cliente	1626371604908	1626371606874	OK	 
REQUEST		Editar cliente	1626371604894	1626371606875	OK	 
REQUEST		Editar cliente	1626371603881	1626371606876	OK	 
REQUEST		Editar cliente	1626371604895	1626371606876	OK	 
REQUEST		Editar cliente	1626371604875	1626371606876	OK	 
REQUEST		Editar cliente	1626371604893	1626371606892	OK	 
REQUEST		Editar cliente	1626371604891	1626371606895	OK	 
REQUEST		Editar cliente	1626371604866	1626371606895	OK	 
REQUEST		Editar cliente	1626371604882	1626371606896	OK	 
REQUEST		Editar cliente	1626371604533	1626371606896	OK	 
REQUEST		Editar cliente	1626371604864	1626371606897	OK	 
REQUEST		Editar cliente	1626371604518	1626371606897	OK	 
REQUEST		Editar cliente	1626371604886	1626371606898	OK	 
REQUEST		Editar cliente	1626371604532	1626371606900	OK	 
REQUEST		Editar cliente	1626371604518	1626371606901	OK	 
REQUEST		Editar cliente	1626371603885	1626371606903	OK	 
REQUEST		Editar cliente	1626371604896	1626371606904	OK	 
REQUEST		Editar cliente	1626371604912	1626371606904	OK	 
REQUEST		Editar cliente	1626371604906	1626371606906	OK	 
REQUEST		Editar cliente	1626371604902	1626371606907	OK	 
REQUEST		Editar cliente	1626371604901	1626371606913	OK	 
REQUEST		Editar cliente	1626371604906	1626371606908	OK	 
REQUEST		Editar cliente	1626371604907	1626371606908	OK	 
REQUEST		Editar cliente	1626371604892	1626371606910	OK	 
REQUEST		Editar cliente	1626371604910	1626371606911	OK	 
REQUEST		Editar cliente	1626371604534	1626371606912	OK	 
REQUEST		Editar cliente	1626371603499	1626371606916	OK	 
REQUEST		Editar cliente	1626371604829	1626371606918	OK	 
REQUEST		Deletar cliente	1626371606844	1626371608963	OK	 
REQUEST		Deletar cliente	1626371606863	1626371608965	OK	 
REQUEST		Deletar cliente	1626371606737	1626371608967	OK	 
REQUEST		Deletar cliente	1626371606800	1626371608972	OK	 
REQUEST		Deletar cliente	1626371606904	1626371608972	OK	 
REQUEST		Deletar cliente	1626371606823	1626371608977	OK	 
REQUEST		Deletar cliente	1626371606917	1626371608981	OK	 
REQUEST		Deletar cliente	1626371606873	1626371608990	OK	 
REQUEST		Deletar cliente	1626371606837	1626371609005	OK	 
REQUEST		Deletar cliente	1626371606814	1626371609006	OK	 
REQUEST		Deletar cliente	1626371606752	1626371609009	OK	 
REQUEST		Deletar cliente	1626371606768	1626371609010	OK	 
REQUEST		Deletar cliente	1626371606793	1626371609011	OK	 
REQUEST		Deletar cliente	1626371606844	1626371609011	OK	 
REQUEST		Deletar cliente	1626371606753	1626371609012	OK	 
REQUEST		Deletar cliente	1626371606793	1626371609013	OK	 
REQUEST		Deletar cliente	1626371606820	1626371609013	OK	 
REQUEST		Deletar cliente	1626371606758	1626371609013	OK	 
REQUEST		Deletar cliente	1626371606852	1626371609014	OK	 
REQUEST		Deletar cliente	1626371606814	1626371609016	OK	 
REQUEST		Deletar cliente	1626371606816	1626371609017	OK	 
REQUEST		Deletar cliente	1626371606898	1626371609017	OK	 
REQUEST		Deletar cliente	1626371606866	1626371609020	OK	 
REQUEST		Deletar cliente	1626371606907	1626371609019	OK	 
REQUEST		Deletar cliente	1626371606770	1626371609020	OK	 
REQUEST		Deletar cliente	1626371606759	1626371609021	OK	 
REQUEST		Deletar cliente	1626371606870	1626371609023	OK	 
REQUEST		Deletar cliente	1626371606770	1626371609023	OK	 
REQUEST		Deletar cliente	1626371606752	1626371609023	OK	 
REQUEST		Deletar cliente	1626371606871	1626371609026	OK	 
REQUEST		Deletar cliente	1626371606794	1626371609026	OK	 
REQUEST		Deletar cliente	1626371606826	1626371609028	OK	 
REQUEST		Deletar cliente	1626371606905	1626371609026	OK	 
REQUEST		Deletar cliente	1626371606834	1626371609027	OK	 
REQUEST		Deletar cliente	1626371606765	1626371609028	OK	 
REQUEST		Deletar cliente	1626371606873	1626371609032	OK	 
REQUEST		Deletar cliente	1626371606856	1626371609032	OK	 
REQUEST		Deletar cliente	1626371606843	1626371609032	OK	 
REQUEST		Deletar cliente	1626371606814	1626371609033	OK	 
REQUEST		Deletar cliente	1626371606855	1626371609033	OK	 
REQUEST		Deletar cliente	1626371606854	1626371609033	OK	 
REQUEST		Deletar cliente	1626371606818	1626371609034	OK	 
REQUEST		Deletar cliente	1626371606914	1626371609035	OK	 
REQUEST		Deletar cliente	1626371606863	1626371609036	OK	 
REQUEST		Deletar cliente	1626371606837	1626371609037	OK	 
REQUEST		Deletar cliente	1626371606898	1626371609038	OK	 
REQUEST		Deletar cliente	1626371606838	1626371609042	OK	 
REQUEST		Deletar cliente	1626371606852	1626371609042	OK	 
REQUEST		Deletar cliente	1626371606898	1626371609043	OK	 
REQUEST		Deletar cliente	1626371606845	1626371609043	OK	 
REQUEST		Deletar cliente	1626371606853	1626371609044	OK	 
REQUEST		Deletar cliente	1626371606904	1626371609047	OK	 
REQUEST		Deletar cliente	1626371606871	1626371609047	OK	 
REQUEST		Deletar cliente	1626371606819	1626371609047	OK	 
REQUEST		Deletar cliente	1626371606858	1626371609047	OK	 
REQUEST		Deletar cliente	1626371606896	1626371609048	OK	 
REQUEST		Deletar cliente	1626371606757	1626371609048	OK	 
REQUEST		Deletar cliente	1626371606868	1626371609049	OK	 
REQUEST		Deletar cliente	1626371606891	1626371609051	OK	 
REQUEST		Deletar cliente	1626371606827	1626371609051	OK	 
REQUEST		Deletar cliente	1626371606868	1626371609052	OK	 
REQUEST		Deletar cliente	1626371606836	1626371609052	OK	 
REQUEST		Deletar cliente	1626371606865	1626371609052	OK	 
REQUEST		Deletar cliente	1626371606794	1626371609053	OK	 
REQUEST		Deletar cliente	1626371606918	1626371609053	OK	 
REQUEST		Deletar cliente	1626371606907	1626371609055	OK	 
REQUEST		Deletar cliente	1626371606871	1626371609056	OK	 
REQUEST		Deletar cliente	1626371606917	1626371609059	OK	 
REQUEST		Deletar cliente	1626371606849	1626371609060	OK	 
REQUEST		Deletar cliente	1626371606851	1626371609060	OK	 
REQUEST		Deletar cliente	1626371606919	1626371609061	OK	 
REQUEST		Deletar cliente	1626371606904	1626371609061	OK	 
REQUEST		Deletar cliente	1626371606846	1626371609062	OK	 
REQUEST		Deletar cliente	1626371606920	1626371609064	OK	 
REQUEST		Deletar cliente	1626371606856	1626371609064	OK	 
REQUEST		Deletar cliente	1626371606870	1626371609064	OK	 
REQUEST		Deletar cliente	1626371606902	1626371609065	OK	 
REQUEST		Deletar cliente	1626371606871	1626371609065	OK	 
REQUEST		Deletar cliente	1626371606905	1626371609065	OK	 
REQUEST		Deletar cliente	1626371606872	1626371609066	OK	 
REQUEST		Deletar cliente	1626371606906	1626371609066	OK	 
REQUEST		Deletar cliente	1626371606895	1626371609072	OK	 
REQUEST		Deletar cliente	1626371606853	1626371609073	OK	 
REQUEST		Deletar cliente	1626371606918	1626371609076	OK	 
REQUEST		Deletar cliente	1626371606920	1626371609077	OK	 
REQUEST		Deletar cliente	1626371606918	1626371609077	OK	 
REQUEST		Deletar cliente	1626371606897	1626371609078	OK	 
REQUEST		Deletar cliente	1626371606913	1626371609078	OK	 
REQUEST		Deletar cliente	1626371606828	1626371609079	OK	 
REQUEST		Deletar cliente	1626371606896	1626371609080	OK	 
REQUEST		Deletar cliente	1626371606917	1626371609080	OK	 
REQUEST		Deletar cliente	1626371606896	1626371609080	OK	 
REQUEST		Deletar cliente	1626371606876	1626371609082	OK	 
REQUEST		Deletar cliente	1626371606916	1626371609084	OK	 
REQUEST		Deletar cliente	1626371606855	1626371609087	OK	 
REQUEST		Deletar cliente	1626371606916	1626371609087	OK	 
REQUEST		Deletar cliente	1626371606844	1626371609088	OK	 
REQUEST		Deletar cliente	1626371606911	1626371609089	OK	 
REQUEST		Deletar cliente	1626371606793	1626371609091	OK	 
REQUEST		Deletar cliente	1626371606877	1626371609093	OK	 
REQUEST		Listagem de Acoes	1626371609056	1626371611246	OK	 
REQUEST		Listagem de Acoes	1626371609053	1626371611248	OK	 
REQUEST		Listagem de Acoes	1626371609044	1626371611250	OK	 
REQUEST		Listagem de Acoes	1626371609068	1626371611259	OK	 
REQUEST		Listagem de Acoes	1626371609049	1626371611259	OK	 
REQUEST		Listagem de Acoes	1626371609057	1626371611264	OK	 
REQUEST		Listagem de Acoes	1626371609083	1626371611264	OK	 
REQUEST		Listagem de Acoes	1626371609079	1626371611268	OK	 
REQUEST		Listagem de Acoes	1626371609042	1626371611274	OK	 
REQUEST		Listagem de Acoes	1626371609063	1626371611286	OK	 
REQUEST		Listagem de Acoes	1626371609078	1626371611290	OK	 
REQUEST		Listagem de Acoes	1626371609075	1626371611356	OK	 
REQUEST		Listagem de Acoes	1626371609042	1626371611358	OK	 
REQUEST		Listagem de Acoes	1626371609042	1626371611359	OK	 
REQUEST		Listagem de Acoes	1626371609066	1626371611362	OK	 
REQUEST		Listagem de Acoes	1626371609045	1626371611363	OK	 
REQUEST		Listagem de Acoes	1626371609035	1626371611363	OK	 
REQUEST		Listagem de Acoes	1626371609060	1626371611373	OK	 
REQUEST		Listagem de Acoes	1626371609075	1626371611373	OK	 
REQUEST		Listagem de Acoes	1626371609078	1626371611378	OK	 
REQUEST		Listagem de Acoes	1626371609041	1626371611374	OK	 
REQUEST		Listagem de Acoes	1626371609041	1626371611375	OK	 
REQUEST		Listagem de Acoes	1626371609045	1626371611384	OK	 
REQUEST		Listagem de Acoes	1626371609048	1626371611388	OK	 
REQUEST		Listagem de Acoes	1626371609054	1626371611387	OK	 
REQUEST		Listagem de Acoes	1626371609093	1626371611388	OK	 
REQUEST		Listagem de Acoes	1626371609048	1626371611394	OK	 
REQUEST		Listagem de Acoes	1626371609043	1626371611393	OK	 
REQUEST		Listagem de Acoes	1626371609053	1626371611399	OK	 
REQUEST		Listagem de Acoes	1626371609087	1626371611402	OK	 
REQUEST		Listagem de Acoes	1626371609059	1626371611402	OK	 
REQUEST		Listagem de Acoes	1626371609082	1626371611402	OK	 
REQUEST		Listagem de Acoes	1626371609054	1626371611513	OK	 
REQUEST		Listagem de Acoes	1626371609066	1626371611514	OK	 
REQUEST		Listagem de Acoes	1626371609058	1626371611514	OK	 
REQUEST		Listagem de Acoes	1626371609049	1626371611519	OK	 
REQUEST		Listagem de Acoes	1626371609061	1626371611527	OK	 
REQUEST		Listagem de Acoes	1626371609077	1626371611532	OK	 
REQUEST		Listagem de Acoes	1626371609068	1626371611548	OK	 
REQUEST		Listagem de Acoes	1626371609084	1626371611551	OK	 
REQUEST		Listagem de Acoes	1626371609066	1626371611552	OK	 
REQUEST		Listagem de Acoes	1626371609048	1626371611552	OK	 
REQUEST		Listagem de Acoes	1626371609066	1626371611553	OK	 
REQUEST		Listagem de Acoes	1626371609091	1626371611555	OK	 
REQUEST		Listagem de Acoes	1626371609084	1626371611558	OK	 
REQUEST		Listagem de Acoes	1626371609074	1626371611561	OK	 
REQUEST		Listagem de Acoes	1626371609075	1626371611568	OK	 
REQUEST		Listagem de Acoes	1626371609083	1626371611568	OK	 
REQUEST		Listagem de Acoes	1626371609059	1626371611573	OK	 
REQUEST		Listagem de Acoes	1626371609090	1626371611582	OK	 
REQUEST		Listagem de Acoes	1626371609059	1626371611584	OK	 
REQUEST		Listagem de Acoes	1626371609060	1626371611587	OK	 
REQUEST		Listagem de Acoes	1626371609091	1626371611590	OK	 
REQUEST		Listagem de Acoes	1626371609053	1626371611588	OK	 
REQUEST		Listagem de Acoes	1626371609089	1626371611588	OK	 
REQUEST		Listagem de Acoes	1626371609093	1626371611593	OK	 
REQUEST		Listagem de Acoes	1626371609088	1626371611593	OK	 
REQUEST		Listagem de Acoes	1626371609058	1626371611597	OK	 
REQUEST		Listagem de Acoes	1626371609090	1626371611599	OK	 
REQUEST		Listagem de Acoes	1626371609088	1626371611600	OK	 
REQUEST		Listagem de Acoes	1626371609082	1626371611606	OK	 
REQUEST		Listagem de Acoes	1626371609075	1626371611607	OK	 
REQUEST		Listagem de Acoes	1626371609073	1626371611607	OK	 
REQUEST		Listagem de Acoes	1626371609061	1626371611613	OK	 
REQUEST		Listagem de Acoes	1626371609030	1626371611714	OK	 
REQUEST		Listagem de Acoes	1626371609027	1626371611715	OK	 
REQUEST		Listagem de Acoes	1626371609042	1626371611718	OK	 
REQUEST		Listagem de Acoes	1626371609031	1626371611723	OK	 
REQUEST		Listagem de Acoes	1626371609031	1626371611966	OK	 
REQUEST		Listagem de Acoes	1626371609027	1626371611973	OK	 
REQUEST		Listagem de Acoes	1626371609032	1626371611974	OK	 
REQUEST		Listagem de Acoes	1626371609030	1626371611981	OK	 
REQUEST		Listagem de Acoes	1626371609031	1626371611985	OK	 
REQUEST		Listagem de Acoes	1626371608964	1626371611988	OK	 
REQUEST		Listagem de Acoes	1626371609030	1626371611995	OK	 
REQUEST		Listagem de Acoes	1626371608968	1626371613021	OK	 
REQUEST		Listagem de Acoes	1626371608973	1626371613025	OK	 
REQUEST		Listagem de Acoes	1626371608965	1626371613030	OK	 
REQUEST		Listagem de Acoes	1626371608972	1626371613030	OK	 
REQUEST		Listagem de Acoes	1626371608978	1626371613038	OK	 
REQUEST		Listagem de Acoes	1626371608981	1626371613038	OK	 
REQUEST		Listagem de Acoes	1626371608991	1626371613241	OK	 
REQUEST		Listagem de Acoes	1626371609026	1626371613427	OK	 
REQUEST		Listagem de Acoes	1626371609007	1626371613430	OK	 
REQUEST		Listagem de Acoes	1626371609027	1626371613432	OK	 
REQUEST		Listagem de Acoes	1626371609017	1626371613432	OK	 
REQUEST		Listagem de Acoes	1626371609016	1626371613436	OK	 
REQUEST		Listagem de Acoes	1626371609011	1626371613449	OK	 
REQUEST		Listagem de Acoes	1626371609021	1626371613452	OK	 
REQUEST		Listagem de Acoes	1626371609021	1626371613452	OK	 
REQUEST		Listagem de Acoes	1626371609020	1626371613455	OK	 
REQUEST		Listagem de Acoes	1626371609016	1626371613456	OK	 
REQUEST		Listagem de Acoes	1626371609011	1626371613456	OK	 
REQUEST		Listagem de Acoes	1626371609018	1626371613463	OK	 
REQUEST		Listagem de Acoes	1626371609018	1626371613465	OK	 
REQUEST		Listagem de Acoes	1626371609007	1626371613462	OK	 
REQUEST		Listagem de Acoes	1626371609022	1626371613462	OK	 
REQUEST		Listagem de Acoes	1626371609013	1626371613470	OK	 
REQUEST		Listagem de Acoes	1626371609013	1626371613470	OK	 
REQUEST		Listagem de Acoes	1626371609023	1626371613474	OK	 
REQUEST		Adicionar novo Acao	1626371611263	1626371613522	OK	 
REQUEST		Adicionar novo Acao	1626371611253	1626371613522	OK	 
REQUEST		Adicionar novo Acao	1626371611276	1626371613526	OK	 
USER	Realizar login MaxxiForge para rota Action	END	1626371613528
USER	Realizar login MaxxiForge para rota Action	END	1626371613528
USER	Realizar login MaxxiForge para rota Action	END	1626371613528
REQUEST		Adicionar novo Acao	1626371611268	1626371613531	OK	 
USER	Realizar login MaxxiForge para rota Action	END	1626371613532
REQUEST		Adicionar novo Acao	1626371611251	1626371613536	OK	 
REQUEST		Adicionar novo Acao	1626371611542	1626371613541	OK	 
REQUEST		Adicionar novo Acao	1626371611270	1626371613540	OK	 
USER	Realizar login MaxxiForge para rota Action	END	1626371613541
REQUEST		Adicionar novo Acao	1626371611268	1626371613541	OK	 
REQUEST		Adicionar novo Acao	1626371611552	1626371613541	OK	 
REQUEST		Adicionar novo Acao	1626371611374	1626371613541	OK	 
USER	Realizar login MaxxiForge para rota Action	END	1626371613543
REQUEST		Adicionar novo Acao	1626371611253	1626371613544	OK	 
REQUEST		Adicionar novo Acao	1626371611372	1626371613543	OK	 
USER	Realizar login MaxxiForge para rota Action	END	1626371613544
USER	Realizar login MaxxiForge para rota Action	END	1626371613544
USER	Realizar login MaxxiForge para rota Action	END	1626371613544
USER	Realizar login MaxxiForge para rota Action	END	1626371613545
USER	Realizar login MaxxiForge para rota Action	END	1626371613545
USER	Realizar login MaxxiForge para rota Action	END	1626371613546
REQUEST		Adicionar novo Acao	1626371612001	1626371613548	OK	 
USER	Realizar login MaxxiForge para rota Action	END	1626371613549
REQUEST		Adicionar novo Acao	1626371611363	1626371613549	OK	 
USER	Realizar login MaxxiForge para rota Action	END	1626371613550
REQUEST		Adicionar novo Acao	1626371611360	1626371613550	OK	 
REQUEST		Adicionar novo Acao	1626371611263	1626371613550	OK	 
USER	Realizar login MaxxiForge para rota Action	END	1626371613551
USER	Realizar login MaxxiForge para rota Action	END	1626371613552
REQUEST		Adicionar novo Acao	1626371611292	1626371613554	OK	 
REQUEST		Adicionar novo Acao	1626371611562	1626371613554	OK	 
REQUEST		Adicionar novo Acao	1626371611573	1626371613555	OK	 
REQUEST		Adicionar novo Acao	1626371611290	1626371613555	OK	 
REQUEST		Adicionar novo Acao	1626371611613	1626371613555	OK	 
REQUEST		Adicionar novo Acao	1626371611555	1626371613556	OK	 
USER	Realizar login MaxxiForge para rota Action	END	1626371613557
REQUEST		Adicionar novo Acao	1626371611358	1626371613557	OK	 
USER	Realizar login MaxxiForge para rota Action	END	1626371613557
REQUEST		Adicionar novo Acao	1626371611570	1626371613559	OK	 
REQUEST		Adicionar novo Acao	1626371611718	1626371613560	OK	 
REQUEST		Adicionar novo Acao	1626371611532	1626371613559	OK	 
USER	Realizar login MaxxiForge para rota Action	END	1626371613558
REQUEST		Adicionar novo Acao	1626371611718	1626371613560	OK	 
USER	Realizar login MaxxiForge para rota Action	END	1626371613558
USER	Realizar login MaxxiForge para rota Action	END	1626371613558
USER	Realizar login MaxxiForge para rota Action	END	1626371613559
USER	Realizar login MaxxiForge para rota Action	END	1626371613560
USER	Realizar login MaxxiForge para rota Action	END	1626371613561
REQUEST		Adicionar novo Acao	1626371611527	1626371613562	OK	 
REQUEST		Adicionar novo Acao	1626371611602	1626371613562	OK	 
REQUEST		Adicionar novo Acao	1626371613025	1626371613562	OK	 
USER	Realizar login MaxxiForge para rota Action	END	1626371613561
REQUEST		Adicionar novo Acao	1626371611720	1626371613566	OK	 
USER	Realizar login MaxxiForge para rota Action	END	1626371613562
USER	Realizar login MaxxiForge para rota Action	END	1626371613562
REQUEST		Adicionar novo Acao	1626371611995	1626371613565	OK	 
REQUEST		Adicionar novo Acao	1626371611387	1626371613565	OK	 
REQUEST		Adicionar novo Acao	1626371613037	1626371613570	OK	 
REQUEST		Adicionar novo Acao	1626371611995	1626371613565	OK	 
REQUEST		Adicionar novo Acao	1626371611384	1626371613566	OK	 
USER	Realizar login MaxxiForge para rota Action	END	1626371613563
REQUEST		Adicionar novo Acao	1626371611596	1626371613567	OK	 
REQUEST		Adicionar novo Acao	1626371611399	1626371613568	OK	 
REQUEST		Adicionar novo Acao	1626371611531	1626371613572	OK	 
USER	Realizar login MaxxiForge para rota Action	END	1626371613564
REQUEST		Adicionar novo Acao	1626371611593	1626371613572	OK	 
REQUEST		Adicionar novo Acao	1626371611387	1626371613572	OK	 
REQUEST		Adicionar novo Acao	1626371611612	1626371613572	OK	 
REQUEST		Adicionar novo Acao	1626371613037	1626371613577	OK	 
REQUEST		Adicionar novo Acao	1626371611374	1626371613574	OK	 
REQUEST		Adicionar novo Acao	1626371611393	1626371613574	OK	 
REQUEST		Adicionar novo Acao	1626371611577	1626371613574	OK	 
USER	Realizar login MaxxiForge para rota Action	END	1626371613564
REQUEST		Adicionar novo Acao	1626371611597	1626371613575	OK	 
REQUEST		Adicionar novo Acao	1626371613047	1626371613576	OK	 
REQUEST		Adicionar novo Acao	1626371611607	1626371613578	OK	 
REQUEST		Adicionar novo Acao	1626371611386	1626371613578	OK	 
REQUEST		Adicionar novo Acao	1626371611587	1626371613578	OK	 
REQUEST		Adicionar novo Acao	1626371611394	1626371613583	OK	 
REQUEST		Adicionar novo Acao	1626371613030	1626371613580	OK	 
USER	Realizar login MaxxiForge para rota Action	END	1626371613568
REQUEST		Adicionar novo Acao	1626371611981	1626371613581	OK	 
REQUEST		Adicionar novo Acao	1626371611384	1626371613582	OK	 
REQUEST		Adicionar novo Acao	1626371611588	1626371613583	OK	 
USER	Realizar login MaxxiForge para rota Action	END	1626371613571
REQUEST		Adicionar novo Acao	1626371611399	1626371613586	OK	 
REQUEST		Adicionar novo Acao	1626371611570	1626371613586	OK	 
REQUEST		Adicionar novo Acao	1626371611582	1626371613587	OK	 
REQUEST		Adicionar novo Acao	1626371611973	1626371613588	OK	 
USER	Realizar login MaxxiForge para rota Action	END	1626371613571
REQUEST		Adicionar novo Acao	1626371611727	1626371613592	OK	 
REQUEST		Adicionar novo Acao	1626371611407	1626371613589	OK	 
REQUEST		Adicionar novo Acao	1626371611573	1626371613590	OK	 
REQUEST		Adicionar novo Acao	1626371611394	1626371613590	OK	 
REQUEST		Adicionar novo Acao	1626371611557	1626371613590	OK	 
REQUEST		Adicionar novo Acao	1626371611578	1626371613591	OK	 
REQUEST		Adicionar novo Acao	1626371611548	1626371613591	OK	 
REQUEST		Adicionar novo Acao	1626371611407	1626371613592	OK	 
USER	Realizar login MaxxiForge para rota Action	END	1626371613572
REQUEST		Adicionar novo Acao	1626371613243	1626371613593	OK	 
REQUEST		Adicionar novo Acao	1626371611988	1626371613597	OK	 
USER	Realizar login MaxxiForge para rota Action	END	1626371613572
REQUEST		Adicionar novo Acao	1626371611386	1626371613602	OK	 
REQUEST		Adicionar novo Acao	1626371611600	1626371613598	OK	 
REQUEST		Adicionar novo Acao	1626371611612	1626371613599	OK	 
REQUEST		Adicionar novo Acao	1626371611615	1626371613599	OK	 
REQUEST		Adicionar novo Acao	1626371611407	1626371613601	OK	 
USER	Realizar login MaxxiForge para rota Action	END	1626371613573
REQUEST		Adicionar novo Acao	1626371611602	1626371613605	OK	 
REQUEST		Adicionar novo Acao	1626371611604	1626371613604	OK	 
REQUEST		Adicionar novo Acao	1626371611604	1626371613604	OK	 
USER	Realizar login MaxxiForge para rota Action	END	1626371613573
REQUEST		Adicionar novo Acao	1626371611587	1626371613607	OK	 
REQUEST		Adicionar novo Acao	1626371611401	1626371613605	OK	 
USER	Realizar login MaxxiForge para rota Action	END	1626371613574
USER	Realizar login MaxxiForge para rota Action	END	1626371613576
USER	Realizar login MaxxiForge para rota Action	END	1626371613578
USER	Realizar login MaxxiForge para rota Action	END	1626371613579
USER	Realizar login MaxxiForge para rota Action	END	1626371613580
USER	Realizar login MaxxiForge para rota Action	END	1626371613580
REQUEST		Adicionar novo Acao	1626371611980	1626371613607	OK	 
USER	Realizar login MaxxiForge para rota Action	END	1626371613581
USER	Realizar login MaxxiForge para rota Action	END	1626371613581
USER	Realizar login MaxxiForge para rota Action	END	1626371613583
USER	Realizar login MaxxiForge para rota Action	END	1626371613583
USER	Realizar login MaxxiForge para rota Action	END	1626371613586
REQUEST		Adicionar novo Acao	1626371613047	1626371613610	OK	 
USER	Realizar login MaxxiForge para rota Action	END	1626371613586
USER	Realizar login MaxxiForge para rota Action	END	1626371613587
USER	Realizar login MaxxiForge para rota Action	END	1626371613587
USER	Realizar login MaxxiForge para rota Action	END	1626371613587
USER	Realizar login MaxxiForge para rota Action	END	1626371613588
USER	Realizar login MaxxiForge para rota Action	END	1626371613588
USER	Realizar login MaxxiForge para rota Action	END	1626371613589
USER	Realizar login MaxxiForge para rota Action	END	1626371613589
USER	Realizar login MaxxiForge para rota Action	END	1626371613590
USER	Realizar login MaxxiForge para rota Action	END	1626371613593
USER	Realizar login MaxxiForge para rota Action	END	1626371613594
USER	Realizar login MaxxiForge para rota Action	END	1626371613594
USER	Realizar login MaxxiForge para rota Action	END	1626371613595
USER	Realizar login MaxxiForge para rota Action	END	1626371613595
USER	Realizar login MaxxiForge para rota Action	END	1626371613596
USER	Realizar login MaxxiForge para rota Action	END	1626371613596
USER	Realizar login MaxxiForge para rota Action	END	1626371613597
USER	Realizar login MaxxiForge para rota Action	END	1626371613597
USER	Realizar login MaxxiForge para rota Action	END	1626371613598
USER	Realizar login MaxxiForge para rota Action	END	1626371613598
USER	Realizar login MaxxiForge para rota Action	END	1626371613602
USER	Realizar login MaxxiForge para rota Action	END	1626371613602
USER	Realizar login MaxxiForge para rota Action	END	1626371613603
USER	Realizar login MaxxiForge para rota Action	END	1626371613603
USER	Realizar login MaxxiForge para rota Action	END	1626371613604
USER	Realizar login MaxxiForge para rota Action	END	1626371613605
USER	Realizar login MaxxiForge para rota Action	END	1626371613605
USER	Realizar login MaxxiForge para rota Action	END	1626371613608
USER	Realizar login MaxxiForge para rota Action	END	1626371613608
USER	Realizar login MaxxiForge para rota Action	END	1626371613608
USER	Realizar login MaxxiForge para rota Action	END	1626371613609
USER	Realizar login MaxxiForge para rota Action	END	1626371613609
USER	Realizar login MaxxiForge para rota Action	END	1626371613610
USER	Realizar login MaxxiForge para rota Action	END	1626371613611
REQUEST		Adicionar novo Acao	1626371613430	1626371613810	OK	 
USER	Realizar login MaxxiForge para rota Action	END	1626371613811
REQUEST		Adicionar novo Acao	1626371613435	1626371613812	OK	 
USER	Realizar login MaxxiForge para rota Action	END	1626371613813
REQUEST		Adicionar novo Acao	1626371613435	1626371613814	OK	 
REQUEST		Adicionar novo Acao	1626371613432	1626371613814	OK	 
USER	Realizar login MaxxiForge para rota Action	END	1626371613815
USER	Realizar login MaxxiForge para rota Action	END	1626371613816
REQUEST		Adicionar novo Acao	1626371613437	1626371613816	OK	 
USER	Realizar login MaxxiForge para rota Action	END	1626371613817
REQUEST		Adicionar novo Acao	1626371613452	1626371613818	OK	 
USER	Realizar login MaxxiForge para rota Action	END	1626371613819
REQUEST		Adicionar novo Acao	1626371613463	1626371613822	OK	 
USER	Realizar login MaxxiForge para rota Action	END	1626371613823
REQUEST		Adicionar novo Acao	1626371613470	1626371613823	OK	 
USER	Realizar login MaxxiForge para rota Action	END	1626371613824
REQUEST		Adicionar novo Acao	1626371613473	1626371613826	OK	 
REQUEST		Adicionar novo Acao	1626371613455	1626371613826	OK	 
USER	Realizar login MaxxiForge para rota Action	END	1626371613827
REQUEST		Adicionar novo Acao	1626371613474	1626371613827	OK	 
REQUEST		Adicionar novo Acao	1626371613465	1626371613828	OK	 
USER	Realizar login MaxxiForge para rota Action	END	1626371613828
USER	Realizar login MaxxiForge para rota Action	END	1626371613829
REQUEST		Adicionar novo Acao	1626371613462	1626371613829	OK	 
USER	Realizar login MaxxiForge para rota Action	END	1626371613829
REQUEST		Adicionar novo Acao	1626371613469	1626371613830	OK	 
REQUEST		Adicionar novo Acao	1626371613470	1626371613830	OK	 
REQUEST		Adicionar novo Acao	1626371613455	1626371613830	OK	 
REQUEST		Adicionar novo Acao	1626371613478	1626371613830	OK	 
USER	Realizar login MaxxiForge para rota Action	END	1626371613831
USER	Realizar login MaxxiForge para rota Action	END	1626371613831
USER	Realizar login MaxxiForge para rota Action	END	1626371613831
USER	Realizar login MaxxiForge para rota Action	END	1626371613832
USER	Realizar login MaxxiForge para rota Action	END	1626371613832
REQUEST		Adicionar novo Acao	1626371613472	1626371613835	OK	 
USER	Realizar login MaxxiForge para rota Action	END	1626371613836
