RUN	maxxiforge.JornadaEstresse	jornadaestresse	1628094959948	 	3.6.0
USER	Realizar login MaxxiForge para rota Action	START	1628094960321
USER	Realizar login MaxxiForge para rota Action	START	1628094960321
USER	Realizar login MaxxiForge para rota Action	START	1628094960321
USER	Realizar login MaxxiForge para rota Action	START	1628094960321
USER	Realizar login MaxxiForge para rota Action	START	1628094960321
USER	Realizar login MaxxiForge para rota Action	START	1628094960321
USER	Realizar login MaxxiForge para rota Action	START	1628094960321
USER	Realizar login MaxxiForge para rota Action	START	1628094960321
USER	Realizar login MaxxiForge para rota Action	START	1628094960321
USER	Realizar login MaxxiForge para rota Action	START	1628094960321
USER	Realizar login MaxxiForge para rota Action	START	1628094960321
USER	Realizar login MaxxiForge para rota Action	START	1628094960321
USER	Realizar login MaxxiForge para rota Action	START	1628094960321
USER	Realizar login MaxxiForge para rota Action	START	1628094960321
USER	Realizar login MaxxiForge para rota Action	START	1628094960321
USER	Realizar login MaxxiForge para rota Action	START	1628094960327
USER	Realizar login MaxxiForge para rota Action	START	1628094960321
USER	Realizar login MaxxiForge para rota Action	START	1628094960325
USER	Realizar login MaxxiForge para rota Action	START	1628094960325
USER	Realizar login MaxxiForge para rota Action	START	1628094960326
USER	Realizar login MaxxiForge para rota Action	START	1628094960326
USER	Realizar login MaxxiForge para rota Action	START	1628094960326
USER	Realizar login MaxxiForge para rota Action	START	1628094960328
USER	Realizar login MaxxiForge para rota Action	START	1628094960326
USER	Realizar login MaxxiForge para rota Action	START	1628094960326
USER	Realizar login MaxxiForge para rota Action	START	1628094960329
USER	Realizar login MaxxiForge para rota Action	START	1628094960326
USER	Realizar login MaxxiForge para rota Action	START	1628094960326
USER	Realizar login MaxxiForge para rota Action	START	1628094960326
USER	Realizar login MaxxiForge para rota Action	START	1628094960330
USER	Realizar login MaxxiForge para rota Action	START	1628094960327
USER	Realizar login MaxxiForge para rota Action	START	1628094960327
USER	Realizar login MaxxiForge para rota Action	START	1628094960327
USER	Realizar login MaxxiForge para rota Action	START	1628094960327
USER	Realizar login MaxxiForge para rota Action	START	1628094960333
USER	Realizar login MaxxiForge para rota Action	START	1628094960333
USER	Realizar login MaxxiForge para rota Action	START	1628094960327
USER	Realizar login MaxxiForge para rota Action	START	1628094960327
USER	Realizar login MaxxiForge para rota Action	START	1628094960328
USER	Realizar login MaxxiForge para rota Action	START	1628094960328
USER	Realizar login MaxxiForge para rota Action	START	1628094960328
USER	Realizar login MaxxiForge para rota Action	START	1628094960334
USER	Realizar login MaxxiForge para rota Action	START	1628094960334
USER	Realizar login MaxxiForge para rota Action	START	1628094960328
USER	Realizar login MaxxiForge para rota Action	START	1628094960329
USER	Realizar login MaxxiForge para rota Action	START	1628094960329
USER	Realizar login MaxxiForge para rota Action	START	1628094960330
USER	Realizar login MaxxiForge para rota Action	START	1628094960330
USER	Realizar login MaxxiForge para rota Action	START	1628094960333
USER	Realizar login MaxxiForge para rota Action	START	1628094960333
USER	Realizar login MaxxiForge para rota Action	START	1628094960334
USER	Realizar login MaxxiForge para rota Action	START	1628094960334
USER	Realizar login MaxxiForge para rota Action	START	1628094960330
USER	Realizar login MaxxiForge para rota Action	START	1628094960334
USER	Realizar login MaxxiForge para rota Action	START	1628094960334
USER	Realizar login MaxxiForge para rota Action	START	1628094960335
USER	Realizar login MaxxiForge para rota Action	START	1628094960336
USER	Realizar login MaxxiForge para rota Action	START	1628094960336
USER	Realizar login MaxxiForge para rota Action	START	1628094960336
USER	Realizar login MaxxiForge para rota Action	START	1628094960337
REQUEST		Login	1628094960640	1628094963096	OK	 
REQUEST		Listagem de profissionais	1628094963143	1628094964233	OK	 
REQUEST		Login	1628094960647	1628094964269	OK	 
REQUEST		Login	1628094960643	1628094964269	OK	 
REQUEST		Login	1628094960639	1628094964273	OK	 
REQUEST		Login	1628094960639	1628094964273	OK	 
REQUEST		Login	1628094960644	1628094964273	OK	 
REQUEST		Login	1628094960374	1628094964279	OK	 
REQUEST		Login	1628094960646	1628094964346	OK	 
REQUEST		Login	1628094960642	1628094964348	OK	 
REQUEST		Login	1628094960374	1628094964348	OK	 
REQUEST		Login	1628094960644	1628094964349	OK	 
REQUEST		Login	1628094960644	1628094964349	OK	 
REQUEST		Login	1628094960645	1628094964349	OK	 
REQUEST		Login	1628094960646	1628094964353	OK	 
REQUEST		Login	1628094960374	1628094964354	OK	 
REQUEST		Login	1628094960641	1628094964354	OK	 
REQUEST		Login	1628094960644	1628094964354	OK	 
REQUEST		Login	1628094960374	1628094964359	OK	 
REQUEST		Login	1628094960644	1628094964356	OK	 
REQUEST		Login	1628094960647	1628094964359	OK	 
REQUEST		Login	1628094960641	1628094964362	OK	 
REQUEST		Login	1628094960374	1628094964364	OK	 
REQUEST		Login	1628094960374	1628094964365	OK	 
REQUEST		Login	1628094960374	1628094964365	OK	 
REQUEST		Login	1628094960647	1628094964365	OK	 
REQUEST		Login	1628094960374	1628094964365	OK	 
REQUEST		Login	1628094960646	1628094964366	OK	 
REQUEST		Login	1628094960639	1628094964367	OK	 
REQUEST		Login	1628094960374	1628094964372	OK	 
REQUEST		Login	1628094960645	1628094964375	OK	 
REQUEST		Login	1628094960647	1628094964374	OK	 
REQUEST		Login	1628094960647	1628094964378	OK	 
REQUEST		Login	1628094960642	1628094964379	OK	 
REQUEST		Login	1628094960643	1628094964379	OK	 
REQUEST		Login	1628094960646	1628094964456	OK	 
REQUEST		Login	1628094960643	1628094964458	OK	 
REQUEST		Login	1628094960642	1628094964460	OK	 
REQUEST		Login	1628094960642	1628094964465	OK	 
REQUEST		Login	1628094960374	1628094964468	OK	 
REQUEST		Login	1628094960645	1628094964468	OK	 
REQUEST		Login	1628094960645	1628094964470	OK	 
REQUEST		Login	1628094960645	1628094964471	OK	 
REQUEST		Login	1628094960641	1628094964472	OK	 
REQUEST		Login	1628094960640	1628094964473	OK	 
REQUEST		Login	1628094960374	1628094964473	OK	 
REQUEST		Login	1628094960647	1628094964476	OK	 
REQUEST		Login	1628094960374	1628094964478	OK	 
REQUEST		Login	1628094960647	1628094964480	OK	 
REQUEST		Login	1628094960374	1628094964483	OK	 
REQUEST		Login	1628094960643	1628094964482	OK	 
REQUEST		Login	1628094960641	1628094964483	OK	 
REQUEST		Login	1628094960640	1628094964483	OK	 
REQUEST		Login	1628094960374	1628094964497	OK	 
REQUEST		Login	1628094960643	1628094964497	OK	 
REQUEST		Login	1628094960638	1628094964542	OK	 
REQUEST		Login	1628094960645	1628094964542	OK	 
REQUEST		Login	1628094960374	1628094964551	OK	 
REQUEST		Login	1628094960646	1628094964551	OK	 
REQUEST		Login	1628094960644	1628094964561	OK	 
REQUEST		Login	1628094960374	1628094964658	OK	 
REQUEST		Listagem de profissionais	1628094964272	1628094965570	OK	 
REQUEST		Listagem de profissionais	1628094964272	1628094965570	OK	 
REQUEST		Listagem de profissionais	1628094964281	1628094965585	OK	 
REQUEST		Listagem de profissionais	1628094964361	1628094965840	OK	 
REQUEST		Listagem de profissionais	1628094964352	1628094965841	OK	 
REQUEST		Listagem de profissionais	1628094964276	1628094965842	OK	 
REQUEST		Listagem de profissionais	1628094964276	1628094965842	OK	 
REQUEST		Listagem de profissionais	1628094964361	1628094965845	OK	 
REQUEST		Listagem de profissionais	1628094964362	1628094965846	OK	 
REQUEST		Listagem de profissionais	1628094964348	1628094965848	OK	 
REQUEST		Listagem de profissionais	1628094964354	1628094965854	OK	 
REQUEST		Listagem de profissionais	1628094964363	1628094965856	OK	 
REQUEST		Listagem de profissionais	1628094964276	1628094965858	OK	 
REQUEST		Listagem de profissionais	1628094964361	1628094965859	OK	 
REQUEST		Listagem de profissionais	1628094964353	1628094965860	OK	 
REQUEST		Listagem de profissionais	1628094964365	1628094965860	OK	 
REQUEST		Listagem de profissionais	1628094964362	1628094965861	OK	 
REQUEST		Listagem de profissionais	1628094964373	1628094965865	OK	 
REQUEST		Listagem de profissionais	1628094964361	1628094965943	OK	 
REQUEST		Listagem de profissionais	1628094964353	1628094965943	OK	 
REQUEST		Listagem de profissionais	1628094964353	1628094965944	OK	 
REQUEST		Listagem de profissionais	1628094964374	1628094966339	OK	 
REQUEST		Listagem de profissionais	1628094964372	1628094966339	OK	 
REQUEST		Listagem de profissionais	1628094964381	1628094966339	OK	 
REQUEST		Listagem de profissionais	1628094964460	1628094966342	OK	 
REQUEST		Listagem de profissionais	1628094964458	1628094966344	OK	 
REQUEST		Listagem de profissionais	1628094964378	1628094966343	OK	 
REQUEST		Listagem de profissionais	1628094964376	1628094966344	OK	 
REQUEST		Listagem de profissionais	1628094964461	1628094966344	OK	 
REQUEST		Listagem de profissionais	1628094964381	1628094966347	OK	 
REQUEST		Listagem de profissionais	1628094964378	1628094966347	OK	 
REQUEST		Listagem de profissionais	1628094964374	1628094966348	OK	 
REQUEST		Listagem de profissionais	1628094964373	1628094966348	OK	 
REQUEST		Listagem de profissionais	1628094964376	1628094966350	OK	 
REQUEST		Listagem de profissionais	1628094964378	1628094966351	OK	 
REQUEST		Listagem de profissionais	1628094964473	1628094966356	OK	 
REQUEST		Listagem de profissionais	1628094964475	1628094966357	OK	 
REQUEST		Listagem de profissionais	1628094964381	1628094966359	OK	 
REQUEST		Listagem de profissionais	1628094964471	1628094966360	OK	 
REQUEST		Listagem de profissionais	1628094964468	1628094966363	OK	 
REQUEST		Listagem de profissionais	1628094964472	1628094966363	OK	 
REQUEST		Listagem de profissionais	1628094964474	1628094966363	OK	 
REQUEST		Listagem de profissionais	1628094964482	1628094966364	OK	 
REQUEST		Listagem de profissionais	1628094964478	1628094966364	OK	 
REQUEST		Listagem de profissionais	1628094964476	1628094966365	OK	 
REQUEST		Listagem de profissionais	1628094964486	1628094966372	OK	 
REQUEST		Listagem de profissionais	1628094964499	1628094966395	OK	 
REQUEST		Listagem de profissionais	1628094964476	1628094966435	OK	 
REQUEST		Listagem de profissionais	1628094964480	1628094966437	OK	 
REQUEST		Listagem de profissionais	1628094964544	1628094966438	OK	 
REQUEST		Listagem de profissionais	1628094964544	1628094966441	OK	 
REQUEST		Listagem de profissionais	1628094964486	1628094966444	OK	 
REQUEST		Listagem de profissionais	1628094964486	1628094966445	OK	 
REQUEST		Listagem de profissionais	1628094964486	1628094966448	OK	 
REQUEST		Listagem de profissionais	1628094964671	1628094966457	OK	 
REQUEST		Listagem de profissionais	1628094964499	1628094966459	OK	 
REQUEST		Listagem de profissionais	1628094964562	1628094966460	OK	 
REQUEST		Listagem de profissionais	1628094964553	1628094966462	OK	 
REQUEST		Listagem de profissionais	1628094964553	1628094966462	OK	 
REQUEST		Adicionar novo profissional	1628094964235	1628094970736	OK	 
REQUEST		Adicionar novo profissional	1628094965845	1628094970948	OK	 
REQUEST		Adicionar novo profissional	1628094965848	1628094970948	OK	 
REQUEST		Adicionar novo profissional	1628094965844	1628094971037	OK	 
REQUEST		Adicionar novo profissional	1628094965843	1628094971039	OK	 
REQUEST		Adicionar novo profissional	1628094965589	1628094971039	OK	 
REQUEST		Adicionar novo profissional	1628094965865	1628094971040	OK	 
REQUEST		Adicionar novo profissional	1628094965946	1628094971059	OK	 
REQUEST		Adicionar novo profissional	1628094965860	1628094971061	OK	 
REQUEST		Adicionar novo profissional	1628094965866	1628094971164	OK	 
REQUEST		Adicionar novo profissional	1628094965845	1628094971164	OK	 
REQUEST		Adicionar novo profissional	1628094965849	1628094971238	OK	 
REQUEST		Adicionar novo profissional	1628094965585	1628094971238	OK	 
REQUEST		Adicionar novo profissional	1628094965585	1628094971238	OK	 
REQUEST		Adicionar novo profissional	1628094965855	1628094971242	OK	 
REQUEST		Adicionar novo profissional	1628094965848	1628094971243	OK	 
REQUEST		Adicionar novo profissional	1628094965865	1628094971243	OK	 
REQUEST		Adicionar novo profissional	1628094966342	1628094971251	OK	 
REQUEST		Adicionar novo profissional	1628094965866	1628094971450	OK	 
REQUEST		Adicionar novo profissional	1628094965946	1628094971455	OK	 
REQUEST		Adicionar novo profissional	1628094965859	1628094971457	OK	 
REQUEST		Adicionar novo profissional	1628094966359	1628094971457	OK	 
REQUEST		Adicionar novo profissional	1628094965864	1628094971460	OK	 
REQUEST		Adicionar novo profissional	1628094966362	1628094971473	OK	 
REQUEST		Adicionar novo profissional	1628094966364	1628094971481	OK	 
REQUEST		Adicionar novo profissional	1628094966356	1628094971482	OK	 
REQUEST		Buscar profissional criado	1628094970744	1628094971537	OK	 
REQUEST		Adicionar novo profissional	1628094966372	1628094972163	OK	 
REQUEST		Adicionar novo profissional	1628094965946	1628094972163	OK	 
REQUEST		Adicionar novo profissional	1628094966349	1628094972164	OK	 
REQUEST		Buscar profissional criado	1628094971061	1628094972193	OK	 
REQUEST		Buscar profissional criado	1628094970949	1628094972194	OK	 
REQUEST		Buscar profissional criado	1628094971040	1628094972195	OK	 
REQUEST		Buscar profissional criado	1628094970950	1628094972195	OK	 
REQUEST		Buscar profissional criado	1628094971041	1628094972198	OK	 
REQUEST		Adicionar novo profissional	1628094966465	1628094972225	OK	 
REQUEST		Buscar profissional criado	1628094971038	1628094972226	OK	 
REQUEST		Adicionar novo profissional	1628094966374	1628094972256	OK	 
REQUEST		Buscar profissional criado	1628094971041	1628094972257	OK	 
REQUEST		Buscar profissional criado	1628094971062	1628094972257	OK	 
REQUEST		Adicionar novo profissional	1628094966356	1628094972261	OK	 
REQUEST		Adicionar novo profissional	1628094966438	1628094972261	OK	 
REQUEST		Adicionar novo profissional	1628094966363	1628094972262	OK	 
REQUEST		Adicionar novo profissional	1628094966361	1628094972308	OK	 
REQUEST		Adicionar novo profissional	1628094966348	1628094972326	OK	 
REQUEST		Adicionar novo profissional	1628094966445	1628094972374	OK	 
REQUEST		Adicionar novo profissional	1628094966440	1628094972380	OK	 
REQUEST		Adicionar novo profissional	1628094966342	1628094972381	OK	 
REQUEST		Adicionar novo profissional	1628094966359	1628094972382	OK	 
REQUEST		Adicionar novo profissional	1628094966372	1628094972388	OK	 
REQUEST		Adicionar novo profissional	1628094966450	1628094972391	OK	 
REQUEST		Buscar profissional criado	1628094971242	1628094972446	OK	 
REQUEST		Buscar profissional criado	1628094971241	1628094972447	OK	 
REQUEST		Buscar profissional criado	1628094971242	1628094972447	OK	 
REQUEST		Buscar profissional criado	1628094971253	1628094972450	OK	 
REQUEST		Buscar profissional criado	1628094971167	1628094972451	OK	 
REQUEST		Buscar profissional criado	1628094971248	1628094972450	OK	 
REQUEST		Buscar profissional criado	1628094971248	1628094972450	OK	 
REQUEST		Buscar profissional criado	1628094971248	1628094972454	OK	 
REQUEST		Adicionar novo profissional	1628094966448	1628094972674	OK	 
REQUEST		Buscar profissional criado	1628094971165	1628094972677	OK	 
REQUEST		Adicionar novo profissional	1628094966358	1628094972748	OK	 
REQUEST		Adicionar novo profissional	1628094966346	1628094972748	OK	 
REQUEST		Adicionar novo profissional	1628094966342	1628094972750	OK	 
REQUEST		Adicionar novo profissional	1628094966436	1628094972750	OK	 
REQUEST		Adicionar novo profissional	1628094966372	1628094972750	OK	 
REQUEST		Adicionar novo profissional	1628094966347	1628094972751	OK	 
REQUEST		Adicionar novo profissional	1628094966358	1628094972754	OK	 
REQUEST		Adicionar novo profissional	1628094966443	1628094972754	OK	 
REQUEST		Adicionar novo profissional	1628094966371	1628094972756	OK	 
REQUEST		Adicionar novo profissional	1628094966372	1628094972759	OK	 
REQUEST		Adicionar novo profissional	1628094966350	1628094972759	OK	 
REQUEST		Adicionar novo profissional	1628094966459	1628094972759	OK	 
REQUEST		Buscar profissional criado	1628094971473	1628094972762	OK	 
REQUEST		Adicionar novo profissional	1628094966465	1628094972762	OK	 
REQUEST		Buscar profissional criado	1628094971475	1628094972764	OK	 
REQUEST		Buscar profissional criado	1628094971455	1628094972765	OK	 
REQUEST		Buscar profissional criado	1628094971477	1628094972766	OK	 
REQUEST		Adicionar novo profissional	1628094966461	1628094972767	OK	 
REQUEST		Adicionar novo profissional	1628094966371	1628094972767	OK	 
REQUEST		Buscar profissional criado	1628094971476	1628094972768	OK	 
REQUEST		Adicionar novo profissional	1628094966397	1628094972770	OK	 
REQUEST		Adicionar novo profissional	1628094966460	1628094972771	OK	 
REQUEST		Buscar profissional criado	1628094971484	1628094972776	OK	 
REQUEST		Buscar profissional criado	1628094971487	1628094972779	OK	 
REQUEST		Buscar profissional criado	1628094971487	1628094972779	OK	 
REQUEST		Buscar profissional criado	1628094972185	1628094972952	OK	 
REQUEST		Buscar profissional criado	1628094972191	1628094972953	OK	 
REQUEST		Buscar profissional criado	1628094972192	1628094972954	OK	 
REQUEST		Buscar profissional criado	1628094972251	1628094973048	OK	 
REQUEST		Buscar profissional criado	1628094972309	1628094973073	OK	 
REQUEST		Buscar profissional criado	1628094972310	1628094973073	OK	 
REQUEST		Buscar profissional criado	1628094972310	1628094973076	OK	 
REQUEST		Buscar profissional criado	1628094972381	1628094973076	OK	 
REQUEST		Buscar profissional criado	1628094972382	1628094973076	OK	 
REQUEST		Buscar profissional criado	1628094972333	1628094973079	OK	 
REQUEST		Buscar profissional criado	1628094972386	1628094973079	OK	 
REQUEST		Buscar profissional criado	1628094972324	1628094973082	OK	 
REQUEST		Buscar profissional criado	1628094972390	1628094973083	OK	 
REQUEST		Buscar profissional criado	1628094972375	1628094973084	OK	 
REQUEST		Buscar profissional criado	1628094972393	1628094973085	OK	 
REQUEST		Buscar profissional criado	1628094972307	1628094973091	OK	 
REQUEST		Buscar profissional criado	1628094972676	1628094973156	OK	 
REQUEST		Buscar profissional criado	1628094972750	1628094973158	OK	 
REQUEST		Buscar profissional criado	1628094972752	1628094973158	OK	 
REQUEST		Buscar profissional criado	1628094972755	1628094973159	OK	 
REQUEST		Buscar profissional criado	1628094972750	1628094973160	OK	 
REQUEST		Buscar profissional criado	1628094972752	1628094973160	OK	 
REQUEST		Buscar profissional criado	1628094972756	1628094973162	OK	 
REQUEST		Buscar profissional criado	1628094972752	1628094973162	OK	 
REQUEST		Buscar profissional criado	1628094972752	1628094973163	OK	 
REQUEST		Buscar profissional criado	1628094972761	1628094973164	OK	 
REQUEST		Buscar profissional criado	1628094972762	1628094973165	OK	 
REQUEST		Buscar profissional criado	1628094972759	1628094973166	OK	 
REQUEST		Buscar profissional criado	1628094972761	1628094973168	OK	 
REQUEST		Buscar profissional criado	1628094972764	1628094973169	OK	 
REQUEST		Buscar profissional criado	1628094972771	1628094973171	OK	 
REQUEST		Buscar profissional criado	1628094972777	1628094973179	OK	 
REQUEST		Buscar profissional criado	1628094972771	1628094973179	OK	 
REQUEST		Buscar profissional criado	1628094972777	1628094973184	OK	 
REQUEST		Editar profissional	1628094971540	1628094973658	OK	 
REQUEST		Editar profissional	1628094972223	1628094973748	OK	 
REQUEST		Editar profissional	1628094972256	1628094973757	OK	 
REQUEST		Editar profissional	1628094972224	1628094973764	OK	 
REQUEST		Editar profissional	1628094972224	1628094973766	OK	 
REQUEST		Editar profissional	1628094972225	1628094973766	OK	 
REQUEST		Editar profissional	1628094972448	1628094973768	OK	 
REQUEST		Editar profissional	1628094972224	1628094973768	OK	 
REQUEST		Editar profissional	1628094972454	1628094973776	OK	 
REQUEST		Editar profissional	1628094972449	1628094973776	OK	 
REQUEST		Editar profissional	1628094972450	1628094973835	OK	 
REQUEST		Editar profissional	1628094972308	1628094973837	OK	 
REQUEST		Editar profissional	1628094972308	1628094973837	OK	 
REQUEST		Editar profissional	1628094972454	1628094973838	OK	 
REQUEST		Editar profissional	1628094972452	1628094973839	OK	 
REQUEST		Editar profissional	1628094972455	1628094973841	OK	 
REQUEST		Editar profissional	1628094972678	1628094973844	OK	 
REQUEST		Editar profissional	1628094972764	1628094973862	OK	 
REQUEST		Editar profissional	1628094972771	1628094973864	OK	 
REQUEST		Editar profissional	1628094972766	1628094973863	OK	 
REQUEST		Editar profissional	1628094972780	1628094973872	OK	 
REQUEST		Editar profissional	1628094972768	1628094973873	OK	 
REQUEST		Editar profissional	1628094972771	1628094973874	OK	 
REQUEST		Editar profissional	1628094972456	1628094973874	OK	 
REQUEST		Editar profissional	1628094972780	1628094973880	OK	 
REQUEST		Editar profissional	1628094972781	1628094973880	OK	 
REQUEST		Editar profissional	1628094972954	1628094973946	OK	 
REQUEST		Editar profissional	1628094972955	1628094973946	OK	 
REQUEST		Editar profissional	1628094972954	1628094973946	OK	 
REQUEST		Editar profissional	1628094973078	1628094974038	OK	 
REQUEST		Editar profissional	1628094973082	1628094974039	OK	 
REQUEST		Editar profissional	1628094973082	1628094974046	OK	 
REQUEST		Editar profissional	1628094973086	1628094974059	OK	 
REQUEST		Editar profissional	1628094973078	1628094974059	OK	 
REQUEST		Editar profissional	1628094973075	1628094974147	OK	 
REQUEST		Editar profissional	1628094973084	1628094974149	OK	 
REQUEST		Editar profissional	1628094973075	1628094974150	OK	 
REQUEST		Editar profissional	1628094973077	1628094974151	OK	 
REQUEST		Editar profissional	1628094973160	1628094974162	OK	 
REQUEST		Editar profissional	1628094973084	1628094974163	OK	 
REQUEST		Editar profissional	1628094973164	1628094974163	OK	 
REQUEST		Editar profissional	1628094973161	1628094974164	OK	 
REQUEST		Editar profissional	1628094973162	1628094974164	OK	 
REQUEST		Editar profissional	1628094973166	1628094974164	OK	 
REQUEST		Editar profissional	1628094973050	1628094974164	OK	 
REQUEST		Editar profissional	1628094973164	1628094974172	OK	 
REQUEST		Editar profissional	1628094973163	1628094974173	OK	 
REQUEST		Editar profissional	1628094973159	1628094974175	OK	 
REQUEST		Editar profissional	1628094973162	1628094974174	OK	 
REQUEST		Editar profissional	1628094973169	1628094974176	OK	 
REQUEST		Editar profissional	1628094973092	1628094974176	OK	 
REQUEST		Editar profissional	1628094973086	1628094974179	OK	 
REQUEST		Editar profissional	1628094973165	1628094974179	OK	 
REQUEST		Editar profissional	1628094973167	1628094974182	OK	 
REQUEST		Editar profissional	1628094973157	1628094974182	OK	 
REQUEST		Editar profissional	1628094973173	1628094974184	OK	 
REQUEST		Editar profissional	1628094973170	1628094974185	OK	 
REQUEST		Editar profissional	1628094973180	1628094974187	OK	 
REQUEST		Editar profissional	1628094973180	1628094974188	OK	 
REQUEST		Editar profissional	1628094973185	1628094974192	OK	 
REQUEST		Deletar profissional	1628094973660	1628094974272	OK	 
REQUEST		Deletar profissional	1628094973754	1628094974334	OK	 
REQUEST		Deletar profissional	1628094973774	1628094974336	OK	 
REQUEST		Deletar profissional	1628094973774	1628094974470	OK	 
REQUEST		Deletar profissional	1628094973777	1628094974472	OK	 
REQUEST		Deletar profissional	1628094973777	1628094974543	OK	 
REQUEST		Deletar profissional	1628094973764	1628094974543	OK	 
REQUEST		Deletar profissional	1628094973774	1628094974545	OK	 
REQUEST		Deletar profissional	1628094973774	1628094974547	OK	 
REQUEST		Deletar profissional	1628094973774	1628094974549	OK	 
REQUEST		Deletar profissional	1628094973837	1628094974850	OK	 
REQUEST		Deletar profissional	1628094973873	1628094974851	OK	 
REQUEST		Deletar profissional	1628094973839	1628094974852	OK	 
REQUEST		Deletar profissional	1628094973852	1628094974854	OK	 
REQUEST		Deletar profissional	1628094973879	1628094974854	OK	 
REQUEST		Deletar profissional	1628094973879	1628094974855	OK	 
REQUEST		Deletar profissional	1628094973866	1628094974856	OK	 
REQUEST		Deletar profissional	1628094973855	1628094974859	OK	 
REQUEST		Deletar profissional	1628094973870	1628094975050	OK	 
REQUEST		Deletar profissional	1628094973881	1628094975051	OK	 
REQUEST		Deletar profissional	1628094973869	1628094975052	OK	 
REQUEST		Deletar profissional	1628094973947	1628094975053	OK	 
REQUEST		Deletar profissional	1628094973862	1628094975053	OK	 
REQUEST		Deletar profissional	1628094973869	1628094975053	OK	 
REQUEST		Deletar profissional	1628094973881	1628094975055	OK	 
REQUEST		Deletar profissional	1628094973879	1628094975057	OK	 
REQUEST		Deletar profissional	1628094973876	1628094975063	OK	 
REQUEST		Deletar profissional	1628094973947	1628094975760	OK	 
REQUEST		Deletar profissional	1628094973947	1628094975761	OK	 
REQUEST		Deletar profissional	1628094974046	1628094976153	OK	 
REQUEST		Deletar profissional	1628094974074	1628094976742	OK	 
REQUEST		Deletar profissional	1628094974046	1628094976742	OK	 
REQUEST		Deletar profissional	1628094974058	1628094976742	OK	 
REQUEST		Deletar profissional	1628094974074	1628094976751	OK	 
REQUEST		Listagem de clientes	1628094974335	1628094978776	OK	 
REQUEST		Listagem de clientes	1628094974273	1628094978776	OK	 
REQUEST		Listagem de clientes	1628094974340	1628094978781	OK	 
REQUEST		Listagem de clientes	1628094974548	1628094980669	OK	 
REQUEST		Listagem de clientes	1628094974548	1628094980670	OK	 
REQUEST		Listagem de clientes	1628094974474	1628094980670	OK	 
REQUEST		Listagem de clientes	1628094974551	1628094980700	OK	 
REQUEST		Listagem de clientes	1628094974472	1628094980773	OK	 
REQUEST		Listagem de clientes	1628094974550	1628094980784	OK	 
REQUEST		Listagem de clientes	1628094974552	1628094980785	OK	 
REQUEST		Deletar profissional	1628094974176	1628094980966	OK	 
REQUEST		Deletar profissional	1628094974162	1628094980965	OK	 
REQUEST		Deletar profissional	1628094974168	1628094980966	OK	 
REQUEST		Deletar profissional	1628094974150	1628094980966	OK	 
REQUEST		Deletar profissional	1628094974172	1628094980968	OK	 
REQUEST		Deletar profissional	1628094974172	1628094980968	OK	 
REQUEST		Deletar profissional	1628094974153	1628094980968	OK	 
REQUEST		Deletar profissional	1628094974153	1628094980970	OK	 
REQUEST		Deletar profissional	1628094974176	1628094980972	OK	 
REQUEST		Deletar profissional	1628094974168	1628094980974	OK	 
REQUEST		Deletar profissional	1628094974172	1628094980986	OK	 
REQUEST		Deletar profissional	1628094974184	1628094981000	OK	 
REQUEST		Deletar profissional	1628094974169	1628094981005	OK	 
REQUEST		Deletar profissional	1628094974187	1628094981006	OK	 
REQUEST		Deletar profissional	1628094974182	1628094981007	OK	 
REQUEST		Deletar profissional	1628094974174	1628094981019	OK	 
REQUEST		Deletar profissional	1628094974187	1628094981031	OK	 
REQUEST		Deletar profissional	1628094974188	1628094981034	OK	 
REQUEST		Deletar profissional	1628094974177	1628094981035	OK	 
REQUEST		Deletar profissional	1628094974182	1628094981035	OK	 
REQUEST		Deletar profissional	1628094974169	1628094981036	OK	 
REQUEST		Deletar profissional	1628094974179	1628094981043	OK	 
REQUEST		Deletar profissional	1628094974183	1628094981061	OK	 
REQUEST		Deletar profissional	1628094974178	1628094981061	OK	 
REQUEST		Listagem de clientes	1628094974852	1628094981136	OK	 
REQUEST		Listagem de clientes	1628094974854	1628094981137	OK	 
REQUEST		Listagem de clientes	1628094974858	1628094981137	OK	 
REQUEST		Listagem de clientes	1628094974860	1628094981138	OK	 
REQUEST		Listagem de clientes	1628094974858	1628094981666	OK	 
REQUEST		Deletar profissional	1628094974189	1628094981680	OK	 
REQUEST		Listagem de clientes	1628094974852	1628094981872	OK	 
REQUEST		Listagem de clientes	1628094975051	1628094981874	OK	 
REQUEST		Listagem de clientes	1628094974855	1628094981874	OK	 
REQUEST		Listagem de clientes	1628094974858	1628094981879	OK	 
REQUEST		Listagem de clientes	1628094975055	1628094981879	OK	 
REQUEST		Deletar profissional	1628094974193	1628094981908	OK	 
REQUEST		Listagem de clientes	1628094975058	1628094981912	OK	 
REQUEST		Listagem de clientes	1628094975056	1628094981918	OK	 
REQUEST		Listagem de clientes	1628094975055	1628094982385	OK	 
REQUEST		Listagem de clientes	1628094975055	1628094982386	OK	 
REQUEST		Listagem de clientes	1628094975053	1628094982387	OK	 
REQUEST		Listagem de clientes	1628094975055	1628094982388	OK	 
REQUEST		Listagem de clientes	1628094975766	1628094982399	OK	 
REQUEST		Listagem de clientes	1628094975766	1628094982400	OK	 
REQUEST		Listagem de clientes	1628094975063	1628094982401	OK	 
REQUEST		Listagem de clientes	1628094976749	1628094984761	OK	 
REQUEST		Listagem de clientes	1628094976748	1628094984761	OK	 
REQUEST		Listagem de clientes	1628094976157	1628094984762	OK	 
REQUEST		Listagem de clientes	1628094976750	1628094984766	OK	 
REQUEST		Listagem de clientes	1628094976761	1628094984769	OK	 
REQUEST		Adicionar novo cliente	1628094980694	1628094987152	OK	 
REQUEST		Adicionar novo cliente	1628094978780	1628094987232	OK	 
REQUEST		Adicionar novo cliente	1628094980694	1628094987872	OK	 
REQUEST		Adicionar novo cliente	1628094981139	1628094987874	OK	 
REQUEST		Listagem de clientes	1628094980972	1628094987874	OK	 
REQUEST		Listagem de clientes	1628094980998	1628094987876	OK	 
REQUEST		Adicionar novo cliente	1628094982399	1628094988082	OK	 
REQUEST		Adicionar novo cliente	1628094980798	1628094988083	OK	 
REQUEST		Adicionar novo cliente	1628094982395	1628094989260	OK	 
REQUEST		Adicionar novo cliente	1628094981140	1628094989260	OK	 
REQUEST		Adicionar novo cliente	1628094981673	1628094989262	OK	 
REQUEST		Adicionar novo cliente	1628094981926	1628094989263	OK	 
REQUEST		Buscar cliente criado	1628094987233	1628094989340	OK	 
REQUEST		Buscar cliente criado	1628094987179	1628094989340	OK	 
REQUEST		Listagem de clientes	1628094980993	1628094989345	OK	 
REQUEST		Listagem de clientes	1628094981034	1628094989357	OK	 
REQUEST		Listagem de clientes	1628094981035	1628094989357	OK	 
REQUEST		Listagem de clientes	1628094981058	1628094989364	OK	 
REQUEST		Listagem de clientes	1628094981912	1628094989370	OK	 
REQUEST		Listagem de clientes	1628094981064	1628094989448	OK	 
REQUEST		Listagem de clientes	1628094980989	1628094989453	OK	 
REQUEST		Listagem de clientes	1628094981047	1628094989456	OK	 
REQUEST		Listagem de clientes	1628094980998	1628094989458	OK	 
REQUEST		Listagem de clientes	1628094980986	1628094989460	OK	 
REQUEST		Listagem de clientes	1628094981053	1628094989461	OK	 
REQUEST		Listagem de clientes	1628094981004	1628094989461	OK	 
REQUEST		Listagem de clientes	1628094981064	1628094989468	OK	 
REQUEST		Listagem de clientes	1628094980992	1628094989468	OK	 
REQUEST		Listagem de clientes	1628094981057	1628094989473	OK	 
REQUEST		Listagem de clientes	1628094981052	1628094989481	OK	 
REQUEST		Listagem de clientes	1628094980989	1628094989545	OK	 
REQUEST		Listagem de clientes	1628094981008	1628094989545	OK	 
REQUEST		Listagem de clientes	1628094981050	1628094989551	OK	 
REQUEST		Listagem de clientes	1628094981019	1628094989553	OK	 
REQUEST		Listagem de clientes	1628094981031	1628094989556	OK	 
REQUEST		Listagem de clientes	1628094981036	1628094989559	OK	 
REQUEST		Listagem de clientes	1628094981035	1628094989560	OK	 
REQUEST		Listagem de clientes	1628094981684	1628094989564	OK	 
REQUEST		Adicionar novo cliente	1628094981139	1628094989661	OK	 
REQUEST		Buscar cliente criado	1628094987883	1628094989661	OK	 
REQUEST		Adicionar novo cliente	1628094980798	1628094990160	OK	 
REQUEST		Buscar cliente criado	1628094987887	1628094990166	OK	 
REQUEST		Adicionar novo cliente	1628094978783	1628094991139	OK	 
REQUEST		Adicionar novo cliente	1628094982411	1628094991143	OK	 
REQUEST		Adicionar novo cliente	1628094981907	1628094991143	OK	 
REQUEST		Buscar cliente criado	1628094988088	1628094991143	OK	 
REQUEST		Adicionar novo cliente	1628094980706	1628094991144	OK	 
REQUEST		Buscar cliente criado	1628094988088	1628094991144	OK	 
REQUEST		Adicionar novo cliente	1628094984766	1628094991153	OK	 
REQUEST		Buscar cliente criado	1628094989262	1628094991240	OK	 
REQUEST		Buscar cliente criado	1628094989265	1628094991241	OK	 
REQUEST		Buscar cliente criado	1628094989263	1628094991241	OK	 
REQUEST		Adicionar novo cliente	1628094978780	1628094991249	OK	 
REQUEST		Buscar cliente criado	1628094989265	1628094991256	OK	 
REQUEST		Adicionar novo cliente	1628094981908	1628094991256	OK	 
REQUEST		Buscar cliente criado	1628094989666	1628094991269	OK	 
REQUEST		Buscar cliente criado	1628094990164	1628094991277	OK	 
REQUEST		Adicionar novo cliente	1628094981889	1628094991277	OK	 
REQUEST		Adicionar novo cliente	1628094981137	1628094991857	OK	 
REQUEST		Adicionar novo cliente	1628094981917	1628094991901	OK	 
REQUEST		Buscar cliente criado	1628094991144	1628094991904	OK	 
REQUEST		Buscar cliente criado	1628094991153	1628094991905	OK	 
REQUEST		Adicionar novo cliente	1628094980785	1628094991906	OK	 
REQUEST		Buscar cliente criado	1628094991152	1628094991907	OK	 
REQUEST		Buscar cliente criado	1628094991152	1628094991912	OK	 
REQUEST		Buscar cliente criado	1628094991256	1628094991913	OK	 
REQUEST		Buscar cliente criado	1628094991260	1628094991919	OK	 
REQUEST		Buscar cliente criado	1628094991161	1628094991936	OK	 
REQUEST		Adicionar novo cliente	1628094981906	1628094991944	OK	 
REQUEST		Adicionar novo cliente	1628094980693	1628094991944	OK	 
REQUEST		Buscar cliente criado	1628094991286	1628094991948	OK	 
REQUEST		Adicionar novo cliente	1628094982400	1628094992042	OK	 
REQUEST		Adicionar novo cliente	1628094981908	1628094992043	OK	 
REQUEST		Adicionar novo cliente	1628094984766	1628094992043	OK	 
REQUEST		Adicionar novo cliente	1628094984765	1628094992051	OK	 
REQUEST		Adicionar novo cliente	1628094982399	1628094992054	OK	 
REQUEST		Adicionar novo cliente	1628094982410	1628094992054	OK	 
REQUEST		Adicionar novo cliente	1628094984768	1628094992056	OK	 
REQUEST		Adicionar novo cliente	1628094982411	1628094992060	OK	 
REQUEST		Buscar cliente criado	1628094991899	1628094992575	OK	 
REQUEST		Buscar cliente criado	1628094991948	1628094992736	OK	 
REQUEST		Buscar cliente criado	1628094991932	1628094992737	OK	 
REQUEST		Buscar cliente criado	1628094991948	1628094992737	OK	 
REQUEST		Adicionar novo cliente	1628094984773	1628094992764	OK	 
REQUEST		Buscar cliente criado	1628094991930	1628094992778	OK	 
REQUEST		Buscar cliente criado	1628094992044	1628094992797	OK	 
REQUEST		Buscar cliente criado	1628094992043	1628094992797	OK	 
REQUEST		Buscar cliente criado	1628094992044	1628094992798	OK	 
REQUEST		Buscar cliente criado	1628094992055	1628094992798	OK	 
REQUEST		Buscar cliente criado	1628094992055	1628094992798	OK	 
REQUEST		Buscar cliente criado	1628094992061	1628094992813	OK	 
REQUEST		Buscar cliente criado	1628094992057	1628094992827	OK	 
REQUEST		Buscar cliente criado	1628094992052	1628094992827	OK	 
REQUEST		Editar cliente	1628094989342	1628094992835	OK	 
REQUEST		Editar cliente	1628094989342	1628094992856	OK	 
REQUEST		Editar cliente	1628094989667	1628094992862	OK	 
REQUEST		Adicionar novo cliente	1628094987896	1628094992872	OK	 
REQUEST		Editar cliente	1628094990171	1628094992873	OK	 
REQUEST		Editar cliente	1628094991271	1628094992956	OK	 
REQUEST		Editar cliente	1628094991281	1628094992956	OK	 
REQUEST		Editar cliente	1628094991248	1628094992957	OK	 
REQUEST		Editar cliente	1628094991153	1628094992962	OK	 
REQUEST		Editar cliente	1628094991247	1628094993155	OK	 
REQUEST		Adicionar novo cliente	1628094989461	1628094993156	OK	 
REQUEST		Adicionar novo cliente	1628094987888	1628094993157	OK	 
REQUEST		Editar cliente	1628094991248	1628094993159	OK	 
REQUEST		Adicionar novo cliente	1628094989449	1628094993159	OK	 
REQUEST		Editar cliente	1628094991259	1628094993160	OK	 
REQUEST		Adicionar novo cliente	1628094989454	1628094993245	OK	 
REQUEST		Adicionar novo cliente	1628094989457	1628094993247	OK	 
REQUEST		Adicionar novo cliente	1628094989346	1628094993249	OK	 
REQUEST		Adicionar novo cliente	1628094989461	1628094993250	OK	 
REQUEST		Adicionar novo cliente	1628094989359	1628094993250	OK	 
REQUEST		Adicionar novo cliente	1628094989359	1628094993253	OK	 
REQUEST		Adicionar novo cliente	1628094989560	1628094993254	OK	 
REQUEST		Adicionar novo cliente	1628094989560	1628094993256	OK	 
REQUEST		Adicionar novo cliente	1628094989476	1628094993257	OK	 
REQUEST		Adicionar novo cliente	1628094989371	1628094993266	OK	 
REQUEST		Adicionar novo cliente	1628094989365	1628094993890	OK	 
REQUEST		Editar cliente	1628094991154	1628094993938	OK	 
REQUEST		Adicionar novo cliente	1628094989466	1628094994049	OK	 
REQUEST		Adicionar novo cliente	1628094989548	1628094994049	OK	 
REQUEST		Adicionar novo cliente	1628094989563	1628094994059	OK	 
REQUEST		Adicionar novo cliente	1628094989473	1628094994059	OK	 
REQUEST		Adicionar novo cliente	1628094989548	1628094994167	OK	 
REQUEST		Adicionar novo cliente	1628094989473	1628094994167	OK	 
REQUEST		Adicionar novo cliente	1628094989466	1628094994169	OK	 
REQUEST		Buscar cliente criado	1628094992873	1628094994175	OK	 
REQUEST		Buscar cliente criado	1628094992775	1628094994176	OK	 
REQUEST		Adicionar novo cliente	1628094989553	1628094994177	OK	 
REQUEST		Adicionar novo cliente	1628094989566	1628094994184	OK	 
REQUEST		Buscar cliente criado	1628094993247	1628094994259	OK	 
REQUEST		Buscar cliente criado	1628094993183	1628094994268	OK	 
REQUEST		Buscar cliente criado	1628094993248	1628094994269	OK	 
REQUEST		Buscar cliente criado	1628094993252	1628094994270	OK	 
REQUEST		Buscar cliente criado	1628094993250	1628094994270	OK	 
REQUEST		Buscar cliente criado	1628094993252	1628094994274	OK	 
REQUEST		Buscar cliente criado	1628094993184	1628094994276	OK	 
REQUEST		Buscar cliente criado	1628094993183	1628094994276	OK	 
REQUEST		Buscar cliente criado	1628094993254	1628094994278	OK	 
REQUEST		Buscar cliente criado	1628094993255	1628094994278	OK	 
REQUEST		Buscar cliente criado	1628094993258	1628094994280	OK	 
REQUEST		Buscar cliente criado	1628094993257	1628094994281	OK	 
REQUEST		Buscar cliente criado	1628094993267	1628094994288	OK	 
REQUEST		Adicionar novo cliente	1628094989564	1628094994357	OK	 
REQUEST		Adicionar novo cliente	1628094989484	1628094994365	OK	 
REQUEST		Buscar cliente criado	1628094993891	1628094994367	OK	 
REQUEST		Buscar cliente criado	1628094994050	1628094995075	OK	 
REQUEST		Buscar cliente criado	1628094994050	1628094995075	OK	 
REQUEST		Buscar cliente criado	1628094994060	1628094995083	OK	 
REQUEST		Buscar cliente criado	1628094994061	1628094995084	OK	 
REQUEST		Buscar cliente criado	1628094994168	1628094995254	OK	 
REQUEST		Editar cliente	1628094991931	1628094995254	OK	 
REQUEST		Buscar cliente criado	1628094994169	1628094995256	OK	 
REQUEST		Editar cliente	1628094991950	1628094995269	OK	 
REQUEST		Editar cliente	1628094991931	1628094995271	OK	 
REQUEST		Editar cliente	1628094991942	1628094995272	OK	 
REQUEST		Editar cliente	1628094991932	1628094995273	OK	 
REQUEST		Buscar cliente criado	1628094994168	1628094995273	OK	 
REQUEST		Editar cliente	1628094991932	1628094995276	OK	 
REQUEST		Buscar cliente criado	1628094994178	1628094995281	OK	 
REQUEST		Buscar cliente criado	1628094994185	1628094995292	OK	 
REQUEST		Editar cliente	1628094991933	1628094995466	OK	 
REQUEST		Editar cliente	1628094991931	1628094995972	OK	 
REQUEST		Buscar cliente criado	1628094994359	1628094995980	OK	 
REQUEST		Buscar cliente criado	1628094994367	1628094995987	OK	 
REQUEST		Deletar cliente	1628094992858	1628094996066	OK	 
REQUEST		Deletar cliente	1628094992843	1628094996066	OK	 
REQUEST		Deletar cliente	1628094992958	1628094996067	OK	 
REQUEST		Deletar cliente	1628094993169	1628094996069	OK	 
REQUEST		Deletar cliente	1628094992960	1628094996070	OK	 
REQUEST		Deletar cliente	1628094992863	1628094996070	OK	 
REQUEST		Deletar cliente	1628094992959	1628094996072	OK	 
REQUEST		Deletar cliente	1628094992963	1628094996073	OK	 
REQUEST		Deletar cliente	1628094992876	1628094996074	OK	 
REQUEST		Editar cliente	1628094992577	1628094996136	OK	 
REQUEST		Deletar cliente	1628094993184	1628094996152	OK	 
REQUEST		Deletar cliente	1628094993185	1628094996154	OK	 
REQUEST		Deletar cliente	1628094993939	1628094996755	OK	 
REQUEST		Editar cliente	1628094992762	1628094997143	OK	 
REQUEST		Editar cliente	1628094992758	1628094997143	OK	 
REQUEST		Deletar cliente	1628094995256	1628094997152	OK	 
REQUEST		Deletar cliente	1628094995274	1628094997156	OK	 
REQUEST		Deletar cliente	1628094995277	1628094997159	OK	 
REQUEST		Deletar cliente	1628094995270	1628094997162	OK	 
REQUEST		Editar cliente	1628094992814	1628094997168	OK	 
REQUEST		Deletar cliente	1628094995277	1628094997168	OK	 
REQUEST		Deletar cliente	1628094995272	1628094997179	OK	 
REQUEST		Editar cliente	1628094992763	1628094997180	OK	 
REQUEST		Editar cliente	1628094992814	1628094997181	OK	 
REQUEST		Editar cliente	1628094992833	1628094997201	OK	 
REQUEST		Editar cliente	1628094992820	1628094997204	OK	 
REQUEST		Editar cliente	1628094992800	1628094997241	OK	 
REQUEST		Editar cliente	1628094992814	1628094997244	OK	 
REQUEST		Editar cliente	1628094992833	1628094997245	OK	 
REQUEST		Editar cliente	1628094992814	1628094997244	OK	 
REQUEST		Deletar cliente	1628094995468	1628094997248	OK	 
REQUEST		Editar cliente	1628094992814	1628094997249	OK	 
REQUEST		Deletar cliente	1628094995974	1628094997263	OK	 
REQUEST		Editar cliente	1628094994274	1628094997348	OK	 
REQUEST		Editar cliente	1628094994260	1628094997537	OK	 
REQUEST		Editar cliente	1628094994271	1628094997538	OK	 
REQUEST		Editar cliente	1628094994269	1628094997539	OK	 
REQUEST		Editar cliente	1628094994276	1628094997539	OK	 
REQUEST		Editar cliente	1628094994177	1628094997544	OK	 
REQUEST		Editar cliente	1628094994278	1628094997545	OK	 
REQUEST		Editar cliente	1628094994280	1628094997548	OK	 
REQUEST		Editar cliente	1628094994177	1628094997551	OK	 
REQUEST		Editar cliente	1628094994370	1628094997558	OK	 
REQUEST		Deletar cliente	1628094996137	1628094997646	OK	 
REQUEST		Editar cliente	1628094994274	1628094997647	OK	 
REQUEST		Editar cliente	1628094994280	1628094997653	OK	 
REQUEST		Editar cliente	1628094995085	1628094997658	OK	 
REQUEST		Editar cliente	1628094994281	1628094997658	OK	 
REQUEST		Editar cliente	1628094995076	1628094998075	OK	 
REQUEST		Editar cliente	1628094994278	1628094998080	OK	 
REQUEST		Editar cliente	1628094994282	1628094998084	OK	 
REQUEST		Editar cliente	1628094995076	1628094998666	OK	 
REQUEST		Editar cliente	1628094995084	1628094998674	OK	 
REQUEST		Editar cliente	1628094994289	1628094998684	OK	 
REQUEST		Editar cliente	1628094995277	1628094998751	OK	 
REQUEST		Editar cliente	1628094995255	1628094998877	OK	 
REQUEST		Editar cliente	1628094995257	1628094998878	OK	 
REQUEST		Listagem de Acoes	1628094996756	1628094998881	OK	 
REQUEST		Editar cliente	1628094995293	1628094998894	OK	 
REQUEST		Listagem de Acoes	1628094996071	1628094999067	OK	 
REQUEST		Editar cliente	1628094995282	1628094999074	OK	 
REQUEST		Listagem de Acoes	1628094997163	1628094999243	OK	 
REQUEST		Listagem de Acoes	1628094997157	1628094999246	OK	 
REQUEST		Listagem de Acoes	1628094997152	1628094999246	OK	 
REQUEST		Listagem de Acoes	1628094997248	1628094999576	OK	 
REQUEST		Listagem de Acoes	1628094997180	1628094999587	OK	 
REQUEST		Listagem de Acoes	1628094997200	1628094999588	OK	 
REQUEST		Listagem de Acoes	1628094997160	1628094999589	OK	 
REQUEST		Listagem de Acoes	1628094997264	1628094999651	OK	 
REQUEST		Listagem de Acoes	1628094997647	1628094999661	OK	 
REQUEST		Editar cliente	1628094995981	1628094999672	OK	 
REQUEST		Editar cliente	1628094995988	1628094999683	OK	 
REQUEST		Listagem de Acoes	1628094996069	1628094999838	OK	 
REQUEST		Listagem de Acoes	1628094996069	1628094999840	OK	 
REQUEST		Listagem de Acoes	1628094996069	1628094999842	OK	 
REQUEST		Listagem de Acoes	1628094996072	1628094999845	OK	 
REQUEST		Listagem de Acoes	1628094996153	1628094999843	OK	 
REQUEST		Listagem de Acoes	1628094996154	1628094999846	OK	 
REQUEST		Listagem de Acoes	1628094996074	1628094999845	OK	 
REQUEST		Listagem de Acoes	1628094996073	1628094999851	OK	 
REQUEST		Listagem de Acoes	1628094996072	1628094999855	OK	 
REQUEST		Listagem de Acoes	1628094996074	1628094999856	OK	 
REQUEST		Deletar cliente	1628094997145	1628094999859	OK	 
REQUEST		Deletar cliente	1628094997145	1628095000050	OK	 
REQUEST		Deletar cliente	1628094997178	1628095000065	OK	 
REQUEST		Deletar cliente	1628094997201	1628095000275	OK	 
REQUEST		Deletar cliente	1628094997245	1628095000277	OK	 
REQUEST		Deletar cliente	1628094997250	1628095000278	OK	 
REQUEST		Deletar cliente	1628094997208	1628095000287	OK	 
REQUEST		Deletar cliente	1628094997201	1628095000365	OK	 
REQUEST		Deletar cliente	1628094997349	1628095000366	OK	 
REQUEST		Deletar cliente	1628094997246	1628095000366	OK	 
REQUEST		Deletar cliente	1628094997246	1628095000367	OK	 
REQUEST		Deletar cliente	1628094997548	1628095000367	OK	 
REQUEST		Deletar cliente	1628094997207	1628095000370	OK	 
REQUEST		Deletar cliente	1628094997242	1628095000371	OK	 
REQUEST		Deletar cliente	1628094997549	1628095000387	OK	 
REQUEST		Deletar cliente	1628094997558	1628095000403	OK	 
REQUEST		Deletar cliente	1628094997659	1628095000397	OK	 
REQUEST		Deletar cliente	1628094997538	1628095000402	OK	 
REQUEST		Adicionar novo Acao	1628094998883	1628095000403	OK	 
REQUEST		Deletar cliente	1628094998084	1628095000416	OK	 
REQUEST		Deletar cliente	1628094997648	1628095000426	OK	 
REQUEST		Deletar cliente	1628094997544	1628095000431	OK	 
REQUEST		Deletar cliente	1628094997547	1628095000445	OK	 
REQUEST		Deletar cliente	1628094998076	1628095000445	OK	 
REQUEST		Adicionar novo Acao	1628094999068	1628095000445	OK	 
REQUEST		Deletar cliente	1628094997544	1628095000450	OK	 
REQUEST		Deletar cliente	1628094998081	1628095000455	OK	 
REQUEST		Deletar cliente	1628094997544	1628095000458	OK	 
REQUEST		Deletar cliente	1628094997659	1628095000471	OK	 
REQUEST		Deletar cliente	1628094997654	1628095000471	OK	 
REQUEST		Deletar cliente	1628094997554	1628095000471	OK	 
REQUEST		Adicionar novo Acao	1628094999244	1628095000535	OK	 
REQUEST		Deletar cliente	1628094998879	1628095000557	OK	 
REQUEST		Deletar cliente	1628094998752	1628095000559	OK	 
REQUEST		Adicionar novo Acao	1628094999247	1628095000558	OK	 
REQUEST		Adicionar novo Acao	1628094999247	1628095000559	OK	 
REQUEST		Deletar cliente	1628094998896	1628095000572	OK	 
REQUEST		Listagem de Acoes	1628094999859	1628095000737	OK	 
REQUEST		Deletar cliente	1628094998666	1628095000764	OK	 
REQUEST		Deletar cliente	1628094998880	1628095000769	OK	 
REQUEST		Deletar cliente	1628094998675	1628095000780	OK	 
REQUEST		Deletar cliente	1628094999075	1628095000780	OK	 
REQUEST		Deletar cliente	1628094998684	1628095000795	OK	 
REQUEST		Adicionar novo Acao	1628094999587	1628095002161	OK	 
REQUEST		Listagem de Acoes	1628095000051	1628095002162	OK	 
REQUEST		Listagem de Acoes	1628095000071	1628095002162	OK	 
REQUEST		Adicionar novo Acao	1628094999665	1628095002266	OK	 
REQUEST		Adicionar novo Acao	1628094999610	1628095002269	OK	 
REQUEST		Adicionar novo Acao	1628094999611	1628095002271	OK	 
REQUEST		Adicionar novo Acao	1628094999611	1628095002271	OK	 
REQUEST		Adicionar novo Acao	1628094999659	1628095002271	OK	 
REQUEST		Adicionar novo Acao	1628094999844	1628095002536	OK	 
REQUEST		Listagem de Acoes	1628095000276	1628095002569	OK	 
REQUEST		Listagem de Acoes	1628095000279	1628095002572	OK	 
REQUEST		Listagem de Acoes	1628095000278	1628095002574	OK	 
REQUEST		Listagem de Acoes	1628095000287	1628095002581	OK	 
REQUEST		Adicionar novo Acao	1628094999846	1628095002737	OK	 
REQUEST		Adicionar novo Acao	1628094999845	1628095002737	OK	 
REQUEST		Adicionar novo Acao	1628094999855	1628095002740	OK	 
REQUEST		Adicionar novo Acao	1628094999850	1628095002740	OK	 
REQUEST		Adicionar novo Acao	1628094999849	1628095002740	OK	 
REQUEST		Adicionar novo Acao	1628094999845	1628095002741	OK	 
REQUEST		Adicionar novo Acao	1628094999850	1628095002742	OK	 
REQUEST		Adicionar novo Acao	1628094999859	1628095002746	OK	 
REQUEST		Adicionar novo Acao	1628094999856	1628095002747	OK	 
REQUEST		Deletar cliente	1628094999674	1628095002749	OK	 
REQUEST		Deletar cliente	1628094999691	1628095002758	OK	 
REQUEST		Buscar acao criada	1628095000562	1628095002768	OK	 
REQUEST		Buscar acao criada	1628095000455	1628095002769	OK	 
REQUEST		Buscar acao criada	1628095000429	1628095002771	OK	 
REQUEST		Listagem de Acoes	1628095000396	1628095002836	OK	 
REQUEST		Listagem de Acoes	1628095000388	1628095002837	OK	 
REQUEST		Buscar acao criada	1628095000573	1628095002957	OK	 
REQUEST		Buscar acao criada	1628095000573	1628095002957	OK	 
REQUEST		Listagem de Acoes	1628095000429	1628095002959	OK	 
REQUEST		Listagem de Acoes	1628095000396	1628095002961	OK	 
REQUEST		Listagem de Acoes	1628095000398	1628095002962	OK	 
REQUEST		Listagem de Acoes	1628095000444	1628095002964	OK	 
REQUEST		Listagem de Acoes	1628095000387	1628095002966	OK	 
REQUEST		Listagem de Acoes	1628095000383	1628095002967	OK	 
REQUEST		Listagem de Acoes	1628095000398	1628095002967	OK	 
REQUEST		Listagem de Acoes	1628095000454	1628095002968	OK	 
REQUEST		Listagem de Acoes	1628095000416	1628095002972	OK	 
REQUEST		Listagem de Acoes	1628095000457	1628095002973	OK	 
REQUEST		Listagem de Acoes	1628095000427	1628095002972	OK	 
REQUEST		Listagem de Acoes	1628095000433	1628095002974	OK	 
REQUEST		Listagem de Acoes	1628095000420	1628095002982	OK	 
REQUEST		Listagem de Acoes	1628095000455	1628095003043	OK	 
REQUEST		Listagem de Acoes	1628095000454	1628095003050	OK	 
REQUEST		Listagem de Acoes	1628095000572	1628095003051	OK	 
REQUEST		Listagem de Acoes	1628095000572	1628095003052	OK	 
REQUEST		Listagem de Acoes	1628095000441	1628095003052	OK	 
REQUEST		Listagem de Acoes	1628095000459	1628095003055	OK	 
REQUEST		Listagem de Acoes	1628095000489	1628095003055	OK	 
REQUEST		Listagem de Acoes	1628095000488	1628095003058	OK	 
REQUEST		Listagem de Acoes	1628095000488	1628095003061	OK	 
REQUEST		Listagem de Acoes	1628095000577	1628095003067	OK	 
REQUEST		Listagem de Acoes	1628095000769	1628095003243	OK	 
REQUEST		Listagem de Acoes	1628095000795	1628095003251	OK	 
REQUEST		Listagem de Acoes	1628095000793	1628095003251	OK	 
REQUEST		Listagem de Acoes	1628095000780	1628095003378	OK	 
REQUEST		Buscar acao criada	1628095002170	1628095004056	OK	 
REQUEST		Buscar acao criada	1628095002274	1628095004056	OK	 
REQUEST		Buscar acao criada	1628095002289	1628095004062	OK	 
REQUEST		Buscar acao criada	1628095002288	1628095004062	OK	 
REQUEST		Buscar acao criada	1628095002290	1628095004062	OK	 
REQUEST		Buscar acao criada	1628095002290	1628095004062	OK	 
REQUEST		Listagem de Acoes	1628095000801	1628095004067	OK	 
REQUEST		Adicionar novo Acao	1628095000746	1628095004169	OK	 
REQUEST		Buscar acao criada	1628095002538	1628095004174	OK	 
REQUEST		Buscar acao criada	1628095002739	1628095004232	OK	 
REQUEST		Buscar acao criada	1628095002743	1628095004235	OK	 
REQUEST		Buscar acao criada	1628095002744	1628095004236	OK	 
REQUEST		Buscar acao criada	1628095002743	1628095004237	OK	 
REQUEST		Buscar acao criada	1628095002751	1628095004238	OK	 
REQUEST		Buscar acao criada	1628095002745	1628095004238	OK	 
REQUEST		Buscar acao criada	1628095002749	1628095004250	OK	 
REQUEST		Buscar acao criada	1628095002743	1628095004251	OK	 
REQUEST		Buscar acao criada	1628095002739	1628095004435	OK	 
REQUEST		Listagem de Acoes	1628095002752	1628095004445	OK	 
REQUEST		Adicionar novo Acao	1628095002177	1628095004453	OK	 
REQUEST		Listagem de Acoes	1628095002758	1628095004454	OK	 
REQUEST		Adicionar novo Acao	1628095002177	1628095004455	OK	 
REQUEST		Adicionar novo Acao	1628095002573	1628095004668	OK	 
REQUEST		Adicionar novo Acao	1628095002583	1628095004669	OK	 
REQUEST		Adicionar novo Acao	1628095002574	1628095004669	OK	 
REQUEST		Adicionar novo Acao	1628095002576	1628095004774	OK	 
REQUEST		Adicionar novo Acao	1628095002960	1628095004778	OK	 
REQUEST		Adicionar novo Acao	1628095002837	1628095004780	OK	 
REQUEST		Adicionar novo Acao	1628095002974	1628095004791	OK	 
REQUEST		Adicionar novo Acao	1628095002838	1628095004848	OK	 
REQUEST		Adicionar novo Acao	1628095003044	1628095004847	OK	 
REQUEST		Adicionar novo Acao	1628095003054	1628095004848	OK	 
REQUEST		Adicionar novo Acao	1628095002967	1628095004849	OK	 
REQUEST		Adicionar novo Acao	1628095003055	1628095004851	OK	 
REQUEST		Adicionar novo Acao	1628095003056	1628095004852	OK	 
REQUEST		Adicionar novo Acao	1628095002963	1628095004859	OK	 
REQUEST		Adicionar novo Acao	1628095003060	1628095004863	OK	 
REQUEST		Adicionar novo Acao	1628095002975	1628095004879	OK	 
REQUEST		Buscar acao criada	1628095004171	1628095004892	OK	 
REQUEST		Adicionar novo Acao	1628095002969	1628095004888	OK	 
REQUEST		Adicionar novo Acao	1628095003051	1628095004896	OK	 
REQUEST		Adicionar novo Acao	1628095003054	1628095004893	OK	 
REQUEST		Adicionar novo Acao	1628095002969	1628095004893	OK	 
REQUEST		Adicionar novo Acao	1628095003057	1628095004906	OK	 
REQUEST		Adicionar novo Acao	1628095002962	1628095004906	OK	 
REQUEST		Adicionar novo Acao	1628095003253	1628095004908	OK	 
REQUEST		Adicionar novo Acao	1628095002982	1628095004909	OK	 
REQUEST		Adicionar novo Acao	1628095002969	1628095004917	OK	 
REQUEST		Adicionar novo Acao	1628095003062	1628095004917	OK	 
REQUEST		Adicionar novo Acao	1628095002965	1628095004918	OK	 
REQUEST		Adicionar novo Acao	1628095003068	1628095004921	OK	 
REQUEST		Adicionar novo Acao	1628095002974	1628095004923	OK	 
REQUEST		Adicionar novo Acao	1628095002973	1628095004924	OK	 
REQUEST		Buscar acao criada	1628095004454	1628095004933	OK	 
REQUEST		Adicionar novo Acao	1628095003245	1628095004936	OK	 
REQUEST		Adicionar novo Acao	1628095003379	1628095004939	OK	 
REQUEST		Editar acao	1628095002769	1628095004940	OK	 
REQUEST		Buscar acao criada	1628095004456	1628095004942	OK	 
REQUEST		Adicionar novo Acao	1628095003253	1628095004947	OK	 
REQUEST		Editar acao	1628095002770	1628095004956	OK	 
REQUEST		Editar acao	1628095002958	1628095004957	OK	 
REQUEST		Editar acao	1628095002958	1628095004958	OK	 
REQUEST		Editar acao	1628095002771	1628095004959	OK	 
REQUEST		Adicionar novo Acao	1628095004069	1628095004977	OK	 
REQUEST		Buscar acao criada	1628095004675	1628095005052	OK	 
REQUEST		Buscar acao criada	1628095004676	1628095005059	OK	 
REQUEST		Buscar acao criada	1628095004676	1628095005063	OK	 
REQUEST		Buscar acao criada	1628095004778	1628095005536	OK	 
REQUEST		Buscar acao criada	1628095004786	1628095005537	OK	 
REQUEST		Buscar acao criada	1628095004785	1628095005541	OK	 
REQUEST		Editar acao	1628095004060	1628095005543	OK	 
REQUEST		Editar acao	1628095004066	1628095005544	OK	 
REQUEST		Adicionar novo Acao	1628095004446	1628095005546	OK	 
REQUEST		Adicionar novo Acao	1628095004455	1628095005562	OK	 
REQUEST		Editar acao	1628095004065	1628095005644	OK	 
REQUEST		Editar acao	1628095004060	1628095005652	OK	 
REQUEST		Buscar acao criada	1628095004798	1628095005653	OK	 
REQUEST		Editar acao	1628095004233	1628095005655	OK	 
REQUEST		Editar acao	1628095004175	1628095005656	OK	 
REQUEST		Editar acao	1628095004065	1628095005656	OK	 
REQUEST		Editar acao	1628095004239	1628095005657	OK	 
REQUEST		Editar acao	1628095004240	1628095005658	OK	 
REQUEST		Editar acao	1628095004239	1628095005659	OK	 
REQUEST		Editar acao	1628095004066	1628095005659	OK	 
REQUEST		Editar acao	1628095004236	1628095005662	OK	 
REQUEST		Editar acao	1628095004251	1628095005664	OK	 
REQUEST		Editar acao	1628095004251	1628095005665	OK	 
REQUEST		Buscar acao criada	1628095004884	1628095005950	OK	 
REQUEST		Buscar acao criada	1628095004882	1628095005951	OK	 
REQUEST		Buscar acao criada	1628095004865	1628095005952	OK	 
REQUEST		Buscar acao criada	1628095004890	1628095005953	OK	 
REQUEST		Buscar acao criada	1628095004891	1628095005956	OK	 
REQUEST		Buscar acao criada	1628095004888	1628095006772	OK	 
REQUEST		Buscar acao criada	1628095004882	1628095006773	OK	 
REQUEST		Editar acao	1628095004436	1628095006773	OK	 
REQUEST		Editar acao	1628095004237	1628095006773	OK	 
REQUEST		Buscar acao criada	1628095004907	1628095006794	OK	 
REQUEST		Buscar acao criada	1628095004905	1628095006797	OK	 
REQUEST		Buscar acao criada	1628095004887	1628095006797	OK	 
REQUEST		Buscar acao criada	1628095004895	1628095006797	OK	 
REQUEST		Buscar acao criada	1628095004908	1628095006798	OK	 
REQUEST		Buscar acao criada	1628095004907	1628095006810	OK	 
REQUEST		Buscar acao criada	1628095004921	1628095006835	OK	 
REQUEST		Buscar acao criada	1628095004924	1628095006839	OK	 
REQUEST		Buscar acao criada	1628095004918	1628095006852	OK	 
REQUEST		Buscar acao criada	1628095004921	1628095006946	OK	 
REQUEST		Buscar acao criada	1628095004937	1628095006946	OK	 
REQUEST		Buscar acao criada	1628095004925	1628095006952	OK	 
REQUEST		Buscar acao criada	1628095004948	1628095006965	OK	 
REQUEST		Buscar acao criada	1628095004917	1628095006965	OK	 
REQUEST		Buscar acao criada	1628095004940	1628095006965	OK	 
REQUEST		Buscar acao criada	1628095004914	1628095006966	OK	 
REQUEST		Buscar acao criada	1628095004914	1628095006966	OK	 
REQUEST		Buscar acao criada	1628095004921	1628095006983	OK	 
REQUEST		Buscar acao criada	1628095004978	1628095006983	OK	 
REQUEST		Buscar acao criada	1628095004923	1628095006984	OK	 
REQUEST		Buscar acao criada	1628095005547	1628095007347	OK	 
REQUEST		Buscar acao criada	1628095005563	1628095007354	OK	 
REQUEST		Deletar acao	1628095004941	1628095007667	OK	 
REQUEST		Deletar acao	1628095004959	1628095007670	OK	 
REQUEST		Deletar acao	1628095004958	1628095007672	OK	 
REQUEST		Deletar acao	1628095004960	1628095007674	OK	 
REQUEST		Deletar acao	1628095004957	1628095007670	OK	 
REQUEST		Editar acao	1628095004897	1628095007735	OK	 
REQUEST		Editar acao	1628095004934	1628095007742	OK	 
REQUEST		Editar acao	1628095004943	1628095007749	OK	 
REQUEST		Editar acao	1628095005059	1628095007759	OK	 
REQUEST		Editar acao	1628095005063	1628095007760	OK	 
REQUEST		Deletar acao	1628095005659	1628095007760	OK	 
REQUEST		Deletar acao	1628095005645	1628095007760	OK	 
REQUEST		Deletar acao	1628095005665	1628095007761	OK	 
REQUEST		Deletar acao	1628095005659	1628095007761	OK	 
REQUEST		Deletar acao	1628095005661	1628095007765	OK	 
REQUEST		Deletar acao	1628095005544	1628095007771	OK	 
REQUEST		Deletar acao	1628095005659	1628095007773	OK	 
REQUEST		Deletar acao	1628095005653	1628095007775	OK	 
REQUEST		Deletar acao	1628095005546	1628095007775	OK	 
REQUEST		Deletar acao	1628095006793	1628095007775	OK	 
REQUEST		Editar acao	1628095005537	1628095007776	OK	 
REQUEST		Editar acao	1628095005538	1628095007776	OK	 
REQUEST		Deletar acao	1628095006783	1628095007785	OK	 
REQUEST		Deletar acao	1628095005661	1628095007785	OK	 
REQUEST		Deletar acao	1628095005664	1628095007785	OK	 
REQUEST		Deletar acao	1628095005661	1628095007788	OK	 
REQUEST		Editar acao	1628095005079	1628095007788	OK	 
REQUEST		Deletar acao	1628095005656	1628095007790	OK	 
REQUEST		Editar acao	1628095005542	1628095007800	OK	 
REQUEST		Editar acao	1628095005955	1628095007791	OK	 
REQUEST		Editar acao	1628095005956	1628095007802	OK	 
REQUEST		Editar acao	1628095005655	1628095007803	OK	 
REQUEST		Deletar acao	1628095005666	1628095007804	OK	 
REQUEST		Editar acao	1628095005956	1628095007834	OK	 
REQUEST		Editar acao	1628095005952	1628095007835	OK	 
REQUEST		Editar acao	1628095005958	1628095007840	OK	 
REQUEST		Editar acao	1628095006774	1628095007840	OK	 
REQUEST		Editar acao	1628095006837	1628095007846	OK	 
REQUEST		Editar acao	1628095006810	1628095007848	OK	 
REQUEST		Editar acao	1628095006781	1628095007849	OK	 
REQUEST		Editar acao	1628095006799	1628095007848	OK	 
REQUEST		Editar acao	1628095006812	1628095007849	OK	 
REQUEST		Editar acao	1628095006810	1628095007852	OK	 
REQUEST		Editar acao	1628095006949	1628095007853	OK	 
REQUEST		Editar acao	1628095006810	1628095007854	OK	 
REQUEST		Editar acao	1628095006842	1628095007855	OK	 
REQUEST		Editar acao	1628095006810	1628095007860	OK	 
REQUEST		Editar acao	1628095006977	1628095007860	OK	 
REQUEST		Logout	1628095007671	1628095007861	OK	 
REQUEST		Editar acao	1628095006978	1628095007861	OK	 
REQUEST		Editar acao	1628095006976	1628095007863	OK	 
REQUEST		Logout	1628095007673	1628095007864	OK	 
REQUEST		Logout	1628095007679	1628095007864	OK	 
REQUEST		Editar acao	1628095006949	1628095007865	OK	 
REQUEST		Logout	1628095007674	1628095007865	OK	 
USER	Realizar login MaxxiForge para rota Action	END	1628095007868
REQUEST		Editar acao	1628095006954	1628095007869	OK	 
REQUEST		Editar acao	1628095007349	1628095007870	OK	 
USER	Realizar login MaxxiForge para rota Action	END	1628095007869
REQUEST		Logout	1628095007679	1628095007871	OK	 
REQUEST		Editar acao	1628095006853	1628095007871	OK	 
REQUEST		Editar acao	1628095006978	1628095007871	OK	 
USER	Realizar login MaxxiForge para rota Action	END	1628095007869
REQUEST		Editar acao	1628095006991	1628095007873	OK	 
USER	Realizar login MaxxiForge para rota Action	END	1628095007870
USER	Realizar login MaxxiForge para rota Action	END	1628095007876
REQUEST		Editar acao	1628095006978	1628095007878	OK	 
REQUEST		Editar acao	1628095007355	1628095007878	OK	 
REQUEST		Editar acao	1628095006991	1628095007879	OK	 
REQUEST		Editar acao	1628095006991	1628095007881	OK	 
REQUEST		Logout	1628095007770	1628095008946	OK	 
REQUEST		Logout	1628095007779	1628095008947	OK	 
REQUEST		Logout	1628095007774	1628095008948	OK	 
USER	Realizar login MaxxiForge para rota Action	END	1628095008950
USER	Realizar login MaxxiForge para rota Action	END	1628095008951
USER	Realizar login MaxxiForge para rota Action	END	1628095008951
REQUEST		Logout	1628095007799	1628095008953	OK	 
USER	Realizar login MaxxiForge para rota Action	END	1628095008955
REQUEST		Logout	1628095007789	1628095008956	OK	 
REQUEST		Logout	1628095007787	1628095008959	OK	 
REQUEST		Logout	1628095007785	1628095008959	OK	 
REQUEST		Logout	1628095007773	1628095008959	OK	 
REQUEST		Logout	1628095007772	1628095008959	OK	 
USER	Realizar login MaxxiForge para rota Action	END	1628095008961
REQUEST		Logout	1628095007787	1628095008970	OK	 
USER	Realizar login MaxxiForge para rota Action	END	1628095008970
REQUEST		Logout	1628095007805	1628095008982	OK	 
REQUEST		Logout	1628095007803	1628095008988	OK	 
REQUEST		Logout	1628095007773	1628095008977	OK	 
USER	Realizar login MaxxiForge para rota Action	END	1628095008974
REQUEST		Logout	1628095007787	1628095008988	OK	 
REQUEST		Deletar acao	1628095007788	1628095009002	OK	 
USER	Realizar login MaxxiForge para rota Action	END	1628095008975
REQUEST		Deletar acao	1628095007738	1628095009015	OK	 
REQUEST		Deletar acao	1628095007770	1628095009015	OK	 
USER	Realizar login MaxxiForge para rota Action	END	1628095008975
USER	Realizar login MaxxiForge para rota Action	END	1628095009001
REQUEST		Logout	1628095007790	1628095009027	OK	 
USER	Realizar login MaxxiForge para rota Action	END	1628095009009
REQUEST		Deletar acao	1628095007745	1628095009030	OK	 
USER	Realizar login MaxxiForge para rota Action	END	1628095009015
REQUEST		Logout	1628095007801	1628095009032	OK	 
USER	Realizar login MaxxiForge para rota Action	END	1628095009017
USER	Realizar login MaxxiForge para rota Action	END	1628095009017
REQUEST		Deletar acao	1628095007803	1628095009034	OK	 
REQUEST		Deletar acao	1628095007803	1628095009035	OK	 
REQUEST		Deletar acao	1628095007770	1628095009035	OK	 
REQUEST		Deletar acao	1628095007787	1628095009035	OK	 
USER	Realizar login MaxxiForge para rota Action	END	1628095009031
REQUEST		Deletar acao	1628095007758	1628095009036	OK	 
USER	Realizar login MaxxiForge para rota Action	END	1628095009035
REQUEST		Deletar acao	1628095007835	1628095009043	OK	 
REQUEST		Deletar acao	1628095007864	1628095009043	OK	 
REQUEST		Deletar acao	1628095007851	1628095009043	OK	 
REQUEST		Deletar acao	1628095007804	1628095009044	OK	 
REQUEST		Deletar acao	1628095007848	1628095009045	OK	 
REQUEST		Deletar acao	1628095007854	1628095009046	OK	 
REQUEST		Deletar acao	1628095007850	1628095009047	OK	 
REQUEST		Deletar acao	1628095007852	1628095009048	OK	 
REQUEST		Deletar acao	1628095007860	1628095009048	OK	 
REQUEST		Deletar acao	1628095007802	1628095009049	OK	 
REQUEST		Deletar acao	1628095007804	1628095009049	OK	 
REQUEST		Deletar acao	1628095007870	1628095009051	OK	 
REQUEST		Deletar acao	1628095007851	1628095009051	OK	 
REQUEST		Deletar acao	1628095007863	1628095009058	OK	 
REQUEST		Deletar acao	1628095007850	1628095009053	OK	 
REQUEST		Deletar acao	1628095007871	1628095009058	OK	 
REQUEST		Deletar acao	1628095007841	1628095009059	OK	 
REQUEST		Deletar acao	1628095007878	1628095009059	OK	 
REQUEST		Deletar acao	1628095007877	1628095009060	OK	 
REQUEST		Deletar acao	1628095007864	1628095009060	OK	 
REQUEST		Deletar acao	1628095007876	1628095009061	OK	 
REQUEST		Deletar acao	1628095007835	1628095009063	OK	 
REQUEST		Deletar acao	1628095007841	1628095009063	OK	 
REQUEST		Deletar acao	1628095007881	1628095009064	OK	 
REQUEST		Deletar acao	1628095007860	1628095009067	OK	 
REQUEST		Deletar acao	1628095007867	1628095009072	OK	 
REQUEST		Deletar acao	1628095007881	1628095009075	OK	 
REQUEST		Deletar acao	1628095007880	1628095009075	OK	 
REQUEST		Deletar acao	1628095007877	1628095009077	OK	 
REQUEST		Deletar acao	1628095007882	1628095009093	OK	 
REQUEST		Logout	1628095009017	1628095009186	OK	 
REQUEST		Logout	1628095009029	1628095009198	OK	 
USER	Realizar login MaxxiForge para rota Action	END	1628095009198
REQUEST		Logout	1628095009032	1628095009198	OK	 
REQUEST		Logout	1628095009029	1628095009199	OK	 
USER	Realizar login MaxxiForge para rota Action	END	1628095009216
USER	Realizar login MaxxiForge para rota Action	END	1628095009216
USER	Realizar login MaxxiForge para rota Action	END	1628095009216
REQUEST		Logout	1628095009041	1628095009378	OK	 
REQUEST		Logout	1628095009041	1628095009383	OK	 
USER	Realizar login MaxxiForge para rota Action	END	1628095009384
USER	Realizar login MaxxiForge para rota Action	END	1628095009390
REQUEST		Logout	1628095009041	1628095009440	OK	 
REQUEST		Logout	1628095009042	1628095009443	OK	 
REQUEST		Logout	1628095009046	1628095009445	OK	 
REQUEST		Logout	1628095009042	1628095009451	OK	 
REQUEST		Logout	1628095009048	1628095009453	OK	 
REQUEST		Logout	1628095009049	1628095009455	OK	 
REQUEST		Logout	1628095009052	1628095009474	OK	 
REQUEST		Logout	1628095009048	1628095009476	OK	 
USER	Realizar login MaxxiForge para rota Action	END	1628095009480
REQUEST		Logout	1628095009053	1628095009508	OK	 
REQUEST		Logout	1628095009054	1628095009521	OK	 
REQUEST		Logout	1628095009052	1628095009521	OK	 
USER	Realizar login MaxxiForge para rota Action	END	1628095009508
REQUEST		Logout	1628095009057	1628095009524	OK	 
REQUEST		Logout	1628095009067	1628095009524	OK	 
REQUEST		Logout	1628095009064	1628095009525	OK	 
REQUEST		Logout	1628095009060	1628095009525	OK	 
REQUEST		Logout	1628095009058	1628095009527	OK	 
USER	Realizar login MaxxiForge para rota Action	END	1628095009508
REQUEST		Logout	1628095009075	1628095009551	OK	 
REQUEST		Logout	1628095009048	1628095009558	OK	 
REQUEST		Logout	1628095009059	1628095009559	OK	 
REQUEST		Logout	1628095009060	1628095009584	OK	 
REQUEST		Logout	1628095009061	1628095009586	OK	 
USER	Realizar login MaxxiForge para rota Action	END	1628095009524
REQUEST		Logout	1628095009099	1628095009595	OK	 
REQUEST		Logout	1628095009071	1628095009602	OK	 
REQUEST		Logout	1628095009077	1628095009602	OK	 
USER	Realizar login MaxxiForge para rota Action	END	1628095009524
REQUEST		Logout	1628095009085	1628095009603	OK	 
REQUEST		Logout	1628095009072	1628095009603	OK	 
REQUEST		Logout	1628095009087	1628095009603	OK	 
REQUEST		Logout	1628095009075	1628095009604	OK	 
USER	Realizar login MaxxiForge para rota Action	END	1628095009524
REQUEST		Logout	1628095009085	1628095009612	OK	 
REQUEST		Logout	1628095009062	1628095009610	OK	 
REQUEST		Logout	1628095009077	1628095009610	OK	 
USER	Realizar login MaxxiForge para rota Action	END	1628095009537
REQUEST		Logout	1628095009071	1628095009614	OK	 
REQUEST		Logout	1628095009067	1628095009615	OK	 
USER	Realizar login MaxxiForge para rota Action	END	1628095009537
USER	Realizar login MaxxiForge para rota Action	END	1628095009584
USER	Realizar login MaxxiForge para rota Action	END	1628095009586
USER	Realizar login MaxxiForge para rota Action	END	1628095009587
USER	Realizar login MaxxiForge para rota Action	END	1628095009591
USER	Realizar login MaxxiForge para rota Action	END	1628095009594
USER	Realizar login MaxxiForge para rota Action	END	1628095009594
USER	Realizar login MaxxiForge para rota Action	END	1628095009594
USER	Realizar login MaxxiForge para rota Action	END	1628095009595
USER	Realizar login MaxxiForge para rota Action	END	1628095009603
USER	Realizar login MaxxiForge para rota Action	END	1628095009603
USER	Realizar login MaxxiForge para rota Action	END	1628095009603
USER	Realizar login MaxxiForge para rota Action	END	1628095009604
USER	Realizar login MaxxiForge para rota Action	END	1628095009607
USER	Realizar login MaxxiForge para rota Action	END	1628095009609
USER	Realizar login MaxxiForge para rota Action	END	1628095009611
USER	Realizar login MaxxiForge para rota Action	END	1628095009611
USER	Realizar login MaxxiForge para rota Action	END	1628095009611
USER	Realizar login MaxxiForge para rota Action	END	1628095009611
USER	Realizar login MaxxiForge para rota Action	END	1628095009614
USER	Realizar login MaxxiForge para rota Action	END	1628095009615
USER	Realizar login MaxxiForge para rota Action	END	1628095009615
USER	Realizar login MaxxiForge para rota Action	END	1628095009616
USER	Realizar login MaxxiForge para rota Action	END	1628095009616
USER	Realizar login MaxxiForge para rota Action	END	1628095009616
USER	Realizar login MaxxiForge para rota Action	END	1628095009616
