RUN	maxxiforge.JornadaEstresse	jornadaestresse	1628023732389	 	3.6.0
USER	Realizar login MaxxiForge para rota Action	START	1628023732634
USER	Realizar login MaxxiForge para rota Action	START	1628023732634
USER	Realizar login MaxxiForge para rota Action	START	1628023732634
USER	Realizar login MaxxiForge para rota Action	START	1628023732634
USER	Realizar login MaxxiForge para rota Action	START	1628023732634
USER	Realizar login MaxxiForge para rota Action	START	1628023732634
USER	Realizar login MaxxiForge para rota Action	START	1628023732634
USER	Realizar login MaxxiForge para rota Action	START	1628023732635
USER	Realizar login MaxxiForge para rota Action	START	1628023732634
USER	Realizar login MaxxiForge para rota Action	START	1628023732634
USER	Realizar login MaxxiForge para rota Action	START	1628023732634
USER	Realizar login MaxxiForge para rota Action	START	1628023732634
USER	Realizar login MaxxiForge para rota Action	START	1628023732634
USER	Realizar login MaxxiForge para rota Action	START	1628023732637
USER	Realizar login MaxxiForge para rota Action	START	1628023732634
USER	Realizar login MaxxiForge para rota Action	START	1628023732634
USER	Realizar login MaxxiForge para rota Action	START	1628023732634
USER	Realizar login MaxxiForge para rota Action	START	1628023732637
USER	Realizar login MaxxiForge para rota Action	START	1628023732638
USER	Realizar login MaxxiForge para rota Action	START	1628023732638
USER	Realizar login MaxxiForge para rota Action	START	1628023732637
USER	Realizar login MaxxiForge para rota Action	START	1628023732637
USER	Realizar login MaxxiForge para rota Action	START	1628023732637
USER	Realizar login MaxxiForge para rota Action	START	1628023732639
USER	Realizar login MaxxiForge para rota Action	START	1628023732637
USER	Realizar login MaxxiForge para rota Action	START	1628023732637
USER	Realizar login MaxxiForge para rota Action	START	1628023732639
USER	Realizar login MaxxiForge para rota Action	START	1628023732637
USER	Realizar login MaxxiForge para rota Action	START	1628023732637
USER	Realizar login MaxxiForge para rota Action	START	1628023732637
USER	Realizar login MaxxiForge para rota Action	START	1628023732638
USER	Realizar login MaxxiForge para rota Action	START	1628023732637
USER	Realizar login MaxxiForge para rota Action	START	1628023732640
USER	Realizar login MaxxiForge para rota Action	START	1628023732641
USER	Realizar login MaxxiForge para rota Action	START	1628023732641
USER	Realizar login MaxxiForge para rota Action	START	1628023732638
USER	Realizar login MaxxiForge para rota Action	START	1628023732638
USER	Realizar login MaxxiForge para rota Action	START	1628023732639
USER	Realizar login MaxxiForge para rota Action	START	1628023732641
USER	Realizar login MaxxiForge para rota Action	START	1628023732642
REQUEST		Login	1628023732673	1628023734218	OK	 
REQUEST		Login	1628023732673	1628023734502	OK	 
REQUEST		Login	1628023732920	1628023734596	OK	 
REQUEST		Login	1628023732673	1628023734598	OK	 
REQUEST		Login	1628023732672	1628023734603	OK	 
REQUEST		Login	1628023732920	1628023734604	OK	 
REQUEST		Login	1628023732672	1628023734603	OK	 
REQUEST		Login	1628023732920	1628023734604	OK	 
REQUEST		Login	1628023732919	1628023734610	OK	 
REQUEST		Listagem de profissionais	1628023734273	1628023734617	OK	 
REQUEST		Login	1628023732918	1628023734622	OK	 
REQUEST		Login	1628023732920	1628023734628	OK	 
REQUEST		Login	1628023732673	1628023734628	OK	 
REQUEST		Login	1628023732919	1628023734628	OK	 
REQUEST		Login	1628023732673	1628023734629	OK	 
REQUEST		Login	1628023732919	1628023734629	OK	 
REQUEST		Login	1628023732918	1628023734629	OK	 
REQUEST		Login	1628023732917	1628023734637	OK	 
REQUEST		Login	1628023732672	1628023734640	OK	 
REQUEST		Login	1628023732672	1628023734637	OK	 
REQUEST		Login	1628023732916	1628023734641	OK	 
REQUEST		Login	1628023732673	1628023734641	OK	 
REQUEST		Login	1628023732920	1628023734641	OK	 
REQUEST		Login	1628023732918	1628023734643	OK	 
REQUEST		Login	1628023732672	1628023734643	OK	 
REQUEST		Login	1628023732673	1628023734645	OK	 
REQUEST		Login	1628023732919	1628023734659	OK	 
REQUEST		Login	1628023732918	1628023734659	OK	 
REQUEST		Login	1628023732673	1628023734660	OK	 
REQUEST		Login	1628023732919	1628023734662	OK	 
REQUEST		Login	1628023732673	1628023734663	OK	 
REQUEST		Login	1628023732673	1628023734662	OK	 
REQUEST		Login	1628023732917	1628023734663	OK	 
REQUEST		Login	1628023732919	1628023734664	OK	 
REQUEST		Login	1628023732917	1628023734668	OK	 
REQUEST		Login	1628023732918	1628023734670	OK	 
REQUEST		Login	1628023732919	1628023734676	OK	 
REQUEST		Login	1628023732919	1628023734677	OK	 
REQUEST		Listagem de profissionais	1628023734507	1628023734679	OK	 
REQUEST		Login	1628023732917	1628023734685	OK	 
REQUEST		Login	1628023732673	1628023734685	OK	 
REQUEST		Login	1628023732918	1628023734692	OK	 
REQUEST		Listagem de profissionais	1628023734603	1628023734759	OK	 
REQUEST		Listagem de profissionais	1628023734602	1628023734762	OK	 
REQUEST		Listagem de profissionais	1628023734614	1628023734788	OK	 
REQUEST		Listagem de profissionais	1628023734614	1628023734801	OK	 
REQUEST		Listagem de profissionais	1628023734615	1628023734813	OK	 
REQUEST		Listagem de profissionais	1628023734616	1628023734817	OK	 
REQUEST		Listagem de profissionais	1628023734618	1628023734848	OK	 
REQUEST		Listagem de profissionais	1628023734628	1628023734890	OK	 
REQUEST		Listagem de profissionais	1628023734637	1628023734921	OK	 
REQUEST		Listagem de profissionais	1628023734640	1628023735003	OK	 
REQUEST		Listagem de profissionais	1628023734638	1628023735005	OK	 
REQUEST		Listagem de profissionais	1628023734641	1628023735029	OK	 
REQUEST		Listagem de profissionais	1628023734640	1628023735043	OK	 
REQUEST		Listagem de profissionais	1628023734647	1628023735046	OK	 
REQUEST		Listagem de profissionais	1628023734645	1628023735059	OK	 
REQUEST		Listagem de profissionais	1628023734638	1628023735060	OK	 
REQUEST		Listagem de profissionais	1628023734647	1628023735066	OK	 
REQUEST		Listagem de profissionais	1628023734645	1628023735065	OK	 
REQUEST		Listagem de profissionais	1628023734647	1628023735065	OK	 
REQUEST		Listagem de profissionais	1628023734643	1628023735066	OK	 
REQUEST		Listagem de profissionais	1628023734649	1628023735083	OK	 
REQUEST		Listagem de profissionais	1628023734662	1628023735081	OK	 
REQUEST		Listagem de profissionais	1628023734666	1628023735081	OK	 
REQUEST		Listagem de profissionais	1628023734648	1628023735082	OK	 
REQUEST		Listagem de profissionais	1628023734662	1628023735082	OK	 
REQUEST		Listagem de profissionais	1628023734666	1628023735083	OK	 
REQUEST		Listagem de profissionais	1628023734648	1628023735083	OK	 
REQUEST		Listagem de profissionais	1628023734677	1628023735094	OK	 
REQUEST		Listagem de profissionais	1628023734687	1628023735109	OK	 
REQUEST		Listagem de profissionais	1628023734662	1628023735110	OK	 
REQUEST		Listagem de profissionais	1628023734672	1628023735112	OK	 
REQUEST		Listagem de profissionais	1628023734670	1628023735122	OK	 
REQUEST		Listagem de profissionais	1628023734666	1628023735122	OK	 
REQUEST		Listagem de profissionais	1628023734687	1628023735122	OK	 
REQUEST		Listagem de profissionais	1628023734667	1628023735123	OK	 
REQUEST		Listagem de profissionais	1628023734678	1628023735123	OK	 
REQUEST		Listagem de profissionais	1628023734667	1628023735124	OK	 
REQUEST		Listagem de profissionais	1628023734694	1628023735134	OK	 
REQUEST		Adicionar novo profissional	1628023734625	1628023736372	OK	 
REQUEST		Adicionar novo profissional	1628023734680	1628023736399	OK	 
REQUEST		Adicionar novo profissional	1628023734766	1628023736400	OK	 
REQUEST		Adicionar novo profissional	1628023734762	1628023736411	OK	 
REQUEST		Adicionar novo profissional	1628023734795	1628023736472	OK	 
REQUEST		Adicionar novo profissional	1628023734824	1628023736472	OK	 
REQUEST		Adicionar novo profissional	1628023734805	1628023736474	OK	 
REQUEST		Adicionar novo profissional	1628023734817	1628023736474	OK	 
REQUEST		Adicionar novo profissional	1628023734928	1628023736475	OK	 
REQUEST		Adicionar novo profissional	1628023734895	1628023736475	OK	 
REQUEST		Adicionar novo profissional	1628023734860	1628023736496	OK	 
REQUEST		Adicionar novo profissional	1628023735013	1628023736521	OK	 
REQUEST		Adicionar novo profissional	1628023735046	1628023736525	OK	 
REQUEST		Adicionar novo profissional	1628023735050	1628023736533	OK	 
REQUEST		Adicionar novo profissional	1628023735014	1628023736563	OK	 
REQUEST		Adicionar novo profissional	1628023735032	1628023736566	OK	 
REQUEST		Adicionar novo profissional	1628023735064	1628023736723	OK	 
REQUEST		Adicionar novo profissional	1628023735079	1628023736724	OK	 
REQUEST		Adicionar novo profissional	1628023735110	1628023736724	OK	 
REQUEST		Buscar profissional criado	1628023736415	1628023736728	OK	 
REQUEST		Adicionar novo profissional	1628023735065	1628023736730	OK	 
REQUEST		Buscar profissional criado	1628023736397	1628023736732	OK	 
REQUEST		Buscar profissional criado	1628023736406	1628023736732	OK	 
REQUEST		Buscar profissional criado	1628023736405	1628023736732	OK	 
REQUEST		Adicionar novo profissional	1628023735109	1628023736738	OK	 
REQUEST		Adicionar novo profissional	1628023735107	1628023736739	OK	 
REQUEST		Adicionar novo profissional	1628023735110	1628023736776	OK	 
REQUEST		Adicionar novo profissional	1628023735082	1628023736777	OK	 
REQUEST		Adicionar novo profissional	1628023735121	1628023736875	OK	 
REQUEST		Buscar profissional criado	1628023736495	1628023736886	OK	 
REQUEST		Adicionar novo profissional	1628023735107	1628023736879	OK	 
REQUEST		Adicionar novo profissional	1628023735081	1628023736880	OK	 
REQUEST		Buscar profissional criado	1628023736524	1628023736881	OK	 
REQUEST		Adicionar novo profissional	1628023735107	1628023736881	OK	 
REQUEST		Buscar profissional criado	1628023736503	1628023736885	OK	 
REQUEST		Buscar profissional criado	1628023736494	1628023736885	OK	 
REQUEST		Adicionar novo profissional	1628023735114	1628023736885	OK	 
REQUEST		Buscar profissional criado	1628023736495	1628023736887	OK	 
REQUEST		Buscar profissional criado	1628023736566	1628023736887	OK	 
REQUEST		Buscar profissional criado	1628023736494	1628023736898	OK	 
REQUEST		Adicionar novo profissional	1628023735119	1628023736914	OK	 
REQUEST		Buscar profissional criado	1628023736536	1628023736920	OK	 
REQUEST		Adicionar novo profissional	1628023735130	1628023736920	OK	 
REQUEST		Adicionar novo profissional	1628023735131	1628023736932	OK	 
REQUEST		Adicionar novo profissional	1628023735129	1628023736933	OK	 
REQUEST		Adicionar novo profissional	1628023735080	1628023736933	OK	 
REQUEST		Adicionar novo profissional	1628023735110	1628023736934	OK	 
REQUEST		Buscar profissional criado	1628023736494	1628023736934	OK	 
REQUEST		Buscar profissional criado	1628023736726	1628023736935	OK	 
REQUEST		Adicionar novo profissional	1628023735130	1628023736935	OK	 
REQUEST		Buscar profissional criado	1628023736732	1628023736941	OK	 
REQUEST		Buscar profissional criado	1628023736726	1628023736942	OK	 
REQUEST		Adicionar novo profissional	1628023735122	1628023736942	OK	 
REQUEST		Buscar profissional criado	1628023736742	1628023736943	OK	 
REQUEST		Buscar profissional criado	1628023736780	1628023736945	OK	 
REQUEST		Buscar profissional criado	1628023736724	1628023736946	OK	 
REQUEST		Adicionar novo profissional	1628023735136	1628023736948	OK	 
REQUEST		Buscar profissional criado	1628023736780	1628023736950	OK	 
REQUEST		Buscar profissional criado	1628023736528	1628023736954	OK	 
REQUEST		Adicionar novo profissional	1628023735133	1628023736955	OK	 
REQUEST		Adicionar novo profissional	1628023735130	1628023736956	OK	 
REQUEST		Buscar profissional criado	1628023736568	1628023736955	OK	 
REQUEST		Buscar profissional criado	1628023736495	1628023736955	OK	 
REQUEST		Buscar profissional criado	1628023736741	1628023736959	OK	 
REQUEST		Editar profissional	1628023736729	1628023736963	OK	 
REQUEST		Editar profissional	1628023736738	1628023736965	OK	 
REQUEST		Editar profissional	1628023736737	1628023736968	OK	 
REQUEST		Editar profissional	1628023736737	1628023736969	OK	 
REQUEST		Buscar profissional criado	1628023736919	1628023737077	OK	 
REQUEST		Buscar profissional criado	1628023736918	1628023737157	OK	 
REQUEST		Buscar profissional criado	1628023736920	1628023737158	OK	 
REQUEST		Buscar profissional criado	1628023736913	1628023737174	OK	 
REQUEST		Buscar profissional criado	1628023736926	1628023737177	OK	 
REQUEST		Buscar profissional criado	1628023736930	1628023737181	OK	 
REQUEST		Buscar profissional criado	1628023736948	1628023737182	OK	 
REQUEST		Buscar profissional criado	1628023736945	1628023737186	OK	 
REQUEST		Buscar profissional criado	1628023736958	1628023737188	OK	 
REQUEST		Buscar profissional criado	1628023736958	1628023737190	OK	 
REQUEST		Buscar profissional criado	1628023736945	1628023737190	OK	 
REQUEST		Buscar profissional criado	1628023736949	1628023737193	OK	 
REQUEST		Buscar profissional criado	1628023736933	1628023737195	OK	 
REQUEST		Buscar profissional criado	1628023736942	1628023737195	OK	 
REQUEST		Buscar profissional criado	1628023736947	1628023737206	OK	 
REQUEST		Buscar profissional criado	1628023736954	1628023737208	OK	 
REQUEST		Editar profissional	1628023736919	1628023737222	OK	 
REQUEST		Deletar profissional	1628023736968	1628023737223	OK	 
REQUEST		Deletar profissional	1628023736965	1628023737226	OK	 
REQUEST		Deletar profissional	1628023736970	1628023737229	OK	 
REQUEST		Deletar profissional	1628023736970	1628023737231	OK	 
REQUEST		Editar profissional	1628023736926	1628023737234	OK	 
REQUEST		Editar profissional	1628023736927	1628023737258	OK	 
REQUEST		Editar profissional	1628023736925	1628023737260	OK	 
REQUEST		Editar profissional	1628023736927	1628023737261	OK	 
REQUEST		Editar profissional	1628023736926	1628023737261	OK	 
REQUEST		Editar profissional	1628023736953	1628023737263	OK	 
REQUEST		Editar profissional	1628023736918	1628023737263	OK	 
REQUEST		Editar profissional	1628023736948	1628023737264	OK	 
REQUEST		Editar profissional	1628023736956	1628023737267	OK	 
REQUEST		Editar profissional	1628023736958	1628023737266	OK	 
REQUEST		Editar profissional	1628023736953	1628023737266	OK	 
REQUEST		Editar profissional	1628023736958	1628023737268	OK	 
REQUEST		Editar profissional	1628023736958	1628023737267	OK	 
REQUEST		Editar profissional	1628023736949	1628023737268	OK	 
REQUEST		Editar profissional	1628023736933	1628023737281	OK	 
REQUEST		Editar profissional	1628023736950	1628023737282	OK	 
REQUEST		Editar profissional	1628023736948	1628023737282	OK	 
REQUEST		Editar profissional	1628023737081	1628023737282	OK	 
REQUEST		Editar profissional	1628023736960	1628023737283	OK	 
REQUEST		Editar profissional	1628023736949	1628023737284	OK	 
REQUEST		Editar profissional	1628023737162	1628023737337	OK	 
REQUEST		Editar profissional	1628023737164	1628023737341	OK	 
REQUEST		Editar profissional	1628023737187	1628023737798	OK	 
REQUEST		Listagem de clientes	1628023737224	1628023737886	OK	 
REQUEST		Listagem de clientes	1628023737231	1628023737911	OK	 
REQUEST		Listagem de clientes	1628023737227	1628023737928	OK	 
REQUEST		Deletar profissional	1628023737223	1628023737928	OK	 
REQUEST		Deletar profissional	1628023737235	1628023737928	OK	 
REQUEST		Listagem de clientes	1628023737232	1628023737940	OK	 
REQUEST		Deletar profissional	1628023737263	1628023737944	OK	 
REQUEST		Deletar profissional	1628023737263	1628023737945	OK	 
REQUEST		Editar profissional	1628023737193	1628023737948	OK	 
REQUEST		Deletar profissional	1628023737270	1628023737949	OK	 
REQUEST		Deletar profissional	1628023737262	1628023737953	OK	 
REQUEST		Deletar profissional	1628023737281	1628023737953	OK	 
REQUEST		Deletar profissional	1628023737280	1628023737954	OK	 
REQUEST		Deletar profissional	1628023737264	1628023737955	OK	 
REQUEST		Deletar profissional	1628023737266	1628023737955	OK	 
REQUEST		Deletar profissional	1628023737285	1628023737955	OK	 
REQUEST		Editar profissional	1628023737182	1628023737968	OK	 
REQUEST		Deletar profissional	1628023737266	1628023737968	OK	 
REQUEST		Deletar profissional	1628023737285	1628023737969	OK	 
REQUEST		Deletar profissional	1628023737283	1628023737969	OK	 
REQUEST		Deletar profissional	1628023737269	1628023737970	OK	 
REQUEST		Editar profissional	1628023737208	1628023737970	OK	 
REQUEST		Deletar profissional	1628023737346	1628023737976	OK	 
REQUEST		Deletar profissional	1628023737283	1628023737976	OK	 
REQUEST		Deletar profissional	1628023737282	1628023737977	OK	 
REQUEST		Editar profissional	1628023737192	1628023737982	OK	 
REQUEST		Deletar profissional	1628023737286	1628023737977	OK	 
REQUEST		Deletar profissional	1628023737342	1628023737978	OK	 
REQUEST		Deletar profissional	1628023737263	1628023737979	OK	 
REQUEST		Deletar profissional	1628023737285	1628023737982	OK	 
REQUEST		Editar profissional	1628023737197	1628023737986	OK	 
REQUEST		Editar profissional	1628023737206	1628023737987	OK	 
REQUEST		Deletar profissional	1628023737800	1628023737987	OK	 
REQUEST		Editar profissional	1628023737205	1628023737987	OK	 
REQUEST		Editar profissional	1628023737197	1628023737990	OK	 
REQUEST		Editar profissional	1628023737195	1628023737992	OK	 
REQUEST		Editar profissional	1628023737196	1628023737993	OK	 
REQUEST		Deletar profissional	1628023737281	1628023737994	OK	 
REQUEST		Editar profissional	1628023737205	1628023737996	OK	 
REQUEST		Editar profissional	1628023737212	1628023737999	OK	 
REQUEST		Adicionar novo cliente	1628023737893	1628023738091	OK	 
REQUEST		Buscar cliente criado	1628023738093	1628023738966	OK	 
REQUEST		Listagem de clientes	1628023737945	1628023739199	OK	 
REQUEST		Listagem de clientes	1628023737943	1628023739208	OK	 
REQUEST		Listagem de clientes	1628023737968	1628023739223	OK	 
REQUEST		Listagem de clientes	1628023737969	1628023739223	OK	 
REQUEST		Listagem de clientes	1628023737963	1628023739223	OK	 
REQUEST		Listagem de clientes	1628023737961	1628023739224	OK	 
REQUEST		Deletar profissional	1628023737976	1628023739260	OK	 
REQUEST		Deletar profissional	1628023737968	1628023739261	OK	 
REQUEST		Deletar profissional	1628023737993	1628023739267	OK	 
REQUEST		Deletar profissional	1628023737992	1628023739270	OK	 
REQUEST		Deletar profissional	1628023737977	1628023739270	OK	 
REQUEST		Deletar profissional	1628023737987	1628023739282	OK	 
REQUEST		Deletar profissional	1628023737994	1628023739284	OK	 
REQUEST		Deletar profissional	1628023737998	1628023739284	OK	 
REQUEST		Deletar profissional	1628023738000	1628023739292	OK	 
REQUEST		Deletar profissional	1628023737992	1628023739295	OK	 
REQUEST		Listagem de clientes	1628023737976	1628023739306	OK	 
REQUEST		Listagem de clientes	1628023737974	1628023739328	OK	 
REQUEST		Listagem de clientes	1628023737968	1628023739331	OK	 
REQUEST		Listagem de clientes	1628023737999	1628023739331	OK	 
REQUEST		Listagem de clientes	1628023737970	1628023739331	OK	 
REQUEST		Listagem de clientes	1628023737970	1628023739333	OK	 
REQUEST		Listagem de clientes	1628023737985	1628023739343	OK	 
REQUEST		Deletar profissional	1628023737997	1628023739342	OK	 
REQUEST		Listagem de clientes	1628023737985	1628023739342	OK	 
REQUEST		Listagem de clientes	1628023737970	1628023739342	OK	 
REQUEST		Listagem de clientes	1628023737976	1628023739343	OK	 
REQUEST		Listagem de clientes	1628023737993	1628023739348	OK	 
REQUEST		Listagem de clientes	1628023737988	1628023739351	OK	 
REQUEST		Listagem de clientes	1628023737987	1628023739356	OK	 
REQUEST		Listagem de clientes	1628023737970	1628023739358	OK	 
REQUEST		Listagem de clientes	1628023737987	1628023739358	OK	 
REQUEST		Listagem de clientes	1628023737986	1628023739358	OK	 
REQUEST		Listagem de clientes	1628023737976	1628023739358	OK	 
REQUEST		Listagem de clientes	1628023737985	1628023739369	OK	 
REQUEST		Deletar profissional	1628023737998	1628023739369	OK	 
REQUEST		Adicionar novo cliente	1628023737918	1628023739371	OK	 
REQUEST		Adicionar novo cliente	1628023737940	1628023739619	OK	 
REQUEST		Editar cliente	1628023738972	1628023740024	OK	 
REQUEST		Adicionar novo cliente	1628023737948	1628023740024	OK	 
REQUEST		Buscar cliente criado	1628023739374	1628023740108	OK	 
REQUEST		Buscar cliente criado	1628023739623	1628023740134	OK	 
REQUEST		Buscar cliente criado	1628023740032	1628023740566	OK	 
REQUEST		Listagem de clientes	1628023739280	1628023740649	OK	 
REQUEST		Listagem de clientes	1628023739286	1628023740658	OK	 
REQUEST		Listagem de clientes	1628023739281	1628023740660	OK	 
REQUEST		Listagem de clientes	1628023739296	1628023740667	OK	 
REQUEST		Listagem de clientes	1628023739354	1628023740695	OK	 
REQUEST		Listagem de clientes	1628023739265	1628023740696	OK	 
REQUEST		Listagem de clientes	1628023739265	1628023740696	OK	 
REQUEST		Listagem de clientes	1628023739374	1628023740699	OK	 
REQUEST		Listagem de clientes	1628023739286	1628023740699	OK	 
REQUEST		Deletar cliente	1628023740031	1628023740699	OK	 
REQUEST		Listagem de clientes	1628023739284	1628023740703	OK	 
REQUEST		Listagem de clientes	1628023739293	1628023740716	OK	 
REQUEST		Listagem de clientes	1628023739270	1628023740719	OK	 
REQUEST		Adicionar novo cliente	1628023739234	1628023740725	OK	 
REQUEST		Adicionar novo cliente	1628023739234	1628023740734	OK	 
REQUEST		Adicionar novo cliente	1628023739223	1628023740741	OK	 
REQUEST		Adicionar novo cliente	1628023739339	1628023740741	OK	 
REQUEST		Adicionar novo cliente	1628023739370	1628023740741	OK	 
REQUEST		Editar cliente	1628023740139	1628023740742	OK	 
REQUEST		Adicionar novo cliente	1628023739370	1628023740742	OK	 
REQUEST		Adicionar novo cliente	1628023739343	1628023740746	OK	 
REQUEST		Adicionar novo cliente	1628023739206	1628023740747	OK	 
REQUEST		Adicionar novo cliente	1628023739358	1628023740755	OK	 
REQUEST		Editar cliente	1628023740112	1628023740750	OK	 
REQUEST		Adicionar novo cliente	1628023739308	1628023740754	OK	 
REQUEST		Adicionar novo cliente	1628023739234	1628023740755	OK	 
REQUEST		Adicionar novo cliente	1628023739234	1628023740755	OK	 
REQUEST		Adicionar novo cliente	1628023739354	1628023740755	OK	 
REQUEST		Adicionar novo cliente	1628023739370	1628023740756	OK	 
REQUEST		Adicionar novo cliente	1628023739331	1628023740763	OK	 
REQUEST		Adicionar novo cliente	1628023739341	1628023740762	OK	 
REQUEST		Adicionar novo cliente	1628023739354	1628023740769	OK	 
REQUEST		Adicionar novo cliente	1628023739341	1628023740770	OK	 
REQUEST		Adicionar novo cliente	1628023739359	1628023740770	OK	 
REQUEST		Adicionar novo cliente	1628023739354	1628023740771	OK	 
REQUEST		Adicionar novo cliente	1628023739374	1628023740772	OK	 
REQUEST		Adicionar novo cliente	1628023739361	1628023740773	OK	 
REQUEST		Adicionar novo cliente	1628023739370	1628023740773	OK	 
REQUEST		Adicionar novo cliente	1628023739370	1628023740773	OK	 
REQUEST		Editar cliente	1628023740573	1628023740774	OK	 
REQUEST		Buscar cliente criado	1628023740736	1628023741216	OK	 
REQUEST		Buscar cliente criado	1628023740745	1628023741217	OK	 
REQUEST		Buscar cliente criado	1628023740750	1628023741217	OK	 
REQUEST		Buscar cliente criado	1628023740755	1628023741219	OK	 
REQUEST		Buscar cliente criado	1628023740727	1628023741218	OK	 
REQUEST		Buscar cliente criado	1628023740751	1628023741221	OK	 
REQUEST		Buscar cliente criado	1628023740763	1628023741221	OK	 
REQUEST		Buscar cliente criado	1628023740763	1628023741222	OK	 
REQUEST		Buscar cliente criado	1628023740761	1628023741223	OK	 
REQUEST		Buscar cliente criado	1628023740774	1628023741225	OK	 
REQUEST		Buscar cliente criado	1628023740766	1628023741225	OK	 
REQUEST		Buscar cliente criado	1628023740779	1628023741225	OK	 
REQUEST		Buscar cliente criado	1628023740779	1628023741226	OK	 
REQUEST		Buscar cliente criado	1628023740755	1628023741226	OK	 
REQUEST		Buscar cliente criado	1628023740757	1628023741229	OK	 
REQUEST		Buscar cliente criado	1628023740758	1628023741229	OK	 
REQUEST		Buscar cliente criado	1628023740766	1628023741230	OK	 
REQUEST		Buscar cliente criado	1628023740764	1628023741230	OK	 
REQUEST		Buscar cliente criado	1628023740780	1628023741233	OK	 
REQUEST		Buscar cliente criado	1628023740778	1628023741233	OK	 
REQUEST		Buscar cliente criado	1628023740774	1628023741234	OK	 
REQUEST		Buscar cliente criado	1628023740761	1628023741238	OK	 
REQUEST		Buscar cliente criado	1628023740773	1628023741238	OK	 
REQUEST		Buscar cliente criado	1628023740778	1628023741239	OK	 
REQUEST		Deletar cliente	1628023740754	1628023741258	OK	 
REQUEST		Deletar cliente	1628023740780	1628023741270	OK	 
REQUEST		Adicionar novo cliente	1628023740658	1628023741270	OK	 
REQUEST		Deletar cliente	1628023740762	1628023741280	OK	 
REQUEST		Listagem de Acoes	1628023740714	1628023741289	OK	 
REQUEST		Adicionar novo cliente	1628023740711	1628023741312	OK	 
REQUEST		Adicionar novo cliente	1628023740703	1628023741313	OK	 
REQUEST		Adicionar novo cliente	1628023740714	1628023741318	OK	 
REQUEST		Adicionar novo cliente	1628023740710	1628023741319	OK	 
REQUEST		Adicionar novo cliente	1628023740714	1628023741319	OK	 
REQUEST		Adicionar novo cliente	1628023740725	1628023741319	OK	 
REQUEST		Adicionar novo cliente	1628023740682	1628023741322	OK	 
REQUEST		Adicionar novo cliente	1628023740683	1628023741322	OK	 
REQUEST		Adicionar novo cliente	1628023740715	1628023741324	OK	 
REQUEST		Adicionar novo cliente	1628023740684	1628023741324	OK	 
REQUEST		Adicionar novo cliente	1628023740719	1628023741336	OK	 
REQUEST		Buscar cliente criado	1628023741314	1628023741829	OK	 
REQUEST		Buscar cliente criado	1628023741322	1628023741830	OK	 
REQUEST		Buscar cliente criado	1628023741319	1628023741831	OK	 
REQUEST		Buscar cliente criado	1628023741322	1628023741831	OK	 
REQUEST		Buscar cliente criado	1628023741313	1628023741832	OK	 
REQUEST		Buscar cliente criado	1628023741271	1628023741832	OK	 
REQUEST		Buscar cliente criado	1628023741326	1628023741859	OK	 
REQUEST		Buscar cliente criado	1628023741326	1628023741857	OK	 
REQUEST		Buscar cliente criado	1628023741324	1628023741858	OK	 
REQUEST		Listagem de Acoes	1628023741281	1628023741883	OK	 
REQUEST		Listagem de Acoes	1628023741271	1628023741884	OK	 
REQUEST		Buscar cliente criado	1628023741324	1628023741884	OK	 
REQUEST		Buscar cliente criado	1628023741322	1628023741894	OK	 
REQUEST		Adicionar novo Acao	1628023741290	1628023741894	OK	 
REQUEST		Buscar cliente criado	1628023741337	1628023741907	OK	 
REQUEST		Editar cliente	1628023741219	1628023741932	OK	 
REQUEST		Editar cliente	1628023741219	1628023741940	OK	 
REQUEST		Editar cliente	1628023741220	1628023741941	OK	 
REQUEST		Listagem de Acoes	1628023741259	1628023741942	OK	 
REQUEST		Editar cliente	1628023741240	1628023741942	OK	 
REQUEST		Editar cliente	1628023741220	1628023741942	OK	 
REQUEST		Editar cliente	1628023741223	1628023741943	OK	 
REQUEST		Editar cliente	1628023741229	1628023741943	OK	 
REQUEST		Editar cliente	1628023741223	1628023741943	OK	 
REQUEST		Editar cliente	1628023741223	1628023741946	OK	 
REQUEST		Editar cliente	1628023741232	1628023741984	OK	 
REQUEST		Editar cliente	1628023741237	1628023741987	OK	 
REQUEST		Editar cliente	1628023741220	1628023741984	OK	 
REQUEST		Editar cliente	1628023741227	1628023741985	OK	 
REQUEST		Editar cliente	1628023741234	1628023741986	OK	 
REQUEST		Editar cliente	1628023741239	1628023741987	OK	 
REQUEST		Editar cliente	1628023741233	1628023741993	OK	 
REQUEST		Editar cliente	1628023741224	1628023741989	OK	 
REQUEST		Editar cliente	1628023741240	1628023741993	OK	 
REQUEST		Editar cliente	1628023741233	1628023741998	OK	 
REQUEST		Editar cliente	1628023741229	1628023741999	OK	 
REQUEST		Editar cliente	1628023741228	1628023741999	OK	 
REQUEST		Editar cliente	1628023741239	1628023741999	OK	 
REQUEST		Editar cliente	1628023741229	1628023741999	OK	 
REQUEST		Editar cliente	1628023741238	1628023742005	OK	 
REQUEST		Buscar acao criada	1628023741916	1628023742574	OK	 
REQUEST		Deletar cliente	1628023741994	1628023742608	OK	 
REQUEST		Deletar cliente	1628023741979	1628023742608	OK	 
REQUEST		Deletar cliente	1628023741973	1628023742609	OK	 
REQUEST		Adicionar novo Acao	1628023741912	1628023742609	OK	 
REQUEST		Adicionar novo Acao	1628023741912	1628023742609	OK	 
REQUEST		Deletar cliente	1628023741978	1628023742614	OK	 
REQUEST		Deletar cliente	1628023741977	1628023742623	OK	 
REQUEST		Deletar cliente	1628023741974	1628023742624	OK	 
REQUEST		Deletar cliente	1628023742002	1628023742625	OK	 
REQUEST		Deletar cliente	1628023741971	1628023742626	OK	 
REQUEST		Adicionar novo Acao	1628023741976	1628023742626	OK	 
REQUEST		Deletar cliente	1628023742001	1628023742627	OK	 
REQUEST		Deletar cliente	1628023741973	1628023742628	OK	 
REQUEST		Deletar cliente	1628023741990	1628023742629	OK	 
REQUEST		Deletar cliente	1628023741977	1628023742629	OK	 
REQUEST		Deletar cliente	1628023741998	1628023742629	OK	 
REQUEST		Deletar cliente	1628023741998	1628023742630	OK	 
REQUEST		Deletar cliente	1628023742005	1628023742640	OK	 
REQUEST		Deletar cliente	1628023741999	1628023742645	OK	 
REQUEST		Deletar cliente	1628023742006	1628023742642	OK	 
REQUEST		Deletar cliente	1628023741988	1628023742642	OK	 
REQUEST		Deletar cliente	1628023742008	1628023742652	OK	 
REQUEST		Deletar cliente	1628023742006	1628023742647	OK	 
REQUEST		Deletar cliente	1628023741976	1628023742653	OK	 
REQUEST		Deletar cliente	1628023742006	1628023742659	OK	 
REQUEST		Deletar cliente	1628023741994	1628023742657	OK	 
REQUEST		Deletar cliente	1628023742005	1628023742659	OK	 
REQUEST		Editar cliente	1628023741858	1628023742667	OK	 
REQUEST		Editar cliente	1628023741857	1628023742667	OK	 
REQUEST		Editar cliente	1628023741860	1628023742668	OK	 
REQUEST		Editar cliente	1628023741860	1628023742672	OK	 
REQUEST		Editar cliente	1628023741856	1628023742672	OK	 
REQUEST		Editar cliente	1628023741916	1628023742676	OK	 
REQUEST		Editar cliente	1628023741871	1628023742678	OK	 
REQUEST		Editar cliente	1628023741913	1628023742683	OK	 
REQUEST		Editar cliente	1628023741863	1628023742684	OK	 
REQUEST		Editar cliente	1628023741881	1628023742684	OK	 
REQUEST		Editar cliente	1628023741880	1628023742686	OK	 
REQUEST		Editar cliente	1628023741916	1628023742692	OK	 
REQUEST		Editar acao	1628023742578	1628023742748	OK	 
REQUEST		Listagem de Acoes	1628023742614	1628023743485	OK	 
REQUEST		Buscar acao criada	1628023742617	1628023743490	OK	 
REQUEST		Buscar acao criada	1628023742622	1628023743505	OK	 
REQUEST		Buscar acao criada	1628023742641	1628023743566	OK	 
REQUEST		Listagem de Acoes	1628023742616	1628023743567	OK	 
REQUEST		Listagem de Acoes	1628023742629	1628023743576	OK	 
REQUEST		Listagem de Acoes	1628023742623	1628023743578	OK	 
REQUEST		Listagem de Acoes	1628023742620	1628023743579	OK	 
REQUEST		Listagem de Acoes	1628023742627	1628023743590	OK	 
REQUEST		Listagem de Acoes	1628023742640	1628023743591	OK	 
REQUEST		Listagem de Acoes	1628023742637	1628023743597	OK	 
REQUEST		Listagem de Acoes	1628023742643	1628023743609	OK	 
REQUEST		Listagem de Acoes	1628023742642	1628023743609	OK	 
REQUEST		Listagem de Acoes	1628023742643	1628023743609	OK	 
REQUEST		Listagem de Acoes	1628023742656	1628023743611	OK	 
REQUEST		Listagem de Acoes	1628023742655	1628023743611	OK	 
REQUEST		Listagem de Acoes	1628023742656	1628023743635	OK	 
REQUEST		Listagem de Acoes	1628023742643	1628023743633	OK	 
REQUEST		Listagem de Acoes	1628023742654	1628023743634	OK	 
REQUEST		Listagem de Acoes	1628023742662	1628023743637	OK	 
REQUEST		Listagem de Acoes	1628023742645	1628023743639	OK	 
REQUEST		Deletar cliente	1628023742671	1628023743640	OK	 
REQUEST		Listagem de Acoes	1628023742662	1628023743642	OK	 
REQUEST		Listagem de Acoes	1628023742662	1628023743647	OK	 
REQUEST		Deletar cliente	1628023742675	1628023743649	OK	 
REQUEST		Listagem de Acoes	1628023742655	1628023743649	OK	 
REQUEST		Listagem de Acoes	1628023742644	1628023743651	OK	 
REQUEST		Deletar cliente	1628023742676	1628023743672	OK	 
REQUEST		Listagem de Acoes	1628023742659	1628023743674	OK	 
REQUEST		Listagem de Acoes	1628023742654	1628023743679	OK	 
REQUEST		Deletar cliente	1628023742672	1628023743687	OK	 
REQUEST		Deletar cliente	1628023742690	1628023743689	OK	 
REQUEST		Deletar cliente	1628023742671	1628023743689	OK	 
REQUEST		Deletar cliente	1628023742690	1628023743694	OK	 
REQUEST		Deletar cliente	1628023742679	1628023743694	OK	 
REQUEST		Deletar cliente	1628023742688	1628023743697	OK	 
REQUEST		Deletar cliente	1628023742689	1628023743699	OK	 
REQUEST		Adicionar novo Acao	1628023743487	1628023743698	OK	 
REQUEST		Deletar acao	1628023742752	1628023743699	OK	 
REQUEST		Editar acao	1628023743492	1628023743704	OK	 
REQUEST		Deletar cliente	1628023742684	1628023743703	OK	 
REQUEST		Editar acao	1628023743509	1628023743708	OK	 
REQUEST		Deletar cliente	1628023742693	1628023743710	OK	 
REQUEST		Editar acao	1628023743575	1628023743743	OK	 
REQUEST		Adicionar novo Acao	1628023743577	1628023743750	OK	 
REQUEST		Listagem de Acoes	1628023743650	1628023744171	OK	 
REQUEST		Listagem de Acoes	1628023743655	1628023744177	OK	 
REQUEST		Buscar acao criada	1628023743751	1628023744178	OK	 
REQUEST		Listagem de Acoes	1628023743673	1628023744183	OK	 
REQUEST		Listagem de Acoes	1628023743696	1628023744183	OK	 
REQUEST		Listagem de Acoes	1628023743694	1628023744209	OK	 
REQUEST		Deletar acao	1628023743710	1628023744213	OK	 
REQUEST		Adicionar novo Acao	1628023743606	1628023744208	OK	 
REQUEST		Adicionar novo Acao	1628023743639	1628023744208	OK	 
REQUEST		Adicionar novo Acao	1628023743632	1628023744209	OK	 
REQUEST		Logout	1628023743703	1628023744209	OK	 
REQUEST		Adicionar novo Acao	1628023743606	1628023744210	OK	 
REQUEST		Adicionar novo Acao	1628023743647	1628023744211	OK	 
REQUEST		Adicionar novo Acao	1628023743600	1628023744211	OK	 
REQUEST		Buscar acao criada	1628023743701	1628023744212	OK	 
REQUEST		Adicionar novo Acao	1628023743610	1628023744212	OK	 
REQUEST		Listagem de Acoes	1628023743696	1628023744213	OK	 
REQUEST		Adicionar novo Acao	1628023743632	1628023744220	OK	 
REQUEST		Adicionar novo Acao	1628023743610	1628023744229	OK	 
REQUEST		Adicionar novo Acao	1628023743641	1628023744232	OK	 
REQUEST		Listagem de Acoes	1628023743688	1628023744240	OK	 
USER	Realizar login MaxxiForge para rota Action	END	1628023744246
REQUEST		Listagem de Acoes	1628023743701	1628023744253	OK	 
REQUEST		Adicionar novo Acao	1628023743680	1628023744254	OK	 
REQUEST		Adicionar novo Acao	1628023743641	1628023744255	OK	 
REQUEST		Listagem de Acoes	1628023743708	1628023744255	OK	 
REQUEST		Deletar acao	1628023743708	1628023744256	OK	 
REQUEST		Adicionar novo Acao	1628023743651	1628023744256	OK	 
REQUEST		Adicionar novo Acao	1628023743655	1628023744256	OK	 
REQUEST		Adicionar novo Acao	1628023743627	1628023744257	OK	 
REQUEST		Adicionar novo Acao	1628023743678	1628023744257	OK	 
REQUEST		Listagem de Acoes	1628023743702	1628023744259	OK	 
REQUEST		Listagem de Acoes	1628023743711	1628023744259	OK	 
REQUEST		Adicionar novo Acao	1628023743655	1628023744265	OK	 
REQUEST		Adicionar novo Acao	1628023743627	1628023744273	OK	 
REQUEST		Adicionar novo Acao	1628023743636	1628023744270	OK	 
REQUEST		Deletar acao	1628023743745	1628023744278	OK	 
REQUEST		Adicionar novo Acao	1628023743651	1628023744280	OK	 
REQUEST		Adicionar novo Acao	1628023743612	1628023744282	OK	 
REQUEST		Listagem de Acoes	1628023743694	1628023744284	OK	 
REQUEST		Adicionar novo Acao	1628023743633	1628023744284	OK	 
REQUEST		Adicionar novo Acao	1628023744179	1628023744386	OK	 
REQUEST		Buscar acao criada	1628023744238	1628023744618	OK	 
REQUEST		Buscar acao criada	1628023744237	1628023744627	OK	 
REQUEST		Buscar acao criada	1628023744237	1628023744631	OK	 
REQUEST		Buscar acao criada	1628023744231	1628023744624	OK	 
REQUEST		Buscar acao criada	1628023744231	1628023744624	OK	 
REQUEST		Buscar acao criada	1628023744236	1628023744659	OK	 
REQUEST		Buscar acao criada	1628023744245	1628023744631	OK	 
REQUEST		Buscar acao criada	1628023744286	1628023744664	OK	 
REQUEST		Buscar acao criada	1628023744274	1628023744635	OK	 
REQUEST		Buscar acao criada	1628023744236	1628023744636	OK	 
REQUEST		Buscar acao criada	1628023744251	1628023744660	OK	 
REQUEST		Buscar acao criada	1628023744287	1628023744665	OK	 
REQUEST		Buscar acao criada	1628023744279	1628023744680	OK	 
REQUEST		Logout	1628023744230	1628023744681	OK	 
REQUEST		Logout	1628023744283	1628023744682	OK	 
REQUEST		Buscar acao criada	1628023744241	1628023744682	OK	 
REQUEST		Buscar acao criada	1628023744273	1628023744710	OK	 
REQUEST		Adicionar novo Acao	1628023744273	1628023744707	OK	 
USER	Realizar login MaxxiForge para rota Action	END	1628023744709
REQUEST		Adicionar novo Acao	1628023744275	1628023744708	OK	 
REQUEST		Buscar acao criada	1628023744274	1628023744709	OK	 
REQUEST		Adicionar novo Acao	1628023744187	1628023744720	OK	 
REQUEST		Logout	1628023744273	1628023744716	OK	 
REQUEST		Adicionar novo Acao	1628023744269	1628023744716	OK	 
REQUEST		Buscar acao criada	1628023744272	1628023744717	OK	 
USER	Realizar login MaxxiForge para rota Action	END	1628023744709
REQUEST		Buscar acao criada	1628023744261	1628023744721	OK	 
REQUEST		Adicionar novo Acao	1628023744208	1628023744721	OK	 
REQUEST		Buscar acao criada	1628023744389	1628023744723	OK	 
REQUEST		Buscar acao criada	1628023744273	1628023744723	OK	 
REQUEST		Editar acao	1628023744186	1628023744733	OK	 
REQUEST		Adicionar novo Acao	1628023744208	1628023744726	OK	 
USER	Realizar login MaxxiForge para rota Action	END	1628023744731
REQUEST		Adicionar novo Acao	1628023744239	1628023744731	OK	 
REQUEST		Buscar acao criada	1628023744284	1628023744740	OK	 
REQUEST		Buscar acao criada	1628023744281	1628023744741	OK	 
REQUEST		Buscar acao criada	1628023744279	1628023744741	OK	 
REQUEST		Adicionar novo Acao	1628023744224	1628023744742	OK	 
REQUEST		Adicionar novo Acao	1628023744287	1628023744742	OK	 
REQUEST		Editar acao	1628023744237	1628023744748	OK	 
REQUEST		Adicionar novo Acao	1628023744255	1628023744750	OK	 
REQUEST		Adicionar novo Acao	1628023744276	1628023744750	OK	 
REQUEST		Buscar acao criada	1628023744731	1628023745089	OK	 
REQUEST		Buscar acao criada	1628023744736	1628023745091	OK	 
REQUEST		Buscar acao criada	1628023744738	1628023745092	OK	 
REQUEST		Buscar acao criada	1628023744751	1628023745095	OK	 
REQUEST		Buscar acao criada	1628023744718	1628023745095	OK	 
REQUEST		Buscar acao criada	1628023744726	1628023745098	OK	 
REQUEST		Buscar acao criada	1628023744752	1628023745109	OK	 
REQUEST		Editar acao	1628023744660	1628023745115	OK	 
REQUEST		Buscar acao criada	1628023744739	1628023745114	OK	 
REQUEST		Editar acao	1628023744737	1628023745121	OK	 
REQUEST		Editar acao	1628023744704	1628023745127	OK	 
REQUEST		Buscar acao criada	1628023744755	1628023745124	OK	 
REQUEST		Editar acao	1628023744689	1628023745124	OK	 
REQUEST		Editar acao	1628023744665	1628023745135	OK	 
REQUEST		Editar acao	1628023744692	1628023745126	OK	 
REQUEST		Editar acao	1628023744649	1628023745137	OK	 
REQUEST		Editar acao	1628023744689	1628023745130	OK	 
REQUEST		Buscar acao criada	1628023744733	1628023745135	OK	 
REQUEST		Deletar acao	1628023744738	1628023745135	OK	 
REQUEST		Editar acao	1628023744679	1628023745136	OK	 
REQUEST		Editar acao	1628023744727	1628023745142	OK	 
REQUEST		Editar acao	1628023744726	1628023745144	OK	 
REQUEST		Editar acao	1628023744708	1628023745142	OK	 
REQUEST		Editar acao	1628023744733	1628023745143	OK	 
REQUEST		Buscar acao criada	1628023744755	1628023745143	OK	 
REQUEST		Editar acao	1628023744692	1628023745152	OK	 
REQUEST		Editar acao	1628023744750	1628023745153	OK	 
REQUEST		Editar acao	1628023744721	1628023745153	OK	 
REQUEST		Editar acao	1628023744709	1628023745154	OK	 
REQUEST		Editar acao	1628023744737	1628023745154	OK	 
REQUEST		Editar acao	1628023744750	1628023745154	OK	 
REQUEST		Editar acao	1628023744750	1628023745155	OK	 
REQUEST		Editar acao	1628023744679	1628023745160	OK	 
REQUEST		Editar acao	1628023744691	1628023745156	OK	 
REQUEST		Editar acao	1628023744706	1628023745160	OK	 
REQUEST		Deletar acao	1628023744752	1628023745165	OK	 
REQUEST		Logout	1628023745144	1628023745564	OK	 
REQUEST		Logout	1628023745167	1628023745567	OK	 
USER	Realizar login MaxxiForge para rota Action	END	1628023745568
USER	Realizar login MaxxiForge para rota Action	END	1628023745571
REQUEST		Deletar acao	1628023745143	1628023745573	OK	 
REQUEST		Deletar acao	1628023745143	1628023745573	OK	 
REQUEST		Deletar acao	1628023745142	1628023745577	OK	 
REQUEST		Deletar acao	1628023745141	1628023745601	OK	 
REQUEST		Deletar acao	1628023745154	1628023745597	OK	 
REQUEST		Editar acao	1628023745139	1628023745598	OK	 
REQUEST		Deletar acao	1628023745146	1628023745598	OK	 
REQUEST		Deletar acao	1628023745144	1628023745599	OK	 
REQUEST		Deletar acao	1628023745161	1628023745600	OK	 
REQUEST		Deletar acao	1628023745138	1628023745600	OK	 
REQUEST		Deletar acao	1628023745139	1628023745601	OK	 
REQUEST		Deletar acao	1628023745125	1628023745601	OK	 
REQUEST		Editar acao	1628023745106	1628023745601	OK	 
REQUEST		Deletar acao	1628023745165	1628023745602	OK	 
REQUEST		Deletar acao	1628023745162	1628023745605	OK	 
REQUEST		Deletar acao	1628023745151	1628023745605	OK	 
REQUEST		Editar acao	1628023745124	1628023745616	OK	 
REQUEST		Deletar acao	1628023745161	1628023745620	OK	 
REQUEST		Deletar acao	1628023745161	1628023745623	OK	 
REQUEST		Editar acao	1628023745101	1628023745632	OK	 
REQUEST		Deletar acao	1628023745161	1628023745636	OK	 
REQUEST		Deletar acao	1628023745137	1628023745634	OK	 
REQUEST		Editar acao	1628023745112	1628023745634	OK	 
REQUEST		Editar acao	1628023745108	1628023745635	OK	 
REQUEST		Editar acao	1628023745144	1628023745636	OK	 
REQUEST		Deletar acao	1628023745151	1628023745636	OK	 
REQUEST		Deletar acao	1628023745153	1628023745636	OK	 
REQUEST		Deletar acao	1628023745164	1628023745637	OK	 
REQUEST		Editar acao	1628023745113	1628023745637	OK	 
REQUEST		Editar acao	1628023745153	1628023745639	OK	 
REQUEST		Deletar acao	1628023745155	1628023745648	OK	 
REQUEST		Editar acao	1628023745111	1628023745648	OK	 
REQUEST		Editar acao	1628023745122	1628023745648	OK	 
REQUEST		Deletar acao	1628023745166	1628023745648	OK	 
REQUEST		Logout	1628023745578	1628023745736	OK	 
REQUEST		Logout	1628023745578	1628023745739	OK	 
USER	Realizar login MaxxiForge para rota Action	END	1628023745740
USER	Realizar login MaxxiForge para rota Action	END	1628023745743
REQUEST		Logout	1628023745591	1628023745758	OK	 
REQUEST		Logout	1628023745604	1628023745761	OK	 
USER	Realizar login MaxxiForge para rota Action	END	1628023745763
USER	Realizar login MaxxiForge para rota Action	END	1628023745765
REQUEST		Logout	1628023745623	1628023745904	OK	 
REQUEST		Logout	1628023745622	1628023745904	OK	 
REQUEST		Logout	1628023745622	1628023745906	OK	 
USER	Realizar login MaxxiForge para rota Action	END	1628023745906
REQUEST		Logout	1628023745624	1628023745907	OK	 
REQUEST		Logout	1628023745622	1628023745907	OK	 
USER	Realizar login MaxxiForge para rota Action	END	1628023745906
REQUEST		Logout	1628023745624	1628023745909	OK	 
USER	Realizar login MaxxiForge para rota Action	END	1628023745909
REQUEST		Logout	1628023745625	1628023745910	OK	 
USER	Realizar login MaxxiForge para rota Action	END	1628023745909
REQUEST		Logout	1628023745624	1628023745911	OK	 
REQUEST		Logout	1628023745624	1628023745911	OK	 
USER	Realizar login MaxxiForge para rota Action	END	1628023745911
REQUEST		Logout	1628023745646	1628023745912	OK	 
REQUEST		Logout	1628023745645	1628023745913	OK	 
REQUEST		Logout	1628023745646	1628023745913	OK	 
REQUEST		Logout	1628023745650	1628023745914	OK	 
USER	Realizar login MaxxiForge para rota Action	END	1628023745911
REQUEST		Deletar acao	1628023745622	1628023745916	OK	 
REQUEST		Logout	1628023745622	1628023745917	OK	 
USER	Realizar login MaxxiForge para rota Action	END	1628023745912
REQUEST		Logout	1628023745646	1628023745917	OK	 
USER	Realizar login MaxxiForge para rota Action	END	1628023745913
REQUEST		Logout	1628023745644	1628023745919	OK	 
REQUEST		Deletar acao	1628023745624	1628023745919	OK	 
REQUEST		Logout	1628023745631	1628023745920	OK	 
USER	Realizar login MaxxiForge para rota Action	END	1628023745915
REQUEST		Logout	1628023745632	1628023745920	OK	 
REQUEST		Deletar acao	1628023745645	1628023745921	OK	 
REQUEST		Logout	1628023745650	1628023745921	OK	 
REQUEST		Deletar acao	1628023745650	1628023745921	OK	 
USER	Realizar login MaxxiForge para rota Action	END	1628023745916
REQUEST		Deletar acao	1628023745638	1628023745927	OK	 
USER	Realizar login MaxxiForge para rota Action	END	1628023745917
REQUEST		Deletar acao	1628023745645	1628023745928	OK	 
USER	Realizar login MaxxiForge para rota Action	END	1628023745917
REQUEST		Deletar acao	1628023745650	1628023745930	OK	 
REQUEST		Deletar acao	1628023745646	1628023745930	OK	 
REQUEST		Deletar acao	1628023745630	1628023745931	OK	 
USER	Realizar login MaxxiForge para rota Action	END	1628023745918
REQUEST		Deletar acao	1628023745646	1628023745931	OK	 
USER	Realizar login MaxxiForge para rota Action	END	1628023745920
USER	Realizar login MaxxiForge para rota Action	END	1628023745921
USER	Realizar login MaxxiForge para rota Action	END	1628023745927
USER	Realizar login MaxxiForge para rota Action	END	1628023745927
USER	Realizar login MaxxiForge para rota Action	END	1628023745928
USER	Realizar login MaxxiForge para rota Action	END	1628023745929
REQUEST		Deletar acao	1628023745647	1628023745938	OK	 
REQUEST		Logout	1628023745929	1628023746101	OK	 
USER	Realizar login MaxxiForge para rota Action	END	1628023746105
REQUEST		Logout	1628023745928	1628023746110	OK	 
REQUEST		Logout	1628023745929	1628023746114	OK	 
REQUEST		Logout	1628023745920	1628023746115	OK	 
USER	Realizar login MaxxiForge para rota Action	END	1628023746115
REQUEST		Logout	1628023745927	1628023746120	OK	 
USER	Realizar login MaxxiForge para rota Action	END	1628023746121
USER	Realizar login MaxxiForge para rota Action	END	1628023746122
USER	Realizar login MaxxiForge para rota Action	END	1628023746132
REQUEST		Logout	1628023745934	1628023746132	OK	 
REQUEST		Logout	1628023745931	1628023746133	OK	 
REQUEST		Logout	1628023745934	1628023746134	OK	 
REQUEST		Logout	1628023745934	1628023746137	OK	 
REQUEST		Logout	1628023745934	1628023746139	OK	 
USER	Realizar login MaxxiForge para rota Action	END	1628023746149
USER	Realizar login MaxxiForge para rota Action	END	1628023746153
USER	Realizar login MaxxiForge para rota Action	END	1628023746155
USER	Realizar login MaxxiForge para rota Action	END	1628023746156
USER	Realizar login MaxxiForge para rota Action	END	1628023746156
REQUEST		Logout	1628023745941	1628023746158	OK	 
USER	Realizar login MaxxiForge para rota Action	END	1628023746162
