RUN	maxxiforge.JornadaEstresse	jornadaestresse	1628103993110	 	3.6.0
USER	Realizar login MaxxiForge para rota Action	START	1628103993460
USER	Realizar login MaxxiForge para rota Action	START	1628103993460
USER	Realizar login MaxxiForge para rota Action	START	1628103993460
USER	Realizar login MaxxiForge para rota Action	START	1628103993460
USER	Realizar login MaxxiForge para rota Action	START	1628103993460
USER	Realizar login MaxxiForge para rota Action	START	1628103993461
USER	Realizar login MaxxiForge para rota Action	START	1628103993460
USER	Realizar login MaxxiForge para rota Action	START	1628103993460
USER	Realizar login MaxxiForge para rota Action	START	1628103993463
USER	Realizar login MaxxiForge para rota Action	START	1628103993460
USER	Realizar login MaxxiForge para rota Action	START	1628103993460
USER	Realizar login MaxxiForge para rota Action	START	1628103993461
USER	Realizar login MaxxiForge para rota Action	START	1628103993460
USER	Realizar login MaxxiForge para rota Action	START	1628103993461
USER	Realizar login MaxxiForge para rota Action	START	1628103993464
USER	Realizar login MaxxiForge para rota Action	START	1628103993460
USER	Realizar login MaxxiForge para rota Action	START	1628103993461
USER	Realizar login MaxxiForge para rota Action	START	1628103993465
USER	Realizar login MaxxiForge para rota Action	START	1628103993463
USER	Realizar login MaxxiForge para rota Action	START	1628103993463
USER	Realizar login MaxxiForge para rota Action	START	1628103993463
USER	Realizar login MaxxiForge para rota Action	START	1628103993463
USER	Realizar login MaxxiForge para rota Action	START	1628103993461
USER	Realizar login MaxxiForge para rota Action	START	1628103993463
USER	Realizar login MaxxiForge para rota Action	START	1628103993463
USER	Realizar login MaxxiForge para rota Action	START	1628103993463
USER	Realizar login MaxxiForge para rota Action	START	1628103993464
USER	Realizar login MaxxiForge para rota Action	START	1628103993464
USER	Realizar login MaxxiForge para rota Action	START	1628103993464
USER	Realizar login MaxxiForge para rota Action	START	1628103993465
REQUEST		Login	1628103993748	1628103994831	OK	 
REQUEST		Login	1628103993501	1628103994960	OK	 
REQUEST		Listagem de profissionais	1628103994963	1628103995266	OK	 
REQUEST		Login	1628103993748	1628103995290	OK	 
REQUEST		Listagem de profissionais	1628103994881	1628103995290	OK	 
REQUEST		Login	1628103993501	1628103995292	OK	 
REQUEST		Login	1628103993501	1628103995293	OK	 
REQUEST		Login	1628103993750	1628103995374	OK	 
REQUEST		Login	1628103993749	1628103995374	OK	 
REQUEST		Login	1628103993749	1628103995375	OK	 
REQUEST		Login	1628103993749	1628103995375	OK	 
REQUEST		Login	1628103993750	1628103995376	OK	 
REQUEST		Login	1628103993501	1628103995376	OK	 
REQUEST		Login	1628103993750	1628103995377	OK	 
REQUEST		Login	1628103993501	1628103995379	OK	 
REQUEST		Login	1628103993750	1628103995379	OK	 
REQUEST		Login	1628103993501	1628103995379	OK	 
REQUEST		Login	1628103993501	1628103995380	OK	 
REQUEST		Login	1628103993501	1628103995380	OK	 
REQUEST		Login	1628103993501	1628103995437	OK	 
REQUEST		Login	1628103993501	1628103995438	OK	 
REQUEST		Login	1628103993750	1628103995438	OK	 
REQUEST		Login	1628103993501	1628103995445	OK	 
REQUEST		Login	1628103993501	1628103995444	OK	 
REQUEST		Login	1628103993501	1628103995446	OK	 
REQUEST		Login	1628103993501	1628103995446	OK	 
REQUEST		Login	1628103993501	1628103995446	OK	 
REQUEST		Login	1628103993501	1628103995450	OK	 
REQUEST		Login	1628103993748	1628103995450	OK	 
REQUEST		Login	1628103993749	1628103995462	OK	 
REQUEST		Login	1628103993749	1628103995465	OK	 
REQUEST		Adicionar novo profissional	1628103995286	1628103995512	OK	 
REQUEST		Listagem de profissionais	1628103995360	1628103995575	OK	 
REQUEST		Listagem de profissionais	1628103995370	1628103995576	OK	 
REQUEST		Listagem de profissionais	1628103995370	1628103995590	OK	 
REQUEST		Listagem de profissionais	1628103995438	1628103995767	OK	 
REQUEST		Listagem de profissionais	1628103995436	1628103995781	OK	 
REQUEST		Listagem de profissionais	1628103995437	1628103995781	OK	 
REQUEST		Listagem de profissionais	1628103995444	1628103995782	OK	 
REQUEST		Listagem de profissionais	1628103995437	1628103995789	OK	 
REQUEST		Listagem de profissionais	1628103995437	1628103995789	OK	 
REQUEST		Listagem de profissionais	1628103995437	1628103995789	OK	 
REQUEST		Listagem de profissionais	1628103995437	1628103995789	OK	 
REQUEST		Listagem de profissionais	1628103995437	1628103995799	OK	 
REQUEST		Listagem de profissionais	1628103995438	1628103995808	OK	 
REQUEST		Listagem de profissionais	1628103995445	1628103995812	OK	 
REQUEST		Listagem de profissionais	1628103995436	1628103995810	OK	 
REQUEST		Listagem de profissionais	1628103995457	1628103995810	OK	 
REQUEST		Listagem de profissionais	1628103995456	1628103995810	OK	 
REQUEST		Listagem de profissionais	1628103995438	1628103995812	OK	 
REQUEST		Listagem de profissionais	1628103995456	1628103995815	OK	 
REQUEST		Listagem de profissionais	1628103995456	1628103995816	OK	 
REQUEST		Listagem de profissionais	1628103995453	1628103995821	OK	 
REQUEST		Buscar profissional criado	1628103995515	1628103995824	OK	 
REQUEST		Listagem de profissionais	1628103995444	1628103995824	OK	 
REQUEST		Listagem de profissionais	1628103995456	1628103995827	OK	 
REQUEST		Listagem de profissionais	1628103995457	1628103995830	OK	 
REQUEST		Listagem de profissionais	1628103995438	1628103995830	OK	 
REQUEST		Adicionar novo profissional	1628103995369	1628103995951	OK	 
REQUEST		Listagem de profissionais	1628103995467	1628103995970	OK	 
REQUEST		Listagem de profissionais	1628103995465	1628103995975	OK	 
REQUEST		Buscar profissional criado	1628103995953	1628103996220	OK	 
REQUEST		Adicionar novo profissional	1628103995577	1628103996294	OK	 
REQUEST		Adicionar novo profissional	1628103995591	1628103996318	OK	 
REQUEST		Adicionar novo profissional	1628103995578	1628103996369	OK	 
REQUEST		Editar profissional	1628103995832	1628103996475	OK	 
REQUEST		Buscar profissional criado	1628103996296	1628103996489	OK	 
REQUEST		Buscar profissional criado	1628103996319	1628103996504	OK	 
REQUEST		Buscar profissional criado	1628103996393	1628103996614	OK	 
REQUEST		Editar profissional	1628103996221	1628103996670	OK	 
REQUEST		Deletar profissional	1628103996476	1628103996701	OK	 
REQUEST		Adicionar novo profissional	1628103995770	1628103996724	OK	 
REQUEST		Adicionar novo profissional	1628103995788	1628103996727	OK	 
REQUEST		Adicionar novo profissional	1628103995785	1628103996730	OK	 
REQUEST		Adicionar novo profissional	1628103995805	1628103996806	OK	 
REQUEST		Adicionar novo profissional	1628103995810	1628103996807	OK	 
REQUEST		Adicionar novo profissional	1628103995788	1628103996822	OK	 
REQUEST		Adicionar novo profissional	1628103995818	1628103996825	OK	 
REQUEST		Adicionar novo profissional	1628103995816	1628103996825	OK	 
REQUEST		Adicionar novo profissional	1628103995836	1628103996833	OK	 
REQUEST		Adicionar novo profissional	1628103995830	1628103996834	OK	 
REQUEST		Login	1628103993747	1628103996835	OK	 
REQUEST		Adicionar novo profissional	1628103995830	1628103996843	OK	 
REQUEST		Adicionar novo profissional	1628103995807	1628103996845	OK	 
REQUEST		Editar profissional	1628103996490	1628103996847	OK	 
REQUEST		Adicionar novo profissional	1628103995816	1628103996849	OK	 
REQUEST		Adicionar novo profissional	1628103995804	1628103996886	OK	 
REQUEST		Adicionar novo profissional	1628103995835	1628103996932	OK	 
REQUEST		Adicionar novo profissional	1628103995804	1628103996999	OK	 
REQUEST		Adicionar novo profissional	1628103995824	1628103996999	OK	 
REQUEST		Adicionar novo profissional	1628103995826	1628103997004	OK	 
REQUEST		Adicionar novo profissional	1628103995817	1628103997007	OK	 
REQUEST		Adicionar novo profissional	1628103995836	1628103997010	OK	 
REQUEST		Adicionar novo profissional	1628103995817	1628103997015	OK	 
REQUEST		Adicionar novo profissional	1628103995817	1628103997016	OK	 
REQUEST		Buscar profissional criado	1628103996730	1628103997031	OK	 
REQUEST		Buscar profissional criado	1628103996731	1628103997035	OK	 
REQUEST		Buscar profissional criado	1628103996807	1628103997037	OK	 
REQUEST		Editar profissional	1628103996505	1628103997037	OK	 
REQUEST		Buscar profissional criado	1628103996808	1628103997041	OK	 
REQUEST		Adicionar novo profissional	1628103995977	1628103997043	OK	 
REQUEST		Buscar profissional criado	1628103996725	1628103997044	OK	 
REQUEST		Buscar profissional criado	1628103996823	1628103997054	OK	 
REQUEST		Buscar profissional criado	1628103996826	1628103997060	OK	 
REQUEST		Buscar profissional criado	1628103996846	1628103997061	OK	 
REQUEST		Buscar profissional criado	1628103996826	1628103997061	OK	 
REQUEST		Buscar profissional criado	1628103996835	1628103997068	OK	 
REQUEST		Buscar profissional criado	1628103996837	1628103997068	OK	 
REQUEST		Buscar profissional criado	1628103996887	1628103997076	OK	 
REQUEST		Buscar profissional criado	1628103996850	1628103997077	OK	 
REQUEST		Deletar profissional	1628103996671	1628103997077	OK	 
REQUEST		Buscar profissional criado	1628103996845	1628103997083	OK	 
REQUEST		Listagem de clientes	1628103996703	1628103997084	OK	 
REQUEST		Editar profissional	1628103996615	1628103997090	OK	 
REQUEST		Deletar profissional	1628103996848	1628103997091	OK	 
REQUEST		Buscar profissional criado	1628103996933	1628103997107	OK	 
REQUEST		Buscar profissional criado	1628103997000	1628103997166	OK	 
REQUEST		Adicionar novo profissional	1628103995984	1628103997187	OK	 
REQUEST		Listagem de profissionais	1628103996839	1628103997268	OK	 
REQUEST		Buscar profissional criado	1628103997005	1628103997417	OK	 
REQUEST		Buscar profissional criado	1628103997001	1628103997421	OK	 
REQUEST		Buscar profissional criado	1628103997010	1628103997421	OK	 
REQUEST		Buscar profissional criado	1628103997011	1628103997437	OK	 
REQUEST		Buscar profissional criado	1628103997017	1628103997438	OK	 
REQUEST		Buscar profissional criado	1628103997017	1628103997478	OK	 
REQUEST		Listagem de clientes	1628103997081	1628103997532	OK	 
REQUEST		Listagem de clientes	1628103997092	1628103997533	OK	 
REQUEST		Deletar profissional	1628103997092	1628103997538	OK	 
REQUEST		Editar profissional	1628103997041	1628103997544	OK	 
REQUEST		Editar profissional	1628103997032	1628103997545	OK	 
REQUEST		Deletar profissional	1628103997041	1628103997545	OK	 
REQUEST		Editar profissional	1628103997080	1628103997548	OK	 
REQUEST		Editar profissional	1628103997043	1628103997556	OK	 
REQUEST		Editar profissional	1628103997080	1628103997559	OK	 
REQUEST		Editar profissional	1628103997085	1628103997561	OK	 
REQUEST		Editar profissional	1628103997061	1628103997569	OK	 
REQUEST		Editar profissional	1628103997064	1628103997576	OK	 
REQUEST		Editar profissional	1628103997167	1628103997577	OK	 
REQUEST		Editar profissional	1628103997036	1628103997577	OK	 
REQUEST		Editar profissional	1628103997065	1628103997579	OK	 
REQUEST		Editar profissional	1628103997064	1628103997579	OK	 
REQUEST		Editar profissional	1628103997045	1628103997586	OK	 
REQUEST		Adicionar novo cliente	1628103997090	1628103997590	OK	 
REQUEST		Editar profissional	1628103997075	1628103997594	OK	 
REQUEST		Editar profissional	1628103997109	1628103997595	OK	 
REQUEST		Editar profissional	1628103997074	1628103997599	OK	 
REQUEST		Buscar profissional criado	1628103997044	1628103997608	OK	 
REQUEST		Buscar profissional criado	1628103997188	1628103997614	OK	 
REQUEST		Editar profissional	1628103997421	1628103997630	OK	 
REQUEST		Editar profissional	1628103997434	1628103997679	OK	 
REQUEST		Editar profissional	1628103997436	1628103997679	OK	 
REQUEST		Editar profissional	1628103997446	1628103997693	OK	 
REQUEST		Editar profissional	1628103997446	1628103997694	OK	 
REQUEST		Editar profissional	1628103997480	1628103997784	OK	 
REQUEST		Buscar cliente criado	1628103997595	1628103997821	OK	 
REQUEST		Adicionar novo profissional	1628103997271	1628103997833	OK	 
REQUEST		Listagem de clientes	1628103997544	1628103997886	OK	 
REQUEST		Deletar profissional	1628103997557	1628103997896	OK	 
REQUEST		Deletar profissional	1628103997561	1628103997900	OK	 
REQUEST		Deletar profissional	1628103997557	1628103997905	OK	 
REQUEST		Deletar profissional	1628103997586	1628103997918	OK	 
REQUEST		Deletar profissional	1628103997586	1628103997918	OK	 
REQUEST		Deletar profissional	1628103997564	1628103997918	OK	 
REQUEST		Listagem de clientes	1628103997559	1628103997922	OK	 
REQUEST		Adicionar novo cliente	1628103997539	1628103997927	OK	 
REQUEST		Deletar profissional	1628103997592	1628103997934	OK	 
REQUEST		Adicionar novo cliente	1628103997539	1628103997939	OK	 
REQUEST		Deletar profissional	1628103997579	1628103998003	OK	 
REQUEST		Editar cliente	1628103997823	1628103998003	OK	 
REQUEST		Deletar profissional	1628103997593	1628103998007	OK	 
REQUEST		Deletar profissional	1628103997590	1628103998008	OK	 
REQUEST		Deletar profissional	1628103997681	1628103998015	OK	 
REQUEST		Deletar profissional	1628103997594	1628103998017	OK	 
REQUEST		Deletar profissional	1628103997569	1628103998017	OK	 
REQUEST		Deletar profissional	1628103997572	1628103998024	OK	 
REQUEST		Deletar profissional	1628103997681	1628103998024	OK	 
REQUEST		Deletar profissional	1628103997599	1628103998029	OK	 
REQUEST		Deletar profissional	1628103997601	1628103998029	OK	 
REQUEST		Deletar profissional	1628103997631	1628103998033	OK	 
REQUEST		Deletar profissional	1628103997696	1628103998042	OK	 
REQUEST		Deletar profissional	1628103997599	1628103998042	OK	 
REQUEST		Deletar profissional	1628103997785	1628103998042	OK	 
REQUEST		Deletar profissional	1628103997695	1628103998049	OK	 
REQUEST		Buscar profissional criado	1628103997836	1628103998173	OK	 
REQUEST		Editar profissional	1628103997609	1628103998177	OK	 
REQUEST		Editar profissional	1628103997615	1628103998179	OK	 
REQUEST		Buscar cliente criado	1628103997938	1628103998258	OK	 
REQUEST		Buscar cliente criado	1628103997945	1628103998362	OK	 
REQUEST		Listagem de clientes	1628103997906	1628103998720	OK	 
REQUEST		Listagem de clientes	1628103997922	1628103998796	OK	 
REQUEST		Adicionar novo cliente	1628103997890	1628103998855	OK	 
REQUEST		Deletar cliente	1628103998008	1628103998855	OK	 
REQUEST		Editar cliente	1628103998261	1628103998862	OK	 
REQUEST		Listagem de clientes	1628103998028	1628103998877	OK	 
REQUEST		Listagem de clientes	1628103998007	1628103998919	OK	 
REQUEST		Listagem de clientes	1628103997927	1628103998920	OK	 
REQUEST		Listagem de clientes	1628103998012	1628103998920	OK	 
REQUEST		Listagem de clientes	1628103997933	1628103998930	OK	 
REQUEST		Listagem de clientes	1628103997933	1628103998929	OK	 
REQUEST		Listagem de clientes	1628103998015	1628103998930	OK	 
REQUEST		Listagem de clientes	1628103997938	1628103998931	OK	 
REQUEST		Listagem de clientes	1628103997933	1628103998938	OK	 
REQUEST		Listagem de clientes	1628103998033	1628103998938	OK	 
REQUEST		Listagem de clientes	1628103998041	1628103998947	OK	 
REQUEST		Editar cliente	1628103998365	1628103999003	OK	 
REQUEST		Listagem de clientes	1628103998041	1628103999007	OK	 
REQUEST		Listagem de clientes	1628103998054	1628103999014	OK	 
REQUEST		Listagem de clientes	1628103998053	1628103999029	OK	 
REQUEST		Listagem de clientes	1628103998044	1628103999029	OK	 
REQUEST		Listagem de clientes	1628103998045	1628103999037	OK	 
REQUEST		Listagem de clientes	1628103998024	1628103999040	OK	 
REQUEST		Listagem de clientes	1628103998049	1628103999044	OK	 
REQUEST		Deletar profissional	1628103998179	1628103999046	OK	 
REQUEST		Listagem de clientes	1628103998057	1628103999059	OK	 
REQUEST		Listagem de clientes	1628103998054	1628103999059	OK	 
REQUEST		Buscar cliente criado	1628103998859	1628103999062	OK	 
REQUEST		Deletar profissional	1628103998181	1628103999073	OK	 
REQUEST		Adicionar novo cliente	1628103997933	1628103999073	OK	 
REQUEST		Editar profissional	1628103998175	1628103999122	OK	 
REQUEST		Adicionar novo cliente	1628103998727	1628103999422	OK	 
REQUEST		Deletar cliente	1628103998864	1628103999431	OK	 
REQUEST		Listagem de Acoes	1628103998859	1628103999475	OK	 
REQUEST		Buscar cliente criado	1628103999074	1628103999485	OK	 
REQUEST		Adicionar novo cliente	1628103998804	1628103999518	OK	 
REQUEST		Deletar cliente	1628103999005	1628103999518	OK	 
REQUEST		Adicionar novo cliente	1628103998880	1628103999599	OK	 
REQUEST		Buscar cliente criado	1628103999427	1628103999599	OK	 
REQUEST		Editar cliente	1628103999063	1628103999610	OK	 
REQUEST		Listagem de Acoes	1628103999441	1628103999636	OK	 
REQUEST		Adicionar novo cliente	1628103998948	1628103999636	OK	 
REQUEST		Adicionar novo cliente	1628103998930	1628103999636	OK	 
REQUEST		Adicionar novo cliente	1628103998951	1628103999636	OK	 
REQUEST		Adicionar novo cliente	1628103998948	1628103999637	OK	 
REQUEST		Adicionar novo cliente	1628103998928	1628103999637	OK	 
REQUEST		Adicionar novo cliente	1628103998929	1628103999637	OK	 
REQUEST		Adicionar novo cliente	1628103999009	1628103999642	OK	 
REQUEST		Adicionar novo cliente	1628103999046	1628103999644	OK	 
REQUEST		Adicionar novo cliente	1628103999043	1628103999644	OK	 
REQUEST		Adicionar novo cliente	1628103998949	1628103999646	OK	 
REQUEST		Adicionar novo cliente	1628103999039	1628103999646	OK	 
REQUEST		Adicionar novo cliente	1628103998944	1628103999647	OK	 
REQUEST		Adicionar novo cliente	1628103999032	1628103999653	OK	 
REQUEST		Adicionar novo cliente	1628103998952	1628103999653	OK	 
REQUEST		Adicionar novo cliente	1628103998953	1628103999655	OK	 
REQUEST		Adicionar novo cliente	1628103999032	1628103999656	OK	 
REQUEST		Adicionar novo cliente	1628103999061	1628103999666	OK	 
REQUEST		Buscar cliente criado	1628103999520	1628103999681	OK	 
REQUEST		Adicionar novo cliente	1628103999061	1628103999683	OK	 
REQUEST		Adicionar novo cliente	1628103999016	1628103999683	OK	 
REQUEST		Adicionar novo Acao	1628103999484	1628103999685	OK	 
REQUEST		Listagem de Acoes	1628103999521	1628103999688	OK	 
REQUEST		Listagem de clientes	1628103999047	1628103999712	OK	 
REQUEST		Editar cliente	1628103999490	1628103999716	OK	 
REQUEST		Listagem de clientes	1628103999074	1628103999726	OK	 
REQUEST		Deletar profissional	1628103999123	1628103999748	OK	 
REQUEST		Buscar cliente criado	1628103999606	1628103999764	OK	 
REQUEST		Buscar cliente criado	1628103999641	1628103999969	OK	 
REQUEST		Buscar cliente criado	1628103999641	1628103999970	OK	 
REQUEST		Buscar cliente criado	1628103999641	1628103999971	OK	 
REQUEST		Buscar cliente criado	1628103999641	1628103999972	OK	 
REQUEST		Buscar cliente criado	1628103999641	1628103999973	OK	 
REQUEST		Buscar cliente criado	1628103999641	1628104000074	OK	 
REQUEST		Buscar cliente criado	1628103999652	1628104000079	OK	 
REQUEST		Buscar cliente criado	1628103999646	1628104000080	OK	 
REQUEST		Deletar cliente	1628103999613	1628104000081	OK	 
REQUEST		Buscar cliente criado	1628103999653	1628104000082	OK	 
REQUEST		Buscar cliente criado	1628103999653	1628104000085	OK	 
REQUEST		Buscar cliente criado	1628103999646	1628104000086	OK	 
REQUEST		Buscar cliente criado	1628103999656	1628104000087	OK	 
REQUEST		Buscar cliente criado	1628103999657	1628104000090	OK	 
REQUEST		Buscar cliente criado	1628103999644	1628104000090	OK	 
REQUEST		Buscar cliente criado	1628103999658	1628104000090	OK	 
REQUEST		Buscar cliente criado	1628103999655	1628104000102	OK	 
REQUEST		Buscar cliente criado	1628103999667	1628104000102	OK	 
REQUEST		Buscar cliente criado	1628103999684	1628104000104	OK	 
REQUEST		Adicionar novo Acao	1628103999641	1628104000103	OK	 
REQUEST		Buscar cliente criado	1628103999685	1628104000104	OK	 
REQUEST		Buscar acao criada	1628103999686	1628104000106	OK	 
REQUEST		Adicionar novo Acao	1628103999689	1628104000113	OK	 
REQUEST		Editar cliente	1628103999607	1628104000118	OK	 
REQUEST		Deletar cliente	1628103999717	1628104000173	OK	 
REQUEST		Editar cliente	1628103999766	1628104000279	OK	 
REQUEST		Listagem de clientes	1628103999749	1628104000396	OK	 
REQUEST		Editar cliente	1628103999683	1628104000527	OK	 
REQUEST		Buscar acao criada	1628104000106	1628104000599	OK	 
REQUEST		Buscar acao criada	1628104000116	1628104000601	OK	 
REQUEST		Listagem de Acoes	1628104000082	1628104000605	OK	 
REQUEST		Deletar cliente	1628104000119	1628104000620	OK	 
REQUEST		Editar cliente	1628103999973	1628104000623	OK	 
REQUEST		Editar cliente	1628103999971	1628104000627	OK	 
REQUEST		Listagem de Acoes	1628104000174	1628104000627	OK	 
REQUEST		Editar cliente	1628103999971	1628104000628	OK	 
REQUEST		Editar acao	1628104000108	1628104000631	OK	 
REQUEST		Editar cliente	1628103999979	1628104000631	OK	 
REQUEST		Editar cliente	1628103999979	1628104000631	OK	 
REQUEST		Deletar cliente	1628104000283	1628104000640	OK	 
REQUEST		Editar cliente	1628104000075	1628104000675	OK	 
REQUEST		Editar cliente	1628104000085	1628104000677	OK	 
REQUEST		Editar cliente	1628104000080	1628104000677	OK	 
REQUEST		Editar cliente	1628104000086	1628104000679	OK	 
REQUEST		Editar cliente	1628104000088	1628104000681	OK	 
REQUEST		Editar cliente	1628104000092	1628104000688	OK	 
REQUEST		Editar cliente	1628104000089	1628104000691	OK	 
REQUEST		Editar cliente	1628104000106	1628104000705	OK	 
REQUEST		Editar cliente	1628104000081	1628104000704	OK	 
REQUEST		Editar cliente	1628104000104	1628104000704	OK	 
REQUEST		Editar cliente	1628104000092	1628104000705	OK	 
REQUEST		Editar cliente	1628104000092	1628104000705	OK	 
REQUEST		Deletar cliente	1628104000535	1628104000706	OK	 
REQUEST		Editar cliente	1628104000107	1628104000715	OK	 
REQUEST		Editar cliente	1628104000106	1628104000715	OK	 
REQUEST		Adicionar novo cliente	1628103999715	1628104000795	OK	 
REQUEST		Adicionar novo cliente	1628103999727	1628104000802	OK	 
REQUEST		Adicionar novo cliente	1628104000397	1628104000885	OK	 
REQUEST		Listagem de Acoes	1628104000621	1628104001161	OK	 
REQUEST		Adicionar novo Acao	1628104000606	1628104001185	OK	 
REQUEST		Editar acao	1628104000600	1628104001196	OK	 
REQUEST		Editar acao	1628104000602	1628104001200	OK	 
REQUEST		Listagem de Acoes	1628104000641	1628104001283	OK	 
REQUEST		Listagem de Acoes	1628104000712	1628104001288	OK	 
REQUEST		Adicionar novo Acao	1628104000629	1628104001293	OK	 
REQUEST		Deletar cliente	1628104000629	1628104001294	OK	 
REQUEST		Deletar cliente	1628104000626	1628104001299	OK	 
REQUEST		Deletar cliente	1628104000628	1628104001301	OK	 
REQUEST		Deletar cliente	1628104000676	1628104001301	OK	 
REQUEST		Deletar acao	1628104000633	1628104001301	OK	 
REQUEST		Deletar cliente	1628104000678	1628104001303	OK	 
REQUEST		Deletar cliente	1628104000633	1628104001303	OK	 
REQUEST		Deletar cliente	1628104000633	1628104001315	OK	 
REQUEST		Deletar cliente	1628104000711	1628104001326	OK	 
REQUEST		Deletar cliente	1628104000693	1628104001324	OK	 
REQUEST		Deletar cliente	1628104000710	1628104001325	OK	 
REQUEST		Deletar cliente	1628104000690	1628104001325	OK	 
REQUEST		Deletar cliente	1628104000711	1628104001325	OK	 
REQUEST		Deletar cliente	1628104000711	1628104001325	OK	 
REQUEST		Deletar cliente	1628104000719	1628104001326	OK	 
REQUEST		Deletar cliente	1628104000718	1628104001327	OK	 
REQUEST		Deletar cliente	1628104000682	1628104001338	OK	 
REQUEST		Adicionar novo Acao	1628104001169	1628104001339	OK	 
REQUEST		Deletar cliente	1628104000680	1628104001340	OK	 
REQUEST		Deletar cliente	1628104000711	1628104001341	OK	 
REQUEST		Deletar cliente	1628104000678	1628104001341	OK	 
REQUEST		Buscar acao criada	1628104001188	1628104001346	OK	 
REQUEST		Deletar acao	1628104001200	1628104001360	OK	 
REQUEST		Buscar cliente criado	1628104000796	1628104001365	OK	 
REQUEST		Buscar cliente criado	1628104000803	1628104001367	OK	 
REQUEST		Deletar acao	1628104001202	1628104001369	OK	 
REQUEST		Buscar cliente criado	1628104000887	1628104001452	OK	 
REQUEST		Buscar acao criada	1628104001299	1628104001475	OK	 
REQUEST		Adicionar novo Acao	1628104001286	1628104001475	OK	 
REQUEST		Listagem de Acoes	1628104001297	1628104001489	OK	 
REQUEST		Adicionar novo Acao	1628104001293	1628104001507	OK	 
REQUEST		Listagem de Acoes	1628104001303	1628104001777	OK	 
REQUEST		Listagem de Acoes	1628104001324	1628104001790	OK	 
REQUEST		Buscar acao criada	1628104001345	1628104001794	OK	 
REQUEST		Listagem de Acoes	1628104001321	1628104001796	OK	 
REQUEST		Listagem de Acoes	1628104001324	1628104001797	OK	 
REQUEST		Logout	1628104001323	1628104001801	OK	 
REQUEST		Listagem de Acoes	1628104001327	1628104001802	OK	 
USER	Realizar login MaxxiForge para rota Action	END	1628104001807
REQUEST		Buscar acao criada	1628104001510	1628104001808	OK	 
REQUEST		Logout	1628104001361	1628104001811	OK	 
USER	Realizar login MaxxiForge para rota Action	END	1628104001812
REQUEST		Listagem de Acoes	1628104001346	1628104001816	OK	 
REQUEST		Logout	1628104001370	1628104001818	OK	 
USER	Realizar login MaxxiForge para rota Action	END	1628104001819
REQUEST		Listagem de Acoes	1628104001323	1628104001822	OK	 
REQUEST		Listagem de Acoes	1628104001340	1628104001823	OK	 
REQUEST		Listagem de Acoes	1628104001346	1628104001825	OK	 
REQUEST		Listagem de Acoes	1628104001337	1628104001826	OK	 
REQUEST		Adicionar novo Acao	1628104001491	1628104001828	OK	 
REQUEST		Listagem de Acoes	1628104001338	1628104001829	OK	 
REQUEST		Buscar acao criada	1628104001479	1628104001832	OK	 
REQUEST		Listagem de Acoes	1628104001346	1628104001837	OK	 
REQUEST		Listagem de Acoes	1628104001333	1628104001839	OK	 
REQUEST		Listagem de Acoes	1628104001339	1628104001841	OK	 
REQUEST		Listagem de Acoes	1628104001345	1628104001842	OK	 
REQUEST		Listagem de Acoes	1628104001340	1628104001848	OK	 
REQUEST		Listagem de Acoes	1628104001340	1628104001848	OK	 
REQUEST		Listagem de Acoes	1628104001338	1628104001848	OK	 
REQUEST		Editar acao	1628104001348	1628104001858	OK	 
REQUEST		Editar acao	1628104001478	1628104001866	OK	 
REQUEST		Adicionar novo Acao	1628104001778	1628104001979	OK	 
REQUEST		Editar cliente	1628104001369	1628104002050	OK	 
REQUEST		Editar cliente	1628104001453	1628104002050	OK	 
REQUEST		Buscar acao criada	1628104001832	1628104002138	OK	 
REQUEST		Adicionar novo Acao	1628104001793	1628104002146	OK	 
REQUEST		Buscar acao criada	1628104001980	1628104002159	OK	 
REQUEST		Adicionar novo Acao	1628104001798	1628104002159	OK	 
REQUEST		Adicionar novo Acao	1628104001797	1628104002161	OK	 
REQUEST		Adicionar novo Acao	1628104001803	1628104002165	OK	 
REQUEST		Adicionar novo Acao	1628104001823	1628104002168	OK	 
REQUEST		Adicionar novo Acao	1628104001818	1628104002169	OK	 
REQUEST		Adicionar novo Acao	1628104001827	1628104002171	OK	 
REQUEST		Editar acao	1628104001796	1628104002171	OK	 
REQUEST		Adicionar novo Acao	1628104001838	1628104002175	OK	 
REQUEST		Adicionar novo Acao	1628104001827	1628104002175	OK	 
REQUEST		Deletar acao	1628104001859	1628104002175	OK	 
REQUEST		Editar acao	1628104001809	1628104002178	OK	 
REQUEST		Adicionar novo Acao	1628104001832	1628104002180	OK	 
REQUEST		Adicionar novo Acao	1628104001844	1628104002180	OK	 
REQUEST		Editar acao	1628104001833	1628104002183	OK	 
REQUEST		Adicionar novo Acao	1628104001825	1628104002183	OK	 
REQUEST		Deletar acao	1628104001867	1628104002185	OK	 
REQUEST		Adicionar novo Acao	1628104001843	1628104002186	OK	 
REQUEST		Adicionar novo Acao	1628104001850	1628104002190	OK	 
REQUEST		Adicionar novo Acao	1628104001851	1628104002206	OK	 
REQUEST		Adicionar novo Acao	1628104001840	1628104002206	OK	 
REQUEST		Adicionar novo Acao	1628104001850	1628104002206	OK	 
REQUEST		Buscar acao criada	1628104002147	1628104002300	OK	 
REQUEST		Editar acao	1628104002139	1628104002301	OK	 
REQUEST		Deletar cliente	1628104002052	1628104002377	OK	 
REQUEST		Buscar acao criada	1628104002162	1628104002414	OK	 
REQUEST		Deletar cliente	1628104002052	1628104002415	OK	 
REQUEST		Buscar acao criada	1628104002161	1628104002417	OK	 
REQUEST		Buscar acao criada	1628104002169	1628104002418	OK	 
REQUEST		Buscar acao criada	1628104002167	1628104002420	OK	 
REQUEST		Buscar acao criada	1628104002175	1628104002420	OK	 
REQUEST		Buscar acao criada	1628104002171	1628104002423	OK	 
REQUEST		Logout	1628104002178	1628104002427	OK	 
REQUEST		Buscar acao criada	1628104002183	1628104002434	OK	 
REQUEST		Logout	1628104002187	1628104002436	OK	 
REQUEST		Deletar acao	1628104002175	1628104002432	OK	 
REQUEST		Buscar acao criada	1628104002178	1628104002433	OK	 
REQUEST		Deletar acao	1628104002180	1628104002434	OK	 
REQUEST		Buscar acao criada	1628104002187	1628104002434	OK	 
REQUEST		Editar acao	1628104002161	1628104002435	OK	 
REQUEST		Buscar acao criada	1628104002178	1628104002436	OK	 
USER	Realizar login MaxxiForge para rota Action	END	1628104002437
REQUEST		Buscar acao criada	1628104002186	1628104002439	OK	 
USER	Realizar login MaxxiForge para rota Action	END	1628104002447
REQUEST		Buscar acao criada	1628104002183	1628104002451	OK	 
REQUEST		Deletar acao	1628104002186	1628104002450	OK	 
REQUEST		Buscar acao criada	1628104002207	1628104002452	OK	 
REQUEST		Buscar acao criada	1628104002207	1628104002453	OK	 
REQUEST		Buscar acao criada	1628104002207	1628104002457	OK	 
REQUEST		Buscar acao criada	1628104002192	1628104002460	OK	 
REQUEST		Deletar acao	1628104002301	1628104002475	OK	 
REQUEST		Editar acao	1628104002301	1628104002480	OK	 
REQUEST		Editar cliente	1628104001369	1628104002631	OK	 
REQUEST		Listagem de Acoes	1628104002378	1628104002685	OK	 
REQUEST		Logout	1628104002447	1628104002764	OK	 
USER	Realizar login MaxxiForge para rota Action	END	1628104002765
REQUEST		Logout	1628104002449	1628104002767	OK	 
USER	Realizar login MaxxiForge para rota Action	END	1628104002768
REQUEST		Logout	1628104002476	1628104002770	OK	 
USER	Realizar login MaxxiForge para rota Action	END	1628104002771
REQUEST		Logout	1628104002457	1628104002780	OK	 
USER	Realizar login MaxxiForge para rota Action	END	1628104002781
REQUEST		Editar acao	1628104002418	1628104002791	OK	 
REQUEST		Deletar acao	1628104002446	1628104002793	OK	 
REQUEST		Editar acao	1628104002420	1628104002804	OK	 
REQUEST		Editar acao	1628104002427	1628104002822	OK	 
REQUEST		Deletar acao	1628104002481	1628104002823	OK	 
REQUEST		Editar acao	1628104002433	1628104002823	OK	 
REQUEST		Editar acao	1628104002429	1628104002824	OK	 
REQUEST		Editar acao	1628104002431	1628104002824	OK	 
REQUEST		Editar acao	1628104002447	1628104002829	OK	 
REQUEST		Editar acao	1628104002443	1628104002831	OK	 
REQUEST		Editar acao	1628104002448	1628104002831	OK	 
REQUEST		Editar acao	1628104002450	1628104002834	OK	 
REQUEST		Editar acao	1628104002456	1628104002834	OK	 
REQUEST		Editar acao	1628104002453	1628104002836	OK	 
REQUEST		Editar acao	1628104002460	1628104002843	OK	 
REQUEST		Editar acao	1628104002458	1628104002843	OK	 
REQUEST		Editar acao	1628104002461	1628104002845	OK	 
REQUEST		Editar acao	1628104002458	1628104002845	OK	 
REQUEST		Listagem de Acoes	1628104002419	1628104002904	OK	 
REQUEST		Logout	1628104002796	1628104002960	OK	 
USER	Realizar login MaxxiForge para rota Action	END	1628104002961
REQUEST		Deletar cliente	1628104002632	1628104003023	OK	 
REQUEST		Adicionar novo Acao	1628104002686	1628104003038	OK	 
REQUEST		Deletar acao	1628104002792	1628104003077	OK	 
REQUEST		Deletar acao	1628104002805	1628104003091	OK	 
REQUEST		Logout	1628104002828	1628104003095	OK	 
USER	Realizar login MaxxiForge para rota Action	END	1628104003096
REQUEST		Deletar acao	1628104002829	1628104003109	OK	 
REQUEST		Deletar acao	1628104002831	1628104003109	OK	 
REQUEST		Deletar acao	1628104002828	1628104003110	OK	 
REQUEST		Deletar acao	1628104002828	1628104003112	OK	 
REQUEST		Deletar acao	1628104002823	1628104003112	OK	 
REQUEST		Deletar acao	1628104002833	1628104003115	OK	 
REQUEST		Deletar acao	1628104002833	1628104003116	OK	 
REQUEST		Deletar acao	1628104002835	1628104003118	OK	 
REQUEST		Deletar acao	1628104002835	1628104003123	OK	 
REQUEST		Deletar acao	1628104002837	1628104003123	OK	 
REQUEST		Deletar acao	1628104002845	1628104003135	OK	 
REQUEST		Deletar acao	1628104002847	1628104003135	OK	 
REQUEST		Deletar acao	1628104002845	1628104003135	OK	 
REQUEST		Deletar acao	1628104002847	1628104003135	OK	 
REQUEST		Logout	1628104003078	1628104003229	OK	 
USER	Realizar login MaxxiForge para rota Action	END	1628104003231
REQUEST		Logout	1628104003092	1628104003246	OK	 
USER	Realizar login MaxxiForge para rota Action	END	1628104003247
REQUEST		Logout	1628104003110	1628104003264	OK	 
USER	Realizar login MaxxiForge para rota Action	END	1628104003265
REQUEST		Logout	1628104003113	1628104003271	OK	 
USER	Realizar login MaxxiForge para rota Action	END	1628104003272
REQUEST		Logout	1628104003113	1628104003280	OK	 
USER	Realizar login MaxxiForge para rota Action	END	1628104003281
REQUEST		Logout	1628104003115	1628104003289	OK	 
USER	Realizar login MaxxiForge para rota Action	END	1628104003290
REQUEST		Logout	1628104003112	1628104003293	OK	 
REQUEST		Logout	1628104003123	1628104003293	OK	 
REQUEST		Logout	1628104003116	1628104003293	OK	 
USER	Realizar login MaxxiForge para rota Action	END	1628104003298
USER	Realizar login MaxxiForge para rota Action	END	1628104003298
REQUEST		Logout	1628104003110	1628104003299	OK	 
REQUEST		Adicionar novo Acao	1628104002905	1628104003298	OK	 
USER	Realizar login MaxxiForge para rota Action	END	1628104003299
USER	Realizar login MaxxiForge para rota Action	END	1628104003304
REQUEST		Logout	1628104003124	1628104003304	OK	 
USER	Realizar login MaxxiForge para rota Action	END	1628104003313
REQUEST		Logout	1628104003124	1628104003313	OK	 
USER	Realizar login MaxxiForge para rota Action	END	1628104003315
REQUEST		Logout	1628104003139	1628104003318	OK	 
REQUEST		Logout	1628104003139	1628104003327	OK	 
REQUEST		Logout	1628104003139	1628104003327	OK	 
USER	Realizar login MaxxiForge para rota Action	END	1628104003327
REQUEST		Logout	1628104003138	1628104003327	OK	 
USER	Realizar login MaxxiForge para rota Action	END	1628104003330
USER	Realizar login MaxxiForge para rota Action	END	1628104003330
USER	Realizar login MaxxiForge para rota Action	END	1628104003330
REQUEST		Listagem de Acoes	1628104003024	1628104003394	OK	 
REQUEST		Buscar acao criada	1628104003303	1628104003645	OK	 
REQUEST		Adicionar novo Acao	1628104003396	1628104003764	OK	 
REQUEST		Buscar acao criada	1628104003039	1628104003938	OK	 
REQUEST		Editar acao	1628104003646	1628104004002	OK	 
REQUEST		Buscar acao criada	1628104003766	1628104004124	OK	 
REQUEST		Editar acao	1628104003939	1628104004278	OK	 
REQUEST		Deletar acao	1628104004003	1628104004355	OK	 
REQUEST		Editar acao	1628104004125	1628104004483	OK	 
REQUEST		Deletar acao	1628104004279	1628104004613	OK	 
REQUEST		Logout	1628104004356	1628104004690	OK	 
USER	Realizar login MaxxiForge para rota Action	END	1628104004691
REQUEST		Deletar acao	1628104004484	1628104004839	OK	 
REQUEST		Logout	1628104004614	1628104004966	OK	 
USER	Realizar login MaxxiForge para rota Action	END	1628104004969
REQUEST		Logout	1628104004840	1628104005196	OK	 
USER	Realizar login MaxxiForge para rota Action	END	1628104005197
