RUN	maxxiforge.JornadaEstresse	jornadaestresse	1628094718774	 	3.6.0
USER	Realizar login MaxxiForge para rota Action	START	1628094719222
USER	Realizar login MaxxiForge para rota Action	START	1628094719222
USER	Realizar login MaxxiForge para rota Action	START	1628094719222
USER	Realizar login MaxxiForge para rota Action	START	1628094719222
USER	Realizar login MaxxiForge para rota Action	START	1628094719222
USER	Realizar login MaxxiForge para rota Action	START	1628094719222
USER	Realizar login MaxxiForge para rota Action	START	1628094719222
USER	Realizar login MaxxiForge para rota Action	START	1628094719222
USER	Realizar login MaxxiForge para rota Action	START	1628094719222
USER	Realizar login MaxxiForge para rota Action	START	1628094719222
REQUEST		Login	1628094719263	1628094721312	OK	 
REQUEST		Login	1628094719263	1628094721282	OK	 
REQUEST		Login	1628094719263	1628094721286	OK	 
REQUEST		Login	1628094719263	1628094721311	OK	 
REQUEST		Login	1628094719263	1628094721282	OK	 
REQUEST		Login	1628094719263	1628094721305	OK	 
REQUEST		Login	1628094719263	1628094721287	OK	 
REQUEST		Login	1628094719263	1628094721340	OK	 
REQUEST		Login	1628094719263	1628094721283	OK	 
REQUEST		Login	1628094719263	1628094721304	OK	 
REQUEST		Listagem de profissionais	1628094721366	1628094721658	OK	 
REQUEST		Listagem de profissionais	1628094721365	1628094721665	OK	 
REQUEST		Listagem de profissionais	1628094721367	1628094721670	OK	 
REQUEST		Listagem de profissionais	1628094721367	1628094721675	OK	 
REQUEST		Listagem de profissionais	1628094721366	1628094721675	OK	 
REQUEST		Listagem de profissionais	1628094721366	1628094721681	OK	 
REQUEST		Listagem de profissionais	1628094721365	1628094721745	OK	 
REQUEST		Listagem de profissionais	1628094721366	1628094721745	OK	 
REQUEST		Listagem de profissionais	1628094721367	1628094721747	OK	 
REQUEST		Listagem de profissionais	1628094721367	1628094721750	OK	 
REQUEST		Adicionar novo profissional	1628094721679	1628094722783	OK	 
REQUEST		Adicionar novo profissional	1628094721748	1628094722856	OK	 
REQUEST		Adicionar novo profissional	1628094721679	1628094722857	OK	 
REQUEST		Adicionar novo profissional	1628094721674	1628094722859	OK	 
REQUEST		Adicionar novo profissional	1628094721685	1628094722904	OK	 
REQUEST		Adicionar novo profissional	1628094721661	1628094722945	OK	 
REQUEST		Adicionar novo profissional	1628094721752	1628094722961	OK	 
REQUEST		Adicionar novo profissional	1628094721749	1628094722967	OK	 
REQUEST		Adicionar novo profissional	1628094721669	1628094722973	OK	 
REQUEST		Adicionar novo profissional	1628094721750	1628094722975	OK	 
REQUEST		Buscar profissional criado	1628094722787	1628094722981	OK	 
REQUEST		Buscar profissional criado	1628094722861	1628094723047	OK	 
REQUEST		Buscar profissional criado	1628094722859	1628094723048	OK	 
REQUEST		Buscar profissional criado	1628094722858	1628094723048	OK	 
REQUEST		Buscar profissional criado	1628094722905	1628094723074	OK	 
REQUEST		Buscar profissional criado	1628094722947	1628094723096	OK	 
REQUEST		Buscar profissional criado	1628094722963	1628094723115	OK	 
REQUEST		Buscar profissional criado	1628094722969	1628094723127	OK	 
REQUEST		Buscar profissional criado	1628094722974	1628094723140	OK	 
REQUEST		Buscar profissional criado	1628094722977	1628094723141	OK	 
REQUEST		Editar profissional	1628094722982	1628094723159	OK	 
REQUEST		Editar profissional	1628094723049	1628094723258	OK	 
REQUEST		Editar profissional	1628094723050	1628094723260	OK	 
REQUEST		Editar profissional	1628094723050	1628094723262	OK	 
REQUEST		Editar profissional	1628094723097	1628094723271	OK	 
REQUEST		Editar profissional	1628094723116	1628094723286	OK	 
REQUEST		Editar profissional	1628094723076	1628094723290	OK	 
REQUEST		Editar profissional	1628094723128	1628094723359	OK	 
REQUEST		Deletar profissional	1628094723161	1628094723367	OK	 
REQUEST		Editar profissional	1628094723143	1628094723371	OK	 
REQUEST		Editar profissional	1628094723141	1628094723380	OK	 
REQUEST		Deletar profissional	1628094723260	1628094723471	OK	 
REQUEST		Deletar profissional	1628094723262	1628094723473	OK	 
REQUEST		Deletar profissional	1628094723274	1628094723475	OK	 
REQUEST		Deletar profissional	1628094723263	1628094723476	OK	 
REQUEST		Deletar profissional	1628094723287	1628094723480	OK	 
REQUEST		Deletar profissional	1628094723291	1628094723493	OK	 
REQUEST		Deletar profissional	1628094723360	1628094723561	OK	 
REQUEST		Deletar profissional	1628094723373	1628094723565	OK	 
REQUEST		Deletar profissional	1628094723381	1628094723577	OK	 
REQUEST		Listagem de clientes	1628094723566	1628094725634	OK	 
REQUEST		Listagem de clientes	1628094723369	1628094725741	OK	 
REQUEST		Listagem de clientes	1628094723472	1628094725847	OK	 
REQUEST		Listagem de clientes	1628094723481	1628094725852	OK	 
REQUEST		Listagem de clientes	1628094723474	1628094725963	OK	 
REQUEST		Listagem de clientes	1628094723478	1628094725967	OK	 
REQUEST		Listagem de clientes	1628094723562	1628094726069	OK	 
REQUEST		Listagem de clientes	1628094723476	1628094726383	OK	 
REQUEST		Listagem de clientes	1628094723578	1628094726410	OK	 
REQUEST		Listagem de clientes	1628094723494	1628094726456	OK	 
REQUEST		Adicionar novo cliente	1628094725848	1628094726878	OK	 
REQUEST		Adicionar novo cliente	1628094726070	1628094726880	OK	 
REQUEST		Adicionar novo cliente	1628094726408	1628094726881	OK	 
REQUEST		Adicionar novo cliente	1628094725635	1628094726882	OK	 
REQUEST		Adicionar novo cliente	1628094725968	1628094726886	OK	 
REQUEST		Adicionar novo cliente	1628094725742	1628094726886	OK	 
REQUEST		Adicionar novo cliente	1628094725966	1628094726887	OK	 
REQUEST		Adicionar novo cliente	1628094726460	1628094726894	OK	 
REQUEST		Adicionar novo cliente	1628094725854	1628094726896	OK	 
REQUEST		Adicionar novo cliente	1628094726500	1628094726900	OK	 
REQUEST		Buscar cliente criado	1628094726881	1628094727050	OK	 
REQUEST		Buscar cliente criado	1628094726887	1628094727087	OK	 
REQUEST		Buscar cliente criado	1628094726886	1628094727092	OK	 
REQUEST		Buscar cliente criado	1628094726888	1628094727143	OK	 
REQUEST		Buscar cliente criado	1628094726894	1628094727168	OK	 
REQUEST		Buscar cliente criado	1628094726894	1628094727168	OK	 
REQUEST		Buscar cliente criado	1628094726899	1628094727169	OK	 
REQUEST		Buscar cliente criado	1628094726893	1628094727178	OK	 
REQUEST		Buscar cliente criado	1628094726897	1628094727212	OK	 
REQUEST		Buscar cliente criado	1628094726901	1628094727221	OK	 
REQUEST		Editar cliente	1628094727051	1628094727241	OK	 
REQUEST		Editar cliente	1628094727122	1628094727355	OK	 
REQUEST		Editar cliente	1628094727123	1628094727361	OK	 
REQUEST		Deletar cliente	1628094727364	1628094727943	OK	 
REQUEST		Deletar cliente	1628094727246	1628094727943	OK	 
REQUEST		Deletar cliente	1628094727357	1628094727943	OK	 
REQUEST		Editar cliente	1628094727223	1628094727953	OK	 
REQUEST		Editar cliente	1628094727191	1628094727953	OK	 
REQUEST		Editar cliente	1628094727227	1628094727958	OK	 
REQUEST		Editar cliente	1628094727225	1628094727960	OK	 
REQUEST		Editar cliente	1628094727223	1628094727962	OK	 
REQUEST		Editar cliente	1628094727237	1628094727969	OK	 
REQUEST		Editar cliente	1628094727239	1628094727979	OK	 
REQUEST		Deletar cliente	1628094727957	1628094728883	OK	 
REQUEST		Deletar cliente	1628094727963	1628094728891	OK	 
REQUEST		Deletar cliente	1628094727962	1628094728893	OK	 
REQUEST		Deletar cliente	1628094727970	1628094728901	OK	 
REQUEST		Deletar cliente	1628094727980	1628094728909	OK	 
REQUEST		Listagem de Acoes	1628094727946	1628094728943	OK	 
REQUEST		Listagem de Acoes	1628094727946	1628094728944	OK	 
REQUEST		Listagem de Acoes	1628094727946	1628094728945	OK	 
REQUEST		Deletar cliente	1628094727955	1628094728946	OK	 
REQUEST		Deletar cliente	1628094727961	1628094728950	OK	 
REQUEST		Listagem de Acoes	1628094728884	1628094729286	OK	 
REQUEST		Listagem de Acoes	1628094728894	1628094729354	OK	 
REQUEST		Listagem de Acoes	1628094728892	1628094729356	OK	 
REQUEST		Listagem de Acoes	1628094728951	1628094729367	OK	 
REQUEST		Listagem de Acoes	1628094728953	1628094729369	OK	 
REQUEST		Listagem de Acoes	1628094728902	1628094729372	OK	 
REQUEST		Listagem de Acoes	1628094728910	1628094729382	OK	 
REQUEST		Adicionar novo Acao	1628094728945	1628094729397	OK	 
REQUEST		Adicionar novo Acao	1628094728949	1628094729397	OK	 
REQUEST		Adicionar novo Acao	1628094728950	1628094729397	OK	 
REQUEST		Adicionar novo Acao	1628094729287	1628094729455	OK	 
REQUEST		Buscar acao criada	1628094729399	1628094729660	OK	 
REQUEST		Buscar acao criada	1628094729399	1628094729660	OK	 
REQUEST		Buscar acao criada	1628094729399	1628094729660	OK	 
REQUEST		Buscar acao criada	1628094729457	1628094729662	OK	 
REQUEST		Adicionar novo Acao	1628094729357	1628094729662	OK	 
REQUEST		Adicionar novo Acao	1628094729368	1628094729663	OK	 
REQUEST		Adicionar novo Acao	1628094729371	1628094729664	OK	 
REQUEST		Adicionar novo Acao	1628094729356	1628094729666	OK	 
REQUEST		Adicionar novo Acao	1628094729373	1628094729671	OK	 
REQUEST		Adicionar novo Acao	1628094729383	1628094729681	OK	 
REQUEST		Buscar acao criada	1628094729666	1628094729888	OK	 
REQUEST		Buscar acao criada	1628094729664	1628094729888	OK	 
REQUEST		Buscar acao criada	1628094729666	1628094729888	OK	 
REQUEST		Buscar acao criada	1628094729667	1628094729893	OK	 
REQUEST		Buscar acao criada	1628094729673	1628094729896	OK	 
REQUEST		Buscar acao criada	1628094729683	1628094729909	OK	 
REQUEST		Editar acao	1628094729664	1628094729944	OK	 
REQUEST		Editar acao	1628094729662	1628094729944	OK	 
REQUEST		Editar acao	1628094729662	1628094729946	OK	 
REQUEST		Editar acao	1628094729661	1628094729946	OK	 
REQUEST		Deletar acao	1628094729947	1628094730341	OK	 
REQUEST		Deletar acao	1628094729947	1628094730341	OK	 
REQUEST		Deletar acao	1628094729945	1628094730341	OK	 
REQUEST		Editar acao	1628094729889	1628094730343	OK	 
REQUEST		Deletar acao	1628094729945	1628094730345	OK	 
REQUEST		Editar acao	1628094729890	1628094730347	OK	 
REQUEST		Editar acao	1628094729890	1628094730347	OK	 
REQUEST		Editar acao	1628094729894	1628094730354	OK	 
REQUEST		Editar acao	1628094729897	1628094730356	OK	 
REQUEST		Editar acao	1628094729910	1628094730365	OK	 
REQUEST		Logout	1628094730342	1628094730572	OK	 
REQUEST		Logout	1628094730342	1628094730573	OK	 
REQUEST		Logout	1628094730342	1628094730586	OK	 
REQUEST		Logout	1628094730346	1628094730587	OK	 
USER	Realizar login MaxxiForge para rota Action	END	1628094730592
REQUEST		Deletar acao	1628094730344	1628094730596	OK	 
USER	Realizar login MaxxiForge para rota Action	END	1628094730592
REQUEST		Deletar acao	1628094730348	1628094730599	OK	 
REQUEST		Deletar acao	1628094730348	1628094730599	OK	 
REQUEST		Deletar acao	1628094730355	1628094730602	OK	 
USER	Realizar login MaxxiForge para rota Action	END	1628094730598
REQUEST		Deletar acao	1628094730356	1628094730602	OK	 
USER	Realizar login MaxxiForge para rota Action	END	1628094730599
REQUEST		Deletar acao	1628094730367	1628094730624	OK	 
REQUEST		Logout	1628094730607	1628094730793	OK	 
REQUEST		Logout	1628094730618	1628094730794	OK	 
REQUEST		Logout	1628094730618	1628094730794	OK	 
USER	Realizar login MaxxiForge para rota Action	END	1628094730797
USER	Realizar login MaxxiForge para rota Action	END	1628094730797
USER	Realizar login MaxxiForge para rota Action	END	1628094730797
REQUEST		Logout	1628094730622	1628094730798	OK	 
USER	Realizar login MaxxiForge para rota Action	END	1628094730799
REQUEST		Logout	1628094730622	1628094730806	OK	 
REQUEST		Logout	1628094730633	1628094730816	OK	 
USER	Realizar login MaxxiForge para rota Action	END	1628094730816
USER	Realizar login MaxxiForge para rota Action	END	1628094730833
