RUN	maxxiforge.JornadaEstresse	jornadaestresse	1628104198306	 	3.6.0
USER	Realizar login MaxxiForge para rota Action	START	1628104198511
USER	Realizar login MaxxiForge para rota Action	START	1628104198511
USER	Realizar login MaxxiForge para rota Action	START	1628104198511
USER	Realizar login MaxxiForge para rota Action	START	1628104198511
USER	Realizar login MaxxiForge para rota Action	START	1628104198511
USER	Realizar login MaxxiForge para rota Action	START	1628104198511
USER	Realizar login MaxxiForge para rota Action	START	1628104198511
USER	Realizar login MaxxiForge para rota Action	START	1628104198511
USER	Realizar login MaxxiForge para rota Action	START	1628104198511
USER	Realizar login MaxxiForge para rota Action	START	1628104198511
USER	Realizar login MaxxiForge para rota Action	START	1628104198511
USER	Realizar login MaxxiForge para rota Action	START	1628104198511
USER	Realizar login MaxxiForge para rota Action	START	1628104198511
USER	Realizar login MaxxiForge para rota Action	START	1628104198515
USER	Realizar login MaxxiForge para rota Action	START	1628104198511
USER	Realizar login MaxxiForge para rota Action	START	1628104198511
USER	Realizar login MaxxiForge para rota Action	START	1628104198511
USER	Realizar login MaxxiForge para rota Action	START	1628104198514
USER	Realizar login MaxxiForge para rota Action	START	1628104198516
USER	Realizar login MaxxiForge para rota Action	START	1628104198516
USER	Realizar login MaxxiForge para rota Action	START	1628104198516
USER	Realizar login MaxxiForge para rota Action	START	1628104198514
USER	Realizar login MaxxiForge para rota Action	START	1628104198514
USER	Realizar login MaxxiForge para rota Action	START	1628104198517
USER	Realizar login MaxxiForge para rota Action	START	1628104198517
USER	Realizar login MaxxiForge para rota Action	START	1628104198514
USER	Realizar login MaxxiForge para rota Action	START	1628104198517
USER	Realizar login MaxxiForge para rota Action	START	1628104198514
USER	Realizar login MaxxiForge para rota Action	START	1628104198517
USER	Realizar login MaxxiForge para rota Action	START	1628104198517
USER	Realizar login MaxxiForge para rota Action	START	1628104198514
USER	Realizar login MaxxiForge para rota Action	START	1628104198514
USER	Realizar login MaxxiForge para rota Action	START	1628104198518
USER	Realizar login MaxxiForge para rota Action	START	1628104198514
USER	Realizar login MaxxiForge para rota Action	START	1628104198514
USER	Realizar login MaxxiForge para rota Action	START	1628104198514
USER	Realizar login MaxxiForge para rota Action	START	1628104198515
USER	Realizar login MaxxiForge para rota Action	START	1628104198515
USER	Realizar login MaxxiForge para rota Action	START	1628104198516
USER	Realizar login MaxxiForge para rota Action	START	1628104198516
USER	Realizar login MaxxiForge para rota Action	START	1628104198516
USER	Realizar login MaxxiForge para rota Action	START	1628104198519
USER	Realizar login MaxxiForge para rota Action	START	1628104198516
USER	Realizar login MaxxiForge para rota Action	START	1628104198519
USER	Realizar login MaxxiForge para rota Action	START	1628104198519
USER	Realizar login MaxxiForge para rota Action	START	1628104198517
USER	Realizar login MaxxiForge para rota Action	START	1628104198517
USER	Realizar login MaxxiForge para rota Action	START	1628104198518
USER	Realizar login MaxxiForge para rota Action	START	1628104198518
USER	Realizar login MaxxiForge para rota Action	START	1628104198518
USER	Realizar login MaxxiForge para rota Action	START	1628104198518
USER	Realizar login MaxxiForge para rota Action	START	1628104198518
USER	Realizar login MaxxiForge para rota Action	START	1628104198520
USER	Realizar login MaxxiForge para rota Action	START	1628104198521
USER	Realizar login MaxxiForge para rota Action	START	1628104198519
USER	Realizar login MaxxiForge para rota Action	START	1628104198519
USER	Realizar login MaxxiForge para rota Action	START	1628104198519
USER	Realizar login MaxxiForge para rota Action	START	1628104198521
USER	Realizar login MaxxiForge para rota Action	START	1628104198519
USER	Realizar login MaxxiForge para rota Action	START	1628104198520
USER	Realizar login MaxxiForge para rota Action	START	1628104198519
USER	Realizar login MaxxiForge para rota Action	START	1628104198520
USER	Realizar login MaxxiForge para rota Action	START	1628104198520
USER	Realizar login MaxxiForge para rota Action	START	1628104198520
USER	Realizar login MaxxiForge para rota Action	START	1628104198521
USER	Realizar login MaxxiForge para rota Action	START	1628104198521
USER	Realizar login MaxxiForge para rota Action	START	1628104198522
USER	Realizar login MaxxiForge para rota Action	START	1628104198523
USER	Realizar login MaxxiForge para rota Action	START	1628104198525
USER	Realizar login MaxxiForge para rota Action	START	1628104198523
REQUEST		Login	1628104198810	1628104200370	OK	 
REQUEST		Listagem de profissionais	1628104200441	1628104200920	OK	 
REQUEST		Login	1628104198812	1628104200972	OK	 
REQUEST		Login	1628104198811	1628104200975	OK	 
REQUEST		Login	1628104198811	1628104200976	OK	 
REQUEST		Login	1628104198810	1628104200976	OK	 
REQUEST		Login	1628104198808	1628104200979	OK	 
REQUEST		Login	1628104198807	1628104200980	OK	 
REQUEST		Login	1628104198555	1628104200980	OK	 
REQUEST		Login	1628104198809	1628104200981	OK	 
REQUEST		Login	1628104198555	1628104200985	OK	 
REQUEST		Login	1628104198809	1628104200987	OK	 
REQUEST		Login	1628104198808	1628104200988	OK	 
REQUEST		Login	1628104198555	1628104200988	OK	 
REQUEST		Login	1628104198808	1628104200990	OK	 
REQUEST		Login	1628104198808	1628104200991	OK	 
REQUEST		Login	1628104198809	1628104200995	OK	 
REQUEST		Login	1628104198555	1628104200995	OK	 
REQUEST		Login	1628104198809	1628104200998	OK	 
REQUEST		Login	1628104198808	1628104201001	OK	 
REQUEST		Login	1628104198807	1628104201004	OK	 
REQUEST		Login	1628104198555	1628104201007	OK	 
REQUEST		Login	1628104198555	1628104201014	OK	 
REQUEST		Login	1628104198811	1628104201014	OK	 
REQUEST		Login	1628104198808	1628104201017	OK	 
REQUEST		Login	1628104198809	1628104201018	OK	 
REQUEST		Login	1628104198808	1628104201019	OK	 
REQUEST		Login	1628104198807	1628104201021	OK	 
REQUEST		Login	1628104198809	1628104201022	OK	 
REQUEST		Login	1628104198555	1628104201026	OK	 
REQUEST		Login	1628104198808	1628104201026	OK	 
REQUEST		Login	1628104198812	1628104201041	OK	 
REQUEST		Login	1628104198555	1628104201041	OK	 
REQUEST		Login	1628104198811	1628104201057	OK	 
REQUEST		Login	1628104198810	1628104201058	OK	 
REQUEST		Login	1628104198810	1628104201058	OK	 
REQUEST		Login	1628104198555	1628104201059	OK	 
REQUEST		Login	1628104198810	1628104201058	OK	 
REQUEST		Login	1628104198807	1628104201058	OK	 
REQUEST		Login	1628104198807	1628104201064	OK	 
REQUEST		Login	1628104198812	1628104201065	OK	 
REQUEST		Login	1628104198812	1628104201066	OK	 
REQUEST		Login	1628104198811	1628104201068	OK	 
REQUEST		Login	1628104198555	1628104201069	OK	 
REQUEST		Login	1628104198808	1628104201073	OK	 
REQUEST		Login	1628104198812	1628104201074	OK	 
REQUEST		Login	1628104198812	1628104201078	OK	 
REQUEST		Login	1628104198555	1628104201078	OK	 
REQUEST		Login	1628104198555	1628104201079	OK	 
REQUEST		Login	1628104198809	1628104201080	OK	 
REQUEST		Login	1628104198813	1628104201080	OK	 
REQUEST		Login	1628104198808	1628104201081	OK	 
REQUEST		Login	1628104198555	1628104201083	OK	 
REQUEST		Login	1628104198812	1628104201084	OK	 
REQUEST		Login	1628104198555	1628104201091	OK	 
REQUEST		Login	1628104198808	1628104201089	OK	 
REQUEST		Login	1628104198809	1628104201092	OK	 
REQUEST		Login	1628104198808	1628104201093	OK	 
REQUEST		Login	1628104198808	1628104201095	OK	 
REQUEST		Login	1628104198808	1628104201097	OK	 
REQUEST		Login	1628104198811	1628104201097	OK	 
REQUEST		Login	1628104198810	1628104201097	OK	 
REQUEST		Login	1628104198809	1628104201101	OK	 
REQUEST		Login	1628104198810	1628104201103	OK	 
REQUEST		Login	1628104198555	1628104201103	OK	 
REQUEST		Login	1628104198810	1628104201103	OK	 
REQUEST		Login	1628104198555	1628104201109	OK	 
REQUEST		Login	1628104198808	1628104201200	OK	 
REQUEST		Listagem de profissionais	1628104200975	1628104201255	OK	 
REQUEST		Login	1628104198807	1628104201261	OK	 
REQUEST		Login	1628104198809	1628104201265	OK	 
REQUEST		Listagem de profissionais	1628104200979	1628104201372	OK	 
REQUEST		Listagem de profissionais	1628104200979	1628104201372	OK	 
REQUEST		Listagem de profissionais	1628104200979	1628104201372	OK	 
REQUEST		Login	1628104198812	1628104201648	OK	 
REQUEST		Listagem de profissionais	1628104200984	1628104201707	OK	 
REQUEST		Listagem de profissionais	1628104200987	1628104201753	OK	 
REQUEST		Listagem de profissionais	1628104200984	1628104201753	OK	 
REQUEST		Listagem de profissionais	1628104200991	1628104201756	OK	 
REQUEST		Listagem de profissionais	1628104200990	1628104201760	OK	 
REQUEST		Listagem de profissionais	1628104200991	1628104201760	OK	 
REQUEST		Listagem de profissionais	1628104200984	1628104201763	OK	 
REQUEST		Listagem de profissionais	1628104200984	1628104201763	OK	 
REQUEST		Listagem de profissionais	1628104200998	1628104201791	OK	 
REQUEST		Listagem de profissionais	1628104200995	1628104201793	OK	 
REQUEST		Listagem de profissionais	1628104201011	1628104201795	OK	 
REQUEST		Listagem de profissionais	1628104200998	1628104201797	OK	 
REQUEST		Listagem de profissionais	1628104200995	1628104201798	OK	 
REQUEST		Listagem de profissionais	1628104201021	1628104201798	OK	 
REQUEST		Listagem de profissionais	1628104201003	1628104201801	OK	 
REQUEST		Listagem de profissionais	1628104201017	1628104201801	OK	 
REQUEST		Listagem de profissionais	1628104201021	1628104201801	OK	 
REQUEST		Listagem de profissionais	1628104201000	1628104201806	OK	 
REQUEST		Listagem de profissionais	1628104201006	1628104201806	OK	 
REQUEST		Listagem de profissionais	1628104201018	1628104201813	OK	 
REQUEST		Listagem de profissionais	1628104201017	1628104201813	OK	 
REQUEST		Listagem de profissionais	1628104201061	1628104201853	OK	 
REQUEST		Listagem de profissionais	1628104201064	1628104201855	OK	 
REQUEST		Listagem de profissionais	1628104201083	1628104201855	OK	 
REQUEST		Listagem de profissionais	1628104201066	1628104201858	OK	 
REQUEST		Listagem de profissionais	1628104201075	1628104201857	OK	 
REQUEST		Listagem de profissionais	1628104201077	1628104201858	OK	 
REQUEST		Listagem de profissionais	1628104201088	1628104201859	OK	 
REQUEST		Listagem de profissionais	1628104201065	1628104201860	OK	 
REQUEST		Listagem de profissionais	1628104201022	1628104201862	OK	 
REQUEST		Listagem de profissionais	1628104201073	1628104201862	OK	 
REQUEST		Listagem de profissionais	1628104201065	1628104201863	OK	 
REQUEST		Listagem de profissionais	1628104201073	1628104201863	OK	 
REQUEST		Listagem de profissionais	1628104201087	1628104201865	OK	 
REQUEST		Listagem de profissionais	1628104201104	1628104201867	OK	 
REQUEST		Listagem de profissionais	1628104201078	1628104201867	OK	 
REQUEST		Listagem de profissionais	1628104201029	1628104201869	OK	 
REQUEST		Listagem de profissionais	1628104201089	1628104201873	OK	 
REQUEST		Listagem de profissionais	1628104201029	1628104201874	OK	 
REQUEST		Listagem de profissionais	1628104201105	1628104201875	OK	 
REQUEST		Listagem de profissionais	1628104201093	1628104201877	OK	 
REQUEST		Listagem de profissionais	1628104201079	1628104201877	OK	 
REQUEST		Listagem de profissionais	1628104201090	1628104201879	OK	 
REQUEST		Listagem de profissionais	1628104201098	1628104201881	OK	 
REQUEST		Listagem de profissionais	1628104201091	1628104201881	OK	 
REQUEST		Listagem de profissionais	1628104201104	1628104201883	OK	 
REQUEST		Listagem de profissionais	1628104201080	1628104201883	OK	 
REQUEST		Listagem de profissionais	1628104201087	1628104201886	OK	 
REQUEST		Listagem de profissionais	1628104201095	1628104201886	OK	 
REQUEST		Listagem de profissionais	1628104201094	1628104201890	OK	 
REQUEST		Listagem de profissionais	1628104201110	1628104201890	OK	 
REQUEST		Listagem de profissionais	1628104201108	1628104201893	OK	 
REQUEST		Listagem de profissionais	1628104201108	1628104201893	OK	 
REQUEST		Listagem de profissionais	1628104201043	1628104201894	OK	 
REQUEST		Listagem de profissionais	1628104201065	1628104201894	OK	 
REQUEST		Listagem de profissionais	1628104201026	1628104201896	OK	 
REQUEST		Listagem de profissionais	1628104201108	1628104201901	OK	 
REQUEST		Listagem de profissionais	1628104201099	1628104201902	OK	 
REQUEST		Listagem de profissionais	1628104201105	1628104201903	OK	 
REQUEST		Listagem de profissionais	1628104201043	1628104201904	OK	 
REQUEST		Listagem de profissionais	1628104201103	1628104201909	OK	 
REQUEST		Listagem de profissionais	1628104201201	1628104202071	OK	 
REQUEST		Listagem de profissionais	1628104201263	1628104202073	OK	 
REQUEST		Listagem de profissionais	1628104201266	1628104202074	OK	 
REQUEST		Listagem de profissionais	1628104201650	1628104202119	OK	 
REQUEST		Adicionar novo profissional	1628104200922	1628104203526	OK	 
REQUEST		Adicionar novo profissional	1628104201708	1628104203614	OK	 
REQUEST		Adicionar novo profissional	1628104201257	1628104203613	OK	 
REQUEST		Adicionar novo profissional	1628104201375	1628104203615	OK	 
REQUEST		Adicionar novo profissional	1628104201375	1628104203616	OK	 
REQUEST		Adicionar novo profissional	1628104201375	1628104203775	OK	 
REQUEST		Buscar profissional criado	1628104203530	1628104203788	OK	 
REQUEST		Buscar profissional criado	1628104203615	1628104203807	OK	 
REQUEST		Buscar profissional criado	1628104203615	1628104203808	OK	 
REQUEST		Buscar profissional criado	1628104203617	1628104203809	OK	 
REQUEST		Adicionar novo profissional	1628104201761	1628104203812	OK	 
REQUEST		Buscar profissional criado	1628104203618	1628104203826	OK	 
REQUEST		Adicionar novo profissional	1628104201755	1628104203867	OK	 
REQUEST		Adicionar novo profissional	1628104201765	1628104203867	OK	 
REQUEST		Adicionar novo profissional	1628104201755	1628104203868	OK	 
REQUEST		Adicionar novo profissional	1628104201760	1628104203872	OK	 
REQUEST		Adicionar novo profissional	1628104201795	1628104203872	OK	 
REQUEST		Adicionar novo profissional	1628104201873	1628104203956	OK	 
REQUEST		Adicionar novo profissional	1628104201805	1628104203958	OK	 
REQUEST		Adicionar novo profissional	1628104201809	1628104203967	OK	 
REQUEST		Adicionar novo profissional	1628104201815	1628104204011	OK	 
REQUEST		Adicionar novo profissional	1628104201801	1628104204011	OK	 
REQUEST		Adicionar novo profissional	1628104201797	1628104204013	OK	 
REQUEST		Adicionar novo profissional	1628104201800	1628104204016	OK	 
REQUEST		Adicionar novo profissional	1628104201890	1628104204019	OK	 
REQUEST		Adicionar novo profissional	1628104201793	1628104204090	OK	 
REQUEST		Adicionar novo profissional	1628104201882	1628104204097	OK	 
REQUEST		Adicionar novo profissional	1628104201806	1628104204104	OK	 
REQUEST		Adicionar novo profissional	1628104201809	1628104204104	OK	 
REQUEST		Adicionar novo profissional	1628104201765	1628104204104	OK	 
REQUEST		Adicionar novo profissional	1628104201874	1628104204105	OK	 
REQUEST		Adicionar novo profissional	1628104201815	1628104204107	OK	 
REQUEST		Adicionar novo profissional	1628104201869	1628104204109	OK	 
REQUEST		Adicionar novo profissional	1628104201762	1628104204109	OK	 
REQUEST		Adicionar novo profissional	1628104201798	1628104204109	OK	 
REQUEST		Adicionar novo profissional	1628104201902	1628104204113	OK	 
REQUEST		Adicionar novo profissional	1628104201890	1628104204114	OK	 
REQUEST		Adicionar novo profissional	1628104201806	1628104204115	OK	 
REQUEST		Adicionar novo profissional	1628104201870	1628104204115	OK	 
REQUEST		Adicionar novo profissional	1628104201886	1628104204157	OK	 
REQUEST		Adicionar novo profissional	1628104201891	1628104204180	OK	 
REQUEST		Adicionar novo profissional	1628104201875	1628104204184	OK	 
REQUEST		Buscar profissional criado	1628104203777	1628104204190	OK	 
REQUEST		Buscar profissional criado	1628104203813	1628104204190	OK	 
REQUEST		Adicionar novo profissional	1628104201888	1628104204255	OK	 
REQUEST		Adicionar novo profissional	1628104201863	1628104204257	OK	 
REQUEST		Buscar profissional criado	1628104203871	1628104204262	OK	 
REQUEST		Buscar profissional criado	1628104203871	1628104204263	OK	 
REQUEST		Buscar profissional criado	1628104203871	1628104204264	OK	 
REQUEST		Buscar profissional criado	1628104203873	1628104204266	OK	 
REQUEST		Buscar profissional criado	1628104203873	1628104204267	OK	 
REQUEST		Adicionar novo profissional	1628104201912	1628104204273	OK	 
REQUEST		Adicionar novo profissional	1628104201880	1628104204285	OK	 
REQUEST		Adicionar novo profissional	1628104201857	1628104204287	OK	 
REQUEST		Adicionar novo profissional	1628104201891	1628104204287	OK	 
REQUEST		Adicionar novo profissional	1628104201867	1628104204287	OK	 
REQUEST		Adicionar novo profissional	1628104201864	1628104204287	OK	 
REQUEST		Adicionar novo profissional	1628104201888	1628104204293	OK	 
REQUEST		Adicionar novo profissional	1628104201886	1628104204293	OK	 
REQUEST		Adicionar novo profissional	1628104201875	1628104204293	OK	 
REQUEST		Adicionar novo profissional	1628104201901	1628104204304	OK	 
REQUEST		Adicionar novo profissional	1628104201899	1628104204500	OK	 
REQUEST		Buscar profissional criado	1628104203957	1628104204615	OK	 
REQUEST		Buscar profissional criado	1628104203959	1628104204615	OK	 
REQUEST		Adicionar novo profissional	1628104202075	1628104204646	OK	 
REQUEST		Adicionar novo profissional	1628104201857	1628104204665	OK	 
REQUEST		Adicionar novo profissional	1628104201871	1628104204668	OK	 
REQUEST		Adicionar novo profissional	1628104201900	1628104204672	OK	 
REQUEST		Adicionar novo profissional	1628104201881	1628104204677	OK	 
REQUEST		Adicionar novo profissional	1628104201874	1628104204677	OK	 
REQUEST		Adicionar novo profissional	1628104201905	1628104204679	OK	 
REQUEST		Adicionar novo profissional	1628104201896	1628104204685	OK	 
REQUEST		Adicionar novo profissional	1628104201900	1628104204686	OK	 
REQUEST		Buscar profissional criado	1628104203969	1628104204693	OK	 
REQUEST		Adicionar novo profissional	1628104201861	1628104204713	OK	 
REQUEST		Adicionar novo profissional	1628104201854	1628104204713	OK	 
REQUEST		Adicionar novo profissional	1628104201904	1628104204716	OK	 
REQUEST		Buscar profissional criado	1628104204013	1628104204718	OK	 
REQUEST		Buscar profissional criado	1628104204012	1628104204719	OK	 
REQUEST		Buscar profissional criado	1628104204017	1628104204725	OK	 
REQUEST		Adicionar novo profissional	1628104201906	1628104204727	OK	 
REQUEST		Buscar profissional criado	1628104204020	1628104204729	OK	 
REQUEST		Adicionar novo profissional	1628104201862	1628104204758	OK	 
REQUEST		Buscar profissional criado	1628104204014	1628104204774	OK	 
REQUEST		Adicionar novo profissional	1628104201899	1628104204775	OK	 
REQUEST		Buscar profissional criado	1628104204113	1628104204782	OK	 
REQUEST		Buscar profissional criado	1628104204113	1628104204783	OK	 
REQUEST		Buscar profissional criado	1628104204110	1628104204785	OK	 
REQUEST		Buscar profissional criado	1628104204110	1628104204786	OK	 
REQUEST		Adicionar novo profissional	1628104201886	1628104204785	OK	 
REQUEST		Buscar profissional criado	1628104204092	1628104204786	OK	 
REQUEST		Adicionar novo profissional	1628104201894	1628104204787	OK	 
REQUEST		Buscar profissional criado	1628104204113	1628104204788	OK	 
REQUEST		Buscar profissional criado	1628104204098	1628104204792	OK	 
REQUEST		Buscar profissional criado	1628104204118	1628104204794	OK	 
REQUEST		Buscar profissional criado	1628104204115	1628104204794	OK	 
REQUEST		Buscar profissional criado	1628104204118	1628104204796	OK	 
REQUEST		Buscar profissional criado	1628104204110	1628104204796	OK	 
REQUEST		Buscar profissional criado	1628104204110	1628104204797	OK	 
REQUEST		Adicionar novo profissional	1628104202073	1628104204799	OK	 
REQUEST		Buscar profissional criado	1628104204118	1628104204799	OK	 
REQUEST		Adicionar novo profissional	1628104202076	1628104204799	OK	 
REQUEST		Buscar profissional criado	1628104204159	1628104204802	OK	 
REQUEST		Buscar profissional criado	1628104204110	1628104204802	OK	 
REQUEST		Buscar profissional criado	1628104204181	1628104204807	OK	 
REQUEST		Buscar profissional criado	1628104204185	1628104204809	OK	 
REQUEST		Buscar profissional criado	1628104204256	1628104204812	OK	 
REQUEST		Buscar profissional criado	1628104204258	1628104204813	OK	 
REQUEST		Buscar profissional criado	1628104204292	1628104204814	OK	 
REQUEST		Buscar profissional criado	1628104204291	1628104204814	OK	 
REQUEST		Buscar profissional criado	1628104204295	1628104204815	OK	 
REQUEST		Buscar profissional criado	1628104204286	1628104204815	OK	 
REQUEST		Buscar profissional criado	1628104204292	1628104204818	OK	 
REQUEST		Buscar profissional criado	1628104204295	1628104204818	OK	 
REQUEST		Buscar profissional criado	1628104204291	1628104204818	OK	 
REQUEST		Buscar profissional criado	1628104204295	1628104204821	OK	 
REQUEST		Buscar profissional criado	1628104204502	1628104204826	OK	 
REQUEST		Buscar profissional criado	1628104204274	1628104204830	OK	 
REQUEST		Buscar profissional criado	1628104204307	1628104204832	OK	 
REQUEST		Buscar profissional criado	1628104204669	1628104204870	OK	 
REQUEST		Buscar profissional criado	1628104204666	1628104204881	OK	 
REQUEST		Buscar profissional criado	1628104204678	1628104204904	OK	 
REQUEST		Buscar profissional criado	1628104204679	1628104204904	OK	 
REQUEST		Buscar profissional criado	1628104204678	1628104204905	OK	 
REQUEST		Buscar profissional criado	1628104204673	1628104204907	OK	 
REQUEST		Buscar profissional criado	1628104204715	1628104204908	OK	 
REQUEST		Buscar profissional criado	1628104204715	1628104204909	OK	 
REQUEST		Buscar profissional criado	1628104204686	1628104204912	OK	 
REQUEST		Buscar profissional criado	1628104204687	1628104204916	OK	 
REQUEST		Buscar profissional criado	1628104204717	1628104204923	OK	 
REQUEST		Editar profissional	1628104203809	1628104204927	OK	 
REQUEST		Buscar profissional criado	1628104204729	1628104204929	OK	 
REQUEST		Editar profissional	1628104203809	1628104204934	OK	 
REQUEST		Buscar profissional criado	1628104204760	1628104204953	OK	 
REQUEST		Editar profissional	1628104203789	1628104204953	OK	 
REQUEST		Editar profissional	1628104203810	1628104204955	OK	 
REQUEST		Editar profissional	1628104203827	1628104204956	OK	 
REQUEST		Adicionar novo profissional	1628104202121	1628104204976	OK	 
REQUEST		Buscar profissional criado	1628104204647	1628104204990	OK	 
REQUEST		Buscar profissional criado	1628104204776	1628104204998	OK	 
REQUEST		Editar profissional	1628104204264	1628104205032	OK	 
REQUEST		Editar profissional	1628104204267	1628104205033	OK	 
REQUEST		Editar profissional	1628104204191	1628104205042	OK	 
REQUEST		Buscar profissional criado	1628104204791	1628104205045	OK	 
REQUEST		Buscar profissional criado	1628104204793	1628104205048	OK	 
REQUEST		Editar profissional	1628104204264	1628104205049	OK	 
REQUEST		Editar profissional	1628104204191	1628104205052	OK	 
REQUEST		Editar profissional	1628104204265	1628104205060	OK	 
REQUEST		Editar profissional	1628104204268	1628104205064	OK	 
REQUEST		Editar profissional	1628104204616	1628104205085	OK	 
REQUEST		Editar profissional	1628104204616	1628104205110	OK	 
REQUEST		Buscar profissional criado	1628104204801	1628104205160	OK	 
REQUEST		Editar profissional	1628104204694	1628104205173	OK	 
REQUEST		Editar profissional	1628104204720	1628104205174	OK	 
REQUEST		Editar profissional	1628104204719	1628104205181	OK	 
REQUEST		Buscar profissional criado	1628104204801	1628104205182	OK	 
REQUEST		Editar profissional	1628104204727	1628104205204	OK	 
REQUEST		Editar profissional	1628104204730	1628104205207	OK	 
REQUEST		Editar profissional	1628104204775	1628104205304	OK	 
REQUEST		Editar profissional	1628104204783	1628104205304	OK	 
REQUEST		Editar profissional	1628104204808	1628104205316	OK	 
REQUEST		Editar profissional	1628104204785	1628104205319	OK	 
REQUEST		Editar profissional	1628104204788	1628104205319	OK	 
REQUEST		Editar profissional	1628104204819	1628104205319	OK	 
REQUEST		Editar profissional	1628104204814	1628104205322	OK	 
REQUEST		Editar profissional	1628104204796	1628104205322	OK	 
REQUEST		Editar profissional	1628104204795	1628104205323	OK	 
REQUEST		Editar profissional	1628104204798	1628104205327	OK	 
REQUEST		Editar profissional	1628104204796	1628104205328	OK	 
REQUEST		Deletar profissional	1628104204935	1628104205334	OK	 
REQUEST		Deletar profissional	1628104204928	1628104205334	OK	 
REQUEST		Deletar profissional	1628104204954	1628104205335	OK	 
REQUEST		Deletar profissional	1628104204956	1628104205337	OK	 
REQUEST		Editar profissional	1628104204815	1628104205342	OK	 
REQUEST		Deletar profissional	1628104204957	1628104205342	OK	 
REQUEST		Deletar profissional	1628104205033	1628104205353	OK	 
REQUEST		Editar profissional	1628104204792	1628104205360	OK	 
REQUEST		Editar profissional	1628104204788	1628104205362	OK	 
REQUEST		Editar profissional	1628104204803	1628104205362	OK	 
REQUEST		Editar profissional	1628104204793	1628104205366	OK	 
REQUEST		Editar profissional	1628104204871	1628104205365	OK	 
REQUEST		Editar profissional	1628104204816	1628104205366	OK	 
REQUEST		Editar profissional	1628104204798	1628104205366	OK	 
REQUEST		Editar profissional	1628104204810	1628104205367	OK	 
REQUEST		Editar profissional	1628104204803	1628104205368	OK	 
REQUEST		Editar profissional	1628104204817	1628104205373	OK	 
REQUEST		Editar profissional	1628104204822	1628104205373	OK	 
REQUEST		Editar profissional	1628104204801	1628104205374	OK	 
REQUEST		Editar profissional	1628104204798	1628104205375	OK	 
REQUEST		Editar profissional	1628104204909	1628104205376	OK	 
REQUEST		Editar profissional	1628104204819	1628104205380	OK	 
REQUEST		Editar profissional	1628104204917	1628104205382	OK	 
REQUEST		Deletar profissional	1628104205053	1628104205381	OK	 
REQUEST		Editar profissional	1628104204910	1628104205382	OK	 
REQUEST		Editar profissional	1628104204833	1628104205384	OK	 
REQUEST		Editar profissional	1628104204814	1628104205382	OK	 
REQUEST		Deletar profissional	1628104205034	1628104205383	OK	 
REQUEST		Editar profissional	1628104204828	1628104205388	OK	 
REQUEST		Deletar profissional	1628104205050	1628104205388	OK	 
REQUEST		Editar profissional	1628104204906	1628104205389	OK	 
REQUEST		Editar profissional	1628104204905	1628104205389	OK	 
REQUEST		Editar profissional	1628104204819	1628104205392	OK	 
REQUEST		Editar profissional	1628104204913	1628104205395	OK	 
REQUEST		Editar profissional	1628104204905	1628104205392	OK	 
REQUEST		Editar profissional	1628104204999	1628104205397	OK	 
REQUEST		Deletar profissional	1628104205111	1628104205399	OK	 
REQUEST		Editar profissional	1628104204831	1628104205397	OK	 
REQUEST		Deletar profissional	1628104205064	1628104205398	OK	 
REQUEST		Editar profissional	1628104204933	1628104205398	OK	 
REQUEST		Editar profissional	1628104204954	1628104205403	OK	 
REQUEST		Editar profissional	1628104204924	1628104205406	OK	 
REQUEST		Editar profissional	1628104204907	1628104205407	OK	 
REQUEST		Deletar profissional	1628104205043	1628104205405	OK	 
REQUEST		Editar profissional	1628104204817	1628104205406	OK	 
REQUEST		Deletar profissional	1628104205088	1628104205410	OK	 
REQUEST		Deletar profissional	1628104205175	1628104205410	OK	 
REQUEST		Editar profissional	1628104205049	1628104205413	OK	 
REQUEST		Deletar profissional	1628104205183	1628104205414	OK	 
REQUEST		Editar profissional	1628104205046	1628104205415	OK	 
REQUEST		Editar profissional	1628104204882	1628104205415	OK	 
REQUEST		Deletar profissional	1628104205174	1628104205418	OK	 
REQUEST		Deletar profissional	1628104205208	1628104205419	OK	 
REQUEST		Deletar profissional	1628104205060	1628104205420	OK	 
REQUEST		Deletar profissional	1628104205205	1628104205422	OK	 
REQUEST		Deletar profissional	1628104205306	1628104205477	OK	 
REQUEST		Deletar profissional	1628104205305	1628104205477	OK	 
REQUEST		Editar profissional	1628104204991	1628104205527	OK	 
REQUEST		Editar profissional	1628104205161	1628104205544	OK	 
REQUEST		Editar profissional	1628104205183	1628104205547	OK	 
REQUEST		Buscar profissional criado	1628104204978	1628104206242	OK	 
REQUEST		Listagem de clientes	1628104205337	1628104206451	OK	 
REQUEST		Listagem de clientes	1628104205337	1628104206452	OK	 
REQUEST		Listagem de clientes	1628104205354	1628104206452	OK	 
REQUEST		Listagem de clientes	1628104205337	1628104206453	OK	 
REQUEST		Listagem de clientes	1628104205387	1628104206457	OK	 
REQUEST		Listagem de clientes	1628104205338	1628104206457	OK	 
REQUEST		Listagem de clientes	1628104205343	1628104206457	OK	 
REQUEST		Listagem de clientes	1628104205389	1628104206463	OK	 
REQUEST		Deletar profissional	1628104205321	1628104206483	OK	 
REQUEST		Deletar profissional	1628104205324	1628104206487	OK	 
REQUEST		Listagem de clientes	1628104205415	1628104206501	OK	 
REQUEST		Deletar profissional	1628104205319	1628104206511	OK	 
REQUEST		Deletar profissional	1628104205320	1628104206513	OK	 
REQUEST		Deletar profissional	1628104205343	1628104206532	OK	 
REQUEST		Deletar profissional	1628104205372	1628104206542	OK	 
REQUEST		Deletar profissional	1628104205377	1628104206549	OK	 
REQUEST		Deletar profissional	1628104205399	1628104206552	OK	 
REQUEST		Deletar profissional	1628104205374	1628104206555	OK	 
REQUEST		Deletar profissional	1628104205397	1628104206554	OK	 
REQUEST		Deletar profissional	1628104205366	1628104206559	OK	 
REQUEST		Deletar profissional	1628104205320	1628104206557	OK	 
REQUEST		Deletar profissional	1628104205365	1628104206558	OK	 
REQUEST		Deletar profissional	1628104205369	1628104206558	OK	 
REQUEST		Deletar profissional	1628104205374	1628104206559	OK	 
REQUEST		Deletar profissional	1628104205381	1628104206560	OK	 
REQUEST		Deletar profissional	1628104205407	1628104206560	OK	 
REQUEST		Deletar profissional	1628104205324	1628104206560	OK	 
REQUEST		Deletar profissional	1628104205411	1628104206561	OK	 
REQUEST		Deletar profissional	1628104205405	1628104206562	OK	 
REQUEST		Deletar profissional	1628104205329	1628104206566	OK	 
REQUEST		Deletar profissional	1628104205372	1628104206567	OK	 
REQUEST		Deletar profissional	1628104205376	1628104206567	OK	 
REQUEST		Deletar profissional	1628104205412	1628104206567	OK	 
REQUEST		Deletar profissional	1628104205388	1628104206574	OK	 
REQUEST		Deletar profissional	1628104205324	1628104206575	OK	 
REQUEST		Deletar profissional	1628104205361	1628104206576	OK	 
REQUEST		Deletar profissional	1628104205415	1628104206576	OK	 
REQUEST		Deletar profissional	1628104205396	1628104206576	OK	 
REQUEST		Deletar profissional	1628104205379	1628104206577	OK	 
REQUEST		Deletar profissional	1628104205384	1628104206577	OK	 
REQUEST		Listagem de clientes	1628104205395	1628104206580	OK	 
REQUEST		Deletar profissional	1628104205418	1628104206580	OK	 
REQUEST		Deletar profissional	1628104205405	1628104206581	OK	 
REQUEST		Deletar profissional	1628104205396	1628104206588	OK	 
REQUEST		Deletar profissional	1628104205405	1628104206586	OK	 
REQUEST		Deletar profissional	1628104205388	1628104206587	OK	 
REQUEST		Deletar profissional	1628104205398	1628104206587	OK	 
REQUEST		Deletar profissional	1628104205329	1628104206588	OK	 
REQUEST		Deletar profissional	1628104205387	1628104206589	OK	 
REQUEST		Listagem de clientes	1628104205412	1628104206593	OK	 
REQUEST		Listagem de clientes	1628104205479	1628104206592	OK	 
REQUEST		Deletar profissional	1628104205418	1628104206592	OK	 
REQUEST		Deletar profissional	1628104205399	1628104206593	OK	 
REQUEST		Deletar profissional	1628104205372	1628104206595	OK	 
REQUEST		Listagem de clientes	1628104205405	1628104206603	OK	 
REQUEST		Listagem de clientes	1628104205423	1628104206602	OK	 
REQUEST		Listagem de clientes	1628104205404	1628104206602	OK	 
REQUEST		Listagem de clientes	1628104205420	1628104206602	OK	 
REQUEST		Listagem de clientes	1628104205420	1628104206604	OK	 
REQUEST		Deletar profissional	1628104205381	1628104206604	OK	 
REQUEST		Deletar profissional	1628104205388	1628104206604	OK	 
REQUEST		Listagem de clientes	1628104205478	1628104206609	OK	 
REQUEST		Listagem de clientes	1628104205412	1628104206610	OK	 
REQUEST		Listagem de clientes	1628104205421	1628104206611	OK	 
REQUEST		Listagem de clientes	1628104205412	1628104206617	OK	 
REQUEST		Deletar profissional	1628104205392	1628104206617	OK	 
REQUEST		Deletar profissional	1628104205545	1628104206719	OK	 
REQUEST		Deletar profissional	1628104205528	1628104206720	OK	 
REQUEST		Deletar profissional	1628104205548	1628104206761	OK	 
REQUEST		Editar profissional	1628104206243	1628104206786	OK	 
REQUEST		Listagem de clientes	1628104206560	1628104208312	OK	 
REQUEST		Listagem de clientes	1628104206512	1628104208395	OK	 
REQUEST		Listagem de clientes	1628104206513	1628104208404	OK	 
REQUEST		Listagem de clientes	1628104206533	1628104208428	OK	 
REQUEST		Listagem de clientes	1628104206552	1628104208468	OK	 
REQUEST		Listagem de clientes	1628104206564	1628104208500	OK	 
REQUEST		Listagem de clientes	1628104206559	1628104208500	OK	 
REQUEST		Listagem de clientes	1628104206484	1628104208501	OK	 
REQUEST		Listagem de clientes	1628104206563	1628104208503	OK	 
REQUEST		Adicionar novo cliente	1628104206456	1628104208556	OK	 
REQUEST		Listagem de clientes	1628104206566	1628104208556	OK	 
REQUEST		Listagem de clientes	1628104206543	1628104208560	OK	 
REQUEST		Listagem de clientes	1628104206564	1628104208562	OK	 
REQUEST		Listagem de clientes	1628104206567	1628104208562	OK	 
REQUEST		Listagem de clientes	1628104206549	1628104208566	OK	 
REQUEST		Listagem de clientes	1628104206488	1628104208567	OK	 
REQUEST		Adicionar novo cliente	1628104206457	1628104208590	OK	 
REQUEST		Adicionar novo cliente	1628104206503	1628104208593	OK	 
REQUEST		Adicionar novo cliente	1628104206608	1628104208594	OK	 
REQUEST		Deletar profissional	1628104206787	1628104208618	OK	 
REQUEST		Listagem de clientes	1628104206565	1628104208666	OK	 
REQUEST		Listagem de clientes	1628104206588	1628104208684	OK	 
REQUEST		Listagem de clientes	1628104206610	1628104208698	OK	 
REQUEST		Listagem de clientes	1628104206600	1628104208772	OK	 
REQUEST		Listagem de clientes	1628104206592	1628104208784	OK	 
REQUEST		Listagem de clientes	1628104206588	1628104208864	OK	 
REQUEST		Listagem de clientes	1628104206562	1628104209075	OK	 
REQUEST		Listagem de clientes	1628104206600	1628104209075	OK	 
REQUEST		Listagem de clientes	1628104206575	1628104209078	OK	 
REQUEST		Listagem de clientes	1628104206612	1628104209077	OK	 
REQUEST		Listagem de clientes	1628104206576	1628104209078	OK	 
REQUEST		Listagem de clientes	1628104206577	1628104209078	OK	 
REQUEST		Listagem de clientes	1628104206585	1628104209089	OK	 
REQUEST		Listagem de clientes	1628104206581	1628104209090	OK	 
REQUEST		Listagem de clientes	1628104206577	1628104209092	OK	 
REQUEST		Listagem de clientes	1628104206574	1628104209096	OK	 
REQUEST		Listagem de clientes	1628104206569	1628104209094	OK	 
REQUEST		Listagem de clientes	1628104206582	1628104209095	OK	 
REQUEST		Listagem de clientes	1628104206581	1628104209096	OK	 
REQUEST		Listagem de clientes	1628104206576	1628104209102	OK	 
REQUEST		Listagem de clientes	1628104206597	1628104209105	OK	 
REQUEST		Listagem de clientes	1628104206618	1628104209105	OK	 
REQUEST		Listagem de clientes	1628104206603	1628104209106	OK	 
REQUEST		Listagem de clientes	1628104206593	1628104209106	OK	 
REQUEST		Listagem de clientes	1628104206594	1628104209106	OK	 
REQUEST		Listagem de clientes	1628104206596	1628104209110	OK	 
REQUEST		Listagem de clientes	1628104206581	1628104209114	OK	 
REQUEST		Listagem de clientes	1628104206593	1628104209115	OK	 
REQUEST		Listagem de clientes	1628104206567	1628104209116	OK	 
REQUEST		Listagem de clientes	1628104206566	1628104209117	OK	 
REQUEST		Buscar cliente criado	1628104208591	1628104209196	OK	 
REQUEST		Buscar cliente criado	1628104208559	1628104209196	OK	 
REQUEST		Buscar cliente criado	1628104208594	1628104209199	OK	 
REQUEST		Buscar cliente criado	1628104208595	1628104209201	OK	 
REQUEST		Adicionar novo cliente	1628104206598	1628104209219	OK	 
REQUEST		Adicionar novo cliente	1628104206463	1628104209219	OK	 
REQUEST		Adicionar novo cliente	1628104206462	1628104209221	OK	 
REQUEST		Adicionar novo cliente	1628104206462	1628104209223	OK	 
REQUEST		Adicionar novo cliente	1628104206610	1628104209225	OK	 
REQUEST		Adicionar novo cliente	1628104206464	1628104209225	OK	 
REQUEST		Adicionar novo cliente	1628104206618	1628104209226	OK	 
REQUEST		Listagem de clientes	1628104206720	1628104209229	OK	 
REQUEST		Listagem de clientes	1628104206762	1628104209232	OK	 
REQUEST		Listagem de clientes	1628104206721	1628104209235	OK	 
REQUEST		Adicionar novo cliente	1628104206587	1628104209251	OK	 
REQUEST		Adicionar novo cliente	1628104206457	1628104209251	OK	 
REQUEST		Adicionar novo cliente	1628104206616	1628104209268	OK	 
REQUEST		Adicionar novo cliente	1628104206610	1628104209277	OK	 
REQUEST		Adicionar novo cliente	1628104206610	1628104209277	OK	 
REQUEST		Adicionar novo cliente	1628104206457	1628104209496	OK	 
REQUEST		Adicionar novo cliente	1628104206616	1628104209496	OK	 
REQUEST		Adicionar novo cliente	1628104206616	1628104209498	OK	 
REQUEST		Buscar cliente criado	1628104209253	1628104209819	OK	 
REQUEST		Buscar cliente criado	1628104209253	1628104209819	OK	 
REQUEST		Buscar cliente criado	1628104209223	1628104209819	OK	 
REQUEST		Buscar cliente criado	1628104209220	1628104209821	OK	 
REQUEST		Buscar cliente criado	1628104209227	1628104209821	OK	 
REQUEST		Buscar cliente criado	1628104209220	1628104209823	OK	 
REQUEST		Buscar cliente criado	1628104209224	1628104209823	OK	 
REQUEST		Buscar cliente criado	1628104209228	1628104209825	OK	 
REQUEST		Buscar cliente criado	1628104209270	1628104209825	OK	 
REQUEST		Buscar cliente criado	1628104209226	1628104209829	OK	 
REQUEST		Buscar cliente criado	1628104209500	1628104209831	OK	 
REQUEST		Buscar cliente criado	1628104209498	1628104209832	OK	 
REQUEST		Buscar cliente criado	1628104209279	1628104209833	OK	 
REQUEST		Buscar cliente criado	1628104209498	1628104209833	OK	 
REQUEST		Buscar cliente criado	1628104209279	1628104209837	OK	 
REQUEST		Adicionar novo cliente	1628104206610	1628104209851	OK	 
REQUEST		Adicionar novo cliente	1628104206594	1628104209881	OK	 
REQUEST		Adicionar novo cliente	1628104208397	1628104209964	OK	 
REQUEST		Adicionar novo cliente	1628104208430	1628104209970	OK	 
REQUEST		Adicionar novo cliente	1628104208314	1628104209970	OK	 
REQUEST		Adicionar novo cliente	1628104208470	1628104209979	OK	 
REQUEST		Listagem de clientes	1628104208618	1628104209981	OK	 
REQUEST		Adicionar novo cliente	1628104208507	1628104210055	OK	 
REQUEST		Adicionar novo cliente	1628104208405	1628104210056	OK	 
REQUEST		Adicionar novo cliente	1628104208506	1628104210060	OK	 
REQUEST		Adicionar novo cliente	1628104208504	1628104210060	OK	 
REQUEST		Adicionar novo cliente	1628104208504	1628104210271	OK	 
REQUEST		Adicionar novo cliente	1628104208564	1628104210271	OK	 
REQUEST		Adicionar novo cliente	1628104208562	1628104210272	OK	 
REQUEST		Adicionar novo cliente	1628104208569	1628104210275	OK	 
REQUEST		Adicionar novo cliente	1628104208567	1628104210278	OK	 
REQUEST		Adicionar novo cliente	1628104208685	1628104210288	OK	 
REQUEST		Adicionar novo cliente	1628104208559	1628104210466	OK	 
REQUEST		Adicionar novo cliente	1628104208773	1628104210468	OK	 
REQUEST		Adicionar novo cliente	1628104208564	1628104210470	OK	 
REQUEST		Adicionar novo cliente	1628104208667	1628104210557	OK	 
REQUEST		Adicionar novo cliente	1628104208865	1628104210562	OK	 
REQUEST		Adicionar novo cliente	1628104208700	1628104210566	OK	 
REQUEST		Adicionar novo cliente	1628104208786	1628104210567	OK	 
REQUEST		Buscar cliente criado	1628104209852	1628104210571	OK	 
REQUEST		Buscar cliente criado	1628104209884	1628104210590	OK	 
REQUEST		Buscar cliente criado	1628104209968	1628104210596	OK	 
REQUEST		Buscar cliente criado	1628104209973	1628104210597	OK	 
REQUEST		Buscar cliente criado	1628104210060	1628104210598	OK	 
REQUEST		Buscar cliente criado	1628104210062	1628104210599	OK	 
REQUEST		Buscar cliente criado	1628104210060	1628104210599	OK	 
REQUEST		Buscar cliente criado	1628104209973	1628104210599	OK	 
REQUEST		Buscar cliente criado	1628104210062	1628104210604	OK	 
REQUEST		Editar cliente	1628104209200	1628104210607	OK	 
REQUEST		Buscar cliente criado	1628104209982	1628104210607	OK	 
REQUEST		Editar cliente	1628104209198	1628104210608	OK	 
REQUEST		Editar cliente	1628104209198	1628104210608	OK	 
REQUEST		Buscar cliente criado	1628104210273	1628104210618	OK	 
REQUEST		Buscar cliente criado	1628104210272	1628104210619	OK	 
REQUEST		Editar cliente	1628104209202	1628104210619	OK	 
REQUEST		Buscar cliente criado	1628104210278	1628104210623	OK	 
REQUEST		Buscar cliente criado	1628104210279	1628104210624	OK	 
REQUEST		Buscar cliente criado	1628104210272	1628104210625	OK	 
REQUEST		Buscar cliente criado	1628104210289	1628104210636	OK	 
REQUEST		Buscar cliente criado	1628104210467	1628104210666	OK	 
REQUEST		Buscar cliente criado	1628104210469	1628104210668	OK	 
REQUEST		Buscar cliente criado	1628104210471	1628104210670	OK	 
REQUEST		Adicionar novo cliente	1628104209094	1628104210671	OK	 
REQUEST		Adicionar novo cliente	1628104209099	1628104210680	OK	 
REQUEST		Adicionar novo cliente	1628104209104	1628104210680	OK	 
REQUEST		Adicionar novo cliente	1628104209092	1628104210684	OK	 
REQUEST		Adicionar novo cliente	1628104209078	1628104210684	OK	 
REQUEST		Adicionar novo cliente	1628104209101	1628104210684	OK	 
REQUEST		Adicionar novo cliente	1628104209077	1628104210685	OK	 
REQUEST		Adicionar novo cliente	1628104209092	1628104210692	OK	 
REQUEST		Adicionar novo cliente	1628104209105	1628104210692	OK	 
REQUEST		Adicionar novo cliente	1628104209101	1628104210700	OK	 
REQUEST		Adicionar novo cliente	1628104209093	1628104210701	OK	 
REQUEST		Adicionar novo cliente	1628104209112	1628104210701	OK	 
REQUEST		Adicionar novo cliente	1628104209111	1628104210704	OK	 
REQUEST		Adicionar novo cliente	1628104209115	1628104210707	OK	 
REQUEST		Adicionar novo cliente	1628104209120	1628104210707	OK	 
REQUEST		Adicionar novo cliente	1628104209104	1628104210717	OK	 
REQUEST		Adicionar novo cliente	1628104209112	1628104210717	OK	 
REQUEST		Adicionar novo cliente	1628104209105	1628104210720	OK	 
REQUEST		Adicionar novo cliente	1628104209118	1628104210721	OK	 
REQUEST		Adicionar novo cliente	1628104209118	1628104210721	OK	 
REQUEST		Editar cliente	1628104209822	1628104210728	OK	 
REQUEST		Adicionar novo cliente	1628104209113	1628104210728	OK	 
REQUEST		Editar cliente	1628104209826	1628104210730	OK	 
REQUEST		Adicionar novo cliente	1628104209096	1628104210733	OK	 
REQUEST		Adicionar novo cliente	1628104209114	1628104210744	OK	 
REQUEST		Editar cliente	1628104209831	1628104210746	OK	 
REQUEST		Adicionar novo cliente	1628104209120	1628104210748	OK	 
REQUEST		Editar cliente	1628104209823	1628104210750	OK	 
REQUEST		Editar cliente	1628104209822	1628104210759	OK	 
REQUEST		Editar cliente	1628104209837	1628104210760	OK	 
REQUEST		Editar cliente	1628104209826	1628104210764	OK	 
REQUEST		Editar cliente	1628104209837	1628104210764	OK	 
REQUEST		Buscar cliente criado	1628104210567	1628104210765	OK	 
REQUEST		Editar cliente	1628104209834	1628104210836	OK	 
REQUEST		Editar cliente	1628104209827	1628104210840	OK	 
REQUEST		Editar cliente	1628104209830	1628104210840	OK	 
REQUEST		Editar cliente	1628104209838	1628104210846	OK	 
REQUEST		Adicionar novo cliente	1628104209236	1628104210849	OK	 
REQUEST		Adicionar novo cliente	1628104209233	1628104210857	OK	 
REQUEST		Adicionar novo cliente	1628104209230	1628104210858	OK	 
REQUEST		Editar cliente	1628104209824	1628104210935	OK	 
REQUEST		Editar cliente	1628104209830	1628104210936	OK	 
REQUEST		Editar cliente	1628104209833	1628104210936	OK	 
REQUEST		Buscar cliente criado	1628104210563	1628104210944	OK	 
REQUEST		Buscar cliente criado	1628104210559	1628104211271	OK	 
REQUEST		Buscar cliente criado	1628104210570	1628104211278	OK	 
REQUEST		Buscar cliente criado	1628104210672	1628104211389	OK	 
REQUEST		Buscar cliente criado	1628104210683	1628104211388	OK	 
REQUEST		Buscar cliente criado	1628104210683	1628104211389	OK	 
REQUEST		Buscar cliente criado	1628104210701	1628104211395	OK	 
REQUEST		Buscar cliente criado	1628104210712	1628104211398	OK	 
REQUEST		Buscar cliente criado	1628104210688	1628104211400	OK	 
REQUEST		Buscar cliente criado	1628104210691	1628104211400	OK	 
REQUEST		Buscar cliente criado	1628104210715	1628104211401	OK	 
REQUEST		Buscar cliente criado	1628104210690	1628104211401	OK	 
REQUEST		Buscar cliente criado	1628104210708	1628104211405	OK	 
REQUEST		Buscar cliente criado	1628104210728	1628104211415	OK	 
REQUEST		Buscar cliente criado	1628104210733	1628104211412	OK	 
REQUEST		Buscar cliente criado	1628104210738	1628104211418	OK	 
REQUEST		Buscar cliente criado	1628104210721	1628104211415	OK	 
REQUEST		Buscar cliente criado	1628104210700	1628104211416	OK	 
REQUEST		Buscar cliente criado	1628104210736	1628104211417	OK	 
REQUEST		Buscar cliente criado	1628104210744	1628104211419	OK	 
REQUEST		Buscar cliente criado	1628104210734	1628104211428	OK	 
REQUEST		Buscar cliente criado	1628104210719	1628104211429	OK	 
REQUEST		Buscar cliente criado	1628104210744	1628104211429	OK	 
REQUEST		Buscar cliente criado	1628104210690	1628104211430	OK	 
REQUEST		Buscar cliente criado	1628104210748	1628104211434	OK	 
REQUEST		Buscar cliente criado	1628104210733	1628104211435	OK	 
REQUEST		Buscar cliente criado	1628104210750	1628104211442	OK	 
REQUEST		Deletar cliente	1628104210611	1628104211450	OK	 
REQUEST		Deletar cliente	1628104210609	1628104211451	OK	 
REQUEST		Deletar cliente	1628104210611	1628104211450	OK	 
REQUEST		Deletar cliente	1628104210752	1628104211483	OK	 
REQUEST		Deletar cliente	1628104210764	1628104211483	OK	 
REQUEST		Deletar cliente	1628104210764	1628104211484	OK	 
REQUEST		Deletar cliente	1628104210743	1628104211484	OK	 
REQUEST		Deletar cliente	1628104210738	1628104211487	OK	 
REQUEST		Deletar cliente	1628104210767	1628104211489	OK	 
REQUEST		Deletar cliente	1628104210621	1628104211490	OK	 
REQUEST		Deletar cliente	1628104210749	1628104211493	OK	 
REQUEST		Deletar cliente	1628104210768	1628104211496	OK	 
REQUEST		Deletar cliente	1628104210841	1628104211499	OK	 
REQUEST		Deletar cliente	1628104210941	1628104211503	OK	 
REQUEST		Deletar cliente	1628104210846	1628104211503	OK	 
REQUEST		Deletar cliente	1628104210845	1628104211504	OK	 
REQUEST		Deletar cliente	1628104210941	1628104211506	OK	 
REQUEST		Deletar cliente	1628104210941	1628104211507	OK	 
REQUEST		Deletar cliente	1628104210849	1628104211512	OK	 
REQUEST		Editar cliente	1628104210602	1628104211518	OK	 
REQUEST		Editar cliente	1628104210667	1628104211518	OK	 
REQUEST		Editar cliente	1628104210591	1628104211520	OK	 
REQUEST		Editar cliente	1628104210604	1628104211520	OK	 
REQUEST		Editar cliente	1628104210605	1628104211521	OK	 
REQUEST		Editar cliente	1628104210605	1628104211521	OK	 
REQUEST		Editar cliente	1628104210603	1628104211526	OK	 
REQUEST		Editar cliente	1628104210606	1628104211523	OK	 
REQUEST		Editar cliente	1628104210671	1628104211525	OK	 
REQUEST		Editar cliente	1628104210626	1628104211528	OK	 
REQUEST		Buscar cliente criado	1628104210861	1628104211529	OK	 
REQUEST		Editar cliente	1628104210669	1628104211529	OK	 
REQUEST		Editar cliente	1628104210621	1628104211533	OK	 
REQUEST		Buscar cliente criado	1628104210861	1628104211533	OK	 
REQUEST		Editar cliente	1628104210597	1628104211535	OK	 
REQUEST		Editar cliente	1628104210625	1628104211535	OK	 
REQUEST		Editar cliente	1628104210609	1628104211539	OK	 
REQUEST		Buscar cliente criado	1628104210857	1628104211538	OK	 
REQUEST		Editar cliente	1628104210948	1628104211540	OK	 
REQUEST		Editar cliente	1628104210625	1628104211541	OK	 
REQUEST		Editar cliente	1628104211287	1628104211541	OK	 
REQUEST		Editar cliente	1628104210621	1628104211543	OK	 
REQUEST		Editar cliente	1628104210572	1628104211544	OK	 
REQUEST		Editar cliente	1628104211275	1628104211551	OK	 
REQUEST		Editar cliente	1628104210637	1628104211552	OK	 
REQUEST		Editar cliente	1628104210768	1628104211553	OK	 
REQUEST		Adicionar novo cliente	1628104209988	1628104211617	OK	 
REQUEST		Deletar cliente	1628104211520	1628104212486	OK	 
REQUEST		Editar cliente	1628104211438	1628104212490	OK	 
REQUEST		Deletar cliente	1628104211520	1628104212489	OK	 
REQUEST		Deletar cliente	1628104211543	1628104212490	OK	 
REQUEST		Deletar cliente	1628104211526	1628104212493	OK	 
REQUEST		Deletar cliente	1628104211529	1628104212498	OK	 
REQUEST		Deletar cliente	1628104211550	1628104212499	OK	 
REQUEST		Deletar cliente	1628104211552	1628104212499	OK	 
REQUEST		Deletar cliente	1628104211533	1628104212500	OK	 
REQUEST		Deletar cliente	1628104211549	1628104212516	OK	 
REQUEST		Deletar cliente	1628104211535	1628104212514	OK	 
REQUEST		Editar cliente	1628104211405	1628104212515	OK	 
REQUEST		Deletar cliente	1628104211543	1628104212516	OK	 
REQUEST		Deletar cliente	1628104211544	1628104212517	OK	 
REQUEST		Deletar cliente	1628104211526	1628104212517	OK	 
REQUEST		Editar cliente	1628104211441	1628104212529	OK	 
REQUEST		Deletar cliente	1628104211540	1628104212519	OK	 
REQUEST		Deletar cliente	1628104211530	1628104212520	OK	 
REQUEST		Deletar cliente	1628104211538	1628104212533	OK	 
REQUEST		Deletar cliente	1628104211526	1628104212534	OK	 
REQUEST		Editar cliente	1628104211429	1628104212543	OK	 
REQUEST		Editar cliente	1628104211398	1628104212535	OK	 
REQUEST		Deletar cliente	1628104211550	1628104212535	OK	 
REQUEST		Editar cliente	1628104211414	1628104212538	OK	 
REQUEST		Deletar cliente	1628104211530	1628104212543	OK	 
REQUEST		Deletar cliente	1628104211550	1628104212546	OK	 
REQUEST		Editar cliente	1628104211415	1628104212548	OK	 
REQUEST		Editar cliente	1628104211421	1628104212547	OK	 
REQUEST		Editar cliente	1628104211412	1628104212548	OK	 
REQUEST		Editar cliente	1628104211436	1628104212549	OK	 
REQUEST		Editar cliente	1628104211422	1628104212549	OK	 
REQUEST		Editar cliente	1628104211428	1628104212549	OK	 
REQUEST		Editar cliente	1628104211418	1628104212551	OK	 
REQUEST		Editar cliente	1628104211436	1628104212556	OK	 
REQUEST		Deletar cliente	1628104211554	1628104212553	OK	 
REQUEST		Editar cliente	1628104211427	1628104212555	OK	 
REQUEST		Editar cliente	1628104211415	1628104212561	OK	 
REQUEST		Deletar cliente	1628104211550	1628104212559	OK	 
REQUEST		Deletar cliente	1628104211554	1628104212560	OK	 
REQUEST		Editar cliente	1628104211397	1628104212561	OK	 
REQUEST		Editar cliente	1628104211436	1628104212562	OK	 
REQUEST		Editar cliente	1628104211415	1628104212562	OK	 
REQUEST		Editar cliente	1628104211398	1628104212563	OK	 
REQUEST		Editar cliente	1628104211417	1628104212566	OK	 
REQUEST		Editar cliente	1628104211426	1628104212566	OK	 
REQUEST		Editar cliente	1628104211438	1628104212568	OK	 
REQUEST		Editar cliente	1628104211444	1628104212568	OK	 
REQUEST		Buscar cliente criado	1628104211622	1628104212571	OK	 
REQUEST		Listagem de Acoes	1628104211490	1628104212590	OK	 
REQUEST		Listagem de Acoes	1628104211501	1628104212639	OK	 
REQUEST		Editar cliente	1628104211538	1628104212660	OK	 
REQUEST		Editar cliente	1628104211543	1628104212685	OK	 
REQUEST		Editar cliente	1628104211541	1628104212689	OK	 
REQUEST		Listagem de Acoes	1628104211456	1628104212775	OK	 
REQUEST		Listagem de Acoes	1628104211487	1628104213254	OK	 
REQUEST		Listagem de Acoes	1628104211488	1628104213607	OK	 
REQUEST		Listagem de Acoes	1628104211506	1628104213613	OK	 
REQUEST		Listagem de Acoes	1628104211486	1628104213633	OK	 
REQUEST		Listagem de Acoes	1628104211454	1628104213633	OK	 
REQUEST		Listagem de Acoes	1628104211505	1628104213634	OK	 
REQUEST		Listagem de Acoes	1628104211496	1628104213648	OK	 
REQUEST		Listagem de Acoes	1628104211512	1628104213660	OK	 
REQUEST		Listagem de Acoes	1628104211504	1628104213678	OK	 
REQUEST		Listagem de Acoes	1628104211507	1628104213678	OK	 
REQUEST		Listagem de Acoes	1628104211486	1628104213689	OK	 
REQUEST		Listagem de Acoes	1628104211456	1628104213705	OK	 
REQUEST		Listagem de Acoes	1628104211491	1628104213705	OK	 
REQUEST		Listagem de Acoes	1628104211489	1628104213705	OK	 
REQUEST		Listagem de Acoes	1628104211508	1628104213708	OK	 
REQUEST		Listagem de Acoes	1628104211493	1628104213711	OK	 
REQUEST		Listagem de Acoes	1628104212529	1628104213771	OK	 
REQUEST		Listagem de Acoes	1628104212489	1628104213771	OK	 
REQUEST		Listagem de Acoes	1628104212532	1628104213776	OK	 
REQUEST		Listagem de Acoes	1628104212504	1628104213788	OK	 
REQUEST		Listagem de Acoes	1628104212547	1628104213791	OK	 
REQUEST		Listagem de Acoes	1628104212518	1628104213793	OK	 
REQUEST		Listagem de Acoes	1628104212518	1628104213881	OK	 
REQUEST		Listagem de Acoes	1628104212546	1628104213878	OK	 
REQUEST		Listagem de Acoes	1628104212518	1628104213880	OK	 
REQUEST		Listagem de Acoes	1628104212533	1628104213880	OK	 
REQUEST		Listagem de Acoes	1628104212505	1628104213893	OK	 
REQUEST		Listagem de Acoes	1628104212534	1628104213893	OK	 
REQUEST		Listagem de Acoes	1628104212519	1628104213894	OK	 
REQUEST		Listagem de Acoes	1628104212515	1628104213896	OK	 
REQUEST		Listagem de Acoes	1628104212536	1628104213897	OK	 
REQUEST		Listagem de Acoes	1628104212522	1628104213910	OK	 
REQUEST		Listagem de Acoes	1628104212533	1628104213911	OK	 
REQUEST		Listagem de Acoes	1628104212551	1628104213929	OK	 
REQUEST		Listagem de Acoes	1628104212561	1628104213943	OK	 
REQUEST		Listagem de Acoes	1628104212550	1628104213946	OK	 
REQUEST		Listagem de Acoes	1628104212563	1628104213945	OK	 
REQUEST		Listagem de Acoes	1628104212548	1628104213954	OK	 
REQUEST		Listagem de Acoes	1628104212564	1628104213956	OK	 
REQUEST		Adicionar novo Acao	1628104212778	1628104214060	OK	 
REQUEST		Adicionar novo Acao	1628104212641	1628104214060	OK	 
REQUEST		Deletar cliente	1628104212493	1628104214063	OK	 
REQUEST		Adicionar novo Acao	1628104212591	1628104214065	OK	 
REQUEST		Deletar cliente	1628104212532	1628104214077	OK	 
REQUEST		Deletar cliente	1628104212548	1628104214081	OK	 
REQUEST		Deletar cliente	1628104212566	1628104214081	OK	 
REQUEST		Deletar cliente	1628104212535	1628104214082	OK	 
REQUEST		Deletar cliente	1628104212549	1628104214085	OK	 
REQUEST		Deletar cliente	1628104212566	1628104214087	OK	 
REQUEST		Deletar cliente	1628104212555	1628104214088	OK	 
REQUEST		Deletar cliente	1628104212552	1628104214088	OK	 
REQUEST		Adicionar novo Acao	1628104213261	1628104214095	OK	 
REQUEST		Deletar cliente	1628104212560	1628104214100	OK	 
REQUEST		Deletar cliente	1628104212563	1628104214102	OK	 
REQUEST		Deletar cliente	1628104212570	1628104214107	OK	 
REQUEST		Deletar cliente	1628104212568	1628104214108	OK	 
REQUEST		Deletar cliente	1628104212556	1628104214109	OK	 
REQUEST		Deletar cliente	1628104212556	1628104214110	OK	 
REQUEST		Deletar cliente	1628104212562	1628104214110	OK	 
REQUEST		Deletar cliente	1628104212548	1628104214110	OK	 
REQUEST		Deletar cliente	1628104212558	1628104214113	OK	 
REQUEST		Deletar cliente	1628104212553	1628104214114	OK	 
REQUEST		Deletar cliente	1628104212565	1628104214119	OK	 
REQUEST		Deletar cliente	1628104212558	1628104214123	OK	 
REQUEST		Deletar cliente	1628104212570	1628104214126	OK	 
REQUEST		Deletar cliente	1628104212571	1628104214126	OK	 
REQUEST		Deletar cliente	1628104212565	1628104214128	OK	 
REQUEST		Deletar cliente	1628104212693	1628104214244	OK	 
REQUEST		Deletar cliente	1628104212671	1628104214244	OK	 
REQUEST		Deletar cliente	1628104212689	1628104214245	OK	 
REQUEST		Adicionar novo Acao	1628104213613	1628104214255	OK	 
REQUEST		Adicionar novo Acao	1628104213648	1628104214273	OK	 
REQUEST		Adicionar novo Acao	1628104213648	1628104214273	OK	 
REQUEST		Adicionar novo Acao	1628104213617	1628104214274	OK	 
REQUEST		Adicionar novo Acao	1628104213690	1628104214275	OK	 
REQUEST		Adicionar novo Acao	1628104213681	1628104214276	OK	 
REQUEST		Adicionar novo Acao	1628104213709	1628104214277	OK	 
REQUEST		Adicionar novo Acao	1628104213710	1628104214278	OK	 
REQUEST		Adicionar novo Acao	1628104213649	1628104214278	OK	 
REQUEST		Adicionar novo Acao	1628104213681	1628104214278	OK	 
REQUEST		Adicionar novo Acao	1628104213709	1628104214298	OK	 
REQUEST		Adicionar novo Acao	1628104213712	1628104214315	OK	 
REQUEST		Adicionar novo Acao	1628104213660	1628104214315	OK	 
REQUEST		Adicionar novo Acao	1628104213662	1628104214315	OK	 
REQUEST		Adicionar novo Acao	1628104213710	1628104214315	OK	 
REQUEST		Adicionar novo Acao	1628104213773	1628104214524	OK	 
REQUEST		Adicionar novo Acao	1628104213789	1628104214614	OK	 
REQUEST		Adicionar novo Acao	1628104213773	1628104214617	OK	 
REQUEST		Adicionar novo Acao	1628104213794	1628104214617	OK	 
REQUEST		Adicionar novo Acao	1628104213793	1628104214618	OK	 
REQUEST		Adicionar novo Acao	1628104213778	1628104214625	OK	 
REQUEST		Buscar acao criada	1628104214063	1628104214772	OK	 
REQUEST		Buscar acao criada	1628104214110	1628104214775	OK	 
REQUEST		Buscar acao criada	1628104214066	1628104214775	OK	 
REQUEST		Buscar acao criada	1628104214068	1628104214777	OK	 
REQUEST		Listagem de Acoes	1628104214087	1628104214778	OK	 
REQUEST		Listagem de Acoes	1628104214068	1628104214779	OK	 
REQUEST		Listagem de Acoes	1628104214093	1628104214780	OK	 
REQUEST		Listagem de Acoes	1628104214080	1628104214784	OK	 
REQUEST		Adicionar novo Acao	1628104213925	1628104214787	OK	 
REQUEST		Adicionar novo Acao	1628104213928	1628104214784	OK	 
REQUEST		Adicionar novo Acao	1628104213934	1628104214785	OK	 
REQUEST		Adicionar novo Acao	1628104213912	1628104214787	OK	 
REQUEST		Listagem de Acoes	1628104214107	1628104214792	OK	 
REQUEST		Listagem de Acoes	1628104214107	1628104214793	OK	 
REQUEST		Listagem de Acoes	1628104214108	1628104214793	OK	 
REQUEST		Listagem de Acoes	1628104214096	1628104214794	OK	 
REQUEST		Listagem de Acoes	1628104214100	1628104214794	OK	 
REQUEST		Listagem de Acoes	1628104214114	1628104214799	OK	 
REQUEST		Listagem de Acoes	1628104214116	1628104214800	OK	 
REQUEST		Listagem de Acoes	1628104214118	1628104214804	OK	 
REQUEST		Listagem de Acoes	1628104214094	1628104214804	OK	 
REQUEST		Buscar acao criada	1628104214300	1628104214807	OK	 
REQUEST		Buscar acao criada	1628104214313	1628104214810	OK	 
REQUEST		Buscar acao criada	1628104214300	1628104214812	OK	 
REQUEST		Buscar acao criada	1628104214304	1628104214814	OK	 
REQUEST		Buscar acao criada	1628104214301	1628104214813	OK	 
REQUEST		Buscar acao criada	1628104214302	1628104214813	OK	 
REQUEST		Buscar acao criada	1628104214300	1628104214813	OK	 
REQUEST		Buscar acao criada	1628104214302	1628104214814	OK	 
REQUEST		Adicionar novo Acao	1628104213928	1628104214814	OK	 
REQUEST		Buscar acao criada	1628104214317	1628104214821	OK	 
REQUEST		Buscar acao criada	1628104214266	1628104214823	OK	 
REQUEST		Adicionar novo Acao	1628104213941	1628104214824	OK	 
REQUEST		Buscar acao criada	1628104214298	1628104214825	OK	 
REQUEST		Buscar acao criada	1628104214301	1628104214825	OK	 
REQUEST		Buscar acao criada	1628104214317	1628104214825	OK	 
REQUEST		Listagem de Acoes	1628104214123	1628104214826	OK	 
REQUEST		Buscar acao criada	1628104214318	1628104214827	OK	 
REQUEST		Buscar acao criada	1628104214318	1628104214836	OK	 
REQUEST		Listagem de Acoes	1628104214119	1628104214834	OK	 
REQUEST		Listagem de Acoes	1628104214126	1628104214836	OK	 
REQUEST		Listagem de Acoes	1628104214130	1628104214838	OK	 
REQUEST		Listagem de Acoes	1628104214118	1628104214839	OK	 
REQUEST		Listagem de Acoes	1628104214128	1628104214840	OK	 
REQUEST		Listagem de Acoes	1628104214129	1628104214841	OK	 
REQUEST		Listagem de Acoes	1628104214129	1628104214845	OK	 
REQUEST		Listagem de Acoes	1628104214123	1628104214845	OK	 
REQUEST		Adicionar novo Acao	1628104213934	1628104214853	OK	 
REQUEST		Adicionar novo Acao	1628104213938	1628104214855	OK	 
REQUEST		Adicionar novo Acao	1628104213955	1628104214856	OK	 
REQUEST		Adicionar novo Acao	1628104213938	1628104214857	OK	 
REQUEST		Adicionar novo Acao	1628104213934	1628104214859	OK	 
REQUEST		Buscar acao criada	1628104214617	1628104214859	OK	 
REQUEST		Listagem de Acoes	1628104214117	1628104214861	OK	 
REQUEST		Adicionar novo Acao	1628104213955	1628104214864	OK	 
REQUEST		Buscar acao criada	1628104214528	1628104214865	OK	 
REQUEST		Buscar acao criada	1628104214623	1628104214865	OK	 
REQUEST		Buscar acao criada	1628104214623	1628104214866	OK	 
REQUEST		Adicionar novo Acao	1628104213957	1628104214867	OK	 
REQUEST		Adicionar novo Acao	1628104213945	1628104214869	OK	 
REQUEST		Buscar acao criada	1628104214623	1628104214869	OK	 
REQUEST		Adicionar novo Acao	1628104213941	1628104214870	OK	 
REQUEST		Adicionar novo Acao	1628104213954	1628104214876	OK	 
REQUEST		Listagem de Acoes	1628104214116	1628104214876	OK	 
REQUEST		Buscar acao criada	1628104214627	1628104214876	OK	 
REQUEST		Adicionar novo Acao	1628104213958	1628104214881	OK	 
REQUEST		Editar cliente	1628104212573	1628104214968	OK	 
REQUEST		Listagem de Acoes	1628104214251	1628104214974	OK	 
REQUEST		Listagem de Acoes	1628104214250	1628104214974	OK	 
REQUEST		Listagem de Acoes	1628104214251	1628104215011	OK	 
REQUEST		Buscar acao criada	1628104214792	1628104215379	OK	 
REQUEST		Buscar acao criada	1628104214794	1628104215383	OK	 
REQUEST		Buscar acao criada	1628104214793	1628104215384	OK	 
REQUEST		Buscar acao criada	1628104214794	1628104215384	OK	 
REQUEST		Buscar acao criada	1628104214856	1628104215413	OK	 
REQUEST		Buscar acao criada	1628104214873	1628104215416	OK	 
REQUEST		Buscar acao criada	1628104214830	1628104215413	OK	 
REQUEST		Buscar acao criada	1628104214855	1628104215413	OK	 
REQUEST		Buscar acao criada	1628104214822	1628104215414	OK	 
REQUEST		Buscar acao criada	1628104214858	1628104215416	OK	 
REQUEST		Buscar acao criada	1628104214874	1628104215417	OK	 
REQUEST		Buscar acao criada	1628104214874	1628104215429	OK	 
REQUEST		Adicionar novo Acao	1628104214845	1628104215460	OK	 
REQUEST		Buscar acao criada	1628104214857	1628104215456	OK	 
REQUEST		Buscar acao criada	1628104214880	1628104215457	OK	 
REQUEST		Adicionar novo Acao	1628104214781	1628104215459	OK	 
REQUEST		Adicionar novo Acao	1628104214798	1628104215459	OK	 
REQUEST		Buscar acao criada	1628104214870	1628104215460	OK	 
REQUEST		Adicionar novo Acao	1628104214843	1628104215472	OK	 
REQUEST		Editar acao	1628104214821	1628104215477	OK	 
REQUEST		Editar acao	1628104214833	1628104215485	OK	 
REQUEST		Editar acao	1628104214780	1628104215486	OK	 
REQUEST		Adicionar novo Acao	1628104214880	1628104215488	OK	 
REQUEST		Adicionar novo Acao	1628104214867	1628104215488	OK	 
REQUEST		Adicionar novo Acao	1628104214806	1628104215489	OK	 
REQUEST		Adicionar novo Acao	1628104214843	1628104215489	OK	 
REQUEST		Editar acao	1628104214813	1628104215490	OK	 
REQUEST		Editar acao	1628104214819	1628104215491	OK	 
REQUEST		Adicionar novo Acao	1628104214807	1628104215497	OK	 
REQUEST		Editar acao	1628104214873	1628104215505	OK	 
REQUEST		Editar acao	1628104214779	1628104215507	OK	 
REQUEST		Adicionar novo Acao	1628104214840	1628104215504	OK	 
REQUEST		Adicionar novo Acao	1628104214804	1628104215504	OK	 
REQUEST		Editar acao	1628104214872	1628104215513	OK	 
REQUEST		Editar acao	1628104214871	1628104215513	OK	 
REQUEST		Editar acao	1628104214840	1628104215513	OK	 
REQUEST		Adicionar novo Acao	1628104214794	1628104215519	OK	 
REQUEST		Editar acao	1628104214829	1628104215516	OK	 
REQUEST		Adicionar novo Acao	1628104214798	1628104215516	OK	 
REQUEST		Adicionar novo Acao	1628104214783	1628104215519	OK	 
REQUEST		Buscar acao criada	1628104214883	1628104215519	OK	 
REQUEST		Adicionar novo Acao	1628104214849	1628104215519	OK	 
REQUEST		Adicionar novo Acao	1628104214804	1628104215520	OK	 
REQUEST		Editar acao	1628104214834	1628104215521	OK	 
REQUEST		Adicionar novo Acao	1628104214847	1628104215529	OK	 
REQUEST		Editar acao	1628104214822	1628104215522	OK	 
REQUEST		Adicionar novo Acao	1628104214834	1628104215522	OK	 
REQUEST		Editar acao	1628104214826	1628104215530	OK	 
REQUEST		Editar acao	1628104214776	1628104215532	OK	 
REQUEST		Editar acao	1628104214833	1628104215532	OK	 
REQUEST		Adicionar novo Acao	1628104214782	1628104215535	OK	 
REQUEST		Editar acao	1628104214821	1628104215533	OK	 
REQUEST		Editar acao	1628104214874	1628104215533	OK	 
REQUEST		Editar acao	1628104214833	1628104215534	OK	 
REQUEST		Adicionar novo Acao	1628104214790	1628104215538	OK	 
REQUEST		Adicionar novo Acao	1628104214848	1628104215538	OK	 
REQUEST		Editar acao	1628104214821	1628104215542	OK	 
REQUEST		Adicionar novo Acao	1628104214799	1628104215543	OK	 
REQUEST		Buscar acao criada	1628104214860	1628104215544	OK	 
REQUEST		Editar acao	1628104214809	1628104215544	OK	 
REQUEST		Editar acao	1628104214861	1628104215545	OK	 
REQUEST		Editar acao	1628104214780	1628104215546	OK	 
REQUEST		Editar acao	1628104214880	1628104215546	OK	 
REQUEST		Editar acao	1628104214821	1628104215549	OK	 
REQUEST		Adicionar novo Acao	1628104214798	1628104215548	OK	 
REQUEST		Adicionar novo Acao	1628104214850	1628104215551	OK	 
REQUEST		Editar acao	1628104215404	1628104215595	OK	 
REQUEST		Editar acao	1628104215384	1628104215596	OK	 
REQUEST		Editar acao	1628104215405	1628104215598	OK	 
REQUEST		Editar acao	1628104215411	1628104215599	OK	 
REQUEST		Deletar cliente	1628104214973	1628104215614	OK	 
REQUEST		Adicionar novo Acao	1628104214991	1628104215619	OK	 
REQUEST		Adicionar novo Acao	1628104214992	1628104215619	OK	 
REQUEST		Buscar acao criada	1628104215485	1628104216075	OK	 
REQUEST		Buscar acao criada	1628104215481	1628104216076	OK	 
REQUEST		Buscar acao criada	1628104215486	1628104216077	OK	 
REQUEST		Buscar acao criada	1628104215505	1628104216079	OK	 
REQUEST		Buscar acao criada	1628104215541	1628104216095	OK	 
REQUEST		Buscar acao criada	1628104215531	1628104216094	OK	 
REQUEST		Buscar acao criada	1628104215527	1628104216094	OK	 
REQUEST		Buscar acao criada	1628104215518	1628104216095	OK	 
REQUEST		Buscar acao criada	1628104215485	1628104216105	OK	 
REQUEST		Buscar acao criada	1628104215543	1628104216106	OK	 
REQUEST		Buscar acao criada	1628104215548	1628104216108	OK	 
REQUEST		Buscar acao criada	1628104215532	1628104216118	OK	 
REQUEST		Deletar acao	1628104215528	1628104216127	OK	 
REQUEST		Deletar acao	1628104215521	1628104216139	OK	 
REQUEST		Buscar acao criada	1628104215518	1628104216132	OK	 
REQUEST		Editar acao	1628104215448	1628104216133	OK	 
REQUEST		Buscar acao criada	1628104215533	1628104216134	OK	 
REQUEST		Buscar acao criada	1628104215514	1628104216136	OK	 
REQUEST		Deletar acao	1628104215487	1628104216137	OK	 
REQUEST		Deletar acao	1628104215491	1628104216146	OK	 
REQUEST		Editar acao	1628104215457	1628104216147	OK	 
REQUEST		Buscar acao criada	1628104215505	1628104216148	OK	 
REQUEST		Editar acao	1628104215481	1628104216150	OK	 
REQUEST		Deletar acao	1628104215512	1628104216153	OK	 
REQUEST		Buscar acao criada	1628104215506	1628104216154	OK	 
REQUEST		Deletar acao	1628104215542	1628104216162	OK	 
REQUEST		Deletar acao	1628104215516	1628104216156	OK	 
REQUEST		Buscar acao criada	1628104215505	1628104216157	OK	 
REQUEST		Deletar acao	1628104215506	1628104216162	OK	 
REQUEST		Editar acao	1628104215481	1628104216168	OK	 
REQUEST		Buscar acao criada	1628104215534	1628104216171	OK	 
REQUEST		Editar acao	1628104215458	1628104216167	OK	 
REQUEST		Deletar acao	1628104215503	1628104216168	OK	 
REQUEST		Deletar acao	1628104215521	1628104216170	OK	 
REQUEST		Deletar acao	1628104215521	1628104216171	OK	 
REQUEST		Editar acao	1628104215457	1628104216172	OK	 
REQUEST		Deletar acao	1628104215542	1628104216178	OK	 
REQUEST		Buscar acao criada	1628104215528	1628104216179	OK	 
REQUEST		Buscar acao criada	1628104215527	1628104216179	OK	 
REQUEST		Deletar acao	1628104215532	1628104216180	OK	 
REQUEST		Editar acao	1628104215458	1628104216187	OK	 
REQUEST		Deletar acao	1628104215551	1628104216189	OK	 
REQUEST		Deletar acao	1628104215533	1628104216194	OK	 
REQUEST		Deletar acao	1628104215541	1628104216190	OK	 
REQUEST		Editar acao	1628104215461	1628104216191	OK	 
REQUEST		Deletar acao	1628104215542	1628104216199	OK	 
REQUEST		Deletar acao	1628104215596	1628104216193	OK	 
REQUEST		Deletar acao	1628104215537	1628104216194	OK	 
REQUEST		Deletar acao	1628104215548	1628104216199	OK	 
REQUEST		Deletar acao	1628104215507	1628104216200	OK	 
REQUEST		Deletar acao	1628104215538	1628104216203	OK	 
REQUEST		Buscar acao criada	1628104215545	1628104216206	OK	 
REQUEST		Deletar acao	1628104215598	1628104216207	OK	 
REQUEST		Editar acao	1628104215439	1628104216207	OK	 
REQUEST		Deletar acao	1628104215551	1628104216208	OK	 
REQUEST		Buscar acao criada	1628104215553	1628104216209	OK	 
REQUEST		Editar acao	1628104215549	1628104216210	OK	 
REQUEST		Deletar acao	1628104215549	1628104216210	OK	 
REQUEST		Editar acao	1628104215531	1628104216214	OK	 
REQUEST		Deletar acao	1628104215551	1628104216214	OK	 
REQUEST		Editar acao	1628104215483	1628104216215	OK	 
REQUEST		Buscar acao criada	1628104215552	1628104216219	OK	 
REQUEST		Deletar acao	1628104215552	1628104216218	OK	 
REQUEST		Deletar acao	1628104215597	1628104216222	OK	 
REQUEST		Deletar acao	1628104215600	1628104216223	OK	 
REQUEST		Adicionar novo Acao	1628104215015	1628104216224	OK	 
REQUEST		Editar acao	1628104215459	1628104216224	OK	 
REQUEST		Buscar acao criada	1628104215620	1628104216252	OK	 
REQUEST		Buscar acao criada	1628104215620	1628104216252	OK	 
REQUEST		Listagem de Acoes	1628104215615	1628104216283	OK	 
REQUEST		Logout	1628104216149	1628104216877	OK	 
REQUEST		Logout	1628104216153	1628104216877	OK	 
REQUEST		Logout	1628104216160	1628104216878	OK	 
REQUEST		Logout	1628104216149	1628104216879	OK	 
REQUEST		Logout	1628104216183	1628104216879	OK	 
REQUEST		Logout	1628104216157	1628104216881	OK	 
REQUEST		Logout	1628104216169	1628104216886	OK	 
REQUEST		Logout	1628104216218	1628104216891	OK	 
REQUEST		Logout	1628104216208	1628104216893	OK	 
USER	Realizar login MaxxiForge para rota Action	END	1628104216892
REQUEST		Logout	1628104216184	1628104216894	OK	 
REQUEST		Logout	1628104216206	1628104216895	OK	 
REQUEST		Logout	1628104216215	1628104216895	OK	 
USER	Realizar login MaxxiForge para rota Action	END	1628104216892
REQUEST		Logout	1628104216213	1628104216896	OK	 
REQUEST		Logout	1628104216209	1628104216897	OK	 
USER	Realizar login MaxxiForge para rota Action	END	1628104216893
REQUEST		Logout	1628104216202	1628104216901	OK	 
REQUEST		Logout	1628104216192	1628104216904	OK	 
REQUEST		Logout	1628104216201	1628104216905	OK	 
REQUEST		Logout	1628104216186	1628104216905	OK	 
USER	Realizar login MaxxiForge para rota Action	END	1628104216893
REQUEST		Logout	1628104216225	1628104216910	OK	 
REQUEST		Logout	1628104216202	1628104216910	OK	 
REQUEST		Editar acao	1628104216125	1628104216910	OK	 
REQUEST		Logout	1628104216176	1628104216911	OK	 
USER	Realizar login MaxxiForge para rota Action	END	1628104216893
REQUEST		Editar acao	1628104216092	1628104216911	OK	 
REQUEST		Editar acao	1628104216136	1628104216912	OK	 
REQUEST		Editar acao	1628104216126	1628104216912	OK	 
REQUEST		Editar acao	1628104216125	1628104216922	OK	 
REQUEST		Editar acao	1628104216088	1628104216916	OK	 
USER	Realizar login MaxxiForge para rota Action	END	1628104216895
REQUEST		Editar acao	1628104216120	1628104216919	OK	 
REQUEST		Deletar acao	1628104216163	1628104216919	OK	 
REQUEST		Deletar acao	1628104216218	1628104216922	OK	 
REQUEST		Deletar acao	1628104216157	1628104216922	OK	 
REQUEST		Deletar acao	1628104216181	1628104216922	OK	 
USER	Realizar login MaxxiForge para rota Action	END	1628104216897
REQUEST		Logout	1628104216206	1628104216927	OK	 
REQUEST		Logout	1628104216168	1628104216927	OK	 
REQUEST		Logout	1628104216202	1628104216928	OK	 
USER	Realizar login MaxxiForge para rota Action	END	1628104216898
REQUEST		Logout	1628104216227	1628104216931	OK	 
USER	Realizar login MaxxiForge para rota Action	END	1628104216901
REQUEST		Editar acao	1628104216150	1628104216932	OK	 
REQUEST		Editar acao	1628104216139	1628104216934	OK	 
REQUEST		Editar acao	1628104216191	1628104216934	OK	 
REQUEST		Editar acao	1628104216153	1628104216934	OK	 
REQUEST		Editar acao	1628104216170	1628104216935	OK	 
REQUEST		Deletar acao	1628104216227	1628104216936	OK	 
USER	Realizar login MaxxiForge para rota Action	END	1628104216906
REQUEST		Editar acao	1628104216160	1628104216938	OK	 
REQUEST		Editar acao	1628104216167	1628104216939	OK	 
REQUEST		Deletar acao	1628104216149	1628104216940	OK	 
REQUEST		Editar acao	1628104216105	1628104216940	OK	 
REQUEST		Editar acao	1628104216093	1628104216940	OK	 
REQUEST		Logout	1628104216216	1628104216941	OK	 
REQUEST		Logout	1628104216221	1628104216941	OK	 
USER	Realizar login MaxxiForge para rota Action	END	1628104216906
REQUEST		Editar acao	1628104216149	1628104216942	OK	 
REQUEST		Logout	1628104216190	1628104216942	OK	 
REQUEST		Editar acao	1628104216133	1628104216945	OK	 
USER	Realizar login MaxxiForge para rota Action	END	1628104216906
USER	Realizar login MaxxiForge para rota Action	END	1628104216908
REQUEST		Deletar acao	1628104216221	1628104216950	OK	 
REQUEST		Deletar acao	1628104216216	1628104216951	OK	 
REQUEST		Logout	1628104216223	1628104216951	OK	 
REQUEST		Editar acao	1628104216180	1628104216951	OK	 
REQUEST		Deletar acao	1628104216203	1628104216952	OK	 
USER	Realizar login MaxxiForge para rota Action	END	1628104216908
REQUEST		Deletar acao	1628104216187	1628104216953	OK	 
REQUEST		Editar acao	1628104216132	1628104216955	OK	 
REQUEST		Deletar acao	1628104216193	1628104216955	OK	 
REQUEST		Editar acao	1628104216191	1628104216955	OK	 
REQUEST		Editar acao	1628104216217	1628104216956	OK	 
USER	Realizar login MaxxiForge para rota Action	END	1628104216909
USER	Realizar login MaxxiForge para rota Action	END	1628104216912
REQUEST		Deletar acao	1628104216177	1628104216958	OK	 
USER	Realizar login MaxxiForge para rota Action	END	1628104216913
USER	Realizar login MaxxiForge para rota Action	END	1628104216913
REQUEST		Deletar acao	1628104216219	1628104216962	OK	 
REQUEST		Editar acao	1628104216214	1628104216962	OK	 
REQUEST		Editar acao	1628104216221	1628104216962	OK	 
USER	Realizar login MaxxiForge para rota Action	END	1628104216924
USER	Realizar login MaxxiForge para rota Action	END	1628104216924
USER	Realizar login MaxxiForge para rota Action	END	1628104216925
USER	Realizar login MaxxiForge para rota Action	END	1628104216931
USER	Realizar login MaxxiForge para rota Action	END	1628104216936
USER	Realizar login MaxxiForge para rota Action	END	1628104216936
USER	Realizar login MaxxiForge para rota Action	END	1628104216937
USER	Realizar login MaxxiForge para rota Action	END	1628104216945
USER	Realizar login MaxxiForge para rota Action	END	1628104216945
USER	Realizar login MaxxiForge para rota Action	END	1628104216951
USER	Realizar login MaxxiForge para rota Action	END	1628104216954
REQUEST		Buscar acao criada	1628104216227	1628104217047	OK	 
REQUEST		Adicionar novo Acao	1628104216284	1628104217052	OK	 
REQUEST		Editar acao	1628104216253	1628104217091	OK	 
REQUEST		Editar acao	1628104216253	1628104217091	OK	 
REQUEST		Logout	1628104216929	1628104217338	OK	 
REQUEST		Logout	1628104216929	1628104217345	OK	 
REQUEST		Logout	1628104216959	1628104217346	OK	 
USER	Realizar login MaxxiForge para rota Action	END	1628104217347
REQUEST		Logout	1628104216959	1628104217359	OK	 
REQUEST		Logout	1628104216944	1628104217356	OK	 
REQUEST		Logout	1628104216962	1628104217357	OK	 
USER	Realizar login MaxxiForge para rota Action	END	1628104217362
REQUEST		Logout	1628104216965	1628104217367	OK	 
REQUEST		Logout	1628104216956	1628104217368	OK	 
USER	Realizar login MaxxiForge para rota Action	END	1628104217368
REQUEST		Logout	1628104216957	1628104217371	OK	 
REQUEST		Logout	1628104216929	1628104217371	OK	 
REQUEST		Logout	1628104216930	1628104217374	OK	 
USER	Realizar login MaxxiForge para rota Action	END	1628104217369
REQUEST		Logout	1628104216949	1628104217375	OK	 
REQUEST		Deletar acao	1628104216927	1628104217389	OK	 
REQUEST		Deletar acao	1628104216925	1628104217379	OK	 
USER	Realizar login MaxxiForge para rota Action	END	1628104217370
REQUEST		Deletar acao	1628104216926	1628104217388	OK	 
REQUEST		Deletar acao	1628104216928	1628104217388	OK	 
REQUEST		Deletar acao	1628104216924	1628104217388	OK	 
REQUEST		Deletar acao	1628104216949	1628104217389	OK	 
REQUEST		Deletar acao	1628104216949	1628104217391	OK	 
USER	Realizar login MaxxiForge para rota Action	END	1628104217371
REQUEST		Logout	1628104216957	1628104217405	OK	 
REQUEST		Deletar acao	1628104216952	1628104217405	OK	 
USER	Realizar login MaxxiForge para rota Action	END	1628104217380
REQUEST		Deletar acao	1628104216942	1628104217405	OK	 
REQUEST		Deletar acao	1628104216929	1628104217405	OK	 
REQUEST		Deletar acao	1628104216959	1628104217406	OK	 
REQUEST		Deletar acao	1628104216950	1628104217406	OK	 
USER	Realizar login MaxxiForge para rota Action	END	1628104217385
USER	Realizar login MaxxiForge para rota Action	END	1628104217389
REQUEST		Deletar acao	1628104216946	1628104217413	OK	 
REQUEST		Deletar acao	1628104216960	1628104217414	OK	 
REQUEST		Deletar acao	1628104216943	1628104217414	OK	 
REQUEST		Deletar acao	1628104216966	1628104217414	OK	 
REQUEST		Deletar acao	1628104216926	1628104217414	OK	 
USER	Realizar login MaxxiForge para rota Action	END	1628104217389
REQUEST		Deletar acao	1628104216949	1628104217415	OK	 
REQUEST		Deletar acao	1628104216942	1628104217415	OK	 
USER	Realizar login MaxxiForge para rota Action	END	1628104217392
USER	Realizar login MaxxiForge para rota Action	END	1628104217393
REQUEST		Deletar acao	1628104216942	1628104217421	OK	 
USER	Realizar login MaxxiForge para rota Action	END	1628104217412
REQUEST		Deletar acao	1628104216943	1628104217422	OK	 
REQUEST		Deletar acao	1628104216966	1628104217423	OK	 
REQUEST		Deletar acao	1628104216957	1628104217423	OK	 
REQUEST		Deletar acao	1628104216960	1628104217427	OK	 
REQUEST		Buscar acao criada	1628104217053	1628104217522	OK	 
REQUEST		Deletar acao	1628104217092	1628104217571	OK	 
REQUEST		Deletar acao	1628104217092	1628104217571	OK	 
REQUEST		Logout	1628104217405	1628104217608	OK	 
REQUEST		Logout	1628104217403	1628104217608	OK	 
USER	Realizar login MaxxiForge para rota Action	END	1628104217610
REQUEST		Logout	1628104217405	1628104217610	OK	 
USER	Realizar login MaxxiForge para rota Action	END	1628104217610
REQUEST		Logout	1628104217404	1628104217611	OK	 
REQUEST		Logout	1628104217404	1628104217614	OK	 
REQUEST		Logout	1628104217405	1628104217615	OK	 
USER	Realizar login MaxxiForge para rota Action	END	1628104217615
REQUEST		Logout	1628104217405	1628104217616	OK	 
USER	Realizar login MaxxiForge para rota Action	END	1628104217615
REQUEST		Logout	1628104217413	1628104217622	OK	 
REQUEST		Logout	1628104217420	1628104217623	OK	 
REQUEST		Logout	1628104217413	1628104217618	OK	 
USER	Realizar login MaxxiForge para rota Action	END	1628104217618
USER	Realizar login MaxxiForge para rota Action	END	1628104217622
REQUEST		Logout	1628104217420	1628104217627	OK	 
USER	Realizar login MaxxiForge para rota Action	END	1628104217624
REQUEST		Logout	1628104217420	1628104217627	OK	 
REQUEST		Logout	1628104217412	1628104217628	OK	 
REQUEST		Logout	1628104217424	1628104217631	OK	 
REQUEST		Logout	1628104217420	1628104217631	OK	 
USER	Realizar login MaxxiForge para rota Action	END	1628104217625
REQUEST		Logout	1628104217421	1628104217633	OK	 
REQUEST		Logout	1628104217412	1628104217635	OK	 
USER	Realizar login MaxxiForge para rota Action	END	1628104217626
REQUEST		Logout	1628104217427	1628104217637	OK	 
REQUEST		Logout	1628104217427	1628104217642	OK	 
REQUEST		Logout	1628104217427	1628104217639	OK	 
REQUEST		Logout	1628104217413	1628104217640	OK	 
USER	Realizar login MaxxiForge para rota Action	END	1628104217627
REQUEST		Logout	1628104217420	1628104217642	OK	 
USER	Realizar login MaxxiForge para rota Action	END	1628104217633
REQUEST		Logout	1628104217428	1628104217650	OK	 
USER	Realizar login MaxxiForge para rota Action	END	1628104217639
USER	Realizar login MaxxiForge para rota Action	END	1628104217640
REQUEST		Logout	1628104217420	1628104217653	OK	 
USER	Realizar login MaxxiForge para rota Action	END	1628104217641
USER	Realizar login MaxxiForge para rota Action	END	1628104217641
USER	Realizar login MaxxiForge para rota Action	END	1628104217643
USER	Realizar login MaxxiForge para rota Action	END	1628104217649
USER	Realizar login MaxxiForge para rota Action	END	1628104217649
USER	Realizar login MaxxiForge para rota Action	END	1628104217650
USER	Realizar login MaxxiForge para rota Action	END	1628104217650
USER	Realizar login MaxxiForge para rota Action	END	1628104217651
USER	Realizar login MaxxiForge para rota Action	END	1628104217652
USER	Realizar login MaxxiForge para rota Action	END	1628104217653
USER	Realizar login MaxxiForge para rota Action	END	1628104217655
REQUEST		Editar acao	1628104217528	1628104217872	OK	 
REQUEST		Logout	1628104217575	1628104217903	OK	 
REQUEST		Logout	1628104217576	1628104217913	OK	 
USER	Realizar login MaxxiForge para rota Action	END	1628104217914
USER	Realizar login MaxxiForge para rota Action	END	1628104217919
REQUEST		Editar acao	1628104217048	1628104218080	OK	 
REQUEST		Deletar acao	1628104217874	1628104218208	OK	 
REQUEST		Deletar acao	1628104218084	1628104218404	OK	 
REQUEST		Logout	1628104218209	1628104218552	OK	 
USER	Realizar login MaxxiForge para rota Action	END	1628104218557
REQUEST		Logout	1628104218406	1628104218720	OK	 
USER	Realizar login MaxxiForge para rota Action	END	1628104218723
