RUN	maxxiforge.Estresse	estresse	1628027847368	 	3.5.1
USER	Realizar login MaxxiForge para rota Action	START	1628027848256
USER	Realizar login MaxxiForge para rota Action	START	1628027848267
USER	Realizar login MaxxiForge para rota Action	START	1628027848269
USER	Realizar login MaxxiForge para rota Action	START	1628027848325
USER	Realizar login MaxxiForge para rota Action	START	1628027848326
USER	Realizar login MaxxiForge para rota Action	START	1628027848326
USER	Realizar login MaxxiForge para rota Action	START	1628027848330
USER	Realizar login MaxxiForge para rota Action	START	1628027848331
USER	Realizar login MaxxiForge para rota Action	START	1628027848331
USER	Realizar login MaxxiForge para rota Action	START	1628027848332
USER	Realizar login MaxxiForge para rota Action	START	1628027848332
USER	Realizar login MaxxiForge para rota Action	START	1628027848334
USER	Realizar login MaxxiForge para rota Action	START	1628027848335
USER	Realizar login MaxxiForge para rota Action	START	1628027848336
USER	Realizar login MaxxiForge para rota Action	START	1628027848337
USER	Realizar login MaxxiForge para rota Action	START	1628027848467
USER	Realizar login MaxxiForge para rota Action	START	1628027848469
USER	Realizar login MaxxiForge para rota Action	START	1628027848470
USER	Realizar login MaxxiForge para rota Action	START	1628027848472
USER	Realizar login MaxxiForge para rota Action	START	1628027848474
USER	Realizar login MaxxiForge para rota Action	START	1628027848475
USER	Realizar login MaxxiForge para rota Action	START	1628027848481
USER	Realizar login MaxxiForge para rota Action	START	1628027848483
USER	Realizar login MaxxiForge para rota Action	START	1628027848489
USER	Realizar login MaxxiForge para rota Action	START	1628027848492
USER	Realizar login MaxxiForge para rota Action	START	1628027848520
USER	Realizar login MaxxiForge para rota Action	START	1628027848522
USER	Realizar login MaxxiForge para rota Action	START	1628027848523
USER	Realizar login MaxxiForge para rota Action	START	1628027848523
USER	Realizar login MaxxiForge para rota Action	START	1628027848524
USER	Realizar login MaxxiForge para rota Action	START	1628027848536
USER	Realizar login MaxxiForge para rota Action	START	1628027848537
USER	Realizar login MaxxiForge para rota Action	START	1628027848538
USER	Realizar login MaxxiForge para rota Action	START	1628027848539
USER	Realizar login MaxxiForge para rota Action	START	1628027848539
USER	Realizar login MaxxiForge para rota Action	START	1628027848540
USER	Realizar login MaxxiForge para rota Action	START	1628027848541
USER	Realizar login MaxxiForge para rota Action	START	1628027848542
USER	Realizar login MaxxiForge para rota Action	START	1628027848544
USER	Realizar login MaxxiForge para rota Action	START	1628027848545
USER	Realizar login MaxxiForge para rota Action	START	1628027848546
USER	Realizar login MaxxiForge para rota Action	START	1628027848546
USER	Realizar login MaxxiForge para rota Action	START	1628027848547
USER	Realizar login MaxxiForge para rota Action	START	1628027848560
USER	Realizar login MaxxiForge para rota Action	START	1628027848562
USER	Realizar login MaxxiForge para rota Action	START	1628027848564
USER	Realizar login MaxxiForge para rota Action	START	1628027848565
USER	Realizar login MaxxiForge para rota Action	START	1628027848565
USER	Realizar login MaxxiForge para rota Action	START	1628027848568
USER	Realizar login MaxxiForge para rota Action	START	1628027848569
USER	Realizar login MaxxiForge para rota Action	START	1628027848570
USER	Realizar login MaxxiForge para rota Action	START	1628027848570
USER	Realizar login MaxxiForge para rota Action	START	1628027848571
USER	Realizar login MaxxiForge para rota Action	START	1628027848571
USER	Realizar login MaxxiForge para rota Action	START	1628027848572
USER	Realizar login MaxxiForge para rota Action	START	1628027848572
USER	Realizar login MaxxiForge para rota Action	START	1628027848573
USER	Realizar login MaxxiForge para rota Action	START	1628027848579
USER	Realizar login MaxxiForge para rota Action	START	1628027848602
USER	Realizar login MaxxiForge para rota Action	START	1628027848603
REQUEST		Login	1628027848601	1628027851475	OK	 
REQUEST		Listagem de profissionais	1628027851616	1628027852395	OK	 
REQUEST		Login	1628027848607	1628027852967	OK	 
REQUEST		Login	1628027849581	1628027852997	OK	 
REQUEST		Login	1628027849586	1628027853017	OK	 
REQUEST		Login	1628027849588	1628027853042	OK	 
REQUEST		Login	1628027849541	1628027853074	OK	 
REQUEST		Login	1628027849546	1628027853087	OK	 
REQUEST		Login	1628027849815	1628027853103	OK	 
REQUEST		Login	1628027848532	1628027853131	OK	 
REQUEST		Login	1628027849817	1628027853139	OK	 
REQUEST		Login	1628027849544	1628027853102	OK	 
REQUEST		Login	1628027849547	1628027853166	OK	 
REQUEST		Login	1628027849607	1628027853206	OK	 
REQUEST		Login	1628027849604	1628027853212	OK	 
REQUEST		Login	1628027849608	1628027853239	OK	 
REQUEST		Login	1628027849555	1628027853244	OK	 
REQUEST		Login	1628027849552	1628027853249	OK	 
REQUEST		Login	1628027849554	1628027853256	OK	 
REQUEST		Login	1628027849822	1628027853262	OK	 
REQUEST		Login	1628027849818	1628027853268	OK	 
REQUEST		Login	1628027849823	1628027853274	OK	 
REQUEST		Login	1628027849613	1628027853278	OK	 
REQUEST		Login	1628027849609	1628027853282	OK	 
REQUEST		Login	1628027849582	1628027853269	OK	 
REQUEST		Login	1628027849584	1628027853327	OK	 
REQUEST		Login	1628027849587	1628027853335	OK	 
REQUEST		Login	1628027849589	1628027853347	OK	 
REQUEST		Login	1628027849592	1628027853354	OK	 
REQUEST		Login	1628027849598	1628027853362	OK	 
REQUEST		Login	1628027849824	1628027853466	OK	 
REQUEST		Login	1628027849826	1628027853474	OK	 
REQUEST		Login	1628027849828	1628027853480	OK	 
REQUEST		Login	1628027849829	1628027853487	OK	 
REQUEST		Login	1628027849548	1628027853495	OK	 
REQUEST		Login	1628027849561	1628027853501	OK	 
REQUEST		Login	1628027849620	1628027853509	OK	 
REQUEST		Login	1628027849614	1628027853520	OK	 
REQUEST		Login	1628027849616	1628027853530	OK	 
REQUEST		Login	1628027849617	1628027853539	OK	 
REQUEST		Login	1628027849618	1628027853544	OK	 
REQUEST		Login	1628027849621	1628027853550	OK	 
REQUEST		Login	1628027849624	1628027853559	OK	 
REQUEST		Login	1628027849623	1628027853606	OK	 
REQUEST		Login	1628027849625	1628027853615	OK	 
REQUEST		Login	1628027849828	1628027853621	OK	 
REQUEST		Login	1628027849827	1628027853626	OK	 
REQUEST		Login	1628027849830	1628027853630	OK	 
REQUEST		Login	1628027849831	1628027853636	OK	 
REQUEST		Login	1628027849832	1628027853642	OK	 
REQUEST		Login	1628027849569	1628027853637	OK	 
REQUEST		Login	1628027848451	1628027853648	OK	 
REQUEST		Login	1628027849539	1628027853652	OK	 
REQUEST		Login	1628027849559	1628027853656	OK	 
REQUEST		Login	1628027849564	1628027853661	OK	 
REQUEST		Login	1628027849567	1628027853666	OK	 
REQUEST		Listagem de profissionais	1628027852978	1628027853842	OK	 
REQUEST		Login	1628027849596	1628027854014	OK	 
REQUEST		Listagem de profissionais	1628027853006	1628027854073	OK	 
REQUEST		Listagem de profissionais	1628027853023	1628027854078	OK	 
REQUEST		Login	1628027849602	1628027854086	OK	 
REQUEST		Login	1628027849604	1628027854090	OK	 
REQUEST		Login	1628027849606	1628027854096	OK	 
REQUEST		Login	1628027849611	1628027854228	OK	 
REQUEST		Listagem de profissionais	1628027853084	1628027854275	OK	 
REQUEST		Listagem de profissionais	1628027853160	1628027854281	OK	 
REQUEST		Listagem de profissionais	1628027853101	1628027854287	OK	 
REQUEST		Listagem de profissionais	1628027853178	1628027854294	OK	 
REQUEST		Listagem de profissionais	1628027853118	1628027854301	OK	 
REQUEST		Listagem de profissionais	1628027853137	1628027854319	OK	 
REQUEST		Listagem de profissionais	1628027853149	1628027854326	OK	 
REQUEST		Listagem de profissionais	1628027853081	1628027854393	OK	 
REQUEST		Listagem de profissionais	1628027853211	1628027854407	OK	 
REQUEST		Listagem de profissionais	1628027853242	1628027854411	OK	 
REQUEST		Listagem de profissionais	1628027853247	1628027854414	OK	 
REQUEST		Listagem de profissionais	1628027853252	1628027854424	OK	 
REQUEST		Listagem de profissionais	1628027853259	1628027854458	OK	 
REQUEST		Listagem de profissionais	1628027853266	1628027854704	OK	 
REQUEST		Listagem de profissionais	1628027853271	1628027854709	OK	 
REQUEST		Listagem de profissionais	1628027853237	1628027854713	OK	 
REQUEST		Listagem de profissionais	1628027853280	1628027854774	OK	 
REQUEST		Listagem de profissionais	1628027853289	1628027854779	OK	 
REQUEST		Listagem de profissionais	1628027853359	1628027854786	OK	 
REQUEST		Listagem de profissionais	1628027853318	1628027854791	OK	 
REQUEST		Listagem de profissionais	1628027853333	1628027854799	OK	 
REQUEST		Listagem de profissionais	1628027853340	1628027854818	OK	 
REQUEST		Listagem de profissionais	1628027853351	1628027854834	OK	 
REQUEST		Listagem de profissionais	1628027853286	1628027854839	OK	 
REQUEST		Listagem de profissionais	1628027853535	1628027855080	OK	 
REQUEST		Listagem de profissionais	1628027853526	1628027855084	OK	 
REQUEST		Listagem de profissionais	1628027853543	1628027855087	OK	 
REQUEST		Listagem de profissionais	1628027853515	1628027855092	OK	 
REQUEST		Listagem de profissionais	1628027853548	1628027855096	OK	 
REQUEST		Listagem de profissionais	1628027853368	1628027855100	OK	 
REQUEST		Listagem de profissionais	1628027853473	1628027855115	OK	 
REQUEST		Listagem de profissionais	1628027853478	1628027855119	OK	 
REQUEST		Listagem de profissionais	1628027853486	1628027855123	OK	 
REQUEST		Listagem de profissionais	1628027853493	1628027855127	OK	 
REQUEST		Listagem de profissionais	1628027853500	1628027855138	OK	 
REQUEST		Listagem de profissionais	1628027853506	1628027855142	OK	 
REQUEST		Listagem de profissionais	1628027853554	1628027855192	OK	 
REQUEST		Listagem de profissionais	1628027853613	1628027855208	OK	 
REQUEST		Listagem de profissionais	1628027853571	1628027855211	OK	 
REQUEST		Listagem de profissionais	1628027853619	1628027855217	OK	 
REQUEST		Listagem de profissionais	1628027853629	1628027855222	OK	 
REQUEST		Listagem de profissionais	1628027853625	1628027855225	OK	 
REQUEST		Listagem de profissionais	1628027853635	1628027855237	OK	 
REQUEST		Listagem de profissionais	1628027853641	1628027855244	OK	 
REQUEST		Listagem de profissionais	1628027853645	1628027855249	OK	 
REQUEST		Listagem de profissionais	1628027853651	1628027855256	OK	 
REQUEST		Listagem de profissionais	1628027853655	1628027855259	OK	 
REQUEST		Listagem de profissionais	1628027853659	1628027855264	OK	 
REQUEST		Listagem de profissionais	1628027853665	1628027855273	OK	 
REQUEST		Listagem de profissionais	1628027853647	1628027855289	OK	 
REQUEST		Listagem de profissionais	1628027853671	1628027855294	OK	 
REQUEST		Listagem de profissionais	1628027854089	1628027855428	OK	 
REQUEST		Listagem de profissionais	1628027854071	1628027855431	OK	 
REQUEST		Listagem de profissionais	1628027854093	1628027855435	OK	 
REQUEST		Listagem de profissionais	1628027854224	1628027855451	OK	 
REQUEST		Listagem de profissionais	1628027854235	1628027855495	OK	 
REQUEST		Adicionar novo profissional	1628027852409	1628027859610	OK	 
REQUEST		Buscar profissional criado	1628027859632	1628027859776	OK	 
REQUEST		Adicionar novo profissional	1628027853893	1628027860002	OK	 
REQUEST		Adicionar novo profissional	1628027854085	1628027860105	OK	 
REQUEST		Adicionar novo profissional	1628027854286	1628027860117	OK	 
REQUEST		Adicionar novo profissional	1628027854076	1628027860112	OK	 
REQUEST		Adicionar novo profissional	1628027854291	1628027860124	OK	 
REQUEST		Adicionar novo profissional	1628027854329	1628027860150	OK	 
REQUEST		Adicionar novo profissional	1628027854322	1628027860172	OK	 
REQUEST		Adicionar novo profissional	1628027854707	1628027860178	OK	 
REQUEST		Adicionar novo profissional	1628027854303	1628027860583	OK	 
REQUEST		Adicionar novo profissional	1628027854279	1628027860585	OK	 
REQUEST		Adicionar novo profissional	1628027854316	1628027860592	OK	 
REQUEST		Adicionar novo profissional	1628027854400	1628027860597	OK	 
REQUEST		Adicionar novo profissional	1628027854416	1628027860608	OK	 
REQUEST		Adicionar novo profissional	1628027855140	1628027860610	OK	 
REQUEST		Adicionar novo profissional	1628027854790	1628027860618	OK	 
REQUEST		Adicionar novo profissional	1628027854815	1628027860621	OK	 
REQUEST		Adicionar novo profissional	1628027854833	1628027860630	OK	 
REQUEST		Adicionar novo profissional	1628027854836	1628027860633	OK	 
REQUEST		Adicionar novo profissional	1628027854712	1628027860637	OK	 
REQUEST		Adicionar novo profissional	1628027854785	1628027860643	OK	 
REQUEST		Adicionar novo profissional	1628027855132	1628027860647	OK	 
REQUEST		Adicionar novo profissional	1628027854837	1628027860654	OK	 
REQUEST		Adicionar novo profissional	1628027854716	1628027860661	OK	 
REQUEST		Adicionar novo profissional	1628027854409	1628027860664	OK	 
REQUEST		Adicionar novo profissional	1628027854413	1628027860666	OK	 
REQUEST		Adicionar novo profissional	1628027854843	1628027860675	OK	 
REQUEST		Adicionar novo profissional	1628027855083	1628027860681	OK	 
REQUEST		Adicionar novo profissional	1628027855099	1628027860683	OK	 
REQUEST		Adicionar novo profissional	1628027855207	1628027860689	OK	 
REQUEST		Adicionar novo profissional	1628027854452	1628027860697	OK	 
REQUEST		Adicionar novo profissional	1628027854461	1628027860702	OK	 
REQUEST		Adicionar novo profissional	1628027855210	1628027860890	OK	 
REQUEST		Adicionar novo profissional	1628027855103	1628027860962	OK	 
REQUEST		Adicionar novo profissional	1628027855125	1628027860966	OK	 
REQUEST		Adicionar novo profissional	1628027855262	1628027860976	OK	 
REQUEST		Adicionar novo profissional	1628027855118	1628027860973	OK	 
REQUEST		Adicionar novo profissional	1628027855122	1628027860980	OK	 
REQUEST		Adicionar novo profissional	1628027855247	1628027860990	OK	 
REQUEST		Adicionar novo profissional	1628027854798	1628027860995	OK	 
REQUEST		Adicionar novo profissional	1628027855086	1628027860974	OK	 
REQUEST		Adicionar novo profissional	1628027855091	1628027861003	OK	 
REQUEST		Adicionar novo profissional	1628027855095	1628027861007	OK	 
REQUEST		Adicionar novo profissional	1628027855224	1628027861066	OK	 
REQUEST		Buscar profissional criado	1628027860005	1628027861169	OK	 
REQUEST		Buscar profissional criado	1628027860168	1628027861781	OK	 
REQUEST		Buscar profissional criado	1628027860181	1628027861783	OK	 
REQUEST		Buscar profissional criado	1628027860111	1628027861787	OK	 
REQUEST		Buscar profissional criado	1628027860121	1628027861795	OK	 
REQUEST		Buscar profissional criado	1628027860119	1628027861800	OK	 
REQUEST		Buscar profissional criado	1628027860127	1628027861803	OK	 
REQUEST		Adicionar novo profissional	1628027855216	1628027861868	OK	 
REQUEST		Adicionar novo profissional	1628027855221	1628027861870	OK	 
REQUEST		Adicionar novo profissional	1628027855146	1628027861887	OK	 
REQUEST		Adicionar novo profissional	1628027855258	1628027861891	OK	 
REQUEST		Buscar profissional criado	1628027860584	1628027861893	OK	 
REQUEST		Adicionar novo profissional	1628027855298	1628027861897	OK	 
REQUEST		Adicionar novo profissional	1628027855293	1628027861906	OK	 
REQUEST		Adicionar novo profissional	1628027855228	1628027861908	OK	 
REQUEST		Buscar profissional criado	1628027860177	1628027861913	OK	 
REQUEST		Adicionar novo profissional	1628027855242	1628027861982	OK	 
REQUEST		Adicionar novo profissional	1628027855252	1628027861987	OK	 
REQUEST		Adicionar novo profissional	1628027855270	1628027861985	OK	 
REQUEST		Buscar profissional criado	1628027860609	1628027861992	OK	 
REQUEST		Buscar profissional criado	1628027860594	1628027862089	OK	 
REQUEST		Buscar profissional criado	1628027860642	1628027862091	OK	 
REQUEST		Buscar profissional criado	1628027860645	1628027862095	OK	 
REQUEST		Buscar profissional criado	1628027860648	1628027862100	OK	 
REQUEST		Buscar profissional criado	1628027860659	1628027862103	OK	 
REQUEST		Buscar profissional criado	1628027860662	1628027862105	OK	 
REQUEST		Buscar profissional criado	1628027860601	1628027862122	OK	 
REQUEST		Adicionar novo profissional	1628027855281	1628027862129	OK	 
REQUEST		Buscar profissional criado	1628027860696	1628027862184	OK	 
REQUEST		Buscar profissional criado	1628027860699	1628027862192	OK	 
REQUEST		Buscar profissional criado	1628027860704	1628027862207	OK	 
REQUEST		Buscar profissional criado	1628027860665	1628027862122	OK	 
REQUEST		Buscar profissional criado	1628027860673	1628027862217	OK	 
REQUEST		Buscar profissional criado	1628027860679	1628027862222	OK	 
REQUEST		Buscar profissional criado	1628027860682	1628027862225	OK	 
REQUEST		Buscar profissional criado	1628027860688	1628027862234	OK	 
REQUEST		Buscar profissional criado	1628027860692	1628027862238	OK	 
REQUEST		Buscar profissional criado	1628027860892	1628027862243	OK	 
REQUEST		Buscar profissional criado	1628027860629	1628027862337	OK	 
REQUEST		Buscar profissional criado	1628027860631	1628027862346	OK	 
REQUEST		Buscar profissional criado	1628027860598	1628027862349	OK	 
REQUEST		Buscar profissional criado	1628027860635	1628027862352	OK	 
REQUEST		Buscar profissional criado	1628027860620	1628027862355	OK	 
REQUEST		Adicionar novo profissional	1628027855434	1628027862358	OK	 
REQUEST		Buscar profissional criado	1628027860963	1628027862361	OK	 
REQUEST		Buscar profissional criado	1628027861005	1628027862363	OK	 
REQUEST		Buscar profissional criado	1628027861000	1628027862365	OK	 
REQUEST		Buscar profissional criado	1628027861009	1628027862368	OK	 
REQUEST		Adicionar novo profissional	1628027855430	1628027862372	OK	 
REQUEST		Adicionar novo profissional	1628027855450	1628027862377	OK	 
REQUEST		Adicionar novo profissional	1628027855494	1628027862380	OK	 
REQUEST		Adicionar novo profissional	1628027855496	1628027862385	OK	 
REQUEST		Buscar profissional criado	1628027860998	1628027862389	OK	 
REQUEST		Buscar profissional criado	1628027860969	1628027862402	OK	 
REQUEST		Buscar profissional criado	1628027860979	1628027862406	OK	 
REQUEST		Buscar profissional criado	1628027860989	1628027862409	OK	 
REQUEST		Buscar profissional criado	1628027861068	1628027862412	OK	 
REQUEST		Buscar profissional criado	1628027860991	1628027862416	OK	 
REQUEST		Buscar profissional criado	1628027860977	1628027862424	OK	 
REQUEST		Buscar profissional criado	1628027861870	1628027862478	OK	 
REQUEST		Buscar profissional criado	1628027861888	1628027862497	OK	 
REQUEST		Buscar profissional criado	1628027861892	1628027862500	OK	 
REQUEST		Buscar profissional criado	1628027861991	1628027862502	OK	 
REQUEST		Buscar profissional criado	1628027861898	1628027862505	OK	 
REQUEST		Buscar profissional criado	1628027861908	1628027862507	OK	 
REQUEST		Buscar profissional criado	1628027861988	1628027862499	OK	 
REQUEST		Buscar profissional criado	1628027861912	1628027862512	OK	 
REQUEST		Buscar profissional criado	1628027861886	1628027862517	OK	 
REQUEST		Buscar profissional criado	1628027861985	1628027862585	OK	 
REQUEST		Buscar profissional criado	1628027862183	1628027862598	OK	 
REQUEST		Buscar profissional criado	1628027862360	1628027862676	OK	 
REQUEST		Buscar profissional criado	1628027862375	1628027862687	OK	 
REQUEST		Buscar profissional criado	1628027862379	1628027862689	OK	 
REQUEST		Buscar profissional criado	1628027862384	1628027862693	OK	 
REQUEST		Buscar profissional criado	1628027862388	1628027862695	OK	 
REQUEST		Editar profissional	1628027862599	1628027862973	KO	status.find.is(200), but actually found 500
REQUEST		Editar profissional	1628027862369	1628027863081	KO	status.find.is(200), but actually found 400
REQUEST		Editar profissional	1628027862371	1628027863084	KO	status.find.is(200), but actually found 400
REQUEST		Editar profissional	1628027862426	1628027863088	KO	status.find.is(200), but actually found 400
REQUEST		Editar profissional	1628027862411	1628027863088	KO	status.find.is(200), but actually found 400
REQUEST		Editar profissional	1628027861914	1628027863093	KO	status.find.is(200), but actually found 400
REQUEST		Editar profissional	1628027862391	1628027863086	KO	status.find.is(200), but actually found 400
REQUEST		Editar profissional	1628027862414	1628027863097	KO	status.find.is(200), but actually found 400
REQUEST		Editar profissional	1628027862404	1628027863099	KO	status.find.is(200), but actually found 400
REQUEST		Editar profissional	1628027862419	1628027863101	KO	status.find.is(200), but actually found 400
REQUEST		Editar profissional	1628027862408	1628027863103	KO	status.find.is(200), but actually found 400
REQUEST		Editar profissional	1628027861896	1628027863104	KO	status.find.is(200), but actually found 400
REQUEST		Editar profissional	1628027861993	1628027863105	KO	status.find.is(200), but actually found 400
REQUEST		Editar profissional	1628027862094	1628027863162	KO	status.find.is(200), but actually found 400
REQUEST		Editar profissional	1628027862209	1628027863165	KO	status.find.is(200), but actually found 400
REQUEST		Editar profissional	1628027862190	1628027863167	KO	status.find.is(200), but actually found 400
REQUEST		Editar profissional	1628027862194	1628027863176	KO	status.find.is(200), but actually found 400
REQUEST		Editar profissional	1628027862090	1628027863173	KO	status.find.is(200), but actually found 400
REQUEST		Editar profissional	1628027862218	1628027863179	KO	status.find.is(200), but actually found 400
REQUEST		Editar profissional	1628027862232	1628027863183	KO	status.find.is(200), but actually found 400
REQUEST		Editar profissional	1628027859778	1628027863187	OK	 
REQUEST		Editar profissional	1628027862213	1628027863204	KO	status.find.is(200), but actually found 400
REQUEST		Editar profissional	1628027862507	1628027863206	KO	status.find.is(200), but actually found 400
REQUEST		Editar profissional	1628027862235	1628027863207	KO	status.find.is(200), but actually found 400
REQUEST		Editar profissional	1628027862518	1628027863268	KO	status.find.is(200), but actually found 400
REQUEST		Editar profissional	1628027862506	1628027863273	KO	status.find.is(200), but actually found 400
REQUEST		Editar profissional	1628027861170	1628027863274	KO	status.find.is(200), but actually found 400
REQUEST		Editar profissional	1628027862223	1628027863278	KO	status.find.is(200), but actually found 400
REQUEST		Editar profissional	1628027862239	1628027863280	KO	status.find.is(200), but actually found 400
REQUEST		Editar profissional	1628027862339	1628027863305	KO	status.find.is(200), but actually found 400
REQUEST		Editar profissional	1628027862351	1628027863307	KO	status.find.is(200), but actually found 400
REQUEST		Editar profissional	1628027862354	1628027863308	KO	status.find.is(200), but actually found 400
REQUEST		Editar profissional	1628027861783	1628027863602	OK	 
REQUEST		Editar profissional	1628027861802	1628027863664	OK	 
REQUEST		Editar profissional	1628027861798	1628027863675	OK	 
REQUEST		Editar profissional	1628027861786	1628027863679	OK	 
REQUEST		Editar profissional	1628027862096	1628027863681	OK	 
REQUEST		Editar profissional	1628027862101	1628027863688	OK	 
REQUEST		Editar profissional	1628027861807	1628027863721	OK	 
REQUEST		Editar profissional	1628027862123	1628027863723	OK	 
REQUEST		Editar profissional	1628027861788	1628027863728	OK	 
REQUEST		Editar profissional	1628027862347	1628027863732	OK	 
REQUEST		Editar profissional	1628027862357	1628027863740	OK	 
REQUEST		Editar profissional	1628027862120	1628027863743	OK	 
REQUEST		Editar profissional	1628027862104	1628027863747	OK	 
REQUEST		Editar profissional	1628027862367	1628027863774	OK	 
REQUEST		Editar profissional	1628027862336	1628027863783	OK	 
REQUEST		Editar profissional	1628027862364	1628027863784	OK	 
REQUEST		Editar profissional	1628027862479	1628027863792	OK	 
REQUEST		Editar profissional	1628027862511	1628027863797	OK	 
REQUEST		Editar profissional	1628027862503	1628027863798	OK	 
REQUEST		Editar profissional	1628027862501	1628027863865	OK	 
REQUEST		Editar profissional	1628027862498	1628027863868	OK	 
REQUEST		Editar profissional	1628027862514	1628027863874	OK	 
REQUEST		Deletar profissional	1628027862977	1628027863901	OK	 
REQUEST		Deletar profissional	1628027863089	1628027863907	OK	 
REQUEST		Editar profissional	1628027862677	1628027863909	OK	 
REQUEST		Deletar profissional	1628027863085	1628027863912	OK	 
REQUEST		Deletar profissional	1628027863082	1628027863914	OK	 
REQUEST		Editar profissional	1628027862588	1628027863898	OK	 
REQUEST		Deletar profissional	1628027863098	1628027863921	OK	 
REQUEST		Editar profissional	1628027862696	1628027863970	OK	 
REQUEST		Editar profissional	1628027862690	1628027863972	OK	 
REQUEST		Editar profissional	1628027862695	1628027863993	OK	 
REQUEST		Deletar profissional	1628027863191	1628027863998	OK	 
REQUEST		Deletar profissional	1628027863098	1628027863999	OK	 
REQUEST		Editar profissional	1628027862688	1628027864002	OK	 
REQUEST		Deletar profissional	1628027863208	1628027864005	OK	 
REQUEST		Deletar profissional	1628027863205	1628027864007	OK	 
REQUEST		Deletar profissional	1628027863181	1628027864010	OK	 
REQUEST		Deletar profissional	1628027863281	1628027864014	OK	 
REQUEST		Deletar profissional	1628027863104	1628027864015	OK	 
REQUEST		Deletar profissional	1628027863175	1628027864019	OK	 
REQUEST		Deletar profissional	1628027863177	1628027864021	OK	 
REQUEST		Deletar profissional	1628027863166	1628027864023	OK	 
REQUEST		Deletar profissional	1628027863106	1628027864026	OK	 
REQUEST		Deletar profissional	1628027863211	1628027864028	OK	 
REQUEST		Deletar profissional	1628027863092	1628027864031	OK	 
REQUEST		Deletar profissional	1628027863095	1628027864034	OK	 
REQUEST		Deletar profissional	1628027863179	1628027864036	OK	 
REQUEST		Deletar profissional	1628027863163	1628027864038	OK	 
REQUEST		Deletar profissional	1628027863104	1628027864041	OK	 
REQUEST		Deletar profissional	1628027863101	1628027864044	OK	 
REQUEST		Deletar profissional	1628027863102	1628027864046	OK	 
REQUEST		Deletar profissional	1628027863269	1628027864082	OK	 
REQUEST		Deletar profissional	1628027863274	1628027864088	OK	 
REQUEST		Deletar profissional	1628027863310	1628027864107	OK	 
REQUEST		Deletar profissional	1628027863306	1628027864111	OK	 
REQUEST		Deletar profissional	1628027863308	1628027864112	OK	 
REQUEST		Deletar profissional	1628027863277	1628027864115	OK	 
REQUEST		Deletar profissional	1628027863279	1628027864129	OK	 
REQUEST		Deletar profissional	1628027863186	1628027864130	OK	 
REQUEST		Deletar profissional	1628027863603	1628027868501	OK	 
REQUEST		Deletar profissional	1628027863665	1628027868895	OK	 
REQUEST		Deletar profissional	1628027863676	1628027868895	OK	 
REQUEST		Deletar profissional	1628027863680	1628027868897	OK	 
REQUEST		Listagem de clientes	1628027863902	1628027869488	OK	 
REQUEST		Listagem de clientes	1628027863908	1628027869492	OK	 
REQUEST		Listagem de clientes	1628027863916	1628027869488	OK	 
REQUEST		Listagem de clientes	1628027863922	1628027869499	OK	 
REQUEST		Listagem de clientes	1628027863913	1628027869503	OK	 
REQUEST		Deletar profissional	1628027863687	1628027869883	OK	 
REQUEST		Deletar profissional	1628027863719	1628027869973	OK	 
REQUEST		Deletar profissional	1628027863738	1628027869975	OK	 
REQUEST		Deletar profissional	1628027863730	1628027869979	OK	 
REQUEST		Listagem de clientes	1628027864010	1628027869983	OK	 
REQUEST		Listagem de clientes	1628027864009	1628027869992	OK	 
REQUEST		Listagem de clientes	1628027864006	1628027870001	OK	 
REQUEST		Listagem de clientes	1628027864015	1628027870008	OK	 
REQUEST		Listagem de clientes	1628027864026	1628027870011	OK	 
REQUEST		Listagem de clientes	1628027864025	1628027870016	OK	 
REQUEST		Listagem de clientes	1628027864045	1628027870019	OK	 
REQUEST		Listagem de clientes	1628027864040	1628027870023	OK	 
REQUEST		Listagem de clientes	1628027864032	1628027870031	OK	 
REQUEST		Deletar profissional	1628027863722	1628027870373	OK	 
REQUEST		Deletar profissional	1628027863726	1628027870374	OK	 
REQUEST		Deletar profissional	1628027863742	1628027870397	OK	 
REQUEST		Deletar profissional	1628027863745	1628027870400	OK	 
REQUEST		Deletar profissional	1628027863749	1628027870402	OK	 
REQUEST		Deletar profissional	1628027863778	1628027870405	OK	 
REQUEST		Deletar profissional	1628027863792	1628027870694	OK	 
REQUEST		Listagem de clientes	1628027864042	1628027870694	OK	 
REQUEST		Listagem de clientes	1628027864127	1628027871397	OK	 
REQUEST		Listagem de clientes	1628027864099	1628027871399	OK	 
REQUEST		Listagem de clientes	1628027864018	1628027871402	OK	 
REQUEST		Listagem de clientes	1628027864019	1628027871404	OK	 
REQUEST		Listagem de clientes	1628027864022	1628027871405	OK	 
REQUEST		Listagem de clientes	1628027864037	1628027871402	OK	 
REQUEST		Listagem de clientes	1628027864028	1628027871407	OK	 
REQUEST		Listagem de clientes	1628027864114	1628027871408	OK	 
REQUEST		Listagem de clientes	1628027864133	1628027871410	OK	 
REQUEST		Listagem de clientes	1628027864108	1628027871415	OK	 
REQUEST		Listagem de clientes	1628027863998	1628027871418	OK	 
REQUEST		Listagem de clientes	1628027864001	1628027871419	OK	 
REQUEST		Listagem de clientes	1628027864111	1628027871421	OK	 
REQUEST		Listagem de clientes	1628027864035	1628027871423	OK	 
REQUEST		Listagem de clientes	1628027864048	1628027871426	OK	 
REQUEST		Deletar profissional	1628027863784	1628027871509	OK	 
REQUEST		Deletar profissional	1628027863867	1628027871562	OK	 
REQUEST		Deletar profissional	1628027863801	1628027871564	OK	 
REQUEST		Listagem de clientes	1628027864130	1628027871566	OK	 
REQUEST		Listagem de clientes	1628027864114	1628027871567	OK	 
REQUEST		Deletar profissional	1628027863793	1628027872016	OK	 
REQUEST		Deletar profissional	1628027863871	1628027872034	OK	 
REQUEST		Deletar profissional	1628027863875	1628027872043	OK	 
REQUEST		Deletar profissional	1628027863798	1628027872046	OK	 
REQUEST		Deletar profissional	1628027863909	1628027873291	OK	 
REQUEST		Deletar profissional	1628027863917	1628027873293	OK	 
REQUEST		Deletar profissional	1628027863971	1628027874100	OK	 
REQUEST		Deletar profissional	1628027863992	1628027874300	OK	 
REQUEST		Deletar profissional	1628027864003	1628027874302	OK	 
REQUEST		Deletar profissional	1628027863994	1628027874303	OK	 
REQUEST		Listagem de clientes	1628027868896	1628027875282	OK	 
REQUEST		Listagem de clientes	1628027868501	1628027875973	OK	 
REQUEST		Listagem de clientes	1628027868896	1628027875978	OK	 
REQUEST		Listagem de clientes	1628027868898	1628027876470	OK	 
REQUEST		Listagem de clientes	1628027869979	1628027876571	OK	 
REQUEST		Listagem de clientes	1628027869976	1628027876573	OK	 
REQUEST		Listagem de clientes	1628027869883	1628027876571	OK	 
REQUEST		Listagem de clientes	1628027869975	1628027876582	OK	 
REQUEST		Listagem de clientes	1628027870695	1628027877276	OK	 
REQUEST		Listagem de clientes	1628027870398	1628027877280	OK	 
REQUEST		Listagem de clientes	1628027870374	1628027877277	OK	 
REQUEST		Listagem de clientes	1628027870386	1628027877283	OK	 
REQUEST		Listagem de clientes	1628027870401	1628027877280	OK	 
REQUEST		Listagem de clientes	1628027870404	1628027877286	OK	 
REQUEST		Listagem de clientes	1628027870406	1628027877288	OK	 
REQUEST		Listagem de clientes	1628027871510	1628027877289	OK	 
REQUEST		Listagem de clientes	1628027871564	1628027877507	OK	 
REQUEST		Listagem de clientes	1628027872042	1628027878281	OK	 
REQUEST		Listagem de clientes	1628027872044	1628027878675	OK	 
REQUEST		Listagem de clientes	1628027872019	1628027878675	OK	 
REQUEST		Listagem de clientes	1628027871565	1628027878677	OK	 
REQUEST		Listagem de clientes	1628027873292	1628027878867	OK	 
REQUEST		Listagem de clientes	1628027872047	1628027878901	OK	 
REQUEST		Listagem de clientes	1628027873294	1628027878906	OK	 
REQUEST		Listagem de clientes	1628027874301	1628027879362	OK	 
REQUEST		Listagem de clientes	1628027874303	1628027879364	OK	 
REQUEST		Listagem de clientes	1628027874304	1628027879366	OK	 
REQUEST		Listagem de clientes	1628027874101	1628027879369	OK	 
REQUEST		Adicionar novo cliente	1628027869494	1628027880012	OK	 
REQUEST		Adicionar novo cliente	1628027869491	1628027880015	OK	 
REQUEST		Adicionar novo cliente	1628027869505	1628027880066	OK	 
REQUEST		Adicionar novo cliente	1628027869502	1628027880067	OK	 
REQUEST		Adicionar novo cliente	1628027869506	1628027880068	OK	 
REQUEST		Adicionar novo cliente	1628027870035	1628027880093	OK	 
REQUEST		Adicionar novo cliente	1628027870021	1628027880096	OK	 
REQUEST		Adicionar novo cliente	1628027870015	1628027880102	OK	 
REQUEST		Adicionar novo cliente	1628027870010	1628027880101	OK	 
REQUEST		Adicionar novo cliente	1628027869991	1628027880108	OK	 
REQUEST		Adicionar novo cliente	1628027870018	1628027880106	OK	 
REQUEST		Adicionar novo cliente	1628027870030	1628027880102	OK	 
REQUEST		Adicionar novo cliente	1628027871409	1628027880178	OK	 
REQUEST		Adicionar novo cliente	1628027869995	1628027880181	OK	 
REQUEST		Adicionar novo cliente	1628027870004	1628027880192	OK	 
REQUEST		Adicionar novo cliente	1628027871401	1628027880194	OK	 
REQUEST		Adicionar novo cliente	1628027871425	1628027880178	OK	 
REQUEST		Adicionar novo cliente	1628027870695	1628027880196	OK	 
REQUEST		Buscar cliente criado	1628027880014	1628027880200	OK	 
REQUEST		Adicionar novo cliente	1628027871403	1628027880203	OK	 
REQUEST		Adicionar novo cliente	1628027871405	1628027880205	OK	 
REQUEST		Buscar cliente criado	1628027880018	1628027880206	OK	 
REQUEST		Adicionar novo cliente	1628027871399	1628027880293	OK	 
REQUEST		Adicionar novo cliente	1628027871567	1628027880295	OK	 
REQUEST		Adicionar novo cliente	1628027871427	1628027880297	OK	 
REQUEST		Adicionar novo cliente	1628027871425	1628027880299	OK	 
REQUEST		Adicionar novo cliente	1628027871419	1628027880302	OK	 
REQUEST		Adicionar novo cliente	1628027871420	1628027880306	OK	 
REQUEST		Adicionar novo cliente	1628027871408	1628027880305	OK	 
REQUEST		Adicionar novo cliente	1628027871417	1628027880299	OK	 
REQUEST		Adicionar novo cliente	1628027871415	1628027880373	OK	 
REQUEST		Buscar cliente criado	1628027880070	1628027880375	OK	 
REQUEST		Adicionar novo cliente	1628027871417	1628027880383	OK	 
REQUEST		Adicionar novo cliente	1628027871576	1628027880392	OK	 
REQUEST		Buscar cliente criado	1628027880067	1628027880394	OK	 
REQUEST		Adicionar novo cliente	1628027871406	1628027880392	OK	 
REQUEST		Buscar cliente criado	1628027880068	1628027880398	OK	 
REQUEST		Buscar cliente criado	1628027880096	1628027880592	OK	 
REQUEST		Buscar cliente criado	1628027880101	1628027880594	OK	 
REQUEST		Buscar cliente criado	1628027880106	1628027880598	OK	 
REQUEST		Buscar cliente criado	1628027880104	1628027880662	OK	 
REQUEST		Buscar cliente criado	1628027880109	1628027880662	OK	 
REQUEST		Buscar cliente criado	1628027880110	1628027880666	OK	 
REQUEST		Buscar cliente criado	1628027880112	1628027880668	OK	 
REQUEST		Buscar cliente criado	1628027880182	1628027881066	OK	 
REQUEST		Buscar cliente criado	1628027880195	1628027881067	OK	 
REQUEST		Buscar cliente criado	1628027880198	1628027881069	OK	 
REQUEST		Buscar cliente criado	1628027880195	1628027881071	OK	 
REQUEST		Buscar cliente criado	1628027880193	1628027881075	OK	 
REQUEST		Buscar cliente criado	1628027880180	1628027881077	OK	 
REQUEST		Buscar cliente criado	1628027880204	1628027881082	OK	 
REQUEST		Buscar cliente criado	1628027880206	1628027881083	OK	 
REQUEST		Buscar cliente criado	1628027880294	1628027881271	OK	 
REQUEST		Buscar cliente criado	1628027880298	1628027881273	OK	 
REQUEST		Adicionar novo cliente	1628027875284	1628027881271	OK	 
REQUEST		Buscar cliente criado	1628027880307	1628027881275	OK	 
REQUEST		Buscar cliente criado	1628027880297	1628027881279	OK	 
REQUEST		Buscar cliente criado	1628027880374	1628027881281	OK	 
REQUEST		Buscar cliente criado	1628027880300	1628027881273	OK	 
REQUEST		Buscar cliente criado	1628027880307	1628027881284	OK	 
REQUEST		Buscar cliente criado	1628027880305	1628027881284	OK	 
REQUEST		Buscar cliente criado	1628027880308	1628027881286	OK	 
REQUEST		Buscar cliente criado	1628027880393	1628027881288	OK	 
REQUEST		Buscar cliente criado	1628027880384	1628027881289	OK	 
REQUEST		Buscar cliente criado	1628027880414	1628027881598	OK	 
REQUEST		Adicionar novo cliente	1628027875980	1628027881680	OK	 
REQUEST		Adicionar novo cliente	1628027875977	1628027881680	OK	 
REQUEST		Adicionar novo cliente	1628027876471	1628027881683	OK	 
REQUEST		Adicionar novo cliente	1628027876584	1628027881692	OK	 
REQUEST		Adicionar novo cliente	1628027876572	1628027882263	OK	 
REQUEST		Adicionar novo cliente	1628027876578	1628027882276	OK	 
REQUEST		Adicionar novo cliente	1628027877288	1628027882470	OK	 
REQUEST		Adicionar novo cliente	1628027877287	1628027882475	OK	 
REQUEST		Adicionar novo cliente	1628027877279	1628027882480	OK	 
REQUEST		Adicionar novo cliente	1628027877509	1628027882482	OK	 
REQUEST		Adicionar novo cliente	1628027877284	1628027882483	OK	 
REQUEST		Buscar cliente criado	1628027881274	1628027882485	OK	 
REQUEST		Adicionar novo cliente	1628027876580	1628027882487	OK	 
REQUEST		Adicionar novo cliente	1628027877282	1628027882489	OK	 
REQUEST		Adicionar novo cliente	1628027877281	1628027882481	OK	 
REQUEST		Adicionar novo cliente	1628027877291	1628027882569	OK	 
REQUEST		Adicionar novo cliente	1628027878283	1628027882792	OK	 
REQUEST		Adicionar novo cliente	1628027877285	1628027882794	OK	 
REQUEST		Adicionar novo cliente	1628027878677	1628027882798	OK	 
REQUEST		Adicionar novo cliente	1628027878697	1628027882992	OK	 
REQUEST		Adicionar novo cliente	1628027878697	1628027882993	OK	 
REQUEST		Buscar cliente criado	1628027881682	1628027882995	OK	 
REQUEST		Adicionar novo cliente	1628027878869	1628027882993	OK	 
REQUEST		Buscar cliente criado	1628027881691	1628027883003	OK	 
REQUEST		Buscar cliente criado	1628027881693	1628027883006	OK	 
REQUEST		Buscar cliente criado	1628027881694	1628027883019	OK	 
REQUEST		Adicionar novo cliente	1628027878907	1628027883085	OK	 
REQUEST		Adicionar novo cliente	1628027878905	1628027883087	OK	 
REQUEST		Buscar cliente criado	1628027882264	1628027883095	OK	 
REQUEST		Buscar cliente criado	1628027882474	1628027883314	OK	 
REQUEST		Adicionar novo cliente	1628027879365	1628027883306	OK	 
REQUEST		Buscar cliente criado	1628027882282	1628027883319	OK	 
REQUEST		Buscar cliente criado	1628027882492	1628027883323	OK	 
REQUEST		Adicionar novo cliente	1628027879367	1628027883330	OK	 
REQUEST		Adicionar novo cliente	1628027879373	1628027883335	OK	 
REQUEST		Buscar cliente criado	1628027882479	1628027883316	OK	 
REQUEST		Buscar cliente criado	1628027882492	1628027883338	OK	 
REQUEST		Buscar cliente criado	1628027882483	1628027883341	OK	 
REQUEST		Buscar cliente criado	1628027882484	1628027883343	OK	 
REQUEST		Buscar cliente criado	1628027882491	1628027883344	OK	 
REQUEST		Buscar cliente criado	1628027882481	1628027883345	OK	 
REQUEST		Adicionar novo cliente	1628027879363	1628027883476	OK	 
REQUEST		Buscar cliente criado	1628027882570	1628027883476	OK	 
REQUEST		Buscar cliente criado	1628027882797	1628027883478	OK	 
REQUEST		Buscar cliente criado	1628027882994	1628027883479	OK	 
REQUEST		Buscar cliente criado	1628027882793	1628027883481	OK	 
REQUEST		Buscar cliente criado	1628027882799	1628027883482	OK	 
REQUEST		Buscar cliente criado	1628027883009	1628027883966	OK	 
REQUEST		Buscar cliente criado	1628027883010	1628027883982	OK	 
REQUEST		Buscar cliente criado	1628027883087	1628027883984	OK	 
REQUEST		Buscar cliente criado	1628027883094	1628027883988	OK	 
REQUEST		Buscar cliente criado	1628027883318	1628027884465	OK	 
REQUEST		Buscar cliente criado	1628027883333	1628027884467	OK	 
REQUEST		Buscar cliente criado	1628027883336	1628027884469	OK	 
REQUEST		Buscar cliente criado	1628027883479	1628027884484	OK	 
REQUEST		Editar cliente	1628027880207	1628027884795	OK	 
REQUEST		Editar cliente	1628027880202	1628027884805	OK	 
REQUEST		Editar cliente	1628027880395	1628027884966	OK	 
REQUEST		Editar cliente	1628027880415	1628027884978	OK	 
REQUEST		Editar cliente	1628027880593	1628027884979	OK	 
REQUEST		Editar cliente	1628027880382	1628027884980	OK	 
REQUEST		Editar cliente	1628027880598	1628027884980	OK	 
REQUEST		Editar cliente	1628027880665	1628027885064	OK	 
REQUEST		Editar cliente	1628027880669	1628027885064	OK	 
REQUEST		Editar cliente	1628027881070	1628027885066	OK	 
REQUEST		Editar cliente	1628027880600	1628027885067	OK	 
REQUEST		Editar cliente	1628027880665	1628027885068	OK	 
REQUEST		Editar cliente	1628027881080	1628027885069	OK	 
REQUEST		Editar cliente	1628027880667	1628027885070	OK	 
REQUEST		Editar cliente	1628027881069	1628027885093	OK	 
REQUEST		Editar cliente	1628027881085	1628027885094	OK	 
REQUEST		Editar cliente	1628027881076	1628027885097	OK	 
REQUEST		Editar cliente	1628027881083	1628027885096	OK	 
REQUEST		Editar cliente	1628027881068	1628027885099	OK	 
REQUEST		Editar cliente	1628027881275	1628027885493	OK	 
REQUEST		Editar cliente	1628027881283	1628027885494	OK	 
REQUEST		Editar cliente	1628027881081	1628027885495	OK	 
REQUEST		Editar cliente	1628027881283	1628027885496	OK	 
REQUEST		Editar cliente	1628027881280	1628027885697	OK	 
REQUEST		Editar cliente	1628027881285	1628027885699	OK	 
REQUEST		Editar cliente	1628027881289	1628027885702	OK	 
REQUEST		Editar cliente	1628027881292	1628027885713	OK	 
REQUEST		Editar cliente	1628027881284	1628027885715	OK	 
REQUEST		Editar cliente	1628027881599	1628027885721	OK	 
REQUEST		Editar cliente	1628027881294	1628027885886	OK	 
REQUEST		Editar cliente	1628027881272	1628027885888	OK	 
REQUEST		Editar cliente	1628027881287	1628027885892	OK	 
REQUEST		Editar cliente	1628027882488	1628027886275	OK	 
REQUEST		Editar cliente	1628027883007	1628027886310	OK	 
REQUEST		Editar cliente	1628027883000	1628027886313	OK	 
REQUEST		Editar cliente	1628027883004	1628027886315	OK	 
REQUEST		Deletar cliente	1628027884796	1628027886313	OK	 
REQUEST		Editar cliente	1628027883024	1628027886364	OK	 
REQUEST		Editar cliente	1628027883329	1628027886482	OK	 
REQUEST		Deletar cliente	1628027884806	1628027886484	OK	 
REQUEST		Editar cliente	1628027883344	1628027886582	OK	 
REQUEST		Editar cliente	1628027883346	1628027886584	OK	 
REQUEST		Editar cliente	1628027883096	1628027886588	OK	 
REQUEST		Editar cliente	1628027883320	1628027886590	OK	 
REQUEST		Editar cliente	1628027883345	1628027886591	OK	 
REQUEST		Editar cliente	1628027883339	1628027886595	OK	 
REQUEST		Editar cliente	1628027883315	1628027886597	OK	 
REQUEST		Editar cliente	1628027883339	1628027886598	OK	 
REQUEST		Editar cliente	1628027883482	1628027886679	OK	 
REQUEST		Editar cliente	1628027883971	1628027886679	OK	 
REQUEST		Deletar cliente	1628027884979	1628027886682	OK	 
REQUEST		Editar cliente	1628027883481	1628027886682	OK	 
REQUEST		Editar cliente	1628027883479	1628027886683	OK	 
REQUEST		Editar cliente	1628027883477	1628027886684	OK	 
REQUEST		Editar cliente	1628027883342	1628027886686	OK	 
REQUEST		Editar cliente	1628027883483	1628027886690	OK	 
REQUEST		Editar cliente	1628027883984	1628027886691	OK	 
REQUEST		Deletar cliente	1628027884967	1628027886694	OK	 
REQUEST		Deletar cliente	1628027884980	1628027886697	OK	 
REQUEST		Editar cliente	1628027883987	1628027886698	OK	 
REQUEST		Editar cliente	1628027883989	1628027886700	OK	 
REQUEST		Deletar cliente	1628027884980	1628027886701	OK	 
REQUEST		Deletar cliente	1628027884981	1628027886993	OK	 
REQUEST		Deletar cliente	1628027885066	1628027887291	OK	 
REQUEST		Deletar cliente	1628027885070	1628027887292	OK	 
REQUEST		Deletar cliente	1628027885071	1628027887294	OK	 
REQUEST		Deletar cliente	1628027885069	1628027887297	OK	 
REQUEST		Deletar cliente	1628027885070	1628027887297	OK	 
REQUEST		Deletar cliente	1628027885068	1628027887299	OK	 
REQUEST		Editar cliente	1628027884466	1628027887469	OK	 
REQUEST		Editar cliente	1628027884485	1628027887470	OK	 
REQUEST		Deletar cliente	1628027885065	1628027887473	OK	 
REQUEST		Editar cliente	1628027884472	1628027887571	OK	 
REQUEST		Deletar cliente	1628027885097	1628027887571	OK	 
REQUEST		Deletar cliente	1628027885096	1628027887572	OK	 
REQUEST		Deletar cliente	1628027885099	1628027887978	OK	 
REQUEST		Deletar cliente	1628027885494	1628027887979	OK	 
REQUEST		Deletar cliente	1628027885698	1628027887980	OK	 
REQUEST		Deletar cliente	1628027885497	1628027887981	OK	 
REQUEST		Editar cliente	1628027884468	1628027887982	OK	 
REQUEST		Deletar cliente	1628027885098	1628027887978	OK	 
REQUEST		Deletar cliente	1628027885095	1628027887984	OK	 
REQUEST		Deletar cliente	1628027885496	1628027887985	OK	 
REQUEST		Deletar cliente	1628027885494	1628027887986	OK	 
REQUEST		Deletar cliente	1628027885701	1628027888200	OK	 
REQUEST		Deletar cliente	1628027885722	1628027888200	OK	 
REQUEST		Deletar cliente	1628027885717	1628027888201	OK	 
REQUEST		Deletar cliente	1628027885703	1628027888204	OK	 
REQUEST		Deletar cliente	1628027885714	1628027888204	OK	 
REQUEST		Deletar cliente	1628027885888	1628027888489	OK	 
REQUEST		Deletar cliente	1628027885892	1628027888490	OK	 
REQUEST		Deletar cliente	1628027885891	1628027888492	OK	 
REQUEST		Deletar cliente	1628027886276	1628027888899	OK	 
REQUEST		Listagem de Acoes	1628027886706	1628027889177	OK	 
REQUEST		Listagem de Acoes	1628027886994	1628027889264	OK	 
REQUEST		Deletar cliente	1628027886311	1628027889363	OK	 
REQUEST		Deletar cliente	1628027886314	1628027889364	OK	 
REQUEST		Deletar cliente	1628027886315	1628027889366	OK	 
REQUEST		Deletar cliente	1628027886365	1628027889397	OK	 
REQUEST		Listagem de Acoes	1628027887297	1628027889399	OK	 
REQUEST		Listagem de Acoes	1628027887301	1628027889401	OK	 
REQUEST		Listagem de Acoes	1628027887295	1628027889410	OK	 
REQUEST		Listagem de Acoes	1628027887292	1628027889413	OK	 
REQUEST		Listagem de Acoes	1628027887474	1628027889415	OK	 
REQUEST		Listagem de Acoes	1628027887302	1628027889418	OK	 
REQUEST		Listagem de Acoes	1628027887295	1628027889420	OK	 
REQUEST		Listagem de Acoes	1628027887572	1628027889505	OK	 
REQUEST		Listagem de Acoes	1628027887573	1628027889559	OK	 
REQUEST		Listagem de Acoes	1628027887982	1628027889597	OK	 
REQUEST		Deletar cliente	1628027886483	1628027889625	OK	 
REQUEST		Listagem de Acoes	1628027887983	1628027889629	OK	 
REQUEST		Listagem de Acoes	1628027886322	1628027889631	OK	 
REQUEST		Listagem de Acoes	1628027887985	1628027889635	OK	 
REQUEST		Listagem de Acoes	1628027887981	1628027889788	OK	 
REQUEST		Listagem de Acoes	1628027887979	1628027889793	OK	 
REQUEST		Listagem de Acoes	1628027887980	1628027889795	OK	 
REQUEST		Listagem de Acoes	1628027887986	1628027889798	OK	 
REQUEST		Listagem de Acoes	1628027887984	1628027889800	OK	 
REQUEST		Deletar cliente	1628027886594	1628027889966	OK	 
REQUEST		Deletar cliente	1628027886595	1628027889967	OK	 
REQUEST		Deletar cliente	1628027886600	1628027889966	OK	 
REQUEST		Deletar cliente	1628027886598	1628027889967	OK	 
REQUEST		Deletar cliente	1628027886587	1628027889969	OK	 
REQUEST		Deletar cliente	1628027886583	1628027889969	OK	 
REQUEST		Listagem de Acoes	1628027888200	1628027889970	OK	 
REQUEST		Deletar cliente	1628027886588	1628027889972	OK	 
REQUEST		Deletar cliente	1628027886591	1628027889972	OK	 
REQUEST		Listagem de Acoes	1628027886695	1628027889973	OK	 
REQUEST		Listagem de Acoes	1628027888204	1628027890100	OK	 
REQUEST		Listagem de Acoes	1628027886697	1628027890103	OK	 
REQUEST		Listagem de Acoes	1628027886487	1628027890103	OK	 
REQUEST		Listagem de Acoes	1628027888203	1628027890103	OK	 
REQUEST		Listagem de Acoes	1628027888200	1628027890106	OK	 
REQUEST		Listagem de Acoes	1628027888492	1628027890107	OK	 
REQUEST		Listagem de Acoes	1628027888205	1628027890110	OK	 
REQUEST		Listagem de Acoes	1628027886694	1628027890112	OK	 
REQUEST		Listagem de Acoes	1628027888489	1628027890113	OK	 
REQUEST		Listagem de Acoes	1628027888492	1628027890162	OK	 
REQUEST		Deletar cliente	1628027886682	1628027890310	OK	 
REQUEST		Deletar cliente	1628027886698	1628027890316	OK	 
REQUEST		Deletar cliente	1628027886701	1628027890321	OK	 
REQUEST		Deletar cliente	1628027886685	1628027890322	OK	 
REQUEST		Deletar cliente	1628027886684	1628027890323	OK	 
REQUEST		Deletar cliente	1628027886683	1628027890323	OK	 
REQUEST		Deletar cliente	1628027886693	1628027890324	OK	 
REQUEST		Deletar cliente	1628027886685	1628027890325	OK	 
REQUEST		Deletar cliente	1628027886688	1628027890326	OK	 
REQUEST		Deletar cliente	1628027886691	1628027890327	OK	 
REQUEST		Listagem de Acoes	1628027888900	1628027890787	OK	 
REQUEST		Deletar cliente	1628027887473	1628027890892	OK	 
REQUEST		Deletar cliente	1628027887469	1628027890893	OK	 
REQUEST		Deletar cliente	1628027887572	1628027891574	OK	 
REQUEST		Deletar cliente	1628027887983	1628027891575	OK	 
REQUEST		Listagem de Acoes	1628027889363	1628027891580	OK	 
REQUEST		Listagem de Acoes	1628027889366	1628027891777	OK	 
REQUEST		Listagem de Acoes	1628027889366	1628027891780	OK	 
REQUEST		Listagem de Acoes	1628027889398	1628027891783	OK	 
REQUEST		Adicionar novo Acao	1628027889178	1628027891888	OK	 
REQUEST		Listagem de Acoes	1628027889968	1628027891989	OK	 
REQUEST		Listagem de Acoes	1628027889967	1628027891992	OK	 
REQUEST		Listagem de Acoes	1628027889969	1628027891996	OK	 
REQUEST		Listagem de Acoes	1628027889970	1628027892003	OK	 
REQUEST		Listagem de Acoes	1628027889972	1628027892007	OK	 
REQUEST		Listagem de Acoes	1628027889625	1628027892011	OK	 
REQUEST		Listagem de Acoes	1628027889973	1628027892185	OK	 
REQUEST		Adicionar novo Acao	1628027889267	1628027892271	OK	 
REQUEST		Listagem de Acoes	1628027889973	1628027892273	OK	 
REQUEST		Listagem de Acoes	1628027889966	1628027892278	OK	 
REQUEST		Adicionar novo Acao	1628027889415	1628027892278	OK	 
REQUEST		Adicionar novo Acao	1628027889417	1628027892565	OK	 
REQUEST		Adicionar novo Acao	1628027889419	1628027892567	OK	 
REQUEST		Adicionar novo Acao	1628027889438	1628027892568	OK	 
REQUEST		Adicionar novo Acao	1628027889412	1628027892565	OK	 
REQUEST		Adicionar novo Acao	1628027889400	1628027892572	OK	 
REQUEST		Adicionar novo Acao	1628027889404	1628027892574	OK	 
REQUEST		Adicionar novo Acao	1628027889506	1628027892661	OK	 
REQUEST		Adicionar novo Acao	1628027889630	1628027892662	OK	 
REQUEST		Adicionar novo Acao	1628027889637	1628027892667	OK	 
REQUEST		Listagem de Acoes	1628027890320	1628027892668	OK	 
REQUEST		Adicionar novo Acao	1628027889561	1628027892864	OK	 
REQUEST		Listagem de Acoes	1628027890315	1628027892866	OK	 
REQUEST		Listagem de Acoes	1628027890322	1628027892868	OK	 
REQUEST		Listagem de Acoes	1628027890323	1628027892871	OK	 
REQUEST		Listagem de Acoes	1628027890322	1628027892872	OK	 
REQUEST		Listagem de Acoes	1628027890326	1628027892874	OK	 
REQUEST		Listagem de Acoes	1628027890324	1628027892876	OK	 
REQUEST		Listagem de Acoes	1628027890325	1628027892871	OK	 
REQUEST		Listagem de Acoes	1628027890326	1628027892879	OK	 
REQUEST		Listagem de Acoes	1628027890329	1628027892879	OK	 
REQUEST		Adicionar novo Acao	1628027889598	1628027892896	OK	 
REQUEST		Adicionar novo Acao	1628027889789	1628027892897	OK	 
REQUEST		Adicionar novo Acao	1628027889971	1628027892900	OK	 
REQUEST		Adicionar novo Acao	1628027889799	1628027892902	OK	 
REQUEST		Adicionar novo Acao	1628027889796	1628027892961	OK	 
REQUEST		Adicionar novo Acao	1628027889794	1628027892965	OK	 
REQUEST		Adicionar novo Acao	1628027889633	1628027892966	OK	 
REQUEST		Adicionar novo Acao	1628027889801	1628027892972	OK	 
REQUEST		Listagem de Acoes	1628027890893	1628027892974	OK	 
REQUEST		Adicionar novo Acao	1628027890107	1628027893070	OK	 
REQUEST		Adicionar novo Acao	1628027890101	1628027893072	OK	 
REQUEST		Adicionar novo Acao	1628027890112	1628027893075	OK	 
REQUEST		Listagem de Acoes	1628027890895	1628027893077	OK	 
REQUEST		Adicionar novo Acao	1628027889974	1628027893292	OK	 
REQUEST		Adicionar novo Acao	1628027890113	1628027893295	OK	 
REQUEST		Adicionar novo Acao	1628027890111	1628027893301	OK	 
REQUEST		Adicionar novo Acao	1628027890106	1628027893303	OK	 
REQUEST		Adicionar novo Acao	1628027890109	1628027893305	OK	 
REQUEST		Adicionar novo Acao	1628027890105	1628027893308	OK	 
REQUEST		Adicionar novo Acao	1628027890104	1628027893311	OK	 
REQUEST		Adicionar novo Acao	1628027890163	1628027893374	OK	 
REQUEST		Adicionar novo Acao	1628027890788	1628027893380	OK	 
REQUEST		Listagem de Acoes	1628027891579	1628027893384	OK	 
REQUEST		Listagem de Acoes	1628027891574	1628027893389	OK	 
REQUEST		Buscar acao criada	1628027891894	1628027893412	OK	 
REQUEST		Buscar acao criada	1628027892282	1628027893670	OK	 
REQUEST		Buscar acao criada	1628027892566	1628027893681	OK	 
REQUEST		Buscar acao criada	1628027892272	1628027893685	OK	 
REQUEST		Adicionar novo Acao	1628027891582	1628027893691	OK	 
REQUEST		Adicionar novo Acao	1628027891778	1628027893693	OK	 
REQUEST		Adicionar novo Acao	1628027891781	1628027893696	OK	 
REQUEST		Buscar acao criada	1628027892572	1628027893698	OK	 
REQUEST		Buscar acao criada	1628027892865	1628027893699	OK	 
REQUEST		Buscar acao criada	1628027892574	1628027893702	OK	 
REQUEST		Buscar acao criada	1628027892568	1628027893711	OK	 
REQUEST		Adicionar novo Acao	1628027891999	1628027893715	OK	 
REQUEST		Buscar acao criada	1628027892663	1628027893718	OK	 
REQUEST		Buscar acao criada	1628027892974	1628027893719	OK	 
REQUEST		Buscar acao criada	1628027892901	1628027893723	OK	 
REQUEST		Buscar acao criada	1628027892571	1628027893725	OK	 
REQUEST		Buscar acao criada	1628027892971	1628027893726	OK	 
REQUEST		Buscar acao criada	1628027892668	1628027893732	OK	 
REQUEST		Buscar acao criada	1628027892904	1628027893739	OK	 
REQUEST		Adicionar novo Acao	1628027891783	1628027893740	OK	 
REQUEST		Buscar acao criada	1628027892898	1628027893742	OK	 
REQUEST		Adicionar novo Acao	1628027891993	1628027893743	OK	 
REQUEST		Buscar acao criada	1628027892897	1628027893745	OK	 
REQUEST		Buscar acao criada	1628027892662	1628027893746	OK	 
REQUEST		Buscar acao criada	1628027892575	1628027893747	OK	 
REQUEST		Adicionar novo Acao	1628027891990	1628027893748	OK	 
REQUEST		Buscar acao criada	1628027892964	1628027893750	OK	 
REQUEST		Buscar acao criada	1628027892965	1628027893753	OK	 
REQUEST		Adicionar novo Acao	1628027892005	1628027893761	OK	 
REQUEST		Adicionar novo Acao	1628027892009	1628027893762	OK	 
REQUEST		Adicionar novo Acao	1628027892011	1628027893763	OK	 
REQUEST		Buscar acao criada	1628027893076	1628027893871	OK	 
REQUEST		Buscar acao criada	1628027893071	1628027893872	OK	 
REQUEST		Adicionar novo Acao	1628027892190	1628027893875	OK	 
REQUEST		Buscar acao criada	1628027893074	1628027893876	OK	 
REQUEST		Buscar acao criada	1628027893304	1628027894288	OK	 
REQUEST		Buscar acao criada	1628027893307	1628027894290	OK	 
REQUEST		Buscar acao criada	1628027893309	1628027894294	OK	 
REQUEST		Buscar acao criada	1628027893300	1628027894294	OK	 
REQUEST		Adicionar novo Acao	1628027892278	1628027894295	OK	 
REQUEST		Buscar acao criada	1628027893294	1628027894297	OK	 
REQUEST		Buscar acao criada	1628027893311	1628027894303	OK	 
REQUEST		Adicionar novo Acao	1628027892281	1628027894304	OK	 
REQUEST		Buscar acao criada	1628027893301	1628027894307	OK	 
REQUEST		Buscar acao criada	1628027893384	1628027894380	OK	 
REQUEST		Adicionar novo Acao	1628027892867	1628027894382	OK	 
REQUEST		Buscar acao criada	1628027893380	1628027894380	OK	 
REQUEST		Adicionar novo Acao	1628027892672	1628027894384	OK	 
REQUEST		Adicionar novo Acao	1628027892869	1628027894487	OK	 
REQUEST		Adicionar novo Acao	1628027892878	1628027894486	OK	 
REQUEST		Adicionar novo Acao	1628027892877	1628027894488	OK	 
REQUEST		Adicionar novo Acao	1628027892871	1628027894490	OK	 
REQUEST		Adicionar novo Acao	1628027892876	1628027894491	OK	 
REQUEST		Adicionar novo Acao	1628027892879	1628027894491	OK	 
REQUEST		Adicionar novo Acao	1628027892878	1628027894492	OK	 
REQUEST		Adicionar novo Acao	1628027892880	1628027894493	OK	 
REQUEST		Adicionar novo Acao	1628027892976	1628027894689	OK	 
REQUEST		Adicionar novo Acao	1628027893079	1628027894785	OK	 
REQUEST		Adicionar novo Acao	1628027893394	1628027894978	OK	 
REQUEST		Adicionar novo Acao	1628027893389	1628027894979	OK	 
REQUEST		Buscar acao criada	1628027893692	1628027894991	OK	 
REQUEST		Buscar acao criada	1628027893695	1628027894994	OK	 
REQUEST		Buscar acao criada	1628027893696	1628027894995	OK	 
REQUEST		Buscar acao criada	1628027893716	1628027894996	OK	 
REQUEST		Buscar acao criada	1628027893741	1628027894997	OK	 
REQUEST		Buscar acao criada	1628027893744	1628027894998	OK	 
REQUEST		Buscar acao criada	1628027893748	1628027895004	OK	 
REQUEST		Buscar acao criada	1628027893763	1628027895010	OK	 
REQUEST		Buscar acao criada	1628027893764	1628027895012	OK	 
REQUEST		Buscar acao criada	1628027893762	1628027895016	OK	 
REQUEST		Buscar acao criada	1628027893876	1628027895072	OK	 
REQUEST		Buscar acao criada	1628027894306	1628027895211	OK	 
REQUEST		Buscar acao criada	1628027894296	1628027895211	OK	 
REQUEST		Buscar acao criada	1628027894384	1628027895366	OK	 
REQUEST		Buscar acao criada	1628027894487	1628027895366	OK	 
REQUEST		Buscar acao criada	1628027894382	1628027895367	OK	 
REQUEST		Buscar acao criada	1628027894488	1628027895493	OK	 
REQUEST		Buscar acao criada	1628027894490	1628027895495	OK	 
REQUEST		Buscar acao criada	1628027894491	1628027895498	OK	 
REQUEST		Buscar acao criada	1628027894489	1628027895504	OK	 
REQUEST		Buscar acao criada	1628027894492	1628027895505	OK	 
REQUEST		Buscar acao criada	1628027894493	1628027895506	OK	 
REQUEST		Buscar acao criada	1628027894494	1628027895507	OK	 
REQUEST		Buscar acao criada	1628027894690	1628027895509	OK	 
REQUEST		Buscar acao criada	1628027894786	1628027895597	OK	 
REQUEST		Editar acao	1628027893412	1628027895598	OK	 
REQUEST		Buscar acao criada	1628027894979	1628027895975	OK	 
REQUEST		Editar acao	1628027893680	1628027895984	OK	 
REQUEST		Buscar acao criada	1628027894980	1628027895984	OK	 
REQUEST		Editar acao	1628027893685	1628027895991	OK	 
REQUEST		Editar acao	1628027893686	1628027896020	OK	 
REQUEST		Editar acao	1628027893754	1628027896021	OK	 
REQUEST		Editar acao	1628027893751	1628027896024	OK	 
REQUEST		Editar acao	1628027893722	1628027896026	OK	 
REQUEST		Editar acao	1628027893718	1628027896027	OK	 
REQUEST		Editar acao	1628027893726	1628027896030	OK	 
REQUEST		Editar acao	1628027893729	1628027896033	OK	 
REQUEST		Editar acao	1628027893733	1628027896034	OK	 
REQUEST		Editar acao	1628027893740	1628027896036	OK	 
REQUEST		Editar acao	1628027893746	1628027896039	OK	 
REQUEST		Editar acao	1628027893701	1628027896040	OK	 
REQUEST		Editar acao	1628027893745	1628027896042	OK	 
REQUEST		Editar acao	1628027893698	1628027896044	OK	 
REQUEST		Editar acao	1628027893714	1628027896070	OK	 
REQUEST		Editar acao	1628027893723	1628027896071	OK	 
REQUEST		Editar acao	1628027893747	1628027896074	OK	 
REQUEST		Editar acao	1628027893711	1628027896076	OK	 
REQUEST		Editar acao	1628027893743	1628027896077	OK	 
REQUEST		Editar acao	1628027893872	1628027896100	OK	 
REQUEST		Editar acao	1628027893872	1628027896105	OK	 
REQUEST		Editar acao	1628027893878	1628027896108	OK	 
REQUEST		Editar acao	1628027894294	1628027896984	OK	 
REQUEST		Editar acao	1628027894289	1628027896986	OK	 
REQUEST		Editar acao	1628027894291	1628027896987	OK	 
REQUEST		Editar acao	1628027894306	1628027896989	OK	 
REQUEST		Editar acao	1628027894307	1628027896990	OK	 
REQUEST		Editar acao	1628027894298	1628027896993	OK	 
REQUEST		Editar acao	1628027894303	1628027896995	OK	 
REQUEST		Editar acao	1628027894383	1628027897085	OK	 
REQUEST		Editar acao	1628027894381	1628027897085	OK	 
REQUEST		Editar acao	1628027894996	1628027897397	OK	 
REQUEST		Editar acao	1628027894997	1628027897397	OK	 
REQUEST		Editar acao	1628027894991	1628027897404	OK	 
REQUEST		Editar acao	1628027895009	1628027897412	OK	 
REQUEST		Editar acao	1628027895003	1628027897413	OK	 
REQUEST		Editar acao	1628027894995	1628027897416	OK	 
REQUEST		Editar acao	1628027894994	1628027897417	OK	 
REQUEST		Editar acao	1628027895011	1628027897418	OK	 
REQUEST		Editar acao	1628027895073	1628027897419	OK	 
REQUEST		Editar acao	1628027895013	1628027897420	OK	 
REQUEST		Editar acao	1628027895020	1628027897421	OK	 
REQUEST		Editar acao	1628027895212	1628027897501	OK	 
REQUEST		Editar acao	1628027895211	1628027897502	OK	 
REQUEST		Deletar acao	1628027895599	1628027897507	OK	 
REQUEST		Editar acao	1628027895368	1628027897705	OK	 
REQUEST		Editar acao	1628027895367	1628027897715	OK	 
REQUEST		Editar acao	1628027895366	1628027897724	OK	 
REQUEST		Editar acao	1628027895509	1628027897776	OK	 
REQUEST		Editar acao	1628027895506	1628027897777	OK	 
REQUEST		Editar acao	1628027895507	1628027897780	OK	 
REQUEST		Editar acao	1628027895497	1628027897785	OK	 
REQUEST		Editar acao	1628027895498	1628027897788	OK	 
REQUEST		Editar acao	1628027895504	1628027897791	OK	 
REQUEST		Editar acao	1628027895510	1628027897794	OK	 
REQUEST		Editar acao	1628027895597	1628027897795	OK	 
REQUEST		Editar acao	1628027895494	1628027897801	OK	 
REQUEST		Deletar acao	1628027895985	1628027897898	OK	 
REQUEST		Deletar acao	1628027896031	1628027897996	OK	 
REQUEST		Deletar acao	1628027896029	1628027897997	OK	 
REQUEST		Deletar acao	1628027896036	1628027898000	OK	 
REQUEST		Deletar acao	1628027896039	1628027898002	OK	 
REQUEST		Deletar acao	1628027896045	1628027898005	OK	 
REQUEST		Deletar acao	1628027896024	1628027898006	OK	 
REQUEST		Deletar acao	1628027896026	1628027898104	OK	 
REQUEST		Deletar acao	1628027896073	1628027898105	OK	 
REQUEST		Deletar acao	1628027896034	1628027898108	OK	 
REQUEST		Deletar acao	1628027896037	1628027898109	OK	 
REQUEST		Editar acao	1628027895976	1628027898147	OK	 
REQUEST		Deletar acao	1628027896108	1628027898150	OK	 
REQUEST		Deletar acao	1628027896107	1628027898150	OK	 
REQUEST		Deletar acao	1628027896023	1628027898153	OK	 
REQUEST		Deletar acao	1628027895991	1628027898158	OK	 
REQUEST		Deletar acao	1628027896101	1628027898161	OK	 
REQUEST		Deletar acao	1628027896020	1628027898165	OK	 
REQUEST		Deletar acao	1628027896070	1628027898171	OK	 
REQUEST		Editar acao	1628027895987	1628027898172	OK	 
REQUEST		Deletar acao	1628027896042	1628027898176	OK	 
REQUEST		Deletar acao	1628027896076	1628027898177	OK	 
REQUEST		Deletar acao	1628027896079	1628027898179	OK	 
REQUEST		Deletar acao	1628027896043	1628027898181	OK	 
REQUEST		Deletar acao	1628027896074	1628027898183	OK	 
REQUEST		Deletar acao	1628027896992	1628027898209	OK	 
REQUEST		Deletar acao	1628027896986	1628027898209	OK	 
REQUEST		Deletar acao	1628027896995	1628027898268	OK	 
REQUEST		Deletar acao	1628027896985	1628027898269	OK	 
REQUEST		Deletar acao	1628027896993	1628027898271	OK	 
REQUEST		Deletar acao	1628027897088	1628027898288	OK	 
REQUEST		Deletar acao	1628027896987	1628027898289	OK	 
REQUEST		Deletar acao	1628027896990	1628027898292	OK	 
REQUEST		Deletar acao	1628027897086	1628027898292	OK	 
REQUEST		Logout	1628027897507	1628027898365	OK	 
USER	Realizar login MaxxiForge para rota Action	END	1628027898377
REQUEST		Deletar acao	1628027897397	1628027898393	OK	 
REQUEST		Deletar acao	1628027897398	1628027898397	OK	 
REQUEST		Logout	1628027897899	1628027898400	OK	 
REQUEST		Deletar acao	1628027897404	1628027898404	OK	 
USER	Realizar login MaxxiForge para rota Action	END	1628027898400
REQUEST		Deletar acao	1628027897422	1628027898464	OK	 
REQUEST		Deletar acao	1628027897415	1628027898467	OK	 
REQUEST		Deletar acao	1628027897420	1628027898470	OK	 
REQUEST		Deletar acao	1628027897418	1628027898472	OK	 
REQUEST		Deletar acao	1628027897419	1628027898476	OK	 
REQUEST		Deletar acao	1628027897416	1628027898483	OK	 
REQUEST		Deletar acao	1628027897417	1628027898489	OK	 
REQUEST		Logout	1628027898159	1628027898489	OK	 
REQUEST		Deletar acao	1628027897505	1628027898493	OK	 
REQUEST		Logout	1628027898164	1628027898493	OK	 
REQUEST		Logout	1628027898008	1628027898497	OK	 
REQUEST		Logout	1628027898154	1628027898503	OK	 
REQUEST		Logout	1628027898170	1628027898518	OK	 
REQUEST		Deletar acao	1628027897705	1628027898520	OK	 
REQUEST		Deletar acao	1628027897723	1628027898523	OK	 
REQUEST		Logout	1628027898004	1628027898523	OK	 
REQUEST		Deletar acao	1628027897785	1628027898527	OK	 
REQUEST		Logout	1628027898176	1628027898528	OK	 
REQUEST		Logout	1628027898179	1628027898531	OK	 
REQUEST		Logout	1628027898180	1628027898532	OK	 
REQUEST		Deletar acao	1628027897412	1628027898535	OK	 
REQUEST		Logout	1628027898182	1628027898536	OK	 
REQUEST		Deletar acao	1628027897502	1628027898549	OK	 
REQUEST		Logout	1628027898005	1628027898565	OK	 
REQUEST		Deletar acao	1628027897791	1628027898570	OK	 
REQUEST		Logout	1628027898184	1628027898570	OK	 
USER	Realizar login MaxxiForge para rota Action	END	1628027898492
USER	Realizar login MaxxiForge para rota Action	END	1628027898497
USER	Realizar login MaxxiForge para rota Action	END	1628027898498
USER	Realizar login MaxxiForge para rota Action	END	1628027898507
USER	Realizar login MaxxiForge para rota Action	END	1628027898519
USER	Realizar login MaxxiForge para rota Action	END	1628027898526
USER	Realizar login MaxxiForge para rota Action	END	1628027898531
USER	Realizar login MaxxiForge para rota Action	END	1628027898532
USER	Realizar login MaxxiForge para rota Action	END	1628027898533
USER	Realizar login MaxxiForge para rota Action	END	1628027898538
USER	Realizar login MaxxiForge para rota Action	END	1628027898568
USER	Realizar login MaxxiForge para rota Action	END	1628027898574
REQUEST		Logout	1628027898000	1628027898580	OK	 
REQUEST		Deletar acao	1628027897780	1628027898584	OK	 
REQUEST		Logout	1628027898268	1628027898588	OK	 
REQUEST		Logout	1628027898147	1628027898594	OK	 
REQUEST		Logout	1628027898105	1628027898601	OK	 
REQUEST		Logout	1628027898107	1628027898604	OK	 
REQUEST		Logout	1628027897997	1628027898606	OK	 
REQUEST		Logout	1628027898171	1628027898609	OK	 
REQUEST		Deletar acao	1628027897781	1628027898612	OK	 
REQUEST		Deletar acao	1628027897776	1628027898614	OK	 
REQUEST		Logout	1628027898108	1628027898616	OK	 
REQUEST		Logout	1628027898001	1628027898618	OK	 
USER	Realizar login MaxxiForge para rota Action	END	1628027898583
USER	Realizar login MaxxiForge para rota Action	END	1628027898592
USER	Realizar login MaxxiForge para rota Action	END	1628027898596
USER	Realizar login MaxxiForge para rota Action	END	1628027898603
USER	Realizar login MaxxiForge para rota Action	END	1628027898606
USER	Realizar login MaxxiForge para rota Action	END	1628027898608
USER	Realizar login MaxxiForge para rota Action	END	1628027898611
USER	Realizar login MaxxiForge para rota Action	END	1628027898618
USER	Realizar login MaxxiForge para rota Action	END	1628027898620
REQUEST		Logout	1628027898152	1628027898623	OK	 
REQUEST		Logout	1628027898271	1628027898625	OK	 
REQUEST		Logout	1628027898271	1628027898628	OK	 
REQUEST		Deletar acao	1628027897801	1628027898629	OK	 
USER	Realizar login MaxxiForge para rota Action	END	1628027898627
USER	Realizar login MaxxiForge para rota Action	END	1628027898629
REQUEST		Logout	1628027898211	1628027898642	OK	 
REQUEST		Logout	1628027898150	1628027898644	OK	 
REQUEST		Logout	1628027898209	1628027898646	OK	 
REQUEST		Deletar acao	1628027897724	1628027898648	OK	 
REQUEST		Logout	1628027898294	1628027898696	OK	 
REQUEST		Logout	1628027898464	1628027898698	OK	 
REQUEST		Logout	1628027898394	1628027898698	OK	 
REQUEST		Logout	1628027898585	1628027898702	OK	 
REQUEST		Logout	1628027898613	1628027898703	OK	 
REQUEST		Logout	1628027898615	1628027898706	OK	 
REQUEST		Deletar acao	1628027897798	1628027898708	OK	 
REQUEST		Deletar acao	1628027897794	1628027898710	OK	 
REQUEST		Logout	1628027898399	1628027898715	OK	 
REQUEST		Logout	1628027898291	1628027898717	OK	 
REQUEST		Logout	1628027898292	1628027898719	OK	 
REQUEST		Logout	1628027898476	1628027898720	OK	 
REQUEST		Logout	1628027898476	1628027898722	OK	 
REQUEST		Deletar acao	1628027898173	1628027898724	OK	 
REQUEST		Logout	1628027898471	1628027898726	OK	 
REQUEST		Logout	1628027898649	1628027898731	OK	 
REQUEST		Deletar acao	1628027898148	1628027898733	OK	 
USER	Realizar login MaxxiForge para rota Action	END	1628027898641
USER	Realizar login MaxxiForge para rota Action	END	1628027898644
USER	Realizar login MaxxiForge para rota Action	END	1628027898645
USER	Realizar login MaxxiForge para rota Action	END	1628027898647
USER	Realizar login MaxxiForge para rota Action	END	1628027898697
USER	Realizar login MaxxiForge para rota Action	END	1628027898698
USER	Realizar login MaxxiForge para rota Action	END	1628027898701
USER	Realizar login MaxxiForge para rota Action	END	1628027898703
USER	Realizar login MaxxiForge para rota Action	END	1628027898704
USER	Realizar login MaxxiForge para rota Action	END	1628027898706
USER	Realizar login MaxxiForge para rota Action	END	1628027898716
USER	Realizar login MaxxiForge para rota Action	END	1628027898718
USER	Realizar login MaxxiForge para rota Action	END	1628027898720
USER	Realizar login MaxxiForge para rota Action	END	1628027898722
USER	Realizar login MaxxiForge para rota Action	END	1628027898724
USER	Realizar login MaxxiForge para rota Action	END	1628027898727
USER	Realizar login MaxxiForge para rota Action	END	1628027898732
REQUEST		Logout	1628027898289	1628027898745	OK	 
REQUEST		Logout	1628027898535	1628027898749	OK	 
REQUEST		Logout	1628027898527	1628027898751	OK	 
REQUEST		Logout	1628027898570	1628027898753	OK	 
REQUEST		Logout	1628027898565	1628027898754	OK	 
REQUEST		Deletar acao	1628027897792	1628027898756	OK	 
REQUEST		Logout	1628027898470	1628027898757	OK	 
USER	Realizar login MaxxiForge para rota Action	END	1628027898747
USER	Realizar login MaxxiForge para rota Action	END	1628027898751
USER	Realizar login MaxxiForge para rota Action	END	1628027898752
USER	Realizar login MaxxiForge para rota Action	END	1628027898754
USER	Realizar login MaxxiForge para rota Action	END	1628027898755
USER	Realizar login MaxxiForge para rota Action	END	1628027898758
REQUEST		Logout	1628027898404	1628027898767	OK	 
REQUEST		Logout	1628027898520	1628027898769	OK	 
REQUEST		Logout	1628027898523	1628027898771	OK	 
REQUEST		Logout	1628027898489	1628027898772	OK	 
REQUEST		Logout	1628027898630	1628027898773	OK	 
REQUEST		Logout	1628027898486	1628027898775	OK	 
REQUEST		Logout	1628027898493	1628027898777	OK	 
REQUEST		Logout	1628027898757	1628027898778	OK	 
USER	Realizar login MaxxiForge para rota Action	END	1628027898768
USER	Realizar login MaxxiForge para rota Action	END	1628027898770
USER	Realizar login MaxxiForge para rota Action	END	1628027898772
USER	Realizar login MaxxiForge para rota Action	END	1628027898773
USER	Realizar login MaxxiForge para rota Action	END	1628027898775
USER	Realizar login MaxxiForge para rota Action	END	1628027898776
USER	Realizar login MaxxiForge para rota Action	END	1628027898778
USER	Realizar login MaxxiForge para rota Action	END	1628027898779
REQUEST		Logout	1628027898709	1628027898784	OK	 
REQUEST		Logout	1628027898711	1628027898785	OK	 
REQUEST		Logout	1628027898725	1628027898787	OK	 
REQUEST		Logout	1628027898734	1628027898788	OK	 
USER	Realizar login MaxxiForge para rota Action	END	1628027898785
USER	Realizar login MaxxiForge para rota Action	END	1628027898786
USER	Realizar login MaxxiForge para rota Action	END	1628027898787
USER	Realizar login MaxxiForge para rota Action	END	1628027898791
